[ 2016-08-15T17:39:39+08:00 ] ::1 /chuangyi/
INFO: [ app_init ] --START--
INFO: Run Behavior\BuildLiteBehavior [ RunTime:0.000000s ]
INFO: [ app_init ] --END-- [ RunTime:0.016001s ]
INFO: [ app_begin ] --START--
INFO: Run Behavior\ReadHtmlCacheBehavior [ RunTime:0.004000s ]
INFO: [ app_begin ] --END-- [ RunTime:0.005000s ]
SQL: SHOW COLUMNS FROM `ar_category` [ RunTime:0.0340s ]
SQL: SELECT * FROM `ar_category` WHERE `parentid` = 0 ORDER BY cate_id asc  [ RunTime:0.0250s ]
NOTIC: [8] Undefined variable: cateid D:\phpStudy\WWW\chuangyi\Application\Home\Controller\CommonController.class.php 第 27 行.
SQL: SHOW COLUMNS FROM `ar_article` [ RunTime:0.0070s ]
SQL: SELECT * FROM `ar_article` WHERE ( 1 ) ORDER BY ar_id desc LIMIT 2   [ RunTime:0.0010s ]
SQL: SELECT * FROM `ar_article` WHERE ( ar_rem=1 )  [ RunTime:0.0000s ]
INFO: [ view_parse ] --START--
INFO: [ template_filter ] --START--
INFO: Run Behavior\ContentReplaceBehavior [ RunTime:0.000000s ]
INFO: [ template_filter ] --END-- [ RunTime:0.000000s ]
NOTIC: [8] Use of undefined constant cate_type - assumed 'cate_type' D:\phpStudy\WWW\chuangyi\Application\Runtime\Cache\Home\2a94b8bda04ff446dcedd42276fc99ee.php 第 28 行.
NOTIC: [8] Use of undefined constant cate_id - assumed 'cate_id' D:\phpStudy\WWW\chuangyi\Application\Runtime\Cache\Home\2a94b8bda04ff446dcedd42276fc99ee.php 第 30 行.
SQL: SELECT * FROM `ar_category` WHERE `parentid` = 103  [ RunTime:0.0010s ]
NOTIC: [8] Use of undefined constant cate_type - assumed 'cate_type' D:\phpStudy\WWW\chuangyi\Application\Runtime\Cache\Home\2a94b8bda04ff446dcedd42276fc99ee.php 第 28 行.
NOTIC: [8] Use of undefined constant cate_id - assumed 'cate_id' D:\phpStudy\WWW\chuangyi\Application\Runtime\Cache\Home\2a94b8bda04ff446dcedd42276fc99ee.php 第 30 行.
SQL: SELECT * FROM `ar_category` WHERE `parentid` = 105  [ RunTime:0.0000s ]
NOTIC: [8] Use of undefined constant cate_type - assumed 'cate_type' D:\phpStudy\WWW\chuangyi\Application\Runtime\Cache\Home\2a94b8bda04ff446dcedd42276fc99ee.php 第 28 行.
NOTIC: [8] Use of undefined constant cate_id - assumed 'cate_id' D:\phpStudy\WWW\chuangyi\Application\Runtime\Cache\Home\2a94b8bda04ff446dcedd42276fc99ee.php 第 30 行.
SQL: SELECT * FROM `ar_category` WHERE `parentid` = 106  [ RunTime:0.0010s ]
NOTIC: [8] Use of undefined constant cate_type - assumed 'cate_type' D:\phpStudy\WWW\chuangyi\Application\Runtime\Cache\Home\2a94b8bda04ff446dcedd42276fc99ee.php 第 28 行.
NOTIC: [8] Use of undefined constant cate_id - assumed 'cate_id' D:\phpStudy\WWW\chuangyi\Application\Runtime\Cache\Home\2a94b8bda04ff446dcedd42276fc99ee.php 第 30 行.
SQL: SELECT * FROM `ar_category` WHERE `parentid` = 107  [ RunTime:0.0000s ]
NOTIC: [8] Use of undefined constant cate_type - assumed 'cate_type' D:\phpStudy\WWW\chuangyi\Application\Runtime\Cache\Home\2a94b8bda04ff446dcedd42276fc99ee.php 第 118 行.
NOTIC: [8] Use of undefined constant cate_type - assumed 'cate_type' D:\phpStudy\WWW\chuangyi\Application\Runtime\Cache\Home\2a94b8bda04ff446dcedd42276fc99ee.php 第 118 行.
NOTIC: [8] Use of undefined constant cate_type - assumed 'cate_type' D:\phpStudy\WWW\chuangyi\Application\Runtime\Cache\Home\2a94b8bda04ff446dcedd42276fc99ee.php 第 118 行.
NOTIC: [8] Use of undefined constant cate_type - assumed 'cate_type' D:\phpStudy\WWW\chuangyi\Application\Runtime\Cache\Home\2a94b8bda04ff446dcedd42276fc99ee.php 第 118 行.
INFO: Run Behavior\ParseTemplateBehavior [ RunTime:0.120007s ]
INFO: [ view_parse ] --END-- [ RunTime:0.121007s ]
INFO: [ view_filter ] --START--
INFO: Run Behavior\WriteHtmlCacheBehavior [ RunTime:0.005001s ]
INFO: [ view_filter ] --END-- [ RunTime:0.005001s ]
INFO: [ app_end ] --START--
INFO: Run Behavior\ShowPageTraceBehavior [ RunTime:0.009000s ]
INFO: [ app_end ] --END-- [ RunTime:0.009000s ]

