[ 2016-10-18T10:16:52+08:00 ] ::1 /chuangyi/
INFO: [ app_init ] --START--
INFO: Run Behavior\BuildLiteBehavior [ RunTime:0.000000s ]
INFO: [ app_init ] --END-- [ RunTime:0.020001s ]
INFO: [ app_begin ] --START--
INFO: Run Behavior\ReadHtmlCacheBehavior [ RunTime:0.013000s ]
INFO: [ app_begin ] --END-- [ RunTime:0.013000s ]
SQL: SHOW COLUMNS FROM `ar_category` [ RunTime:0.0200s ]
SQL: SELECT * FROM `ar_category` WHERE `parentid` = 0 ORDER BY cate_id asc  [ RunTime:0.0110s ]
NOTIC: [8] Undefined variable: cateid D:\phpStudy\WWW\chuangyi\Application\Home\Controller\CommonController.class.php 第 27 行.
SQL: SHOW COLUMNS FROM `ar_article` [ RunTime:0.0040s ]
SQL: SELECT * FROM `ar_article` WHERE ( 1 ) ORDER BY ar_id desc LIMIT 2   [ RunTime:0.0000s ]
SQL: SELECT * FROM `ar_article` WHERE ( ar_rem=1 )  [ RunTime:0.0000s ]
INFO: [ view_parse ] --START--
INFO: [ template_filter ] --START--
INFO: Run Behavior\ContentReplaceBehavior [ RunTime:0.005000s ]
INFO: [ template_filter ] --END-- [ RunTime:0.005000s ]
NOTIC: [8] Use of undefined constant cate_type - assumed 'cate_type' D:\phpStudy\WWW\chuangyi\Application\Runtime\Cache\Home\2a94b8bda04ff446dcedd42276fc99ee.php 第 28 行.
NOTIC: [8] Use of undefined constant cate_id - assumed 'cate_id' D:\phpStudy\WWW\chuangyi\Application\Runtime\Cache\Home\2a94b8bda04ff446dcedd42276fc99ee.php 第 30 行.
SQL: SELECT * FROM `ar_category` WHERE `parentid` = 103  [ RunTime:0.0010s ]
NOTIC: [8] Use of undefined constant cate_type - assumed 'cate_type' D:\phpStudy\WWW\chuangyi\Application\Runtime\Cache\Home\2a94b8bda04ff446dcedd42276fc99ee.php 第 28 行.
NOTIC: [8] Use of undefined constant cate_id - assumed 'cate_id' D:\phpStudy\WWW\chuangyi\Application\Runtime\Cache\Home\2a94b8bda04ff446dcedd42276fc99ee.php 第 30 行.
SQL: SELECT * FROM `ar_category` WHERE `parentid` = 105  [ RunTime:0.0000s ]
NOTIC: [8] Use of undefined constant cate_type - assumed 'cate_type' D:\phpStudy\WWW\chuangyi\Application\Runtime\Cache\Home\2a94b8bda04ff446dcedd42276fc99ee.php 第 28 行.
NOTIC: [8] Use of undefined constant cate_id - assumed 'cate_id' D:\phpStudy\WWW\chuangyi\Application\Runtime\Cache\Home\2a94b8bda04ff446dcedd42276fc99ee.php 第 30 行.
SQL: SELECT * FROM `ar_category` WHERE `parentid` = 106  [ RunTime:0.0010s ]
NOTIC: [8] Use of undefined constant cate_type - assumed 'cate_type' D:\phpStudy\WWW\chuangyi\Application\Runtime\Cache\Home\2a94b8bda04ff446dcedd42276fc99ee.php 第 28 行.
NOTIC: [8] Use of undefined constant cate_id - assumed 'cate_id' D:\phpStudy\WWW\chuangyi\Application\Runtime\Cache\Home\2a94b8bda04ff446dcedd42276fc99ee.php 第 30 行.
SQL: SELECT * FROM `ar_category` WHERE `parentid` = 107  [ RunTime:0.0000s ]
NOTIC: [8] Use of undefined constant cate_type - assumed 'cate_type' D:\phpStudy\WWW\chuangyi\Application\Runtime\Cache\Home\2a94b8bda04ff446dcedd42276fc99ee.php 第 118 行.
NOTIC: [8] Use of undefined constant cate_type - assumed 'cate_type' D:\phpStudy\WWW\chuangyi\Application\Runtime\Cache\Home\2a94b8bda04ff446dcedd42276fc99ee.php 第 118 行.
NOTIC: [8] Use of undefined constant cate_type - assumed 'cate_type' D:\phpStudy\WWW\chuangyi\Application\Runtime\Cache\Home\2a94b8bda04ff446dcedd42276fc99ee.php 第 118 行.
NOTIC: [8] Use of undefined constant cate_type - assumed 'cate_type' D:\phpStudy\WWW\chuangyi\Application\Runtime\Cache\Home\2a94b8bda04ff446dcedd42276fc99ee.php 第 118 行.
INFO: Run Behavior\ParseTemplateBehavior [ RunTime:0.078005s ]
INFO: [ view_parse ] --END-- [ RunTime:0.078005s ]
INFO: [ view_filter ] --START--
INFO: Run Behavior\WriteHtmlCacheBehavior [ RunTime:0.006000s ]
INFO: [ view_filter ] --END-- [ RunTime:0.006000s ]
INFO: [ app_end ] --START--
INFO: Run Behavior\ShowPageTraceBehavior [ RunTime:0.007000s ]
INFO: [ app_end ] --END-- [ RunTime:0.007000s ]

[ 2016-10-18T10:17:21+08:00 ] ::1 /chuangyi/index.php/Home/Lst/index/cate_id/114
INFO: [ app_init ] --START--
INFO: Run Behavior\BuildLiteBehavior [ RunTime:0.000000s ]
INFO: [ app_init ] --END-- [ RunTime:0.001000s ]
INFO: [ app_begin ] --START--
INFO: Run Behavior\ReadHtmlCacheBehavior [ RunTime:0.001000s ]
INFO: [ app_begin ] --END-- [ RunTime:0.001000s ]
SQL: SHOW COLUMNS FROM `ar_category` [ RunTime:0.0020s ]
SQL: SELECT * FROM `ar_category` WHERE `parentid` = 0 ORDER BY cate_id asc  [ RunTime:0.0000s ]
SQL: SELECT * FROM `ar_category` WHERE ( cate_id = 114 ) LIMIT 1   [ RunTime:0.0010s ]
SQL: SELECT * FROM `ar_category` WHERE ( cate_id = 103 ) LIMIT 1   [ RunTime:0.0000s ]
SQL: SELECT * FROM `ar_category` WHERE ( cate_id=114 ) LIMIT 1   [ RunTime:0.0000s ]
SQL: SELECT * FROM `ar_category` WHERE ( cate_id=103 ) LIMIT 1   [ RunTime:0.0000s ]
SQL: SELECT * FROM `ar_category` WHERE `parentid` = 103  [ RunTime:0.0000s ]
SQL: SHOW COLUMNS FROM `ar_article` [ RunTime:0.0030s ]
SQL: SELECT COUNT(*) AS tp_count FROM `ar_article` WHERE `ar_cateid` = 114 LIMIT 1   [ RunTime:0.0000s ]
SQL: SELECT * FROM `ar_article` WHERE `ar_cateid` = 114 LIMIT 0,2   [ RunTime:0.0010s ]
INFO: [ view_parse ] --START--
INFO: [ template_filter ] --START--
INFO: Run Behavior\ContentReplaceBehavior [ RunTime:0.000000s ]
INFO: [ template_filter ] --END-- [ RunTime:0.000000s ]
NOTIC: [8] Undefined variable: index D:\phpStudy\WWW\chuangyi\Application\Runtime\Cache\Home\cb81eedfa59617cee80c720e6614fcd4.php 第 16 行.
NOTIC: [8] Use of undefined constant cate_type - assumed 'cate_type' D:\phpStudy\WWW\chuangyi\Application\Runtime\Cache\Home\cb81eedfa59617cee80c720e6614fcd4.php 第 18 行.
NOTIC: [8] Use of undefined constant cate_id - assumed 'cate_id' D:\phpStudy\WWW\chuangyi\Application\Runtime\Cache\Home\cb81eedfa59617cee80c720e6614fcd4.php 第 20 行.
SQL: SELECT * FROM `ar_category` WHERE `parentid` = 103  [ RunTime:0.0010s ]
NOTIC: [8] Use of undefined constant cate_type - assumed 'cate_type' D:\phpStudy\WWW\chuangyi\Application\Runtime\Cache\Home\cb81eedfa59617cee80c720e6614fcd4.php 第 18 行.
NOTIC: [8] Use of undefined constant cate_id - assumed 'cate_id' D:\phpStudy\WWW\chuangyi\Application\Runtime\Cache\Home\cb81eedfa59617cee80c720e6614fcd4.php 第 20 行.
SQL: SELECT * FROM `ar_category` WHERE `parentid` = 105  [ RunTime:0.0000s ]
NOTIC: [8] Use of undefined constant cate_type - assumed 'cate_type' D:\phpStudy\WWW\chuangyi\Application\Runtime\Cache\Home\cb81eedfa59617cee80c720e6614fcd4.php 第 18 行.
NOTIC: [8] Use of undefined constant cate_id - assumed 'cate_id' D:\phpStudy\WWW\chuangyi\Application\Runtime\Cache\Home\cb81eedfa59617cee80c720e6614fcd4.php 第 20 行.
SQL: SELECT * FROM `ar_category` WHERE `parentid` = 106  [ RunTime:0.0000s ]
NOTIC: [8] Use of undefined constant cate_type - assumed 'cate_type' D:\phpStudy\WWW\chuangyi\Application\Runtime\Cache\Home\cb81eedfa59617cee80c720e6614fcd4.php 第 18 行.
NOTIC: [8] Use of undefined constant cate_id - assumed 'cate_id' D:\phpStudy\WWW\chuangyi\Application\Runtime\Cache\Home\cb81eedfa59617cee80c720e6614fcd4.php 第 20 行.
SQL: SELECT * FROM `ar_category` WHERE `parentid` = 107  [ RunTime:0.0000s ]
NOTIC: [8] Use of undefined constant cate_type - assumed 'cate_type' D:\phpStudy\WWW\chuangyi\Application\Runtime\Cache\Home\cb81eedfa59617cee80c720e6614fcd4.php 第 100 行.
NOTIC: [8] Use of undefined constant cate_type - assumed 'cate_type' D:\phpStudy\WWW\chuangyi\Application\Runtime\Cache\Home\cb81eedfa59617cee80c720e6614fcd4.php 第 100 行.
NOTIC: [8] Use of undefined constant cate_type - assumed 'cate_type' D:\phpStudy\WWW\chuangyi\Application\Runtime\Cache\Home\cb81eedfa59617cee80c720e6614fcd4.php 第 100 行.
NOTIC: [8] Use of undefined constant cate_type - assumed 'cate_type' D:\phpStudy\WWW\chuangyi\Application\Runtime\Cache\Home\cb81eedfa59617cee80c720e6614fcd4.php 第 100 行.
INFO: Run Behavior\ParseTemplateBehavior [ RunTime:0.027001s ]
INFO: [ view_parse ] --END-- [ RunTime:0.027001s ]
INFO: [ view_filter ] --START--
INFO: Run Behavior\WriteHtmlCacheBehavior [ RunTime:0.001000s ]
INFO: [ view_filter ] --END-- [ RunTime:0.001000s ]
INFO: [ app_end ] --START--
INFO: Run Behavior\ShowPageTraceBehavior [ RunTime:0.000000s ]
INFO: [ app_end ] --END-- [ RunTime:0.000000s ]

[ 2016-10-18T10:17:22+08:00 ] ::1 /chuangyi/index.php/Home/Lst/index/cate_id/117
INFO: [ app_init ] --START--
INFO: Run Behavior\BuildLiteBehavior [ RunTime:0.000000s ]
INFO: [ app_init ] --END-- [ RunTime:0.000000s ]
INFO: [ app_begin ] --START--
INFO: Run Behavior\ReadHtmlCacheBehavior [ RunTime:0.001000s ]
INFO: [ app_begin ] --END-- [ RunTime:0.001000s ]
SQL: SHOW COLUMNS FROM `ar_category` [ RunTime:0.0020s ]
SQL: SELECT * FROM `ar_category` WHERE `parentid` = 0 ORDER BY cate_id asc  [ RunTime:0.0000s ]
SQL: SELECT * FROM `ar_category` WHERE ( cate_id = 117 ) LIMIT 1   [ RunTime:0.0000s ]
SQL: SELECT * FROM `ar_category` WHERE ( cate_id = 105 ) LIMIT 1   [ RunTime:0.0000s ]
SQL: SELECT * FROM `ar_category` WHERE ( cate_id=117 ) LIMIT 1   [ RunTime:0.0000s ]
SQL: SELECT * FROM `ar_category` WHERE ( cate_id=105 ) LIMIT 1   [ RunTime:0.0000s ]
SQL: SELECT * FROM `ar_category` WHERE `parentid` = 105  [ RunTime:0.0010s ]
SQL: SHOW COLUMNS FROM `ar_article` [ RunTime:0.0020s ]
SQL: SELECT COUNT(*) AS tp_count FROM `ar_article` WHERE `ar_cateid` = 117 LIMIT 1   [ RunTime:0.0010s ]
SQL: SELECT * FROM `ar_article` WHERE `ar_cateid` = 117 LIMIT 0,2   [ RunTime:0.0000s ]
INFO: [ view_parse ] --START--
INFO: [ template_filter ] --START--
INFO: Run Behavior\ContentReplaceBehavior [ RunTime:0.000000s ]
INFO: [ template_filter ] --END-- [ RunTime:0.000000s ]
NOTIC: [8] Undefined variable: index D:\phpStudy\WWW\chuangyi\Application\Runtime\Cache\Home\cb81eedfa59617cee80c720e6614fcd4.php 第 16 行.
NOTIC: [8] Use of undefined constant cate_type - assumed 'cate_type' D:\phpStudy\WWW\chuangyi\Application\Runtime\Cache\Home\cb81eedfa59617cee80c720e6614fcd4.php 第 18 行.
NOTIC: [8] Use of undefined constant cate_id - assumed 'cate_id' D:\phpStudy\WWW\chuangyi\Application\Runtime\Cache\Home\cb81eedfa59617cee80c720e6614fcd4.php 第 20 行.
SQL: SELECT * FROM `ar_category` WHERE `parentid` = 103  [ RunTime:0.0030s ]
NOTIC: [8] Use of undefined constant cate_type - assumed 'cate_type' D:\phpStudy\WWW\chuangyi\Application\Runtime\Cache\Home\cb81eedfa59617cee80c720e6614fcd4.php 第 18 行.
NOTIC: [8] Use of undefined constant cate_id - assumed 'cate_id' D:\phpStudy\WWW\chuangyi\Application\Runtime\Cache\Home\cb81eedfa59617cee80c720e6614fcd4.php 第 20 行.
SQL: SELECT * FROM `ar_category` WHERE `parentid` = 105  [ RunTime:0.0020s ]
NOTIC: [8] Use of undefined constant cate_type - assumed 'cate_type' D:\phpStudy\WWW\chuangyi\Application\Runtime\Cache\Home\cb81eedfa59617cee80c720e6614fcd4.php 第 18 行.
NOTIC: [8] Use of undefined constant cate_id - assumed 'cate_id' D:\phpStudy\WWW\chuangyi\Application\Runtime\Cache\Home\cb81eedfa59617cee80c720e6614fcd4.php 第 20 行.
SQL: SELECT * FROM `ar_category` WHERE `parentid` = 106  [ RunTime:0.0010s ]
NOTIC: [8] Use of undefined constant cate_type - assumed 'cate_type' D:\phpStudy\WWW\chuangyi\Application\Runtime\Cache\Home\cb81eedfa59617cee80c720e6614fcd4.php 第 18 行.
NOTIC: [8] Use of undefined constant cate_id - assumed 'cate_id' D:\phpStudy\WWW\chuangyi\Application\Runtime\Cache\Home\cb81eedfa59617cee80c720e6614fcd4.php 第 20 行.
SQL: SELECT * FROM `ar_category` WHERE `parentid` = 107  [ RunTime:0.0010s ]
NOTIC: [8] Use of undefined constant cate_type - assumed 'cate_type' D:\phpStudy\WWW\chuangyi\Application\Runtime\Cache\Home\cb81eedfa59617cee80c720e6614fcd4.php 第 100 行.
NOTIC: [8] Use of undefined constant cate_type - assumed 'cate_type' D:\phpStudy\WWW\chuangyi\Application\Runtime\Cache\Home\cb81eedfa59617cee80c720e6614fcd4.php 第 100 行.
NOTIC: [8] Use of undefined constant cate_type - assumed 'cate_type' D:\phpStudy\WWW\chuangyi\Application\Runtime\Cache\Home\cb81eedfa59617cee80c720e6614fcd4.php 第 100 行.
NOTIC: [8] Use of undefined constant cate_type - assumed 'cate_type' D:\phpStudy\WWW\chuangyi\Application\Runtime\Cache\Home\cb81eedfa59617cee80c720e6614fcd4.php 第 100 行.
INFO: Run Behavior\ParseTemplateBehavior [ RunTime:0.021001s ]
INFO: [ view_parse ] --END-- [ RunTime:0.021001s ]
INFO: [ view_filter ] --START--
INFO: Run Behavior\WriteHtmlCacheBehavior [ RunTime:0.000000s ]
INFO: [ view_filter ] --END-- [ RunTime:0.000000s ]
INFO: [ app_end ] --START--
INFO: Run Behavior\ShowPageTraceBehavior [ RunTime:0.000000s ]
INFO: [ app_end ] --END-- [ RunTime:0.000000s ]

[ 2016-10-18T10:17:23+08:00 ] ::1 /chuangyi/index.php/Home/Lst/index/cate_id/118
INFO: [ app_init ] --START--
INFO: Run Behavior\BuildLiteBehavior [ RunTime:0.000000s ]
INFO: [ app_init ] --END-- [ RunTime:0.001000s ]
INFO: [ app_begin ] --START--
INFO: Run Behavior\ReadHtmlCacheBehavior [ RunTime:0.000000s ]
INFO: [ app_begin ] --END-- [ RunTime:0.000000s ]
SQL: SHOW COLUMNS FROM `ar_category` [ RunTime:0.0030s ]
SQL: SELECT * FROM `ar_category` WHERE `parentid` = 0 ORDER BY cate_id asc  [ RunTime:0.0000s ]
SQL: SELECT * FROM `ar_category` WHERE ( cate_id = 118 ) LIMIT 1   [ RunTime:0.0010s ]
SQL: SELECT * FROM `ar_category` WHERE ( cate_id = 105 ) LIMIT 1   [ RunTime:0.0000s ]
SQL: SELECT * FROM `ar_category` WHERE ( cate_id=118 ) LIMIT 1   [ RunTime:0.0000s ]
SQL: SELECT * FROM `ar_category` WHERE ( cate_id=105 ) LIMIT 1   [ RunTime:0.0000s ]
SQL: SELECT * FROM `ar_category` WHERE `parentid` = 105  [ RunTime:0.0010s ]
SQL: SHOW COLUMNS FROM `ar_article` [ RunTime:0.0030s ]
SQL: SELECT COUNT(*) AS tp_count FROM `ar_article` WHERE `ar_cateid` = 118 LIMIT 1   [ RunTime:0.0000s ]
SQL: SELECT * FROM `ar_article` WHERE `ar_cateid` = 118 LIMIT 0,2   [ RunTime:0.0000s ]
INFO: [ view_parse ] --START--
INFO: [ template_filter ] --START--
INFO: Run Behavior\ContentReplaceBehavior [ RunTime:0.001000s ]
INFO: [ template_filter ] --END-- [ RunTime:0.001000s ]
NOTIC: [8] Undefined variable: index D:\phpStudy\WWW\chuangyi\Application\Runtime\Cache\Home\cb81eedfa59617cee80c720e6614fcd4.php 第 16 行.
NOTIC: [8] Use of undefined constant cate_type - assumed 'cate_type' D:\phpStudy\WWW\chuangyi\Application\Runtime\Cache\Home\cb81eedfa59617cee80c720e6614fcd4.php 第 18 行.
NOTIC: [8] Use of undefined constant cate_id - assumed 'cate_id' D:\phpStudy\WWW\chuangyi\Application\Runtime\Cache\Home\cb81eedfa59617cee80c720e6614fcd4.php 第 20 行.
SQL: SELECT * FROM `ar_category` WHERE `parentid` = 103  [ RunTime:0.0000s ]
NOTIC: [8] Use of undefined constant cate_type - assumed 'cate_type' D:\phpStudy\WWW\chuangyi\Application\Runtime\Cache\Home\cb81eedfa59617cee80c720e6614fcd4.php 第 18 行.
NOTIC: [8] Use of undefined constant cate_id - assumed 'cate_id' D:\phpStudy\WWW\chuangyi\Application\Runtime\Cache\Home\cb81eedfa59617cee80c720e6614fcd4.php 第 20 行.
SQL: SELECT * FROM `ar_category` WHERE `parentid` = 105  [ RunTime:0.0000s ]
NOTIC: [8] Use of undefined constant cate_type - assumed 'cate_type' D:\phpStudy\WWW\chuangyi\Application\Runtime\Cache\Home\cb81eedfa59617cee80c720e6614fcd4.php 第 18 行.
NOTIC: [8] Use of undefined constant cate_id - assumed 'cate_id' D:\phpStudy\WWW\chuangyi\Application\Runtime\Cache\Home\cb81eedfa59617cee80c720e6614fcd4.php 第 20 行.
SQL: SELECT * FROM `ar_category` WHERE `parentid` = 106  [ RunTime:0.0000s ]
NOTIC: [8] Use of undefined constant cate_type - assumed 'cate_type' D:\phpStudy\WWW\chuangyi\Application\Runtime\Cache\Home\cb81eedfa59617cee80c720e6614fcd4.php 第 18 行.
NOTIC: [8] Use of undefined constant cate_id - assumed 'cate_id' D:\phpStudy\WWW\chuangyi\Application\Runtime\Cache\Home\cb81eedfa59617cee80c720e6614fcd4.php 第 20 行.
SQL: SELECT * FROM `ar_category` WHERE `parentid` = 107  [ RunTime:0.0000s ]
NOTIC: [8] Use of undefined constant cate_type - assumed 'cate_type' D:\phpStudy\WWW\chuangyi\Application\Runtime\Cache\Home\cb81eedfa59617cee80c720e6614fcd4.php 第 100 行.
NOTIC: [8] Use of undefined constant cate_type - assumed 'cate_type' D:\phpStudy\WWW\chuangyi\Application\Runtime\Cache\Home\cb81eedfa59617cee80c720e6614fcd4.php 第 100 行.
NOTIC: [8] Use of undefined constant cate_type - assumed 'cate_type' D:\phpStudy\WWW\chuangyi\Application\Runtime\Cache\Home\cb81eedfa59617cee80c720e6614fcd4.php 第 100 行.
NOTIC: [8] Use of undefined constant cate_type - assumed 'cate_type' D:\phpStudy\WWW\chuangyi\Application\Runtime\Cache\Home\cb81eedfa59617cee80c720e6614fcd4.php 第 100 行.
INFO: Run Behavior\ParseTemplateBehavior [ RunTime:0.019001s ]
INFO: [ view_parse ] --END-- [ RunTime:0.019001s ]
INFO: [ view_filter ] --START--
INFO: Run Behavior\WriteHtmlCacheBehavior [ RunTime:0.000000s ]
INFO: [ view_filter ] --END-- [ RunTime:0.000000s ]
INFO: [ app_end ] --START--
INFO: Run Behavior\ShowPageTraceBehavior [ RunTime:0.001000s ]
INFO: [ app_end ] --END-- [ RunTime:0.001000s ]

[ 2016-10-18T10:17:25+08:00 ] ::1 /chuangyi/index.php/Home/Lst/index/cate_id/117
INFO: [ app_init ] --START--
INFO: Run Behavior\BuildLiteBehavior [ RunTime:0.000000s ]
INFO: [ app_init ] --END-- [ RunTime:0.000000s ]
INFO: [ app_begin ] --START--
INFO: Run Behavior\ReadHtmlCacheBehavior [ RunTime:0.000000s ]
INFO: [ app_begin ] --END-- [ RunTime:0.000000s ]
SQL: SHOW COLUMNS FROM `ar_category` [ RunTime:0.0030s ]
SQL: SELECT * FROM `ar_category` WHERE `parentid` = 0 ORDER BY cate_id asc  [ RunTime:0.0010s ]
SQL: SELECT * FROM `ar_category` WHERE ( cate_id = 117 ) LIMIT 1   [ RunTime:0.0010s ]
SQL: SELECT * FROM `ar_category` WHERE ( cate_id = 105 ) LIMIT 1   [ RunTime:0.0000s ]
SQL: SELECT * FROM `ar_category` WHERE ( cate_id=117 ) LIMIT 1   [ RunTime:0.0000s ]
SQL: SELECT * FROM `ar_category` WHERE ( cate_id=105 ) LIMIT 1   [ RunTime:0.0010s ]
SQL: SELECT * FROM `ar_category` WHERE `parentid` = 105  [ RunTime:0.0000s ]
SQL: SHOW COLUMNS FROM `ar_article` [ RunTime:0.0020s ]
SQL: SELECT COUNT(*) AS tp_count FROM `ar_article` WHERE `ar_cateid` = 117 LIMIT 1   [ RunTime:0.0000s ]
SQL: SELECT * FROM `ar_article` WHERE `ar_cateid` = 117 LIMIT 0,2   [ RunTime:0.0000s ]
INFO: [ view_parse ] --START--
INFO: [ template_filter ] --START--
INFO: Run Behavior\ContentReplaceBehavior [ RunTime:0.000000s ]
INFO: [ template_filter ] --END-- [ RunTime:0.000000s ]
NOTIC: [8] Undefined variable: index D:\phpStudy\WWW\chuangyi\Application\Runtime\Cache\Home\cb81eedfa59617cee80c720e6614fcd4.php 第 16 行.
NOTIC: [8] Use of undefined constant cate_type - assumed 'cate_type' D:\phpStudy\WWW\chuangyi\Application\Runtime\Cache\Home\cb81eedfa59617cee80c720e6614fcd4.php 第 18 行.
NOTIC: [8] Use of undefined constant cate_id - assumed 'cate_id' D:\phpStudy\WWW\chuangyi\Application\Runtime\Cache\Home\cb81eedfa59617cee80c720e6614fcd4.php 第 20 行.
SQL: SELECT * FROM `ar_category` WHERE `parentid` = 103  [ RunTime:0.0000s ]
NOTIC: [8] Use of undefined constant cate_type - assumed 'cate_type' D:\phpStudy\WWW\chuangyi\Application\Runtime\Cache\Home\cb81eedfa59617cee80c720e6614fcd4.php 第 18 行.
NOTIC: [8] Use of undefined constant cate_id - assumed 'cate_id' D:\phpStudy\WWW\chuangyi\Application\Runtime\Cache\Home\cb81eedfa59617cee80c720e6614fcd4.php 第 20 行.
SQL: SELECT * FROM `ar_category` WHERE `parentid` = 105  [ RunTime:0.0010s ]
NOTIC: [8] Use of undefined constant cate_type - assumed 'cate_type' D:\phpStudy\WWW\chuangyi\Application\Runtime\Cache\Home\cb81eedfa59617cee80c720e6614fcd4.php 第 18 行.
NOTIC: [8] Use of undefined constant cate_id - assumed 'cate_id' D:\phpStudy\WWW\chuangyi\Application\Runtime\Cache\Home\cb81eedfa59617cee80c720e6614fcd4.php 第 20 行.
SQL: SELECT * FROM `ar_category` WHERE `parentid` = 106  [ RunTime:0.0000s ]
NOTIC: [8] Use of undefined constant cate_type - assumed 'cate_type' D:\phpStudy\WWW\chuangyi\Application\Runtime\Cache\Home\cb81eedfa59617cee80c720e6614fcd4.php 第 18 行.
NOTIC: [8] Use of undefined constant cate_id - assumed 'cate_id' D:\phpStudy\WWW\chuangyi\Application\Runtime\Cache\Home\cb81eedfa59617cee80c720e6614fcd4.php 第 20 行.
SQL: SELECT * FROM `ar_category` WHERE `parentid` = 107  [ RunTime:0.0010s ]
NOTIC: [8] Use of undefined constant cate_type - assumed 'cate_type' D:\phpStudy\WWW\chuangyi\Application\Runtime\Cache\Home\cb81eedfa59617cee80c720e6614fcd4.php 第 100 行.
NOTIC: [8] Use of undefined constant cate_type - assumed 'cate_type' D:\phpStudy\WWW\chuangyi\Application\Runtime\Cache\Home\cb81eedfa59617cee80c720e6614fcd4.php 第 100 行.
NOTIC: [8] Use of undefined constant cate_type - assumed 'cate_type' D:\phpStudy\WWW\chuangyi\Application\Runtime\Cache\Home\cb81eedfa59617cee80c720e6614fcd4.php 第 100 行.
NOTIC: [8] Use of undefined constant cate_type - assumed 'cate_type' D:\phpStudy\WWW\chuangyi\Application\Runtime\Cache\Home\cb81eedfa59617cee80c720e6614fcd4.php 第 100 行.
INFO: Run Behavior\ParseTemplateBehavior [ RunTime:0.018001s ]
INFO: [ view_parse ] --END-- [ RunTime:0.018001s ]
INFO: [ view_filter ] --START--
INFO: Run Behavior\WriteHtmlCacheBehavior [ RunTime:0.000000s ]
INFO: [ view_filter ] --END-- [ RunTime:0.000000s ]
INFO: [ app_end ] --START--
INFO: Run Behavior\ShowPageTraceBehavior [ RunTime:0.001000s ]
INFO: [ app_end ] --END-- [ RunTime:0.001000s ]

[ 2016-10-18T10:17:26+08:00 ] ::1 /chuangyi/index.php/Home/Lst/index/cate_id/116
INFO: [ app_init ] --START--
INFO: Run Behavior\BuildLiteBehavior [ RunTime:0.000000s ]
INFO: [ app_init ] --END-- [ RunTime:0.000000s ]
INFO: [ app_begin ] --START--
INFO: Run Behavior\ReadHtmlCacheBehavior [ RunTime:0.001000s ]
INFO: [ app_begin ] --END-- [ RunTime:0.001000s ]
SQL: SHOW COLUMNS FROM `ar_category` [ RunTime:0.0020s ]
SQL: SELECT * FROM `ar_category` WHERE `parentid` = 0 ORDER BY cate_id asc  [ RunTime:0.0000s ]
SQL: SELECT * FROM `ar_category` WHERE ( cate_id = 116 ) LIMIT 1   [ RunTime:0.0000s ]
SQL: SELECT * FROM `ar_category` WHERE ( cate_id = 105 ) LIMIT 1   [ RunTime:0.0010s ]
SQL: SELECT * FROM `ar_category` WHERE ( cate_id=116 ) LIMIT 1   [ RunTime:0.0000s ]
SQL: SELECT * FROM `ar_category` WHERE ( cate_id=105 ) LIMIT 1   [ RunTime:0.0000s ]
SQL: SELECT * FROM `ar_category` WHERE `parentid` = 105  [ RunTime:0.0010s ]
SQL: SHOW COLUMNS FROM `ar_article` [ RunTime:0.0040s ]
SQL: SELECT COUNT(*) AS tp_count FROM `ar_article` WHERE `ar_cateid` = 116 LIMIT 1   [ RunTime:0.0010s ]
SQL: SELECT * FROM `ar_article` WHERE `ar_cateid` = 116 LIMIT 0,2   [ RunTime:0.0010s ]
INFO: [ view_parse ] --START--
INFO: [ template_filter ] --START--
INFO: Run Behavior\ContentReplaceBehavior [ RunTime:0.000000s ]
INFO: [ template_filter ] --END-- [ RunTime:0.000000s ]
NOTIC: [8] Undefined variable: index D:\phpStudy\WWW\chuangyi\Application\Runtime\Cache\Home\cb81eedfa59617cee80c720e6614fcd4.php 第 16 行.
NOTIC: [8] Use of undefined constant cate_type - assumed 'cate_type' D:\phpStudy\WWW\chuangyi\Application\Runtime\Cache\Home\cb81eedfa59617cee80c720e6614fcd4.php 第 18 行.
NOTIC: [8] Use of undefined constant cate_id - assumed 'cate_id' D:\phpStudy\WWW\chuangyi\Application\Runtime\Cache\Home\cb81eedfa59617cee80c720e6614fcd4.php 第 20 行.
SQL: SELECT * FROM `ar_category` WHERE `parentid` = 103  [ RunTime:0.0010s ]
NOTIC: [8] Use of undefined constant cate_type - assumed 'cate_type' D:\phpStudy\WWW\chuangyi\Application\Runtime\Cache\Home\cb81eedfa59617cee80c720e6614fcd4.php 第 18 行.
NOTIC: [8] Use of undefined constant cate_id - assumed 'cate_id' D:\phpStudy\WWW\chuangyi\Application\Runtime\Cache\Home\cb81eedfa59617cee80c720e6614fcd4.php 第 20 行.
SQL: SELECT * FROM `ar_category` WHERE `parentid` = 105  [ RunTime:0.0000s ]
NOTIC: [8] Use of undefined constant cate_type - assumed 'cate_type' D:\phpStudy\WWW\chuangyi\Application\Runtime\Cache\Home\cb81eedfa59617cee80c720e6614fcd4.php 第 18 行.
NOTIC: [8] Use of undefined constant cate_id - assumed 'cate_id' D:\phpStudy\WWW\chuangyi\Application\Runtime\Cache\Home\cb81eedfa59617cee80c720e6614fcd4.php 第 20 行.
SQL: SELECT * FROM `ar_category` WHERE `parentid` = 106  [ RunTime:0.0010s ]
NOTIC: [8] Use of undefined constant cate_type - assumed 'cate_type' D:\phpStudy\WWW\chuangyi\Application\Runtime\Cache\Home\cb81eedfa59617cee80c720e6614fcd4.php 第 18 行.
NOTIC: [8] Use of undefined constant cate_id - assumed 'cate_id' D:\phpStudy\WWW\chuangyi\Application\Runtime\Cache\Home\cb81eedfa59617cee80c720e6614fcd4.php 第 20 行.
SQL: SELECT * FROM `ar_category` WHERE `parentid` = 107  [ RunTime:0.0000s ]
NOTIC: [8] Use of undefined constant cate_type - assumed 'cate_type' D:\phpStudy\WWW\chuangyi\Application\Runtime\Cache\Home\cb81eedfa59617cee80c720e6614fcd4.php 第 100 行.
NOTIC: [8] Use of undefined constant cate_type - assumed 'cate_type' D:\phpStudy\WWW\chuangyi\Application\Runtime\Cache\Home\cb81eedfa59617cee80c720e6614fcd4.php 第 100 行.
NOTIC: [8] Use of undefined constant cate_type - assumed 'cate_type' D:\phpStudy\WWW\chuangyi\Application\Runtime\Cache\Home\cb81eedfa59617cee80c720e6614fcd4.php 第 100 行.
NOTIC: [8] Use of undefined constant cate_type - assumed 'cate_type' D:\phpStudy\WWW\chuangyi\Application\Runtime\Cache\Home\cb81eedfa59617cee80c720e6614fcd4.php 第 100 行.
INFO: Run Behavior\ParseTemplateBehavior [ RunTime:0.015000s ]
INFO: [ view_parse ] --END-- [ RunTime:0.015000s ]
INFO: [ view_filter ] --START--
INFO: Run Behavior\WriteHtmlCacheBehavior [ RunTime:0.001000s ]
INFO: [ view_filter ] --END-- [ RunTime:0.001000s ]
INFO: [ app_end ] --START--
INFO: Run Behavior\ShowPageTraceBehavior [ RunTime:0.001001s ]
INFO: [ app_end ] --END-- [ RunTime:0.001001s ]

[ 2016-10-18T10:17:28+08:00 ] ::1 /chuangyi/index.php/Home/Lst/index/cate_id/120
INFO: [ app_init ] --START--
INFO: Run Behavior\BuildLiteBehavior [ RunTime:0.000000s ]
INFO: [ app_init ] --END-- [ RunTime:0.001000s ]
INFO: [ app_begin ] --START--
INFO: Run Behavior\ReadHtmlCacheBehavior [ RunTime:0.001000s ]
INFO: [ app_begin ] --END-- [ RunTime:0.001000s ]
SQL: SHOW COLUMNS FROM `ar_category` [ RunTime:0.0020s ]
SQL: SELECT * FROM `ar_category` WHERE `parentid` = 0 ORDER BY cate_id asc  [ RunTime:0.0000s ]
SQL: SELECT * FROM `ar_category` WHERE ( cate_id = 120 ) LIMIT 1   [ RunTime:0.0000s ]
SQL: SELECT * FROM `ar_category` WHERE ( cate_id = 106 ) LIMIT 1   [ RunTime:0.0000s ]
SQL: SELECT * FROM `ar_category` WHERE ( cate_id=120 ) LIMIT 1   [ RunTime:0.0010s ]
SQL: SELECT * FROM `ar_category` WHERE ( cate_id=106 ) LIMIT 1   [ RunTime:0.0000s ]
SQL: SELECT * FROM `ar_category` WHERE `parentid` = 106  [ RunTime:0.0000s ]
SQL: SHOW COLUMNS FROM `ar_article` [ RunTime:0.0030s ]
SQL: SELECT COUNT(*) AS tp_count FROM `ar_article` WHERE `ar_cateid` = 120 LIMIT 1   [ RunTime:0.0010s ]
SQL: SELECT * FROM `ar_article` WHERE `ar_cateid` = 120 LIMIT 0,2   [ RunTime:0.0000s ]
INFO: [ view_parse ] --START--
INFO: [ template_filter ] --START--
INFO: Run Behavior\ContentReplaceBehavior [ RunTime:0.000000s ]
INFO: [ template_filter ] --END-- [ RunTime:0.000000s ]
NOTIC: [8] Undefined variable: index D:\phpStudy\WWW\chuangyi\Application\Runtime\Cache\Home\cb81eedfa59617cee80c720e6614fcd4.php 第 16 行.
NOTIC: [8] Use of undefined constant cate_type - assumed 'cate_type' D:\phpStudy\WWW\chuangyi\Application\Runtime\Cache\Home\cb81eedfa59617cee80c720e6614fcd4.php 第 18 行.
NOTIC: [8] Use of undefined constant cate_id - assumed 'cate_id' D:\phpStudy\WWW\chuangyi\Application\Runtime\Cache\Home\cb81eedfa59617cee80c720e6614fcd4.php 第 20 行.
SQL: SELECT * FROM `ar_category` WHERE `parentid` = 103  [ RunTime:0.0000s ]
NOTIC: [8] Use of undefined constant cate_type - assumed 'cate_type' D:\phpStudy\WWW\chuangyi\Application\Runtime\Cache\Home\cb81eedfa59617cee80c720e6614fcd4.php 第 18 行.
NOTIC: [8] Use of undefined constant cate_id - assumed 'cate_id' D:\phpStudy\WWW\chuangyi\Application\Runtime\Cache\Home\cb81eedfa59617cee80c720e6614fcd4.php 第 20 行.
SQL: SELECT * FROM `ar_category` WHERE `parentid` = 105  [ RunTime:0.0010s ]
NOTIC: [8] Use of undefined constant cate_type - assumed 'cate_type' D:\phpStudy\WWW\chuangyi\Application\Runtime\Cache\Home\cb81eedfa59617cee80c720e6614fcd4.php 第 18 行.
NOTIC: [8] Use of undefined constant cate_id - assumed 'cate_id' D:\phpStudy\WWW\chuangyi\Application\Runtime\Cache\Home\cb81eedfa59617cee80c720e6614fcd4.php 第 20 行.
SQL: SELECT * FROM `ar_category` WHERE `parentid` = 106  [ RunTime:0.0000s ]
NOTIC: [8] Use of undefined constant cate_type - assumed 'cate_type' D:\phpStudy\WWW\chuangyi\Application\Runtime\Cache\Home\cb81eedfa59617cee80c720e6614fcd4.php 第 18 行.
NOTIC: [8] Use of undefined constant cate_id - assumed 'cate_id' D:\phpStudy\WWW\chuangyi\Application\Runtime\Cache\Home\cb81eedfa59617cee80c720e6614fcd4.php 第 20 行.
SQL: SELECT * FROM `ar_category` WHERE `parentid` = 107  [ RunTime:0.0000s ]
NOTIC: [8] Use of undefined constant cate_type - assumed 'cate_type' D:\phpStudy\WWW\chuangyi\Application\Runtime\Cache\Home\cb81eedfa59617cee80c720e6614fcd4.php 第 100 行.
NOTIC: [8] Use of undefined constant cate_type - assumed 'cate_type' D:\phpStudy\WWW\chuangyi\Application\Runtime\Cache\Home\cb81eedfa59617cee80c720e6614fcd4.php 第 100 行.
NOTIC: [8] Use of undefined constant cate_type - assumed 'cate_type' D:\phpStudy\WWW\chuangyi\Application\Runtime\Cache\Home\cb81eedfa59617cee80c720e6614fcd4.php 第 100 行.
NOTIC: [8] Use of undefined constant cate_type - assumed 'cate_type' D:\phpStudy\WWW\chuangyi\Application\Runtime\Cache\Home\cb81eedfa59617cee80c720e6614fcd4.php 第 100 行.
INFO: Run Behavior\ParseTemplateBehavior [ RunTime:0.014001s ]
INFO: [ view_parse ] --END-- [ RunTime:0.014001s ]
INFO: [ view_filter ] --START--
INFO: Run Behavior\WriteHtmlCacheBehavior [ RunTime:0.001000s ]
INFO: [ view_filter ] --END-- [ RunTime:0.001000s ]
INFO: [ app_end ] --START--
INFO: Run Behavior\ShowPageTraceBehavior [ RunTime:0.001000s ]
INFO: [ app_end ] --END-- [ RunTime:0.001000s ]

[ 2016-10-18T10:17:32+08:00 ] ::1 /chuangyi/index.php/Home/Lst/index/cate_id/121
INFO: [ app_init ] --START--
INFO: Run Behavior\BuildLiteBehavior [ RunTime:0.000000s ]
INFO: [ app_init ] --END-- [ RunTime:0.000000s ]
INFO: [ app_begin ] --START--
INFO: Run Behavior\ReadHtmlCacheBehavior [ RunTime:0.000000s ]
INFO: [ app_begin ] --END-- [ RunTime:0.000000s ]
SQL: SHOW COLUMNS FROM `ar_category` [ RunTime:0.0030s ]
SQL: SELECT * FROM `ar_category` WHERE `parentid` = 0 ORDER BY cate_id asc  [ RunTime:0.0000s ]
SQL: SELECT * FROM `ar_category` WHERE ( cate_id = 121 ) LIMIT 1   [ RunTime:0.0000s ]
SQL: SELECT * FROM `ar_category` WHERE ( cate_id = 107 ) LIMIT 1   [ RunTime:0.0000s ]
SQL: SELECT * FROM `ar_category` WHERE ( cate_id=121 ) LIMIT 1   [ RunTime:0.0000s ]
SQL: SELECT * FROM `ar_category` WHERE ( cate_id=107 ) LIMIT 1   [ RunTime:0.0000s ]
SQL: SELECT * FROM `ar_category` WHERE `parentid` = 107  [ RunTime:0.0000s ]
SQL: SHOW COLUMNS FROM `ar_article` [ RunTime:0.0020s ]
SQL: SELECT COUNT(*) AS tp_count FROM `ar_article` WHERE `ar_cateid` = 121 LIMIT 1   [ RunTime:0.0000s ]
SQL: SELECT * FROM `ar_article` WHERE `ar_cateid` = 121 LIMIT 0,2   [ RunTime:0.0000s ]
INFO: [ view_parse ] --START--
INFO: [ template_filter ] --START--
INFO: Run Behavior\ContentReplaceBehavior [ RunTime:0.000000s ]
INFO: [ template_filter ] --END-- [ RunTime:0.000000s ]
NOTIC: [8] Undefined variable: index D:\phpStudy\WWW\chuangyi\Application\Runtime\Cache\Home\cb81eedfa59617cee80c720e6614fcd4.php 第 16 行.
NOTIC: [8] Use of undefined constant cate_type - assumed 'cate_type' D:\phpStudy\WWW\chuangyi\Application\Runtime\Cache\Home\cb81eedfa59617cee80c720e6614fcd4.php 第 18 行.
NOTIC: [8] Use of undefined constant cate_id - assumed 'cate_id' D:\phpStudy\WWW\chuangyi\Application\Runtime\Cache\Home\cb81eedfa59617cee80c720e6614fcd4.php 第 20 行.
SQL: SELECT * FROM `ar_category` WHERE `parentid` = 103  [ RunTime:0.0000s ]
NOTIC: [8] Use of undefined constant cate_type - assumed 'cate_type' D:\phpStudy\WWW\chuangyi\Application\Runtime\Cache\Home\cb81eedfa59617cee80c720e6614fcd4.php 第 18 行.
NOTIC: [8] Use of undefined constant cate_id - assumed 'cate_id' D:\phpStudy\WWW\chuangyi\Application\Runtime\Cache\Home\cb81eedfa59617cee80c720e6614fcd4.php 第 20 行.
SQL: SELECT * FROM `ar_category` WHERE `parentid` = 105  [ RunTime:0.0000s ]
NOTIC: [8] Use of undefined constant cate_type - assumed 'cate_type' D:\phpStudy\WWW\chuangyi\Application\Runtime\Cache\Home\cb81eedfa59617cee80c720e6614fcd4.php 第 18 行.
NOTIC: [8] Use of undefined constant cate_id - assumed 'cate_id' D:\phpStudy\WWW\chuangyi\Application\Runtime\Cache\Home\cb81eedfa59617cee80c720e6614fcd4.php 第 20 行.
SQL: SELECT * FROM `ar_category` WHERE `parentid` = 106  [ RunTime:0.0010s ]
NOTIC: [8] Use of undefined constant cate_type - assumed 'cate_type' D:\phpStudy\WWW\chuangyi\Application\Runtime\Cache\Home\cb81eedfa59617cee80c720e6614fcd4.php 第 18 行.
NOTIC: [8] Use of undefined constant cate_id - assumed 'cate_id' D:\phpStudy\WWW\chuangyi\Application\Runtime\Cache\Home\cb81eedfa59617cee80c720e6614fcd4.php 第 20 行.
SQL: SELECT * FROM `ar_category` WHERE `parentid` = 107  [ RunTime:0.0000s ]
NOTIC: [8] Use of undefined constant cate_type - assumed 'cate_type' D:\phpStudy\WWW\chuangyi\Application\Runtime\Cache\Home\cb81eedfa59617cee80c720e6614fcd4.php 第 100 行.
NOTIC: [8] Use of undefined constant cate_type - assumed 'cate_type' D:\phpStudy\WWW\chuangyi\Application\Runtime\Cache\Home\cb81eedfa59617cee80c720e6614fcd4.php 第 100 行.
NOTIC: [8] Use of undefined constant cate_type - assumed 'cate_type' D:\phpStudy\WWW\chuangyi\Application\Runtime\Cache\Home\cb81eedfa59617cee80c720e6614fcd4.php 第 100 行.
NOTIC: [8] Use of undefined constant cate_type - assumed 'cate_type' D:\phpStudy\WWW\chuangyi\Application\Runtime\Cache\Home\cb81eedfa59617cee80c720e6614fcd4.php 第 100 行.
INFO: Run Behavior\ParseTemplateBehavior [ RunTime:0.017001s ]
INFO: [ view_parse ] --END-- [ RunTime:0.017001s ]
INFO: [ view_filter ] --START--
INFO: Run Behavior\WriteHtmlCacheBehavior [ RunTime:0.001000s ]
INFO: [ view_filter ] --END-- [ RunTime:0.001000s ]
INFO: [ app_end ] --START--
INFO: Run Behavior\ShowPageTraceBehavior [ RunTime:0.001000s ]
INFO: [ app_end ] --END-- [ RunTime:0.001000s ]

[ 2016-10-18T10:17:34+08:00 ] ::1 /chuangyi/index.php/Home/Lst/index/cate_id/122
INFO: [ app_init ] --START--
INFO: Run Behavior\BuildLiteBehavior [ RunTime:0.000000s ]
INFO: [ app_init ] --END-- [ RunTime:0.001000s ]
INFO: [ app_begin ] --START--
INFO: Run Behavior\ReadHtmlCacheBehavior [ RunTime:0.001000s ]
INFO: [ app_begin ] --END-- [ RunTime:0.001000s ]
SQL: SHOW COLUMNS FROM `ar_category` [ RunTime:0.0030s ]
SQL: SELECT * FROM `ar_category` WHERE `parentid` = 0 ORDER BY cate_id asc  [ RunTime:0.0020s ]
SQL: SELECT * FROM `ar_category` WHERE ( cate_id = 122 ) LIMIT 1   [ RunTime:0.0010s ]
SQL: SELECT * FROM `ar_category` WHERE ( cate_id = 107 ) LIMIT 1   [ RunTime:0.0000s ]
SQL: SELECT * FROM `ar_category` WHERE ( cate_id=122 ) LIMIT 1   [ RunTime:0.0010s ]
SQL: SELECT * FROM `ar_category` WHERE ( cate_id=107 ) LIMIT 1   [ RunTime:0.0000s ]
SQL: SELECT * FROM `ar_category` WHERE `parentid` = 107  [ RunTime:0.0000s ]
SQL: SHOW COLUMNS FROM `ar_article` [ RunTime:0.0030s ]
SQL: SELECT COUNT(*) AS tp_count FROM `ar_article` WHERE `ar_cateid` = 122 LIMIT 1   [ RunTime:0.0000s ]
SQL: SELECT * FROM `ar_article` WHERE `ar_cateid` = 122 LIMIT 0,2   [ RunTime:0.0000s ]
INFO: [ view_parse ] --START--
INFO: [ template_filter ] --START--
INFO: Run Behavior\ContentReplaceBehavior [ RunTime:0.000000s ]
INFO: [ template_filter ] --END-- [ RunTime:0.000000s ]
NOTIC: [8] Undefined variable: index D:\phpStudy\WWW\chuangyi\Application\Runtime\Cache\Home\cb81eedfa59617cee80c720e6614fcd4.php 第 16 行.
NOTIC: [8] Use of undefined constant cate_type - assumed 'cate_type' D:\phpStudy\WWW\chuangyi\Application\Runtime\Cache\Home\cb81eedfa59617cee80c720e6614fcd4.php 第 18 行.
NOTIC: [8] Use of undefined constant cate_id - assumed 'cate_id' D:\phpStudy\WWW\chuangyi\Application\Runtime\Cache\Home\cb81eedfa59617cee80c720e6614fcd4.php 第 20 行.
SQL: SELECT * FROM `ar_category` WHERE `parentid` = 103  [ RunTime:0.0010s ]
NOTIC: [8] Use of undefined constant cate_type - assumed 'cate_type' D:\phpStudy\WWW\chuangyi\Application\Runtime\Cache\Home\cb81eedfa59617cee80c720e6614fcd4.php 第 18 行.
NOTIC: [8] Use of undefined constant cate_id - assumed 'cate_id' D:\phpStudy\WWW\chuangyi\Application\Runtime\Cache\Home\cb81eedfa59617cee80c720e6614fcd4.php 第 20 行.
SQL: SELECT * FROM `ar_category` WHERE `parentid` = 105  [ RunTime:0.0000s ]
NOTIC: [8] Use of undefined constant cate_type - assumed 'cate_type' D:\phpStudy\WWW\chuangyi\Application\Runtime\Cache\Home\cb81eedfa59617cee80c720e6614fcd4.php 第 18 行.
NOTIC: [8] Use of undefined constant cate_id - assumed 'cate_id' D:\phpStudy\WWW\chuangyi\Application\Runtime\Cache\Home\cb81eedfa59617cee80c720e6614fcd4.php 第 20 行.
SQL: SELECT * FROM `ar_category` WHERE `parentid` = 106  [ RunTime:0.0000s ]
NOTIC: [8] Use of undefined constant cate_type - assumed 'cate_type' D:\phpStudy\WWW\chuangyi\Application\Runtime\Cache\Home\cb81eedfa59617cee80c720e6614fcd4.php 第 18 行.
NOTIC: [8] Use of undefined constant cate_id - assumed 'cate_id' D:\phpStudy\WWW\chuangyi\Application\Runtime\Cache\Home\cb81eedfa59617cee80c720e6614fcd4.php 第 20 行.
SQL: SELECT * FROM `ar_category` WHERE `parentid` = 107  [ RunTime:0.0010s ]
NOTIC: [8] Use of undefined constant cate_type - assumed 'cate_type' D:\phpStudy\WWW\chuangyi\Application\Runtime\Cache\Home\cb81eedfa59617cee80c720e6614fcd4.php 第 100 行.
NOTIC: [8] Use of undefined constant cate_type - assumed 'cate_type' D:\phpStudy\WWW\chuangyi\Application\Runtime\Cache\Home\cb81eedfa59617cee80c720e6614fcd4.php 第 100 行.
NOTIC: [8] Use of undefined constant cate_type - assumed 'cate_type' D:\phpStudy\WWW\chuangyi\Application\Runtime\Cache\Home\cb81eedfa59617cee80c720e6614fcd4.php 第 100 行.
NOTIC: [8] Use of undefined constant cate_type - assumed 'cate_type' D:\phpStudy\WWW\chuangyi\Application\Runtime\Cache\Home\cb81eedfa59617cee80c720e6614fcd4.php 第 100 行.
INFO: Run Behavior\ParseTemplateBehavior [ RunTime:0.015001s ]
INFO: [ view_parse ] --END-- [ RunTime:0.015001s ]
INFO: [ view_filter ] --START--
INFO: Run Behavior\WriteHtmlCacheBehavior [ RunTime:0.000000s ]
INFO: [ view_filter ] --END-- [ RunTime:0.000000s ]
INFO: [ app_end ] --START--
INFO: Run Behavior\ShowPageTraceBehavior [ RunTime:0.001000s ]
INFO: [ app_end ] --END-- [ RunTime:0.001000s ]

[ 2016-10-18T10:17:36+08:00 ] ::1 /chuangyi/index.php/Home/Lst/index/cate_id/121
INFO: [ app_init ] --START--
INFO: Run Behavior\BuildLiteBehavior [ RunTime:0.000000s ]
INFO: [ app_init ] --END-- [ RunTime:0.000000s ]
INFO: [ app_begin ] --START--
INFO: Run Behavior\ReadHtmlCacheBehavior [ RunTime:0.000000s ]
INFO: [ app_begin ] --END-- [ RunTime:0.000000s ]
SQL: SHOW COLUMNS FROM `ar_category` [ RunTime:0.0030s ]
SQL: SELECT * FROM `ar_category` WHERE `parentid` = 0 ORDER BY cate_id asc  [ RunTime:0.0000s ]
SQL: SELECT * FROM `ar_category` WHERE ( cate_id = 121 ) LIMIT 1   [ RunTime:0.0000s ]
SQL: SELECT * FROM `ar_category` WHERE ( cate_id = 107 ) LIMIT 1   [ RunTime:0.0000s ]
SQL: SELECT * FROM `ar_category` WHERE ( cate_id=121 ) LIMIT 1   [ RunTime:0.0010s ]
SQL: SELECT * FROM `ar_category` WHERE ( cate_id=107 ) LIMIT 1   [ RunTime:0.0000s ]
SQL: SELECT * FROM `ar_category` WHERE `parentid` = 107  [ RunTime:0.0000s ]
SQL: SHOW COLUMNS FROM `ar_article` [ RunTime:0.0030s ]
SQL: SELECT COUNT(*) AS tp_count FROM `ar_article` WHERE `ar_cateid` = 121 LIMIT 1   [ RunTime:0.0010s ]
SQL: SELECT * FROM `ar_article` WHERE `ar_cateid` = 121 LIMIT 0,2   [ RunTime:0.0010s ]
INFO: [ view_parse ] --START--
INFO: [ template_filter ] --START--
INFO: Run Behavior\ContentReplaceBehavior [ RunTime:0.000000s ]
INFO: [ template_filter ] --END-- [ RunTime:0.001000s ]
NOTIC: [8] Undefined variable: index D:\phpStudy\WWW\chuangyi\Application\Runtime\Cache\Home\cb81eedfa59617cee80c720e6614fcd4.php 第 16 行.
NOTIC: [8] Use of undefined constant cate_type - assumed 'cate_type' D:\phpStudy\WWW\chuangyi\Application\Runtime\Cache\Home\cb81eedfa59617cee80c720e6614fcd4.php 第 18 行.
NOTIC: [8] Use of undefined constant cate_id - assumed 'cate_id' D:\phpStudy\WWW\chuangyi\Application\Runtime\Cache\Home\cb81eedfa59617cee80c720e6614fcd4.php 第 20 行.
SQL: SELECT * FROM `ar_category` WHERE `parentid` = 103  [ RunTime:0.0010s ]
NOTIC: [8] Use of undefined constant cate_type - assumed 'cate_type' D:\phpStudy\WWW\chuangyi\Application\Runtime\Cache\Home\cb81eedfa59617cee80c720e6614fcd4.php 第 18 行.
NOTIC: [8] Use of undefined constant cate_id - assumed 'cate_id' D:\phpStudy\WWW\chuangyi\Application\Runtime\Cache\Home\cb81eedfa59617cee80c720e6614fcd4.php 第 20 行.
SQL: SELECT * FROM `ar_category` WHERE `parentid` = 105  [ RunTime:0.0000s ]
NOTIC: [8] Use of undefined constant cate_type - assumed 'cate_type' D:\phpStudy\WWW\chuangyi\Application\Runtime\Cache\Home\cb81eedfa59617cee80c720e6614fcd4.php 第 18 行.
NOTIC: [8] Use of undefined constant cate_id - assumed 'cate_id' D:\phpStudy\WWW\chuangyi\Application\Runtime\Cache\Home\cb81eedfa59617cee80c720e6614fcd4.php 第 20 行.
SQL: SELECT * FROM `ar_category` WHERE `parentid` = 106  [ RunTime:0.0000s ]
NOTIC: [8] Use of undefined constant cate_type - assumed 'cate_type' D:\phpStudy\WWW\chuangyi\Application\Runtime\Cache\Home\cb81eedfa59617cee80c720e6614fcd4.php 第 18 行.
NOTIC: [8] Use of undefined constant cate_id - assumed 'cate_id' D:\phpStudy\WWW\chuangyi\Application\Runtime\Cache\Home\cb81eedfa59617cee80c720e6614fcd4.php 第 20 行.
SQL: SELECT * FROM `ar_category` WHERE `parentid` = 107  [ RunTime:0.0000s ]
NOTIC: [8] Use of undefined constant cate_type - assumed 'cate_type' D:\phpStudy\WWW\chuangyi\Application\Runtime\Cache\Home\cb81eedfa59617cee80c720e6614fcd4.php 第 100 行.
NOTIC: [8] Use of undefined constant cate_type - assumed 'cate_type' D:\phpStudy\WWW\chuangyi\Application\Runtime\Cache\Home\cb81eedfa59617cee80c720e6614fcd4.php 第 100 行.
NOTIC: [8] Use of undefined constant cate_type - assumed 'cate_type' D:\phpStudy\WWW\chuangyi\Application\Runtime\Cache\Home\cb81eedfa59617cee80c720e6614fcd4.php 第 100 行.
NOTIC: [8] Use of undefined constant cate_type - assumed 'cate_type' D:\phpStudy\WWW\chuangyi\Application\Runtime\Cache\Home\cb81eedfa59617cee80c720e6614fcd4.php 第 100 行.
INFO: Run Behavior\ParseTemplateBehavior [ RunTime:0.023001s ]
INFO: [ view_parse ] --END-- [ RunTime:0.023001s ]
INFO: [ view_filter ] --START--
INFO: Run Behavior\WriteHtmlCacheBehavior [ RunTime:0.001000s ]
INFO: [ view_filter ] --END-- [ RunTime:0.001000s ]
INFO: [ app_end ] --START--
INFO: Run Behavior\ShowPageTraceBehavior [ RunTime:0.000000s ]
INFO: [ app_end ] --END-- [ RunTime:0.000000s ]

[ 2016-10-18T10:17:37+08:00 ] ::1 /chuangyi/index.php/Home/Lst/index/cate_id/114
INFO: [ app_init ] --START--
INFO: Run Behavior\BuildLiteBehavior [ RunTime:0.000000s ]
INFO: [ app_init ] --END-- [ RunTime:0.000000s ]
INFO: [ app_begin ] --START--
INFO: Run Behavior\ReadHtmlCacheBehavior [ RunTime:0.000000s ]
INFO: [ app_begin ] --END-- [ RunTime:0.000000s ]
SQL: SHOW COLUMNS FROM `ar_category` [ RunTime:0.0020s ]
SQL: SELECT * FROM `ar_category` WHERE `parentid` = 0 ORDER BY cate_id asc  [ RunTime:0.0000s ]
SQL: SELECT * FROM `ar_category` WHERE ( cate_id = 114 ) LIMIT 1   [ RunTime:0.0000s ]
SQL: SELECT * FROM `ar_category` WHERE ( cate_id = 103 ) LIMIT 1   [ RunTime:0.0010s ]
SQL: SELECT * FROM `ar_category` WHERE ( cate_id=114 ) LIMIT 1   [ RunTime:0.0000s ]
SQL: SELECT * FROM `ar_category` WHERE ( cate_id=103 ) LIMIT 1   [ RunTime:0.0000s ]
SQL: SELECT * FROM `ar_category` WHERE `parentid` = 103  [ RunTime:0.0010s ]
SQL: SHOW COLUMNS FROM `ar_article` [ RunTime:0.0020s ]
SQL: SELECT COUNT(*) AS tp_count FROM `ar_article` WHERE `ar_cateid` = 114 LIMIT 1   [ RunTime:0.0000s ]
SQL: SELECT * FROM `ar_article` WHERE `ar_cateid` = 114 LIMIT 0,2   [ RunTime:0.0000s ]
INFO: [ view_parse ] --START--
INFO: [ template_filter ] --START--
INFO: Run Behavior\ContentReplaceBehavior [ RunTime:0.000000s ]
INFO: [ template_filter ] --END-- [ RunTime:0.000000s ]
NOTIC: [8] Undefined variable: index D:\phpStudy\WWW\chuangyi\Application\Runtime\Cache\Home\cb81eedfa59617cee80c720e6614fcd4.php 第 16 行.
NOTIC: [8] Use of undefined constant cate_type - assumed 'cate_type' D:\phpStudy\WWW\chuangyi\Application\Runtime\Cache\Home\cb81eedfa59617cee80c720e6614fcd4.php 第 18 行.
NOTIC: [8] Use of undefined constant cate_id - assumed 'cate_id' D:\phpStudy\WWW\chuangyi\Application\Runtime\Cache\Home\cb81eedfa59617cee80c720e6614fcd4.php 第 20 行.
SQL: SELECT * FROM `ar_category` WHERE `parentid` = 103  [ RunTime:0.0000s ]
NOTIC: [8] Use of undefined constant cate_type - assumed 'cate_type' D:\phpStudy\WWW\chuangyi\Application\Runtime\Cache\Home\cb81eedfa59617cee80c720e6614fcd4.php 第 18 行.
NOTIC: [8] Use of undefined constant cate_id - assumed 'cate_id' D:\phpStudy\WWW\chuangyi\Application\Runtime\Cache\Home\cb81eedfa59617cee80c720e6614fcd4.php 第 20 行.
SQL: SELECT * FROM `ar_category` WHERE `parentid` = 105  [ RunTime:0.0010s ]
NOTIC: [8] Use of undefined constant cate_type - assumed 'cate_type' D:\phpStudy\WWW\chuangyi\Application\Runtime\Cache\Home\cb81eedfa59617cee80c720e6614fcd4.php 第 18 行.
NOTIC: [8] Use of undefined constant cate_id - assumed 'cate_id' D:\phpStudy\WWW\chuangyi\Application\Runtime\Cache\Home\cb81eedfa59617cee80c720e6614fcd4.php 第 20 行.
SQL: SELECT * FROM `ar_category` WHERE `parentid` = 106  [ RunTime:0.0000s ]
NOTIC: [8] Use of undefined constant cate_type - assumed 'cate_type' D:\phpStudy\WWW\chuangyi\Application\Runtime\Cache\Home\cb81eedfa59617cee80c720e6614fcd4.php 第 18 行.
NOTIC: [8] Use of undefined constant cate_id - assumed 'cate_id' D:\phpStudy\WWW\chuangyi\Application\Runtime\Cache\Home\cb81eedfa59617cee80c720e6614fcd4.php 第 20 行.
SQL: SELECT * FROM `ar_category` WHERE `parentid` = 107  [ RunTime:0.0000s ]
NOTIC: [8] Use of undefined constant cate_type - assumed 'cate_type' D:\phpStudy\WWW\chuangyi\Application\Runtime\Cache\Home\cb81eedfa59617cee80c720e6614fcd4.php 第 100 行.
NOTIC: [8] Use of undefined constant cate_type - assumed 'cate_type' D:\phpStudy\WWW\chuangyi\Application\Runtime\Cache\Home\cb81eedfa59617cee80c720e6614fcd4.php 第 100 行.
NOTIC: [8] Use of undefined constant cate_type - assumed 'cate_type' D:\phpStudy\WWW\chuangyi\Application\Runtime\Cache\Home\cb81eedfa59617cee80c720e6614fcd4.php 第 100 行.
NOTIC: [8] Use of undefined constant cate_type - assumed 'cate_type' D:\phpStudy\WWW\chuangyi\Application\Runtime\Cache\Home\cb81eedfa59617cee80c720e6614fcd4.php 第 100 行.
INFO: Run Behavior\ParseTemplateBehavior [ RunTime:0.015001s ]
INFO: [ view_parse ] --END-- [ RunTime:0.015001s ]
INFO: [ view_filter ] --START--
INFO: Run Behavior\WriteHtmlCacheBehavior [ RunTime:0.001000s ]
INFO: [ view_filter ] --END-- [ RunTime:0.001000s ]
INFO: [ app_end ] --START--
INFO: Run Behavior\ShowPageTraceBehavior [ RunTime:0.000000s ]
INFO: [ app_end ] --END-- [ RunTime:0.000000s ]

[ 2016-10-18T10:17:41+08:00 ] ::1 /chuangyi/index.php/Home/Article/index/ar_id/37/
INFO: [ app_init ] --START--
INFO: Run Behavior\BuildLiteBehavior [ RunTime:0.000000s ]
INFO: [ app_init ] --END-- [ RunTime:0.000000s ]
INFO: [ app_begin ] --START--
INFO: Run Behavior\ReadHtmlCacheBehavior [ RunTime:0.001000s ]
INFO: [ app_begin ] --END-- [ RunTime:0.001000s ]
SQL: SHOW COLUMNS FROM `ar_category` [ RunTime:0.0030s ]
SQL: SELECT * FROM `ar_category` WHERE `parentid` = 0 ORDER BY cate_id asc  [ RunTime:0.0000s ]
SQL: SHOW COLUMNS FROM `ar_article` [ RunTime:0.0030s ]
SQL: SELECT * FROM `ar_article` WHERE ( ar_id=37 ) LIMIT 1   [ RunTime:0.0000s ]
SQL: SELECT * FROM `ar_category` WHERE ( cate_id = 114 ) LIMIT 1   [ RunTime:0.0010s ]
SQL: SELECT * FROM `ar_category` WHERE ( cate_id = 103 ) LIMIT 1   [ RunTime:0.0000s ]
SQL: SELECT * FROM `ar_category` WHERE ( cate_id=114 ) LIMIT 1   [ RunTime:0.0000s ]
SQL: SELECT * FROM `ar_category` WHERE ( cate_id=103 ) LIMIT 1   [ RunTime:0.0010s ]
SQL: SELECT * FROM `ar_category` WHERE `parentid` = 103  [ RunTime:0.0000s ]
INFO: [ view_parse ] --START--
INFO: [ template_filter ] --START--
INFO: Run Behavior\ContentReplaceBehavior [ RunTime:0.000000s ]
INFO: [ template_filter ] --END-- [ RunTime:0.000000s ]
NOTIC: [8] Undefined variable: index D:\phpStudy\WWW\chuangyi\Application\Runtime\Cache\Home\2ac6c1276904b87404ed678dbabb985c.php 第 18 行.
NOTIC: [8] Use of undefined constant cate_type - assumed 'cate_type' D:\phpStudy\WWW\chuangyi\Application\Runtime\Cache\Home\2ac6c1276904b87404ed678dbabb985c.php 第 20 行.
NOTIC: [8] Use of undefined constant cate_id - assumed 'cate_id' D:\phpStudy\WWW\chuangyi\Application\Runtime\Cache\Home\2ac6c1276904b87404ed678dbabb985c.php 第 22 行.
SQL: SELECT * FROM `ar_category` WHERE `parentid` = 103  [ RunTime:0.0000s ]
NOTIC: [8] Use of undefined constant cate_type - assumed 'cate_type' D:\phpStudy\WWW\chuangyi\Application\Runtime\Cache\Home\2ac6c1276904b87404ed678dbabb985c.php 第 20 行.
NOTIC: [8] Use of undefined constant cate_id - assumed 'cate_id' D:\phpStudy\WWW\chuangyi\Application\Runtime\Cache\Home\2ac6c1276904b87404ed678dbabb985c.php 第 22 行.
SQL: SELECT * FROM `ar_category` WHERE `parentid` = 105  [ RunTime:0.0000s ]
NOTIC: [8] Use of undefined constant cate_type - assumed 'cate_type' D:\phpStudy\WWW\chuangyi\Application\Runtime\Cache\Home\2ac6c1276904b87404ed678dbabb985c.php 第 20 行.
NOTIC: [8] Use of undefined constant cate_id - assumed 'cate_id' D:\phpStudy\WWW\chuangyi\Application\Runtime\Cache\Home\2ac6c1276904b87404ed678dbabb985c.php 第 22 行.
SQL: SELECT * FROM `ar_category` WHERE `parentid` = 106  [ RunTime:0.0000s ]
NOTIC: [8] Use of undefined constant cate_type - assumed 'cate_type' D:\phpStudy\WWW\chuangyi\Application\Runtime\Cache\Home\2ac6c1276904b87404ed678dbabb985c.php 第 20 行.
NOTIC: [8] Use of undefined constant cate_id - assumed 'cate_id' D:\phpStudy\WWW\chuangyi\Application\Runtime\Cache\Home\2ac6c1276904b87404ed678dbabb985c.php 第 22 行.
SQL: SELECT * FROM `ar_category` WHERE `parentid` = 107  [ RunTime:0.0000s ]
NOTIC: [8] Use of undefined constant cate_type - assumed 'cate_type' D:\phpStudy\WWW\chuangyi\Application\Runtime\Cache\Home\2ac6c1276904b87404ed678dbabb985c.php 第 87 行.
NOTIC: [8] Use of undefined constant cate_type - assumed 'cate_type' D:\phpStudy\WWW\chuangyi\Application\Runtime\Cache\Home\2ac6c1276904b87404ed678dbabb985c.php 第 87 行.
NOTIC: [8] Use of undefined constant cate_type - assumed 'cate_type' D:\phpStudy\WWW\chuangyi\Application\Runtime\Cache\Home\2ac6c1276904b87404ed678dbabb985c.php 第 87 行.
NOTIC: [8] Use of undefined constant cate_type - assumed 'cate_type' D:\phpStudy\WWW\chuangyi\Application\Runtime\Cache\Home\2ac6c1276904b87404ed678dbabb985c.php 第 87 行.
INFO: Run Behavior\ParseTemplateBehavior [ RunTime:0.022001s ]
INFO: [ view_parse ] --END-- [ RunTime:0.022001s ]
INFO: [ view_filter ] --START--
INFO: Run Behavior\WriteHtmlCacheBehavior [ RunTime:0.001000s ]
INFO: [ view_filter ] --END-- [ RunTime:0.001000s ]
INFO: [ app_end ] --START--
INFO: Run Behavior\ShowPageTraceBehavior [ RunTime:0.001000s ]
INFO: [ app_end ] --END-- [ RunTime:0.001000s ]

[ 2016-10-18T10:17:45+08:00 ] ::1 /chuangyi/index.php/Home/Lst/index/cate_id/114
INFO: [ app_init ] --START--
INFO: Run Behavior\BuildLiteBehavior [ RunTime:0.000000s ]
INFO: [ app_init ] --END-- [ RunTime:0.000000s ]
INFO: [ app_begin ] --START--
INFO: Run Behavior\ReadHtmlCacheBehavior [ RunTime:0.001000s ]
INFO: [ app_begin ] --END-- [ RunTime:0.001000s ]
SQL: SHOW COLUMNS FROM `ar_category` [ RunTime:0.0030s ]
SQL: SELECT * FROM `ar_category` WHERE `parentid` = 0 ORDER BY cate_id asc  [ RunTime:0.0000s ]
SQL: SELECT * FROM `ar_category` WHERE ( cate_id = 114 ) LIMIT 1   [ RunTime:0.0010s ]
SQL: SELECT * FROM `ar_category` WHERE ( cate_id = 103 ) LIMIT 1   [ RunTime:0.0000s ]
SQL: SELECT * FROM `ar_category` WHERE ( cate_id=114 ) LIMIT 1   [ RunTime:0.0000s ]
SQL: SELECT * FROM `ar_category` WHERE ( cate_id=103 ) LIMIT 1   [ RunTime:0.0010s ]
SQL: SELECT * FROM `ar_category` WHERE `parentid` = 103  [ RunTime:0.0000s ]
SQL: SHOW COLUMNS FROM `ar_article` [ RunTime:0.0030s ]
SQL: SELECT COUNT(*) AS tp_count FROM `ar_article` WHERE `ar_cateid` = 114 LIMIT 1   [ RunTime:0.0000s ]
SQL: SELECT * FROM `ar_article` WHERE `ar_cateid` = 114 LIMIT 0,2   [ RunTime:0.0010s ]
INFO: [ view_parse ] --START--
INFO: [ template_filter ] --START--
INFO: Run Behavior\ContentReplaceBehavior [ RunTime:0.000000s ]
INFO: [ template_filter ] --END-- [ RunTime:0.000000s ]
NOTIC: [8] Undefined variable: index D:\phpStudy\WWW\chuangyi\Application\Runtime\Cache\Home\cb81eedfa59617cee80c720e6614fcd4.php 第 16 行.
NOTIC: [8] Use of undefined constant cate_type - assumed 'cate_type' D:\phpStudy\WWW\chuangyi\Application\Runtime\Cache\Home\cb81eedfa59617cee80c720e6614fcd4.php 第 18 行.
NOTIC: [8] Use of undefined constant cate_id - assumed 'cate_id' D:\phpStudy\WWW\chuangyi\Application\Runtime\Cache\Home\cb81eedfa59617cee80c720e6614fcd4.php 第 20 行.
SQL: SELECT * FROM `ar_category` WHERE `parentid` = 103  [ RunTime:0.0000s ]
NOTIC: [8] Use of undefined constant cate_type - assumed 'cate_type' D:\phpStudy\WWW\chuangyi\Application\Runtime\Cache\Home\cb81eedfa59617cee80c720e6614fcd4.php 第 18 行.
NOTIC: [8] Use of undefined constant cate_id - assumed 'cate_id' D:\phpStudy\WWW\chuangyi\Application\Runtime\Cache\Home\cb81eedfa59617cee80c720e6614fcd4.php 第 20 行.
SQL: SELECT * FROM `ar_category` WHERE `parentid` = 105  [ RunTime:0.0000s ]
NOTIC: [8] Use of undefined constant cate_type - assumed 'cate_type' D:\phpStudy\WWW\chuangyi\Application\Runtime\Cache\Home\cb81eedfa59617cee80c720e6614fcd4.php 第 18 行.
NOTIC: [8] Use of undefined constant cate_id - assumed 'cate_id' D:\phpStudy\WWW\chuangyi\Application\Runtime\Cache\Home\cb81eedfa59617cee80c720e6614fcd4.php 第 20 行.
SQL: SELECT * FROM `ar_category` WHERE `parentid` = 106  [ RunTime:0.0000s ]
NOTIC: [8] Use of undefined constant cate_type - assumed 'cate_type' D:\phpStudy\WWW\chuangyi\Application\Runtime\Cache\Home\cb81eedfa59617cee80c720e6614fcd4.php 第 18 行.
NOTIC: [8] Use of undefined constant cate_id - assumed 'cate_id' D:\phpStudy\WWW\chuangyi\Application\Runtime\Cache\Home\cb81eedfa59617cee80c720e6614fcd4.php 第 20 行.
SQL: SELECT * FROM `ar_category` WHERE `parentid` = 107  [ RunTime:0.0000s ]
NOTIC: [8] Use of undefined constant cate_type - assumed 'cate_type' D:\phpStudy\WWW\chuangyi\Application\Runtime\Cache\Home\cb81eedfa59617cee80c720e6614fcd4.php 第 100 行.
NOTIC: [8] Use of undefined constant cate_type - assumed 'cate_type' D:\phpStudy\WWW\chuangyi\Application\Runtime\Cache\Home\cb81eedfa59617cee80c720e6614fcd4.php 第 100 行.
NOTIC: [8] Use of undefined constant cate_type - assumed 'cate_type' D:\phpStudy\WWW\chuangyi\Application\Runtime\Cache\Home\cb81eedfa59617cee80c720e6614fcd4.php 第 100 行.
NOTIC: [8] Use of undefined constant cate_type - assumed 'cate_type' D:\phpStudy\WWW\chuangyi\Application\Runtime\Cache\Home\cb81eedfa59617cee80c720e6614fcd4.php 第 100 行.
INFO: Run Behavior\ParseTemplateBehavior [ RunTime:0.015001s ]
INFO: [ view_parse ] --END-- [ RunTime:0.015001s ]
INFO: [ view_filter ] --START--
INFO: Run Behavior\WriteHtmlCacheBehavior [ RunTime:0.001000s ]
INFO: [ view_filter ] --END-- [ RunTime:0.001000s ]
INFO: [ app_end ] --START--
INFO: Run Behavior\ShowPageTraceBehavior [ RunTime:0.001000s ]
INFO: [ app_end ] --END-- [ RunTime:0.001000s ]

[ 2016-10-18T10:17:49+08:00 ] ::1 /chuangyi/index.php/Home/Article/index/ar_id/39/
INFO: [ app_init ] --START--
INFO: Run Behavior\BuildLiteBehavior [ RunTime:0.000000s ]
INFO: [ app_init ] --END-- [ RunTime:0.000000s ]
INFO: [ app_begin ] --START--
INFO: Run Behavior\ReadHtmlCacheBehavior [ RunTime:0.001000s ]
INFO: [ app_begin ] --END-- [ RunTime:0.001000s ]
SQL: SHOW COLUMNS FROM `ar_category` [ RunTime:0.0030s ]
SQL: SELECT * FROM `ar_category` WHERE `parentid` = 0 ORDER BY cate_id asc  [ RunTime:0.0000s ]
SQL: SHOW COLUMNS FROM `ar_article` [ RunTime:0.0020s ]
SQL: SELECT * FROM `ar_article` WHERE ( ar_id=39 ) LIMIT 1   [ RunTime:0.0010s ]
SQL: SELECT * FROM `ar_category` WHERE ( cate_id = 114 ) LIMIT 1   [ RunTime:0.0000s ]
SQL: SELECT * FROM `ar_category` WHERE ( cate_id = 103 ) LIMIT 1   [ RunTime:0.0010s ]
SQL: SELECT * FROM `ar_category` WHERE ( cate_id=114 ) LIMIT 1   [ RunTime:0.0000s ]
SQL: SELECT * FROM `ar_category` WHERE ( cate_id=103 ) LIMIT 1   [ RunTime:0.0010s ]
SQL: SELECT * FROM `ar_category` WHERE `parentid` = 103  [ RunTime:0.0000s ]
INFO: [ view_parse ] --START--
INFO: [ template_filter ] --START--
INFO: Run Behavior\ContentReplaceBehavior [ RunTime:0.000000s ]
INFO: [ template_filter ] --END-- [ RunTime:0.000000s ]
NOTIC: [8] Undefined variable: index D:\phpStudy\WWW\chuangyi\Application\Runtime\Cache\Home\2ac6c1276904b87404ed678dbabb985c.php 第 18 行.
NOTIC: [8] Use of undefined constant cate_type - assumed 'cate_type' D:\phpStudy\WWW\chuangyi\Application\Runtime\Cache\Home\2ac6c1276904b87404ed678dbabb985c.php 第 20 行.
NOTIC: [8] Use of undefined constant cate_id - assumed 'cate_id' D:\phpStudy\WWW\chuangyi\Application\Runtime\Cache\Home\2ac6c1276904b87404ed678dbabb985c.php 第 22 行.
SQL: SELECT * FROM `ar_category` WHERE `parentid` = 103  [ RunTime:0.0000s ]
NOTIC: [8] Use of undefined constant cate_type - assumed 'cate_type' D:\phpStudy\WWW\chuangyi\Application\Runtime\Cache\Home\2ac6c1276904b87404ed678dbabb985c.php 第 20 行.
NOTIC: [8] Use of undefined constant cate_id - assumed 'cate_id' D:\phpStudy\WWW\chuangyi\Application\Runtime\Cache\Home\2ac6c1276904b87404ed678dbabb985c.php 第 22 行.
SQL: SELECT * FROM `ar_category` WHERE `parentid` = 105  [ RunTime:0.0000s ]
NOTIC: [8] Use of undefined constant cate_type - assumed 'cate_type' D:\phpStudy\WWW\chuangyi\Application\Runtime\Cache\Home\2ac6c1276904b87404ed678dbabb985c.php 第 20 行.
NOTIC: [8] Use of undefined constant cate_id - assumed 'cate_id' D:\phpStudy\WWW\chuangyi\Application\Runtime\Cache\Home\2ac6c1276904b87404ed678dbabb985c.php 第 22 行.
SQL: SELECT * FROM `ar_category` WHERE `parentid` = 106  [ RunTime:0.0000s ]
NOTIC: [8] Use of undefined constant cate_type - assumed 'cate_type' D:\phpStudy\WWW\chuangyi\Application\Runtime\Cache\Home\2ac6c1276904b87404ed678dbabb985c.php 第 20 行.
NOTIC: [8] Use of undefined constant cate_id - assumed 'cate_id' D:\phpStudy\WWW\chuangyi\Application\Runtime\Cache\Home\2ac6c1276904b87404ed678dbabb985c.php 第 22 行.
SQL: SELECT * FROM `ar_category` WHERE `parentid` = 107  [ RunTime:0.0000s ]
NOTIC: [8] Use of undefined constant cate_type - assumed 'cate_type' D:\phpStudy\WWW\chuangyi\Application\Runtime\Cache\Home\2ac6c1276904b87404ed678dbabb985c.php 第 87 行.
NOTIC: [8] Use of undefined constant cate_type - assumed 'cate_type' D:\phpStudy\WWW\chuangyi\Application\Runtime\Cache\Home\2ac6c1276904b87404ed678dbabb985c.php 第 87 行.
NOTIC: [8] Use of undefined constant cate_type - assumed 'cate_type' D:\phpStudy\WWW\chuangyi\Application\Runtime\Cache\Home\2ac6c1276904b87404ed678dbabb985c.php 第 87 行.
NOTIC: [8] Use of undefined constant cate_type - assumed 'cate_type' D:\phpStudy\WWW\chuangyi\Application\Runtime\Cache\Home\2ac6c1276904b87404ed678dbabb985c.php 第 87 行.
INFO: Run Behavior\ParseTemplateBehavior [ RunTime:0.014001s ]
INFO: [ view_parse ] --END-- [ RunTime:0.014001s ]
INFO: [ view_filter ] --START--
INFO: Run Behavior\WriteHtmlCacheBehavior [ RunTime:0.001000s ]
INFO: [ view_filter ] --END-- [ RunTime:0.001000s ]
INFO: [ app_end ] --START--
INFO: Run Behavior\ShowPageTraceBehavior [ RunTime:0.000000s ]
INFO: [ app_end ] --END-- [ RunTime:0.000000s ]

[ 2016-10-18T10:18:00+08:00 ] ::1 /chuangyi/index.php/Home/Page/index/cate_id/103
INFO: [ app_init ] --START--
INFO: Run Behavior\BuildLiteBehavior [ RunTime:0.000000s ]
INFO: [ app_init ] --END-- [ RunTime:0.001000s ]
INFO: [ app_begin ] --START--
INFO: Run Behavior\ReadHtmlCacheBehavior [ RunTime:0.001001s ]
INFO: [ app_begin ] --END-- [ RunTime:0.001001s ]
SQL: SHOW COLUMNS FROM `ar_category` [ RunTime:0.0020s ]
SQL: SELECT * FROM `ar_category` WHERE `parentid` = 0 ORDER BY cate_id asc  [ RunTime:0.0000s ]
SQL: SELECT * FROM `ar_category` WHERE ( cate_id = 103 ) LIMIT 1   [ RunTime:0.0010s ]
SQL: SELECT * FROM `ar_category` WHERE ( cate_id=103 ) LIMIT 1   [ RunTime:0.0000s ]
SQL: SELECT * FROM `ar_category` WHERE `parentid` = 103  [ RunTime:0.0010s ]
SQL: SELECT * FROM `ar_category` WHERE ( cate_id=103 ) LIMIT 1   [ RunTime:0.0000s ]
INFO: [ view_parse ] --START--
INFO: [ template_filter ] --START--
INFO: Run Behavior\ContentReplaceBehavior [ RunTime:0.000000s ]
INFO: [ template_filter ] --END-- [ RunTime:0.000000s ]
NOTIC: [8] Undefined variable: index D:\phpStudy\WWW\chuangyi\Application\Runtime\Cache\Home\68bce0ec7afdf8798ef65138f610dc8c.php 第 19 行.
NOTIC: [8] Use of undefined constant cate_type - assumed 'cate_type' D:\phpStudy\WWW\chuangyi\Application\Runtime\Cache\Home\68bce0ec7afdf8798ef65138f610dc8c.php 第 21 行.
NOTIC: [8] Use of undefined constant cate_id - assumed 'cate_id' D:\phpStudy\WWW\chuangyi\Application\Runtime\Cache\Home\68bce0ec7afdf8798ef65138f610dc8c.php 第 23 行.
SQL: SELECT * FROM `ar_category` WHERE `parentid` = 103  [ RunTime:0.0010s ]
NOTIC: [8] Use of undefined constant cate_type - assumed 'cate_type' D:\phpStudy\WWW\chuangyi\Application\Runtime\Cache\Home\68bce0ec7afdf8798ef65138f610dc8c.php 第 21 行.
NOTIC: [8] Use of undefined constant cate_id - assumed 'cate_id' D:\phpStudy\WWW\chuangyi\Application\Runtime\Cache\Home\68bce0ec7afdf8798ef65138f610dc8c.php 第 23 行.
SQL: SELECT * FROM `ar_category` WHERE `parentid` = 105  [ RunTime:0.0000s ]
NOTIC: [8] Use of undefined constant cate_type - assumed 'cate_type' D:\phpStudy\WWW\chuangyi\Application\Runtime\Cache\Home\68bce0ec7afdf8798ef65138f610dc8c.php 第 21 行.
NOTIC: [8] Use of undefined constant cate_id - assumed 'cate_id' D:\phpStudy\WWW\chuangyi\Application\Runtime\Cache\Home\68bce0ec7afdf8798ef65138f610dc8c.php 第 23 行.
SQL: SELECT * FROM `ar_category` WHERE `parentid` = 106  [ RunTime:0.0000s ]
NOTIC: [8] Use of undefined constant cate_type - assumed 'cate_type' D:\phpStudy\WWW\chuangyi\Application\Runtime\Cache\Home\68bce0ec7afdf8798ef65138f610dc8c.php 第 21 行.
NOTIC: [8] Use of undefined constant cate_id - assumed 'cate_id' D:\phpStudy\WWW\chuangyi\Application\Runtime\Cache\Home\68bce0ec7afdf8798ef65138f610dc8c.php 第 23 行.
SQL: SELECT * FROM `ar_category` WHERE `parentid` = 107  [ RunTime:0.0000s ]
NOTIC: [2] Illegal string offset 'cate_pic' D:\phpStudy\WWW\chuangyi\Application\Runtime\Cache\Home\68bce0ec7afdf8798ef65138f610dc8c.php 第 73 行.
NOTIC: [8] Use of undefined constant cate_type - assumed 'cate_type' D:\phpStudy\WWW\chuangyi\Application\Runtime\Cache\Home\68bce0ec7afdf8798ef65138f610dc8c.php 第 88 行.
NOTIC: [8] Use of undefined constant cate_type - assumed 'cate_type' D:\phpStudy\WWW\chuangyi\Application\Runtime\Cache\Home\68bce0ec7afdf8798ef65138f610dc8c.php 第 88 行.
NOTIC: [8] Use of undefined constant cate_type - assumed 'cate_type' D:\phpStudy\WWW\chuangyi\Application\Runtime\Cache\Home\68bce0ec7afdf8798ef65138f610dc8c.php 第 88 行.
NOTIC: [8] Use of undefined constant cate_type - assumed 'cate_type' D:\phpStudy\WWW\chuangyi\Application\Runtime\Cache\Home\68bce0ec7afdf8798ef65138f610dc8c.php 第 88 行.
INFO: Run Behavior\ParseTemplateBehavior [ RunTime:0.013001s ]
INFO: [ view_parse ] --END-- [ RunTime:0.013001s ]
INFO: [ view_filter ] --START--
INFO: Run Behavior\WriteHtmlCacheBehavior [ RunTime:0.001000s ]
INFO: [ view_filter ] --END-- [ RunTime:0.001000s ]
INFO: [ app_end ] --START--
INFO: Run Behavior\ShowPageTraceBehavior [ RunTime:0.000000s ]
INFO: [ app_end ] --END-- [ RunTime:0.000000s ]

[ 2016-10-18T10:18:02+08:00 ] ::1 /chuangyi/index.php/Home/Page/index/cate_id/105
INFO: [ app_init ] --START--
INFO: Run Behavior\BuildLiteBehavior [ RunTime:0.000000s ]
INFO: [ app_init ] --END-- [ RunTime:0.001000s ]
INFO: [ app_begin ] --START--
INFO: Run Behavior\ReadHtmlCacheBehavior [ RunTime:0.000000s ]
INFO: [ app_begin ] --END-- [ RunTime:0.000000s ]
SQL: SHOW COLUMNS FROM `ar_category` [ RunTime:0.0020s ]
SQL: SELECT * FROM `ar_category` WHERE `parentid` = 0 ORDER BY cate_id asc  [ RunTime:0.0000s ]
SQL: SELECT * FROM `ar_category` WHERE ( cate_id = 105 ) LIMIT 1   [ RunTime:0.0000s ]
SQL: SELECT * FROM `ar_category` WHERE ( cate_id=105 ) LIMIT 1   [ RunTime:0.0000s ]
SQL: SELECT * FROM `ar_category` WHERE `parentid` = 105  [ RunTime:0.0000s ]
SQL: SELECT * FROM `ar_category` WHERE ( cate_id=105 ) LIMIT 1   [ RunTime:0.0000s ]
INFO: [ view_parse ] --START--
INFO: [ template_filter ] --START--
INFO: Run Behavior\ContentReplaceBehavior [ RunTime:0.000000s ]
INFO: [ template_filter ] --END-- [ RunTime:0.000000s ]
NOTIC: [8] Undefined variable: index D:\phpStudy\WWW\chuangyi\Application\Runtime\Cache\Home\68bce0ec7afdf8798ef65138f610dc8c.php 第 19 行.
NOTIC: [8] Use of undefined constant cate_type - assumed 'cate_type' D:\phpStudy\WWW\chuangyi\Application\Runtime\Cache\Home\68bce0ec7afdf8798ef65138f610dc8c.php 第 21 行.
NOTIC: [8] Use of undefined constant cate_id - assumed 'cate_id' D:\phpStudy\WWW\chuangyi\Application\Runtime\Cache\Home\68bce0ec7afdf8798ef65138f610dc8c.php 第 23 行.
SQL: SELECT * FROM `ar_category` WHERE `parentid` = 103  [ RunTime:0.0000s ]
NOTIC: [8] Use of undefined constant cate_type - assumed 'cate_type' D:\phpStudy\WWW\chuangyi\Application\Runtime\Cache\Home\68bce0ec7afdf8798ef65138f610dc8c.php 第 21 行.
NOTIC: [8] Use of undefined constant cate_id - assumed 'cate_id' D:\phpStudy\WWW\chuangyi\Application\Runtime\Cache\Home\68bce0ec7afdf8798ef65138f610dc8c.php 第 23 行.
SQL: SELECT * FROM `ar_category` WHERE `parentid` = 105  [ RunTime:0.0000s ]
NOTIC: [8] Use of undefined constant cate_type - assumed 'cate_type' D:\phpStudy\WWW\chuangyi\Application\Runtime\Cache\Home\68bce0ec7afdf8798ef65138f610dc8c.php 第 21 行.
NOTIC: [8] Use of undefined constant cate_id - assumed 'cate_id' D:\phpStudy\WWW\chuangyi\Application\Runtime\Cache\Home\68bce0ec7afdf8798ef65138f610dc8c.php 第 23 行.
SQL: SELECT * FROM `ar_category` WHERE `parentid` = 106  [ RunTime:0.0000s ]
NOTIC: [8] Use of undefined constant cate_type - assumed 'cate_type' D:\phpStudy\WWW\chuangyi\Application\Runtime\Cache\Home\68bce0ec7afdf8798ef65138f610dc8c.php 第 21 行.
NOTIC: [8] Use of undefined constant cate_id - assumed 'cate_id' D:\phpStudy\WWW\chuangyi\Application\Runtime\Cache\Home\68bce0ec7afdf8798ef65138f610dc8c.php 第 23 行.
SQL: SELECT * FROM `ar_category` WHERE `parentid` = 107  [ RunTime:0.0000s ]
NOTIC: [2] Illegal string offset 'cate_pic' D:\phpStudy\WWW\chuangyi\Application\Runtime\Cache\Home\68bce0ec7afdf8798ef65138f610dc8c.php 第 73 行.
NOTIC: [8] Use of undefined constant cate_type - assumed 'cate_type' D:\phpStudy\WWW\chuangyi\Application\Runtime\Cache\Home\68bce0ec7afdf8798ef65138f610dc8c.php 第 88 行.
NOTIC: [8] Use of undefined constant cate_type - assumed 'cate_type' D:\phpStudy\WWW\chuangyi\Application\Runtime\Cache\Home\68bce0ec7afdf8798ef65138f610dc8c.php 第 88 行.
NOTIC: [8] Use of undefined constant cate_type - assumed 'cate_type' D:\phpStudy\WWW\chuangyi\Application\Runtime\Cache\Home\68bce0ec7afdf8798ef65138f610dc8c.php 第 88 行.
NOTIC: [8] Use of undefined constant cate_type - assumed 'cate_type' D:\phpStudy\WWW\chuangyi\Application\Runtime\Cache\Home\68bce0ec7afdf8798ef65138f610dc8c.php 第 88 行.
INFO: Run Behavior\ParseTemplateBehavior [ RunTime:0.014001s ]
INFO: [ view_parse ] --END-- [ RunTime:0.014001s ]
INFO: [ view_filter ] --START--
INFO: Run Behavior\WriteHtmlCacheBehavior [ RunTime:0.000000s ]
INFO: [ view_filter ] --END-- [ RunTime:0.000000s ]
INFO: [ app_end ] --START--
INFO: Run Behavior\ShowPageTraceBehavior [ RunTime:0.001000s ]
INFO: [ app_end ] --END-- [ RunTime:0.001000s ]

[ 2016-10-18T10:18:05+08:00 ] ::1 /chuangyi/index.php/Home/Page/index/cate_id/106
INFO: [ app_init ] --START--
INFO: Run Behavior\BuildLiteBehavior [ RunTime:0.000000s ]
INFO: [ app_init ] --END-- [ RunTime:0.001000s ]
INFO: [ app_begin ] --START--
INFO: Run Behavior\ReadHtmlCacheBehavior [ RunTime:0.000000s ]
INFO: [ app_begin ] --END-- [ RunTime:0.001000s ]
SQL: SHOW COLUMNS FROM `ar_category` [ RunTime:0.0030s ]
SQL: SELECT * FROM `ar_category` WHERE `parentid` = 0 ORDER BY cate_id asc  [ RunTime:0.0010s ]
SQL: SELECT * FROM `ar_category` WHERE ( cate_id = 106 ) LIMIT 1   [ RunTime:0.0000s ]
SQL: SELECT * FROM `ar_category` WHERE ( cate_id=106 ) LIMIT 1   [ RunTime:0.0010s ]
SQL: SELECT * FROM `ar_category` WHERE `parentid` = 106  [ RunTime:0.0000s ]
SQL: SELECT * FROM `ar_category` WHERE ( cate_id=106 ) LIMIT 1   [ RunTime:0.0000s ]
INFO: [ view_parse ] --START--
INFO: [ template_filter ] --START--
INFO: Run Behavior\ContentReplaceBehavior [ RunTime:0.000000s ]
INFO: [ template_filter ] --END-- [ RunTime:0.000000s ]
NOTIC: [8] Undefined variable: index D:\phpStudy\WWW\chuangyi\Application\Runtime\Cache\Home\68bce0ec7afdf8798ef65138f610dc8c.php 第 19 行.
NOTIC: [8] Use of undefined constant cate_type - assumed 'cate_type' D:\phpStudy\WWW\chuangyi\Application\Runtime\Cache\Home\68bce0ec7afdf8798ef65138f610dc8c.php 第 21 行.
NOTIC: [8] Use of undefined constant cate_id - assumed 'cate_id' D:\phpStudy\WWW\chuangyi\Application\Runtime\Cache\Home\68bce0ec7afdf8798ef65138f610dc8c.php 第 23 行.
SQL: SELECT * FROM `ar_category` WHERE `parentid` = 103  [ RunTime:0.0010s ]
NOTIC: [8] Use of undefined constant cate_type - assumed 'cate_type' D:\phpStudy\WWW\chuangyi\Application\Runtime\Cache\Home\68bce0ec7afdf8798ef65138f610dc8c.php 第 21 行.
NOTIC: [8] Use of undefined constant cate_id - assumed 'cate_id' D:\phpStudy\WWW\chuangyi\Application\Runtime\Cache\Home\68bce0ec7afdf8798ef65138f610dc8c.php 第 23 行.
SQL: SELECT * FROM `ar_category` WHERE `parentid` = 105  [ RunTime:0.0000s ]
NOTIC: [8] Use of undefined constant cate_type - assumed 'cate_type' D:\phpStudy\WWW\chuangyi\Application\Runtime\Cache\Home\68bce0ec7afdf8798ef65138f610dc8c.php 第 21 行.
NOTIC: [8] Use of undefined constant cate_id - assumed 'cate_id' D:\phpStudy\WWW\chuangyi\Application\Runtime\Cache\Home\68bce0ec7afdf8798ef65138f610dc8c.php 第 23 行.
SQL: SELECT * FROM `ar_category` WHERE `parentid` = 106  [ RunTime:0.0010s ]
NOTIC: [8] Use of undefined constant cate_type - assumed 'cate_type' D:\phpStudy\WWW\chuangyi\Application\Runtime\Cache\Home\68bce0ec7afdf8798ef65138f610dc8c.php 第 21 行.
NOTIC: [8] Use of undefined constant cate_id - assumed 'cate_id' D:\phpStudy\WWW\chuangyi\Application\Runtime\Cache\Home\68bce0ec7afdf8798ef65138f610dc8c.php 第 23 行.
SQL: SELECT * FROM `ar_category` WHERE `parentid` = 107  [ RunTime:0.0000s ]
NOTIC: [2] Illegal string offset 'cate_pic' D:\phpStudy\WWW\chuangyi\Application\Runtime\Cache\Home\68bce0ec7afdf8798ef65138f610dc8c.php 第 73 行.
NOTIC: [8] Use of undefined constant cate_type - assumed 'cate_type' D:\phpStudy\WWW\chuangyi\Application\Runtime\Cache\Home\68bce0ec7afdf8798ef65138f610dc8c.php 第 88 行.
NOTIC: [8] Use of undefined constant cate_type - assumed 'cate_type' D:\phpStudy\WWW\chuangyi\Application\Runtime\Cache\Home\68bce0ec7afdf8798ef65138f610dc8c.php 第 88 行.
NOTIC: [8] Use of undefined constant cate_type - assumed 'cate_type' D:\phpStudy\WWW\chuangyi\Application\Runtime\Cache\Home\68bce0ec7afdf8798ef65138f610dc8c.php 第 88 行.
NOTIC: [8] Use of undefined constant cate_type - assumed 'cate_type' D:\phpStudy\WWW\chuangyi\Application\Runtime\Cache\Home\68bce0ec7afdf8798ef65138f610dc8c.php 第 88 行.
INFO: Run Behavior\ParseTemplateBehavior [ RunTime:0.013001s ]
INFO: [ view_parse ] --END-- [ RunTime:0.013001s ]
INFO: [ view_filter ] --START--
INFO: Run Behavior\WriteHtmlCacheBehavior [ RunTime:0.001000s ]
INFO: [ view_filter ] --END-- [ RunTime:0.001000s ]
INFO: [ app_end ] --START--
INFO: Run Behavior\ShowPageTraceBehavior [ RunTime:0.001000s ]
INFO: [ app_end ] --END-- [ RunTime:0.001000s ]

[ 2016-10-18T10:18:07+08:00 ] ::1 /chuangyi/index.php/Home/Page/index/cate_id/107
INFO: [ app_init ] --START--
INFO: Run Behavior\BuildLiteBehavior [ RunTime:0.000000s ]
INFO: [ app_init ] --END-- [ RunTime:0.001000s ]
INFO: [ app_begin ] --START--
INFO: Run Behavior\ReadHtmlCacheBehavior [ RunTime:0.000000s ]
INFO: [ app_begin ] --END-- [ RunTime:0.000000s ]
SQL: SHOW COLUMNS FROM `ar_category` [ RunTime:0.0020s ]
SQL: SELECT * FROM `ar_category` WHERE `parentid` = 0 ORDER BY cate_id asc  [ RunTime:0.0000s ]
SQL: SELECT * FROM `ar_category` WHERE ( cate_id = 107 ) LIMIT 1   [ RunTime:0.0000s ]
SQL: SELECT * FROM `ar_category` WHERE ( cate_id=107 ) LIMIT 1   [ RunTime:0.0000s ]
SQL: SELECT * FROM `ar_category` WHERE `parentid` = 107  [ RunTime:0.0000s ]
SQL: SELECT * FROM `ar_category` WHERE ( cate_id=107 ) LIMIT 1   [ RunTime:0.0000s ]
INFO: [ view_parse ] --START--
INFO: [ template_filter ] --START--
INFO: Run Behavior\ContentReplaceBehavior [ RunTime:0.000000s ]
INFO: [ template_filter ] --END-- [ RunTime:0.000000s ]
NOTIC: [8] Undefined variable: index D:\phpStudy\WWW\chuangyi\Application\Runtime\Cache\Home\68bce0ec7afdf8798ef65138f610dc8c.php 第 19 行.
NOTIC: [8] Use of undefined constant cate_type - assumed 'cate_type' D:\phpStudy\WWW\chuangyi\Application\Runtime\Cache\Home\68bce0ec7afdf8798ef65138f610dc8c.php 第 21 行.
NOTIC: [8] Use of undefined constant cate_id - assumed 'cate_id' D:\phpStudy\WWW\chuangyi\Application\Runtime\Cache\Home\68bce0ec7afdf8798ef65138f610dc8c.php 第 23 行.
SQL: SELECT * FROM `ar_category` WHERE `parentid` = 103  [ RunTime:0.0000s ]
NOTIC: [8] Use of undefined constant cate_type - assumed 'cate_type' D:\phpStudy\WWW\chuangyi\Application\Runtime\Cache\Home\68bce0ec7afdf8798ef65138f610dc8c.php 第 21 行.
NOTIC: [8] Use of undefined constant cate_id - assumed 'cate_id' D:\phpStudy\WWW\chuangyi\Application\Runtime\Cache\Home\68bce0ec7afdf8798ef65138f610dc8c.php 第 23 行.
SQL: SELECT * FROM `ar_category` WHERE `parentid` = 105  [ RunTime:0.0000s ]
NOTIC: [8] Use of undefined constant cate_type - assumed 'cate_type' D:\phpStudy\WWW\chuangyi\Application\Runtime\Cache\Home\68bce0ec7afdf8798ef65138f610dc8c.php 第 21 行.
NOTIC: [8] Use of undefined constant cate_id - assumed 'cate_id' D:\phpStudy\WWW\chuangyi\Application\Runtime\Cache\Home\68bce0ec7afdf8798ef65138f610dc8c.php 第 23 行.
SQL: SELECT * FROM `ar_category` WHERE `parentid` = 106  [ RunTime:0.0000s ]
NOTIC: [8] Use of undefined constant cate_type - assumed 'cate_type' D:\phpStudy\WWW\chuangyi\Application\Runtime\Cache\Home\68bce0ec7afdf8798ef65138f610dc8c.php 第 21 行.
NOTIC: [8] Use of undefined constant cate_id - assumed 'cate_id' D:\phpStudy\WWW\chuangyi\Application\Runtime\Cache\Home\68bce0ec7afdf8798ef65138f610dc8c.php 第 23 行.
SQL: SELECT * FROM `ar_category` WHERE `parentid` = 107  [ RunTime:0.0000s ]
NOTIC: [2] Illegal string offset 'cate_pic' D:\phpStudy\WWW\chuangyi\Application\Runtime\Cache\Home\68bce0ec7afdf8798ef65138f610dc8c.php 第 73 行.
NOTIC: [8] Use of undefined constant cate_type - assumed 'cate_type' D:\phpStudy\WWW\chuangyi\Application\Runtime\Cache\Home\68bce0ec7afdf8798ef65138f610dc8c.php 第 88 行.
NOTIC: [8] Use of undefined constant cate_type - assumed 'cate_type' D:\phpStudy\WWW\chuangyi\Application\Runtime\Cache\Home\68bce0ec7afdf8798ef65138f610dc8c.php 第 88 行.
NOTIC: [8] Use of undefined constant cate_type - assumed 'cate_type' D:\phpStudy\WWW\chuangyi\Application\Runtime\Cache\Home\68bce0ec7afdf8798ef65138f610dc8c.php 第 88 行.
NOTIC: [8] Use of undefined constant cate_type - assumed 'cate_type' D:\phpStudy\WWW\chuangyi\Application\Runtime\Cache\Home\68bce0ec7afdf8798ef65138f610dc8c.php 第 88 行.
INFO: Run Behavior\ParseTemplateBehavior [ RunTime:0.013001s ]
INFO: [ view_parse ] --END-- [ RunTime:0.013001s ]
INFO: [ view_filter ] --START--
INFO: Run Behavior\WriteHtmlCacheBehavior [ RunTime:0.001000s ]
INFO: [ view_filter ] --END-- [ RunTime:0.001000s ]
INFO: [ app_end ] --START--
INFO: Run Behavior\ShowPageTraceBehavior [ RunTime:0.001000s ]
INFO: [ app_end ] --END-- [ RunTime:0.001000s ]

[ 2016-10-18T10:18:09+08:00 ] ::1 /chuangyi/index.php/Home/Page/index/cate_id/106
INFO: [ app_init ] --START--
INFO: Run Behavior\BuildLiteBehavior [ RunTime:0.000000s ]
INFO: [ app_init ] --END-- [ RunTime:0.000000s ]
INFO: [ app_begin ] --START--
INFO: Run Behavior\ReadHtmlCacheBehavior [ RunTime:0.001001s ]
INFO: [ app_begin ] --END-- [ RunTime:0.001001s ]
SQL: SHOW COLUMNS FROM `ar_category` [ RunTime:0.0030s ]
SQL: SELECT * FROM `ar_category` WHERE `parentid` = 0 ORDER BY cate_id asc  [ RunTime:0.0000s ]
SQL: SELECT * FROM `ar_category` WHERE ( cate_id = 106 ) LIMIT 1   [ RunTime:0.0000s ]
SQL: SELECT * FROM `ar_category` WHERE ( cate_id=106 ) LIMIT 1   [ RunTime:0.0000s ]
SQL: SELECT * FROM `ar_category` WHERE `parentid` = 106  [ RunTime:0.0000s ]
SQL: SELECT * FROM `ar_category` WHERE ( cate_id=106 ) LIMIT 1   [ RunTime:0.0000s ]
INFO: [ view_parse ] --START--
INFO: [ template_filter ] --START--
INFO: Run Behavior\ContentReplaceBehavior [ RunTime:0.000000s ]
INFO: [ template_filter ] --END-- [ RunTime:0.000000s ]
NOTIC: [8] Undefined variable: index D:\phpStudy\WWW\chuangyi\Application\Runtime\Cache\Home\68bce0ec7afdf8798ef65138f610dc8c.php 第 19 行.
NOTIC: [8] Use of undefined constant cate_type - assumed 'cate_type' D:\phpStudy\WWW\chuangyi\Application\Runtime\Cache\Home\68bce0ec7afdf8798ef65138f610dc8c.php 第 21 行.
NOTIC: [8] Use of undefined constant cate_id - assumed 'cate_id' D:\phpStudy\WWW\chuangyi\Application\Runtime\Cache\Home\68bce0ec7afdf8798ef65138f610dc8c.php 第 23 行.
SQL: SELECT * FROM `ar_category` WHERE `parentid` = 103  [ RunTime:0.0010s ]
NOTIC: [8] Use of undefined constant cate_type - assumed 'cate_type' D:\phpStudy\WWW\chuangyi\Application\Runtime\Cache\Home\68bce0ec7afdf8798ef65138f610dc8c.php 第 21 行.
NOTIC: [8] Use of undefined constant cate_id - assumed 'cate_id' D:\phpStudy\WWW\chuangyi\Application\Runtime\Cache\Home\68bce0ec7afdf8798ef65138f610dc8c.php 第 23 行.
SQL: SELECT * FROM `ar_category` WHERE `parentid` = 105  [ RunTime:0.0000s ]
NOTIC: [8] Use of undefined constant cate_type - assumed 'cate_type' D:\phpStudy\WWW\chuangyi\Application\Runtime\Cache\Home\68bce0ec7afdf8798ef65138f610dc8c.php 第 21 行.
NOTIC: [8] Use of undefined constant cate_id - assumed 'cate_id' D:\phpStudy\WWW\chuangyi\Application\Runtime\Cache\Home\68bce0ec7afdf8798ef65138f610dc8c.php 第 23 行.
SQL: SELECT * FROM `ar_category` WHERE `parentid` = 106  [ RunTime:0.0010s ]
NOTIC: [8] Use of undefined constant cate_type - assumed 'cate_type' D:\phpStudy\WWW\chuangyi\Application\Runtime\Cache\Home\68bce0ec7afdf8798ef65138f610dc8c.php 第 21 行.
NOTIC: [8] Use of undefined constant cate_id - assumed 'cate_id' D:\phpStudy\WWW\chuangyi\Application\Runtime\Cache\Home\68bce0ec7afdf8798ef65138f610dc8c.php 第 23 行.
SQL: SELECT * FROM `ar_category` WHERE `parentid` = 107  [ RunTime:0.0000s ]
NOTIC: [2] Illegal string offset 'cate_pic' D:\phpStudy\WWW\chuangyi\Application\Runtime\Cache\Home\68bce0ec7afdf8798ef65138f610dc8c.php 第 73 行.
NOTIC: [8] Use of undefined constant cate_type - assumed 'cate_type' D:\phpStudy\WWW\chuangyi\Application\Runtime\Cache\Home\68bce0ec7afdf8798ef65138f610dc8c.php 第 88 行.
NOTIC: [8] Use of undefined constant cate_type - assumed 'cate_type' D:\phpStudy\WWW\chuangyi\Application\Runtime\Cache\Home\68bce0ec7afdf8798ef65138f610dc8c.php 第 88 行.
NOTIC: [8] Use of undefined constant cate_type - assumed 'cate_type' D:\phpStudy\WWW\chuangyi\Application\Runtime\Cache\Home\68bce0ec7afdf8798ef65138f610dc8c.php 第 88 行.
NOTIC: [8] Use of undefined constant cate_type - assumed 'cate_type' D:\phpStudy\WWW\chuangyi\Application\Runtime\Cache\Home\68bce0ec7afdf8798ef65138f610dc8c.php 第 88 行.
INFO: Run Behavior\ParseTemplateBehavior [ RunTime:0.016001s ]
INFO: [ view_parse ] --END-- [ RunTime:0.016001s ]
INFO: [ view_filter ] --START--
INFO: Run Behavior\WriteHtmlCacheBehavior [ RunTime:0.000000s ]
INFO: [ view_filter ] --END-- [ RunTime:0.000000s ]
INFO: [ app_end ] --START--
INFO: Run Behavior\ShowPageTraceBehavior [ RunTime:0.001000s ]
INFO: [ app_end ] --END-- [ RunTime:0.001000s ]

[ 2016-10-18T10:18:10+08:00 ] ::1 /chuangyi/index.php/Home/Page/index/cate_id/105
INFO: [ app_init ] --START--
INFO: Run Behavior\BuildLiteBehavior [ RunTime:0.000000s ]
INFO: [ app_init ] --END-- [ RunTime:0.000000s ]
INFO: [ app_begin ] --START--
INFO: Run Behavior\ReadHtmlCacheBehavior [ RunTime:0.000000s ]
INFO: [ app_begin ] --END-- [ RunTime:0.000000s ]
SQL: SHOW COLUMNS FROM `ar_category` [ RunTime:0.0020s ]
SQL: SELECT * FROM `ar_category` WHERE `parentid` = 0 ORDER BY cate_id asc  [ RunTime:0.0000s ]
SQL: SELECT * FROM `ar_category` WHERE ( cate_id = 105 ) LIMIT 1   [ RunTime:0.0010s ]
SQL: SELECT * FROM `ar_category` WHERE ( cate_id=105 ) LIMIT 1   [ RunTime:0.0000s ]
SQL: SELECT * FROM `ar_category` WHERE `parentid` = 105  [ RunTime:0.0000s ]
SQL: SELECT * FROM `ar_category` WHERE ( cate_id=105 ) LIMIT 1   [ RunTime:0.0010s ]
INFO: [ view_parse ] --START--
INFO: [ template_filter ] --START--
INFO: Run Behavior\ContentReplaceBehavior [ RunTime:0.000000s ]
INFO: [ template_filter ] --END-- [ RunTime:0.000000s ]
NOTIC: [8] Undefined variable: index D:\phpStudy\WWW\chuangyi\Application\Runtime\Cache\Home\68bce0ec7afdf8798ef65138f610dc8c.php 第 19 行.
NOTIC: [8] Use of undefined constant cate_type - assumed 'cate_type' D:\phpStudy\WWW\chuangyi\Application\Runtime\Cache\Home\68bce0ec7afdf8798ef65138f610dc8c.php 第 21 行.
NOTIC: [8] Use of undefined constant cate_id - assumed 'cate_id' D:\phpStudy\WWW\chuangyi\Application\Runtime\Cache\Home\68bce0ec7afdf8798ef65138f610dc8c.php 第 23 行.
SQL: SELECT * FROM `ar_category` WHERE `parentid` = 103  [ RunTime:0.0010s ]
NOTIC: [8] Use of undefined constant cate_type - assumed 'cate_type' D:\phpStudy\WWW\chuangyi\Application\Runtime\Cache\Home\68bce0ec7afdf8798ef65138f610dc8c.php 第 21 行.
NOTIC: [8] Use of undefined constant cate_id - assumed 'cate_id' D:\phpStudy\WWW\chuangyi\Application\Runtime\Cache\Home\68bce0ec7afdf8798ef65138f610dc8c.php 第 23 行.
SQL: SELECT * FROM `ar_category` WHERE `parentid` = 105  [ RunTime:0.0000s ]
NOTIC: [8] Use of undefined constant cate_type - assumed 'cate_type' D:\phpStudy\WWW\chuangyi\Application\Runtime\Cache\Home\68bce0ec7afdf8798ef65138f610dc8c.php 第 21 行.
NOTIC: [8] Use of undefined constant cate_id - assumed 'cate_id' D:\phpStudy\WWW\chuangyi\Application\Runtime\Cache\Home\68bce0ec7afdf8798ef65138f610dc8c.php 第 23 行.
SQL: SELECT * FROM `ar_category` WHERE `parentid` = 106  [ RunTime:0.0010s ]
NOTIC: [8] Use of undefined constant cate_type - assumed 'cate_type' D:\phpStudy\WWW\chuangyi\Application\Runtime\Cache\Home\68bce0ec7afdf8798ef65138f610dc8c.php 第 21 行.
NOTIC: [8] Use of undefined constant cate_id - assumed 'cate_id' D:\phpStudy\WWW\chuangyi\Application\Runtime\Cache\Home\68bce0ec7afdf8798ef65138f610dc8c.php 第 23 行.
SQL: SELECT * FROM `ar_category` WHERE `parentid` = 107  [ RunTime:0.0000s ]
NOTIC: [2] Illegal string offset 'cate_pic' D:\phpStudy\WWW\chuangyi\Application\Runtime\Cache\Home\68bce0ec7afdf8798ef65138f610dc8c.php 第 73 行.
NOTIC: [8] Use of undefined constant cate_type - assumed 'cate_type' D:\phpStudy\WWW\chuangyi\Application\Runtime\Cache\Home\68bce0ec7afdf8798ef65138f610dc8c.php 第 88 行.
NOTIC: [8] Use of undefined constant cate_type - assumed 'cate_type' D:\phpStudy\WWW\chuangyi\Application\Runtime\Cache\Home\68bce0ec7afdf8798ef65138f610dc8c.php 第 88 行.
NOTIC: [8] Use of undefined constant cate_type - assumed 'cate_type' D:\phpStudy\WWW\chuangyi\Application\Runtime\Cache\Home\68bce0ec7afdf8798ef65138f610dc8c.php 第 88 行.
NOTIC: [8] Use of undefined constant cate_type - assumed 'cate_type' D:\phpStudy\WWW\chuangyi\Application\Runtime\Cache\Home\68bce0ec7afdf8798ef65138f610dc8c.php 第 88 行.
INFO: Run Behavior\ParseTemplateBehavior [ RunTime:0.014001s ]
INFO: [ view_parse ] --END-- [ RunTime:0.014001s ]
INFO: [ view_filter ] --START--
INFO: Run Behavior\WriteHtmlCacheBehavior [ RunTime:0.001000s ]
INFO: [ view_filter ] --END-- [ RunTime:0.001000s ]
INFO: [ app_end ] --START--
INFO: Run Behavior\ShowPageTraceBehavior [ RunTime:0.000000s ]
INFO: [ app_end ] --END-- [ RunTime:0.000000s ]

[ 2016-10-18T10:18:12+08:00 ] ::1 /chuangyi/index.php/Home/Page/index/cate_id/103
INFO: [ app_init ] --START--
INFO: Run Behavior\BuildLiteBehavior [ RunTime:0.000000s ]
INFO: [ app_init ] --END-- [ RunTime:0.000000s ]
INFO: [ app_begin ] --START--
INFO: Run Behavior\ReadHtmlCacheBehavior [ RunTime:0.001000s ]
INFO: [ app_begin ] --END-- [ RunTime:0.001000s ]
SQL: SHOW COLUMNS FROM `ar_category` [ RunTime:0.0020s ]
SQL: SELECT * FROM `ar_category` WHERE `parentid` = 0 ORDER BY cate_id asc  [ RunTime:0.0000s ]
SQL: SELECT * FROM `ar_category` WHERE ( cate_id = 103 ) LIMIT 1   [ RunTime:0.0010s ]
SQL: SELECT * FROM `ar_category` WHERE ( cate_id=103 ) LIMIT 1   [ RunTime:0.0000s ]
SQL: SELECT * FROM `ar_category` WHERE `parentid` = 103  [ RunTime:0.0000s ]
SQL: SELECT * FROM `ar_category` WHERE ( cate_id=103 ) LIMIT 1   [ RunTime:0.0010s ]
INFO: [ view_parse ] --START--
INFO: [ template_filter ] --START--
INFO: Run Behavior\ContentReplaceBehavior [ RunTime:0.000000s ]
INFO: [ template_filter ] --END-- [ RunTime:0.000000s ]
NOTIC: [8] Undefined variable: index D:\phpStudy\WWW\chuangyi\Application\Runtime\Cache\Home\68bce0ec7afdf8798ef65138f610dc8c.php 第 19 行.
NOTIC: [8] Use of undefined constant cate_type - assumed 'cate_type' D:\phpStudy\WWW\chuangyi\Application\Runtime\Cache\Home\68bce0ec7afdf8798ef65138f610dc8c.php 第 21 行.
NOTIC: [8] Use of undefined constant cate_id - assumed 'cate_id' D:\phpStudy\WWW\chuangyi\Application\Runtime\Cache\Home\68bce0ec7afdf8798ef65138f610dc8c.php 第 23 行.
SQL: SELECT * FROM `ar_category` WHERE `parentid` = 103  [ RunTime:0.0000s ]
NOTIC: [8] Use of undefined constant cate_type - assumed 'cate_type' D:\phpStudy\WWW\chuangyi\Application\Runtime\Cache\Home\68bce0ec7afdf8798ef65138f610dc8c.php 第 21 行.
NOTIC: [8] Use of undefined constant cate_id - assumed 'cate_id' D:\phpStudy\WWW\chuangyi\Application\Runtime\Cache\Home\68bce0ec7afdf8798ef65138f610dc8c.php 第 23 行.
SQL: SELECT * FROM `ar_category` WHERE `parentid` = 105  [ RunTime:0.0000s ]
NOTIC: [8] Use of undefined constant cate_type - assumed 'cate_type' D:\phpStudy\WWW\chuangyi\Application\Runtime\Cache\Home\68bce0ec7afdf8798ef65138f610dc8c.php 第 21 行.
NOTIC: [8] Use of undefined constant cate_id - assumed 'cate_id' D:\phpStudy\WWW\chuangyi\Application\Runtime\Cache\Home\68bce0ec7afdf8798ef65138f610dc8c.php 第 23 行.
SQL: SELECT * FROM `ar_category` WHERE `parentid` = 106  [ RunTime:0.0000s ]
NOTIC: [8] Use of undefined constant cate_type - assumed 'cate_type' D:\phpStudy\WWW\chuangyi\Application\Runtime\Cache\Home\68bce0ec7afdf8798ef65138f610dc8c.php 第 21 行.
NOTIC: [8] Use of undefined constant cate_id - assumed 'cate_id' D:\phpStudy\WWW\chuangyi\Application\Runtime\Cache\Home\68bce0ec7afdf8798ef65138f610dc8c.php 第 23 行.
SQL: SELECT * FROM `ar_category` WHERE `parentid` = 107  [ RunTime:0.0010s ]
NOTIC: [2] Illegal string offset 'cate_pic' D:\phpStudy\WWW\chuangyi\Application\Runtime\Cache\Home\68bce0ec7afdf8798ef65138f610dc8c.php 第 73 行.
NOTIC: [8] Use of undefined constant cate_type - assumed 'cate_type' D:\phpStudy\WWW\chuangyi\Application\Runtime\Cache\Home\68bce0ec7afdf8798ef65138f610dc8c.php 第 88 行.
NOTIC: [8] Use of undefined constant cate_type - assumed 'cate_type' D:\phpStudy\WWW\chuangyi\Application\Runtime\Cache\Home\68bce0ec7afdf8798ef65138f610dc8c.php 第 88 行.
NOTIC: [8] Use of undefined constant cate_type - assumed 'cate_type' D:\phpStudy\WWW\chuangyi\Application\Runtime\Cache\Home\68bce0ec7afdf8798ef65138f610dc8c.php 第 88 行.
NOTIC: [8] Use of undefined constant cate_type - assumed 'cate_type' D:\phpStudy\WWW\chuangyi\Application\Runtime\Cache\Home\68bce0ec7afdf8798ef65138f610dc8c.php 第 88 行.
INFO: Run Behavior\ParseTemplateBehavior [ RunTime:0.014001s ]
INFO: [ view_parse ] --END-- [ RunTime:0.014001s ]
INFO: [ view_filter ] --START--
INFO: Run Behavior\WriteHtmlCacheBehavior [ RunTime:0.000000s ]
INFO: [ view_filter ] --END-- [ RunTime:0.000000s ]
INFO: [ app_end ] --START--
INFO: Run Behavior\ShowPageTraceBehavior [ RunTime:0.001000s ]
INFO: [ app_end ] --END-- [ RunTime:0.001000s ]

