[ 2016-10-17T14:16:19+08:00 ] 127.0.0.1 /article/index.php
INFO: [ app_init ] --START--
INFO: Run Behavior\BuildLiteBehavior [ RunTime:0.000000s ]
INFO: [ app_init ] --END-- [ RunTime:0.001000s ]
INFO: [ app_begin ] --START--
INFO: Run Behavior\ReadHtmlCacheBehavior [ RunTime:0.002000s ]
INFO: [ app_begin ] --END-- [ RunTime:0.002000s ]
SQL: SHOW COLUMNS FROM `at_type` [ RunTime:0.0070s ]
SQL: SELECT * FROM `at_type`  [ RunTime:0.0000s ]
SQL: SHOW COLUMNS FROM `at_article` [ RunTime:0.0040s ]
SQL: SELECT * FROM `at_article` WHERE `new` = 1  [ RunTime:0.0010s ]
SQL: SELECT COUNT(*) AS tp_count FROM `at_article` LIMIT 1   [ RunTime:0.0000s ]
SQL: SELECT * FROM `at_article` LIMIT 0,2   [ RunTime:0.0000s ]
INFO: [ view_parse ] --START--
INFO: [ template_filter ] --START--
INFO: Run Behavior\ContentReplaceBehavior [ RunTime:0.001000s ]
INFO: [ template_filter ] --END-- [ RunTime:0.001000s ]
INFO: Run Behavior\ParseTemplateBehavior [ RunTime:0.010001s ]
INFO: [ view_parse ] --END-- [ RunTime:0.010001s ]
INFO: [ view_filter ] --START--
INFO: Run Behavior\WriteHtmlCacheBehavior [ RunTime:0.001000s ]
INFO: [ view_filter ] --END-- [ RunTime:0.001000s ]
INFO: [ app_end ] --START--
INFO: Run Behavior\ShowPageTraceBehavior [ RunTime:0.000000s ]
INFO: [ app_end ] --END-- [ RunTime:0.000000s ]

[ 2016-10-17T14:16:23+08:00 ] ::1 /article/index.php/Home/List/index/typeid/8
INFO: [ app_init ] --START--
INFO: Run Behavior\BuildLiteBehavior [ RunTime:0.000000s ]
INFO: [ app_init ] --END-- [ RunTime:0.001000s ]
INFO: [ app_begin ] --START--
INFO: Run Behavior\ReadHtmlCacheBehavior [ RunTime:0.000000s ]
INFO: [ app_begin ] --END-- [ RunTime:0.000000s ]
SQL: SHOW COLUMNS FROM `at_type` [ RunTime:0.0020s ]
SQL: SELECT * FROM `at_type`  [ RunTime:0.0010s ]
SQL: SHOW COLUMNS FROM `at_article` [ RunTime:0.0030s ]
SQL: SELECT * FROM `at_article` WHERE `new` = 1  [ RunTime:0.0000s ]
SQL: SELECT COUNT(*) AS tp_count FROM `at_article` WHERE `new` = 1 AND `typeid` = 8 LIMIT 1   [ RunTime:0.0000s ]
SQL: SELECT * FROM `at_article` WHERE `new` = 1 AND `typeid` = 8 LIMIT 0,2   [ RunTime:0.0000s ]
INFO: [ view_parse ] --START--
INFO: [ template_filter ] --START--
INFO: Run Behavior\ContentReplaceBehavior [ RunTime:0.000000s ]
INFO: [ template_filter ] --END-- [ RunTime:0.000000s ]
INFO: Run Behavior\ParseTemplateBehavior [ RunTime:0.009001s ]
INFO: [ view_parse ] --END-- [ RunTime:0.009001s ]
INFO: [ view_filter ] --START--
INFO: Run Behavior\WriteHtmlCacheBehavior [ RunTime:0.000000s ]
INFO: [ view_filter ] --END-- [ RunTime:0.000000s ]
INFO: [ app_end ] --START--
INFO: Run Behavior\ShowPageTraceBehavior [ RunTime:0.001000s ]
INFO: [ app_end ] --END-- [ RunTime:0.001000s ]

[ 2016-10-17T14:16:25+08:00 ] ::1 /article/index.php/Home/List/index/typeid/3
INFO: [ app_init ] --START--
INFO: Run Behavior\BuildLiteBehavior [ RunTime:0.000000s ]
INFO: [ app_init ] --END-- [ RunTime:0.001000s ]
INFO: [ app_begin ] --START--
INFO: Run Behavior\ReadHtmlCacheBehavior [ RunTime:0.001000s ]
INFO: [ app_begin ] --END-- [ RunTime:0.001000s ]
SQL: SHOW COLUMNS FROM `at_type` [ RunTime:0.0020s ]
SQL: SELECT * FROM `at_type`  [ RunTime:0.0000s ]
SQL: SHOW COLUMNS FROM `at_article` [ RunTime:0.0040s ]
SQL: SELECT * FROM `at_article` WHERE `new` = 1  [ RunTime:0.0010s ]
SQL: SELECT COUNT(*) AS tp_count FROM `at_article` WHERE `new` = 1 AND `typeid` = 3 LIMIT 1   [ RunTime:0.0000s ]
SQL: SELECT * FROM `at_article` WHERE `new` = 1 AND `typeid` = 3 LIMIT 0,2   [ RunTime:0.0000s ]
INFO: [ view_parse ] --START--
INFO: [ template_filter ] --START--
INFO: Run Behavior\ContentReplaceBehavior [ RunTime:0.000000s ]
INFO: [ template_filter ] --END-- [ RunTime:0.000000s ]
INFO: Run Behavior\ParseTemplateBehavior [ RunTime:0.008001s ]
INFO: [ view_parse ] --END-- [ RunTime:0.008001s ]
INFO: [ view_filter ] --START--
INFO: Run Behavior\WriteHtmlCacheBehavior [ RunTime:0.000000s ]
INFO: [ view_filter ] --END-- [ RunTime:0.000000s ]
INFO: [ app_end ] --START--
INFO: Run Behavior\ShowPageTraceBehavior [ RunTime:0.000000s ]
INFO: [ app_end ] --END-- [ RunTime:0.000000s ]

[ 2016-10-17T14:16:26+08:00 ] ::1 /article/index.php/Home/List/index/typeid/9
INFO: [ app_init ] --START--
INFO: Run Behavior\BuildLiteBehavior [ RunTime:0.000000s ]
INFO: [ app_init ] --END-- [ RunTime:0.001000s ]
INFO: [ app_begin ] --START--
INFO: Run Behavior\ReadHtmlCacheBehavior [ RunTime:0.001001s ]
INFO: [ app_begin ] --END-- [ RunTime:0.001001s ]
SQL: SHOW COLUMNS FROM `at_type` [ RunTime:0.0020s ]
SQL: SELECT * FROM `at_type`  [ RunTime:0.0000s ]
SQL: SHOW COLUMNS FROM `at_article` [ RunTime:0.0040s ]
SQL: SELECT * FROM `at_article` WHERE `new` = 1  [ RunTime:0.0000s ]
SQL: SELECT COUNT(*) AS tp_count FROM `at_article` WHERE `new` = 1 AND `typeid` = 9 LIMIT 1   [ RunTime:0.0000s ]
SQL: SELECT * FROM `at_article` WHERE `new` = 1 AND `typeid` = 9 LIMIT 0,2   [ RunTime:0.0000s ]
INFO: [ view_parse ] --START--
INFO: [ template_filter ] --START--
INFO: Run Behavior\ContentReplaceBehavior [ RunTime:0.000000s ]
INFO: [ template_filter ] --END-- [ RunTime:0.000000s ]
INFO: Run Behavior\ParseTemplateBehavior [ RunTime:0.008000s ]
INFO: [ view_parse ] --END-- [ RunTime:0.008000s ]
INFO: [ view_filter ] --START--
INFO: Run Behavior\WriteHtmlCacheBehavior [ RunTime:0.001000s ]
INFO: [ view_filter ] --END-- [ RunTime:0.001000s ]
INFO: [ app_end ] --START--
INFO: Run Behavior\ShowPageTraceBehavior [ RunTime:0.000000s ]
INFO: [ app_end ] --END-- [ RunTime:0.000000s ]

[ 2016-10-17T14:16:27+08:00 ] ::1 /article/index.php/Home/List/index/typeid/7
INFO: [ app_init ] --START--
INFO: Run Behavior\BuildLiteBehavior [ RunTime:0.000000s ]
INFO: [ app_init ] --END-- [ RunTime:0.001001s ]
INFO: [ app_begin ] --START--
INFO: Run Behavior\ReadHtmlCacheBehavior [ RunTime:0.000000s ]
INFO: [ app_begin ] --END-- [ RunTime:0.000000s ]
SQL: SHOW COLUMNS FROM `at_type` [ RunTime:0.0030s ]
SQL: SELECT * FROM `at_type`  [ RunTime:0.0000s ]
SQL: SHOW COLUMNS FROM `at_article` [ RunTime:0.0020s ]
SQL: SELECT * FROM `at_article` WHERE `new` = 1  [ RunTime:0.0000s ]
SQL: SELECT COUNT(*) AS tp_count FROM `at_article` WHERE `new` = 1 AND `typeid` = 7 LIMIT 1   [ RunTime:0.0010s ]
SQL: SELECT * FROM `at_article` WHERE `new` = 1 AND `typeid` = 7 LIMIT 0,2   [ RunTime:0.0010s ]
INFO: [ view_parse ] --START--
INFO: [ template_filter ] --START--
INFO: Run Behavior\ContentReplaceBehavior [ RunTime:0.000000s ]
INFO: [ template_filter ] --END-- [ RunTime:0.000000s ]
INFO: Run Behavior\ParseTemplateBehavior [ RunTime:0.008001s ]
INFO: [ view_parse ] --END-- [ RunTime:0.008001s ]
INFO: [ view_filter ] --START--
INFO: Run Behavior\WriteHtmlCacheBehavior [ RunTime:0.000000s ]
INFO: [ view_filter ] --END-- [ RunTime:0.000000s ]
INFO: [ app_end ] --START--
INFO: Run Behavior\ShowPageTraceBehavior [ RunTime:0.000000s ]
INFO: [ app_end ] --END-- [ RunTime:0.000000s ]

[ 2016-10-17T14:16:28+08:00 ] ::1 /article/index.php/Home/List/index/typeid/10
INFO: [ app_init ] --START--
INFO: Run Behavior\BuildLiteBehavior [ RunTime:0.000000s ]
INFO: [ app_init ] --END-- [ RunTime:0.000000s ]
INFO: [ app_begin ] --START--
INFO: Run Behavior\ReadHtmlCacheBehavior [ RunTime:0.001001s ]
INFO: [ app_begin ] --END-- [ RunTime:0.001001s ]
SQL: SHOW COLUMNS FROM `at_type` [ RunTime:0.0030s ]
SQL: SELECT * FROM `at_type`  [ RunTime:0.0010s ]
SQL: SHOW COLUMNS FROM `at_article` [ RunTime:0.0030s ]
SQL: SELECT * FROM `at_article` WHERE `new` = 1  [ RunTime:0.0000s ]
SQL: SELECT COUNT(*) AS tp_count FROM `at_article` WHERE `new` = 1 AND `typeid` = 10 LIMIT 1   [ RunTime:0.0000s ]
SQL: SELECT * FROM `at_article` WHERE `new` = 1 AND `typeid` = 10 LIMIT 0,2   [ RunTime:0.0000s ]
INFO: [ view_parse ] --START--
INFO: [ template_filter ] --START--
INFO: Run Behavior\ContentReplaceBehavior [ RunTime:0.000000s ]
INFO: [ template_filter ] --END-- [ RunTime:0.000000s ]
INFO: Run Behavior\ParseTemplateBehavior [ RunTime:0.008001s ]
INFO: [ view_parse ] --END-- [ RunTime:0.008001s ]
INFO: [ view_filter ] --START--
INFO: Run Behavior\WriteHtmlCacheBehavior [ RunTime:0.001000s ]
INFO: [ view_filter ] --END-- [ RunTime:0.001000s ]
INFO: [ app_end ] --START--
INFO: Run Behavior\ShowPageTraceBehavior [ RunTime:0.000000s ]
INFO: [ app_end ] --END-- [ RunTime:0.000000s ]

[ 2016-10-17T14:16:29+08:00 ] ::1 /article/index.php/Home/List/index/typeid/11
INFO: [ app_init ] --START--
INFO: Run Behavior\BuildLiteBehavior [ RunTime:0.000000s ]
INFO: [ app_init ] --END-- [ RunTime:0.000000s ]
INFO: [ app_begin ] --START--
INFO: Run Behavior\ReadHtmlCacheBehavior [ RunTime:0.001000s ]
INFO: [ app_begin ] --END-- [ RunTime:0.001000s ]
SQL: SHOW COLUMNS FROM `at_type` [ RunTime:0.0030s ]
SQL: SELECT * FROM `at_type`  [ RunTime:0.0010s ]
SQL: SHOW COLUMNS FROM `at_article` [ RunTime:0.0030s ]
SQL: SELECT * FROM `at_article` WHERE `new` = 1  [ RunTime:0.0000s ]
SQL: SELECT COUNT(*) AS tp_count FROM `at_article` WHERE `new` = 1 AND `typeid` = 11 LIMIT 1   [ RunTime:0.0000s ]
SQL: SELECT * FROM `at_article` WHERE `new` = 1 AND `typeid` = 11 LIMIT 0,2   [ RunTime:0.0000s ]
INFO: [ view_parse ] --START--
INFO: [ template_filter ] --START--
INFO: Run Behavior\ContentReplaceBehavior [ RunTime:0.000000s ]
INFO: [ template_filter ] --END-- [ RunTime:0.000000s ]
INFO: Run Behavior\ParseTemplateBehavior [ RunTime:0.008001s ]
INFO: [ view_parse ] --END-- [ RunTime:0.008001s ]
INFO: [ view_filter ] --START--
INFO: Run Behavior\WriteHtmlCacheBehavior [ RunTime:0.000000s ]
INFO: [ view_filter ] --END-- [ RunTime:0.000000s ]
INFO: [ app_end ] --START--
INFO: Run Behavior\ShowPageTraceBehavior [ RunTime:0.000000s ]
INFO: [ app_end ] --END-- [ RunTime:0.001000s ]

[ 2016-10-17T14:16:29+08:00 ] ::1 /article/index.php/Home/List/index/typeid/12
INFO: [ app_init ] --START--
INFO: Run Behavior\BuildLiteBehavior [ RunTime:0.000000s ]
INFO: [ app_init ] --END-- [ RunTime:0.000000s ]
INFO: [ app_begin ] --START--
INFO: Run Behavior\ReadHtmlCacheBehavior [ RunTime:0.001000s ]
INFO: [ app_begin ] --END-- [ RunTime:0.001000s ]
SQL: SHOW COLUMNS FROM `at_type` [ RunTime:0.0030s ]
SQL: SELECT * FROM `at_type`  [ RunTime:0.0010s ]
SQL: SHOW COLUMNS FROM `at_article` [ RunTime:0.0030s ]
SQL: SELECT * FROM `at_article` WHERE `new` = 1  [ RunTime:0.0010s ]
SQL: SELECT COUNT(*) AS tp_count FROM `at_article` WHERE `new` = 1 AND `typeid` = 12 LIMIT 1   [ RunTime:0.0000s ]
SQL: SELECT * FROM `at_article` WHERE `new` = 1 AND `typeid` = 12 LIMIT 0,2   [ RunTime:0.0000s ]
INFO: [ view_parse ] --START--
INFO: [ template_filter ] --START--
INFO: Run Behavior\ContentReplaceBehavior [ RunTime:0.000000s ]
INFO: [ template_filter ] --END-- [ RunTime:0.000000s ]
INFO: Run Behavior\ParseTemplateBehavior [ RunTime:0.010000s ]
INFO: [ view_parse ] --END-- [ RunTime:0.010000s ]
INFO: [ view_filter ] --START--
INFO: Run Behavior\WriteHtmlCacheBehavior [ RunTime:0.000000s ]
INFO: [ view_filter ] --END-- [ RunTime:0.000000s ]
INFO: [ app_end ] --START--
INFO: Run Behavior\ShowPageTraceBehavior [ RunTime:0.000000s ]
INFO: [ app_end ] --END-- [ RunTime:0.000000s ]

[ 2016-10-17T14:16:30+08:00 ] ::1 /article/index.php/Home/List/index/typeid/13
INFO: [ app_init ] --START--
INFO: Run Behavior\BuildLiteBehavior [ RunTime:0.000000s ]
INFO: [ app_init ] --END-- [ RunTime:0.001000s ]
INFO: [ app_begin ] --START--
INFO: Run Behavior\ReadHtmlCacheBehavior [ RunTime:0.000000s ]
INFO: [ app_begin ] --END-- [ RunTime:0.001000s ]
SQL: SHOW COLUMNS FROM `at_type` [ RunTime:0.0030s ]
SQL: SELECT * FROM `at_type`  [ RunTime:0.0010s ]
SQL: SHOW COLUMNS FROM `at_article` [ RunTime:0.0030s ]
SQL: SELECT * FROM `at_article` WHERE `new` = 1  [ RunTime:0.0000s ]
SQL: SELECT COUNT(*) AS tp_count FROM `at_article` WHERE `new` = 1 AND `typeid` = 13 LIMIT 1   [ RunTime:0.0000s ]
SQL: SELECT * FROM `at_article` WHERE `new` = 1 AND `typeid` = 13 LIMIT 0,2   [ RunTime:0.0000s ]
INFO: [ view_parse ] --START--
INFO: [ template_filter ] --START--
INFO: Run Behavior\ContentReplaceBehavior [ RunTime:0.000000s ]
INFO: [ template_filter ] --END-- [ RunTime:0.000000s ]
INFO: Run Behavior\ParseTemplateBehavior [ RunTime:0.009001s ]
INFO: [ view_parse ] --END-- [ RunTime:0.009001s ]
INFO: [ view_filter ] --START--
INFO: Run Behavior\WriteHtmlCacheBehavior [ RunTime:0.000000s ]
INFO: [ view_filter ] --END-- [ RunTime:0.000000s ]
INFO: [ app_end ] --START--
INFO: Run Behavior\ShowPageTraceBehavior [ RunTime:0.001000s ]
INFO: [ app_end ] --END-- [ RunTime:0.001000s ]

[ 2016-10-17T14:16:31+08:00 ] ::1 /article/index.php/Home/List/index/typeid/10
INFO: [ app_init ] --START--
INFO: Run Behavior\BuildLiteBehavior [ RunTime:0.000000s ]
INFO: [ app_init ] --END-- [ RunTime:0.001000s ]
INFO: [ app_begin ] --START--
INFO: Run Behavior\ReadHtmlCacheBehavior [ RunTime:0.001000s ]
INFO: [ app_begin ] --END-- [ RunTime:0.001000s ]
SQL: SHOW COLUMNS FROM `at_type` [ RunTime:0.0030s ]
SQL: SELECT * FROM `at_type`  [ RunTime:0.0010s ]
SQL: SHOW COLUMNS FROM `at_article` [ RunTime:0.0030s ]
SQL: SELECT * FROM `at_article` WHERE `new` = 1  [ RunTime:0.0000s ]
SQL: SELECT COUNT(*) AS tp_count FROM `at_article` WHERE `new` = 1 AND `typeid` = 10 LIMIT 1   [ RunTime:0.0010s ]
SQL: SELECT * FROM `at_article` WHERE `new` = 1 AND `typeid` = 10 LIMIT 0,2   [ RunTime:0.0010s ]
INFO: [ view_parse ] --START--
INFO: [ template_filter ] --START--
INFO: Run Behavior\ContentReplaceBehavior [ RunTime:0.000000s ]
INFO: [ template_filter ] --END-- [ RunTime:0.000000s ]
INFO: Run Behavior\ParseTemplateBehavior [ RunTime:0.008001s ]
INFO: [ view_parse ] --END-- [ RunTime:0.008001s ]
INFO: [ view_filter ] --START--
INFO: Run Behavior\WriteHtmlCacheBehavior [ RunTime:0.000000s ]
INFO: [ view_filter ] --END-- [ RunTime:0.000000s ]
INFO: [ app_end ] --START--
INFO: Run Behavior\ShowPageTraceBehavior [ RunTime:0.001000s ]
INFO: [ app_end ] --END-- [ RunTime:0.001000s ]

[ 2016-10-17T14:16:31+08:00 ] ::1 /article/index.php/Home/List/index/typeid/3
INFO: [ app_init ] --START--
INFO: Run Behavior\BuildLiteBehavior [ RunTime:0.000000s ]
INFO: [ app_init ] --END-- [ RunTime:0.001000s ]
INFO: [ app_begin ] --START--
INFO: Run Behavior\ReadHtmlCacheBehavior [ RunTime:0.001000s ]
INFO: [ app_begin ] --END-- [ RunTime:0.001000s ]
SQL: SHOW COLUMNS FROM `at_type` [ RunTime:0.0030s ]
SQL: SELECT * FROM `at_type`  [ RunTime:0.0000s ]
SQL: SHOW COLUMNS FROM `at_article` [ RunTime:0.0030s ]
SQL: SELECT * FROM `at_article` WHERE `new` = 1  [ RunTime:0.0000s ]
SQL: SELECT COUNT(*) AS tp_count FROM `at_article` WHERE `new` = 1 AND `typeid` = 3 LIMIT 1   [ RunTime:0.0000s ]
SQL: SELECT * FROM `at_article` WHERE `new` = 1 AND `typeid` = 3 LIMIT 0,2   [ RunTime:0.0000s ]
INFO: [ view_parse ] --START--
INFO: [ template_filter ] --START--
INFO: Run Behavior\ContentReplaceBehavior [ RunTime:0.000000s ]
INFO: [ template_filter ] --END-- [ RunTime:0.000000s ]
INFO: Run Behavior\ParseTemplateBehavior [ RunTime:0.008001s ]
INFO: [ view_parse ] --END-- [ RunTime:0.008001s ]
INFO: [ view_filter ] --START--
INFO: Run Behavior\WriteHtmlCacheBehavior [ RunTime:0.000000s ]
INFO: [ view_filter ] --END-- [ RunTime:0.000000s ]
INFO: [ app_end ] --START--
INFO: Run Behavior\ShowPageTraceBehavior [ RunTime:0.000000s ]
INFO: [ app_end ] --END-- [ RunTime:0.001000s ]

[ 2016-10-17T14:16:33+08:00 ] ::1 /article/index.php/Home/Article/index/id/6
INFO: [ app_init ] --START--
INFO: Run Behavior\BuildLiteBehavior [ RunTime:0.000000s ]
INFO: [ app_init ] --END-- [ RunTime:0.001000s ]
INFO: [ app_begin ] --START--
INFO: Run Behavior\ReadHtmlCacheBehavior [ RunTime:0.001000s ]
INFO: [ app_begin ] --END-- [ RunTime:0.001000s ]
SQL: SHOW COLUMNS FROM `at_type` [ RunTime:0.0030s ]
SQL: SELECT * FROM `at_type`  [ RunTime:0.0000s ]
SQL: SHOW COLUMNS FROM `at_article` [ RunTime:0.0040s ]
SQL: SELECT * FROM `at_article` WHERE `new` = 1  [ RunTime:0.0000s ]
SQL: SELECT * FROM `at_article` WHERE `id` = 6 LIMIT 1   [ RunTime:0.0010s ]
SQL: SHOW COLUMNS FROM `at_type` [ RunTime:0.0030s ]
SQL: SELECT * FROM `at_type` WHERE ( 1=1 AND id='3' ) LIMIT 1   [ RunTime:0.0000s ]
INFO: [ view_parse ] --START--
INFO: [ template_filter ] --START--
INFO: Run Behavior\ContentReplaceBehavior [ RunTime:0.000000s ]
INFO: [ template_filter ] --END-- [ RunTime:0.000000s ]
INFO: Run Behavior\ParseTemplateBehavior [ RunTime:0.008000s ]
INFO: [ view_parse ] --END-- [ RunTime:0.008000s ]
INFO: [ view_filter ] --START--
INFO: Run Behavior\WriteHtmlCacheBehavior [ RunTime:0.000000s ]
INFO: [ view_filter ] --END-- [ RunTime:0.000000s ]
INFO: [ app_end ] --START--
INFO: Run Behavior\ShowPageTraceBehavior [ RunTime:0.000000s ]
INFO: [ app_end ] --END-- [ RunTime:0.000000s ]

[ 2016-10-17T14:16:37+08:00 ] ::1 /article/index.php/Home/List/index/typeid/3
INFO: [ app_init ] --START--
INFO: Run Behavior\BuildLiteBehavior [ RunTime:0.000000s ]
INFO: [ app_init ] --END-- [ RunTime:0.001000s ]
INFO: [ app_begin ] --START--
INFO: Run Behavior\ReadHtmlCacheBehavior [ RunTime:0.001000s ]
INFO: [ app_begin ] --END-- [ RunTime:0.001000s ]
SQL: SHOW COLUMNS FROM `at_type` [ RunTime:0.0030s ]
SQL: SELECT * FROM `at_type`  [ RunTime:0.0000s ]
SQL: SHOW COLUMNS FROM `at_article` [ RunTime:0.0040s ]
SQL: SELECT * FROM `at_article` WHERE `new` = 1  [ RunTime:0.0010s ]
SQL: SELECT COUNT(*) AS tp_count FROM `at_article` WHERE `new` = 1 AND `typeid` = 3 LIMIT 1   [ RunTime:0.0000s ]
SQL: SELECT * FROM `at_article` WHERE `new` = 1 AND `typeid` = 3 LIMIT 0,2   [ RunTime:0.0000s ]
INFO: [ view_parse ] --START--
INFO: [ template_filter ] --START--
INFO: Run Behavior\ContentReplaceBehavior [ RunTime:0.000000s ]
INFO: [ template_filter ] --END-- [ RunTime:0.000000s ]
INFO: Run Behavior\ParseTemplateBehavior [ RunTime:0.008001s ]
INFO: [ view_parse ] --END-- [ RunTime:0.009001s ]
INFO: [ view_filter ] --START--
INFO: Run Behavior\WriteHtmlCacheBehavior [ RunTime:0.000000s ]
INFO: [ view_filter ] --END-- [ RunTime:0.000000s ]
INFO: [ app_end ] --START--
INFO: Run Behavior\ShowPageTraceBehavior [ RunTime:0.000000s ]
INFO: [ app_end ] --END-- [ RunTime:0.000000s ]

[ 2016-10-17T14:16:38+08:00 ] ::1 /article/index.php/Home/List/index/typeid/8
INFO: [ app_init ] --START--
INFO: Run Behavior\BuildLiteBehavior [ RunTime:0.000000s ]
INFO: [ app_init ] --END-- [ RunTime:0.001000s ]
INFO: [ app_begin ] --START--
INFO: Run Behavior\ReadHtmlCacheBehavior [ RunTime:0.000000s ]
INFO: [ app_begin ] --END-- [ RunTime:0.001000s ]
SQL: SHOW COLUMNS FROM `at_type` [ RunTime:0.0120s ]
SQL: SELECT * FROM `at_type`  [ RunTime:0.0000s ]
SQL: SHOW COLUMNS FROM `at_article` [ RunTime:0.0030s ]
SQL: SELECT * FROM `at_article` WHERE `new` = 1  [ RunTime:0.0000s ]
SQL: SELECT COUNT(*) AS tp_count FROM `at_article` WHERE `new` = 1 AND `typeid` = 8 LIMIT 1   [ RunTime:0.0010s ]
SQL: SELECT * FROM `at_article` WHERE `new` = 1 AND `typeid` = 8 LIMIT 0,2   [ RunTime:0.0010s ]
INFO: [ view_parse ] --START--
INFO: [ template_filter ] --START--
INFO: Run Behavior\ContentReplaceBehavior [ RunTime:0.000000s ]
INFO: [ template_filter ] --END-- [ RunTime:0.000000s ]
INFO: Run Behavior\ParseTemplateBehavior [ RunTime:0.008001s ]
INFO: [ view_parse ] --END-- [ RunTime:0.008001s ]
INFO: [ view_filter ] --START--
INFO: Run Behavior\WriteHtmlCacheBehavior [ RunTime:0.000000s ]
INFO: [ view_filter ] --END-- [ RunTime:0.000000s ]
INFO: [ app_end ] --START--
INFO: Run Behavior\ShowPageTraceBehavior [ RunTime:0.001000s ]
INFO: [ app_end ] --END-- [ RunTime:0.001000s ]

[ 2016-10-17T14:16:39+08:00 ] ::1 /article/index.php/Home/List/index/typeid/3
INFO: [ app_init ] --START--
INFO: Run Behavior\BuildLiteBehavior [ RunTime:0.000000s ]
INFO: [ app_init ] --END-- [ RunTime:0.001000s ]
INFO: [ app_begin ] --START--
INFO: Run Behavior\ReadHtmlCacheBehavior [ RunTime:0.000000s ]
INFO: [ app_begin ] --END-- [ RunTime:0.000000s ]
SQL: SHOW COLUMNS FROM `at_type` [ RunTime:0.0030s ]
SQL: SELECT * FROM `at_type`  [ RunTime:0.0000s ]
SQL: SHOW COLUMNS FROM `at_article` [ RunTime:0.0030s ]
SQL: SELECT * FROM `at_article` WHERE `new` = 1  [ RunTime:0.0000s ]
SQL: SELECT COUNT(*) AS tp_count FROM `at_article` WHERE `new` = 1 AND `typeid` = 3 LIMIT 1   [ RunTime:0.0010s ]
SQL: SELECT * FROM `at_article` WHERE `new` = 1 AND `typeid` = 3 LIMIT 0,2   [ RunTime:0.0000s ]
INFO: [ view_parse ] --START--
INFO: [ template_filter ] --START--
INFO: Run Behavior\ContentReplaceBehavior [ RunTime:0.000000s ]
INFO: [ template_filter ] --END-- [ RunTime:0.000000s ]
INFO: Run Behavior\ParseTemplateBehavior [ RunTime:0.008001s ]
INFO: [ view_parse ] --END-- [ RunTime:0.008001s ]
INFO: [ view_filter ] --START--
INFO: Run Behavior\WriteHtmlCacheBehavior [ RunTime:0.001000s ]
INFO: [ view_filter ] --END-- [ RunTime:0.001000s ]
INFO: [ app_end ] --START--
INFO: Run Behavior\ShowPageTraceBehavior [ RunTime:0.000000s ]
INFO: [ app_end ] --END-- [ RunTime:0.000000s ]

[ 2016-10-17T14:16:40+08:00 ] ::1 /article/index.php/Home/List/index/typeid/9
INFO: [ app_init ] --START--
INFO: Run Behavior\BuildLiteBehavior [ RunTime:0.000000s ]
INFO: [ app_init ] --END-- [ RunTime:0.000000s ]
INFO: [ app_begin ] --START--
INFO: Run Behavior\ReadHtmlCacheBehavior [ RunTime:0.001000s ]
INFO: [ app_begin ] --END-- [ RunTime:0.001000s ]
SQL: SHOW COLUMNS FROM `at_type` [ RunTime:0.0020s ]
SQL: SELECT * FROM `at_type`  [ RunTime:0.0000s ]
SQL: SHOW COLUMNS FROM `at_article` [ RunTime:0.0030s ]
SQL: SELECT * FROM `at_article` WHERE `new` = 1  [ RunTime:0.0010s ]
SQL: SELECT COUNT(*) AS tp_count FROM `at_article` WHERE `new` = 1 AND `typeid` = 9 LIMIT 1   [ RunTime:0.0000s ]
SQL: SELECT * FROM `at_article` WHERE `new` = 1 AND `typeid` = 9 LIMIT 0,2   [ RunTime:0.0000s ]
INFO: [ view_parse ] --START--
INFO: [ template_filter ] --START--
INFO: Run Behavior\ContentReplaceBehavior [ RunTime:0.000000s ]
INFO: [ template_filter ] --END-- [ RunTime:0.000000s ]
INFO: Run Behavior\ParseTemplateBehavior [ RunTime:0.009001s ]
INFO: [ view_parse ] --END-- [ RunTime:0.009001s ]
INFO: [ view_filter ] --START--
INFO: Run Behavior\WriteHtmlCacheBehavior [ RunTime:0.000000s ]
INFO: [ view_filter ] --END-- [ RunTime:0.000000s ]
INFO: [ app_end ] --START--
INFO: Run Behavior\ShowPageTraceBehavior [ RunTime:0.001000s ]
INFO: [ app_end ] --END-- [ RunTime:0.001000s ]

[ 2016-10-17T14:16:41+08:00 ] ::1 /article/index.php/Home/List/index/typeid/7
INFO: [ app_init ] --START--
INFO: Run Behavior\BuildLiteBehavior [ RunTime:0.000000s ]
INFO: [ app_init ] --END-- [ RunTime:0.001000s ]
INFO: [ app_begin ] --START--
INFO: Run Behavior\ReadHtmlCacheBehavior [ RunTime:0.001000s ]
INFO: [ app_begin ] --END-- [ RunTime:0.001000s ]
SQL: SHOW COLUMNS FROM `at_type` [ RunTime:0.0030s ]
SQL: SELECT * FROM `at_type`  [ RunTime:0.0000s ]
SQL: SHOW COLUMNS FROM `at_article` [ RunTime:0.0020s ]
SQL: SELECT * FROM `at_article` WHERE `new` = 1  [ RunTime:0.0000s ]
SQL: SELECT COUNT(*) AS tp_count FROM `at_article` WHERE `new` = 1 AND `typeid` = 7 LIMIT 1   [ RunTime:0.0000s ]
SQL: SELECT * FROM `at_article` WHERE `new` = 1 AND `typeid` = 7 LIMIT 0,2   [ RunTime:0.0000s ]
INFO: [ view_parse ] --START--
INFO: [ template_filter ] --START--
INFO: Run Behavior\ContentReplaceBehavior [ RunTime:0.001000s ]
INFO: [ template_filter ] --END-- [ RunTime:0.001000s ]
INFO: Run Behavior\ParseTemplateBehavior [ RunTime:0.008000s ]
INFO: [ view_parse ] --END-- [ RunTime:0.008000s ]
INFO: [ view_filter ] --START--
INFO: Run Behavior\WriteHtmlCacheBehavior [ RunTime:0.001000s ]
INFO: [ view_filter ] --END-- [ RunTime:0.001000s ]
INFO: [ app_end ] --START--
INFO: Run Behavior\ShowPageTraceBehavior [ RunTime:0.000000s ]
INFO: [ app_end ] --END-- [ RunTime:0.000000s ]

[ 2016-10-17T14:16:42+08:00 ] ::1 /article/index.php/Home/List/index/typeid/11
INFO: [ app_init ] --START--
INFO: Run Behavior\BuildLiteBehavior [ RunTime:0.000000s ]
INFO: [ app_init ] --END-- [ RunTime:0.000000s ]
INFO: [ app_begin ] --START--
INFO: Run Behavior\ReadHtmlCacheBehavior [ RunTime:0.000000s ]
INFO: [ app_begin ] --END-- [ RunTime:0.000000s ]
SQL: SHOW COLUMNS FROM `at_type` [ RunTime:0.0030s ]
SQL: SELECT * FROM `at_type`  [ RunTime:0.0010s ]
SQL: SHOW COLUMNS FROM `at_article` [ RunTime:0.0040s ]
SQL: SELECT * FROM `at_article` WHERE `new` = 1  [ RunTime:0.0000s ]
SQL: SELECT COUNT(*) AS tp_count FROM `at_article` WHERE `new` = 1 AND `typeid` = 11 LIMIT 1   [ RunTime:0.0010s ]
SQL: SELECT * FROM `at_article` WHERE `new` = 1 AND `typeid` = 11 LIMIT 0,2   [ RunTime:0.0000s ]
INFO: [ view_parse ] --START--
INFO: [ template_filter ] --START--
INFO: Run Behavior\ContentReplaceBehavior [ RunTime:0.000000s ]
INFO: [ template_filter ] --END-- [ RunTime:0.000000s ]
INFO: Run Behavior\ParseTemplateBehavior [ RunTime:0.008001s ]
INFO: [ view_parse ] --END-- [ RunTime:0.008001s ]
INFO: [ view_filter ] --START--
INFO: Run Behavior\WriteHtmlCacheBehavior [ RunTime:0.000000s ]
INFO: [ view_filter ] --END-- [ RunTime:0.000000s ]
INFO: [ app_end ] --START--
INFO: Run Behavior\ShowPageTraceBehavior [ RunTime:0.000000s ]
INFO: [ app_end ] --END-- [ RunTime:0.000000s ]

[ 2016-10-17T14:16:44+08:00 ] ::1 /article/index.php/Home/List/index/typeid/11
INFO: [ app_init ] --START--
INFO: Run Behavior\BuildLiteBehavior [ RunTime:0.000000s ]
INFO: [ app_init ] --END-- [ RunTime:0.000000s ]
INFO: [ app_begin ] --START--
INFO: Run Behavior\ReadHtmlCacheBehavior [ RunTime:0.000000s ]
INFO: [ app_begin ] --END-- [ RunTime:0.000000s ]
SQL: SHOW COLUMNS FROM `at_type` [ RunTime:0.0030s ]
SQL: SELECT * FROM `at_type`  [ RunTime:0.0010s ]
SQL: SHOW COLUMNS FROM `at_article` [ RunTime:0.0030s ]
SQL: SELECT * FROM `at_article` WHERE `new` = 1  [ RunTime:0.0000s ]
SQL: SELECT COUNT(*) AS tp_count FROM `at_article` WHERE `new` = 1 AND `typeid` = 11 LIMIT 1   [ RunTime:0.0000s ]
SQL: SELECT * FROM `at_article` WHERE `new` = 1 AND `typeid` = 11 LIMIT 0,2   [ RunTime:0.0000s ]
INFO: [ view_parse ] --START--
INFO: [ template_filter ] --START--
INFO: Run Behavior\ContentReplaceBehavior [ RunTime:0.000000s ]
INFO: [ template_filter ] --END-- [ RunTime:0.000000s ]
INFO: Run Behavior\ParseTemplateBehavior [ RunTime:0.008000s ]
INFO: [ view_parse ] --END-- [ RunTime:0.009000s ]
INFO: [ view_filter ] --START--
INFO: Run Behavior\WriteHtmlCacheBehavior [ RunTime:0.000000s ]
INFO: [ view_filter ] --END-- [ RunTime:0.000000s ]
INFO: [ app_end ] --START--
INFO: Run Behavior\ShowPageTraceBehavior [ RunTime:0.001001s ]
INFO: [ app_end ] --END-- [ RunTime:0.001001s ]

[ 2016-10-17T14:16:45+08:00 ] ::1 /article/index.php/Home/List/index/typeid/11
INFO: [ app_init ] --START--
INFO: Run Behavior\BuildLiteBehavior [ RunTime:0.000000s ]
INFO: [ app_init ] --END-- [ RunTime:0.001000s ]
INFO: [ app_begin ] --START--
INFO: Run Behavior\ReadHtmlCacheBehavior [ RunTime:0.001000s ]
INFO: [ app_begin ] --END-- [ RunTime:0.001000s ]
SQL: SHOW COLUMNS FROM `at_type` [ RunTime:0.0030s ]
SQL: SELECT * FROM `at_type`  [ RunTime:0.0010s ]
SQL: SHOW COLUMNS FROM `at_article` [ RunTime:0.0030s ]
SQL: SELECT * FROM `at_article` WHERE `new` = 1  [ RunTime:0.0000s ]
SQL: SELECT COUNT(*) AS tp_count FROM `at_article` WHERE `new` = 1 AND `typeid` = 11 LIMIT 1   [ RunTime:0.0000s ]
SQL: SELECT * FROM `at_article` WHERE `new` = 1 AND `typeid` = 11 LIMIT 0,2   [ RunTime:0.0000s ]
INFO: [ view_parse ] --START--
INFO: [ template_filter ] --START--
INFO: Run Behavior\ContentReplaceBehavior [ RunTime:0.000000s ]
INFO: [ template_filter ] --END-- [ RunTime:0.000000s ]
INFO: Run Behavior\ParseTemplateBehavior [ RunTime:0.008001s ]
INFO: [ view_parse ] --END-- [ RunTime:0.008001s ]
INFO: [ view_filter ] --START--
INFO: Run Behavior\WriteHtmlCacheBehavior [ RunTime:0.001000s ]
INFO: [ view_filter ] --END-- [ RunTime:0.001000s ]
INFO: [ app_end ] --START--
INFO: Run Behavior\ShowPageTraceBehavior [ RunTime:0.000000s ]
INFO: [ app_end ] --END-- [ RunTime:0.000000s ]

[ 2016-10-17T14:16:48+08:00 ] ::1 /article/index.php/Home/List/index/typeid/8
INFO: [ app_init ] --START--
INFO: Run Behavior\BuildLiteBehavior [ RunTime:0.000000s ]
INFO: [ app_init ] --END-- [ RunTime:0.000000s ]
INFO: [ app_begin ] --START--
INFO: Run Behavior\ReadHtmlCacheBehavior [ RunTime:0.001000s ]
INFO: [ app_begin ] --END-- [ RunTime:0.001000s ]
SQL: SHOW COLUMNS FROM `at_type` [ RunTime:0.0030s ]
SQL: SELECT * FROM `at_type`  [ RunTime:0.0010s ]
SQL: SHOW COLUMNS FROM `at_article` [ RunTime:0.0030s ]
SQL: SELECT * FROM `at_article` WHERE `new` = 1  [ RunTime:0.0000s ]
SQL: SELECT COUNT(*) AS tp_count FROM `at_article` WHERE `new` = 1 AND `typeid` = 8 LIMIT 1   [ RunTime:0.0000s ]
SQL: SELECT * FROM `at_article` WHERE `new` = 1 AND `typeid` = 8 LIMIT 0,2   [ RunTime:0.0000s ]
INFO: [ view_parse ] --START--
INFO: [ template_filter ] --START--
INFO: Run Behavior\ContentReplaceBehavior [ RunTime:0.000000s ]
INFO: [ template_filter ] --END-- [ RunTime:0.000000s ]
INFO: Run Behavior\ParseTemplateBehavior [ RunTime:0.009001s ]
INFO: [ view_parse ] --END-- [ RunTime:0.009001s ]
INFO: [ view_filter ] --START--
INFO: Run Behavior\WriteHtmlCacheBehavior [ RunTime:0.000000s ]
INFO: [ view_filter ] --END-- [ RunTime:0.000000s ]
INFO: [ app_end ] --START--
INFO: Run Behavior\ShowPageTraceBehavior [ RunTime:0.001000s ]
INFO: [ app_end ] --END-- [ RunTime:0.001000s ]

[ 2016-10-17T14:16:51+08:00 ] ::1 /article/index.php
INFO: [ app_init ] --START--
INFO: Run Behavior\BuildLiteBehavior [ RunTime:0.000000s ]
INFO: [ app_init ] --END-- [ RunTime:0.000000s ]
INFO: [ app_begin ] --START--
INFO: Run Behavior\ReadHtmlCacheBehavior [ RunTime:0.000000s ]
INFO: [ app_begin ] --END-- [ RunTime:0.000000s ]
SQL: SHOW COLUMNS FROM `at_type` [ RunTime:0.0030s ]
SQL: SELECT * FROM `at_type`  [ RunTime:0.0000s ]
SQL: SHOW COLUMNS FROM `at_article` [ RunTime:0.0030s ]
SQL: SELECT * FROM `at_article` WHERE `new` = 1  [ RunTime:0.0010s ]
SQL: SELECT COUNT(*) AS tp_count FROM `at_article` LIMIT 1   [ RunTime:0.0000s ]
SQL: SELECT * FROM `at_article` LIMIT 0,2   [ RunTime:0.0000s ]
INFO: [ view_parse ] --START--
INFO: [ template_filter ] --START--
INFO: Run Behavior\ContentReplaceBehavior [ RunTime:0.000000s ]
INFO: [ template_filter ] --END-- [ RunTime:0.000000s ]
INFO: Run Behavior\ParseTemplateBehavior [ RunTime:0.009001s ]
INFO: [ view_parse ] --END-- [ RunTime:0.009001s ]
INFO: [ view_filter ] --START--
INFO: Run Behavior\WriteHtmlCacheBehavior [ RunTime:0.000000s ]
INFO: [ view_filter ] --END-- [ RunTime:0.000000s ]
INFO: [ app_end ] --START--
INFO: Run Behavior\ShowPageTraceBehavior [ RunTime:0.000000s ]
INFO: [ app_end ] --END-- [ RunTime:0.000000s ]

[ 2016-10-17T14:16:53+08:00 ] ::1 /article/index.php/Home/Index/index/p/2.html
INFO: [ app_init ] --START--
INFO: Run Behavior\BuildLiteBehavior [ RunTime:0.000000s ]
INFO: [ app_init ] --END-- [ RunTime:0.000000s ]
INFO: [ app_begin ] --START--
INFO: Run Behavior\ReadHtmlCacheBehavior [ RunTime:0.000000s ]
INFO: [ app_begin ] --END-- [ RunTime:0.001000s ]
SQL: SHOW COLUMNS FROM `at_type` [ RunTime:0.0030s ]
SQL: SELECT * FROM `at_type`  [ RunTime:0.0000s ]
SQL: SHOW COLUMNS FROM `at_article` [ RunTime:0.0030s ]
SQL: SELECT * FROM `at_article` WHERE `new` = 1  [ RunTime:0.0010s ]
SQL: SELECT COUNT(*) AS tp_count FROM `at_article` LIMIT 1   [ RunTime:0.0000s ]
SQL: SELECT * FROM `at_article` LIMIT 2,2   [ RunTime:0.0000s ]
INFO: [ view_parse ] --START--
INFO: [ template_filter ] --START--
INFO: Run Behavior\ContentReplaceBehavior [ RunTime:0.000000s ]
INFO: [ template_filter ] --END-- [ RunTime:0.000000s ]
INFO: Run Behavior\ParseTemplateBehavior [ RunTime:0.009000s ]
INFO: [ view_parse ] --END-- [ RunTime:0.009000s ]
INFO: [ view_filter ] --START--
INFO: Run Behavior\WriteHtmlCacheBehavior [ RunTime:0.000000s ]
INFO: [ view_filter ] --END-- [ RunTime:0.000000s ]
INFO: [ app_end ] --START--
INFO: Run Behavior\ShowPageTraceBehavior [ RunTime:0.001000s ]
INFO: [ app_end ] --END-- [ RunTime:0.001000s ]

