[ 2016-11-02T22:23:55+08:00 ] ::1 /cartshop/index.php/Admin
INFO: [ app_init ] --START--
INFO: Run Behavior\BuildLiteBehavior [ RunTime:0.000000s ]
INFO: [ app_init ] --END-- [ RunTime:0.031000s ]
INFO: [ app_begin ] --START--
INFO: Run Behavior\ReadHtmlCacheBehavior [ RunTime:0.001000s ]
INFO: [ app_begin ] --END-- [ RunTime:0.001000s ]
INFO: [ view_parse ] --START--
INFO: [ template_filter ] --START--
INFO: Run Behavior\ContentReplaceBehavior [ RunTime:0.070000s ]
INFO: [ template_filter ] --END-- [ RunTime:0.070000s ]
NOTIC: [2] Invalid argument supplied for foreach() E:\WWW\cartshop\Application\Runtime\Cache\Admin\b595b808c2ebeeeb0478ffc30bb4e87a.php 第 37 行.
INFO: Run Behavior\ParseTemplateBehavior [ RunTime:0.167000s ]
INFO: [ view_parse ] --END-- [ RunTime:0.167000s ]
INFO: [ view_filter ] --START--
INFO: Run Behavior\WriteHtmlCacheBehavior [ RunTime:0.013000s ]
INFO: [ view_filter ] --END-- [ RunTime:0.013000s ]
INFO: [ app_end ] --START--
INFO: Run Behavior\ShowPageTraceBehavior [ RunTime:0.001000s ]
INFO: [ app_end ] --END-- [ RunTime:0.001000s ]

[ 2016-11-02T22:24:10+08:00 ] ::1 /cartshop/index.php/Admin/Cate/lst
INFO: [ app_init ] --START--
INFO: Run Behavior\BuildLiteBehavior [ RunTime:0.000000s ]
INFO: [ app_init ] --END-- [ RunTime:0.000000s ]
INFO: [ app_begin ] --START--
INFO: Run Behavior\ReadHtmlCacheBehavior [ RunTime:0.001000s ]
INFO: [ app_begin ] --END-- [ RunTime:0.001000s ]
NOTIC: [8] Use of undefined constant unique - assumed 'unique' E:\WWW\cartshop\ThinkPHP\Common\functions.php 第 588 行.
SQL: SHOW COLUMNS FROM `cs_cate` [ RunTime:0.0560s ]
SQL: SELECT * FROM `cs_cate` ORDER BY sort asc  [ RunTime:0.0040s ]
INFO: [ view_parse ] --START--
INFO: [ template_filter ] --START--
INFO: Run Behavior\ContentReplaceBehavior [ RunTime:0.000000s ]
INFO: [ template_filter ] --END-- [ RunTime:0.000000s ]
NOTIC: [2] Invalid argument supplied for foreach() E:\WWW\cartshop\Application\Runtime\Cache\Admin\1e31b38d8d9702701609b47afd2fec77.php 第 38 行.
INFO: Run Behavior\ParseTemplateBehavior [ RunTime:0.012000s ]
INFO: [ view_parse ] --END-- [ RunTime:0.012000s ]
INFO: [ view_filter ] --START--
INFO: Run Behavior\WriteHtmlCacheBehavior [ RunTime:0.001000s ]
INFO: [ view_filter ] --END-- [ RunTime:0.001000s ]
INFO: [ app_end ] --START--
INFO: Run Behavior\ShowPageTraceBehavior [ RunTime:0.001000s ]
INFO: [ app_end ] --END-- [ RunTime:0.001000s ]

[ 2016-11-02T23:33:38+08:00 ] ::1 /cartshop/index.php/Admin/Cate/del/id/69
INFO: [ app_init ] --START--
INFO: Run Behavior\BuildLiteBehavior [ RunTime:0.000000s ]
INFO: [ app_init ] --END-- [ RunTime:0.000000s ]
INFO: [ app_begin ] --START--
INFO: Run Behavior\ReadHtmlCacheBehavior [ RunTime:0.001000s ]
INFO: [ app_begin ] --END-- [ RunTime:0.001000s ]
NOTIC: [8] Use of undefined constant unique - assumed 'unique' E:\WWW\cartshop\ThinkPHP\Common\functions.php 第 588 行.
SQL: SHOW COLUMNS FROM `cs_cate` [ RunTime:0.0030s ]
SQL: SELECT * FROM `cs_cate`  [ RunTime:0.0010s ]
SQL: delete from cs_cate where id in(79,82,83,81) [ RunTime:0.0490s ]
SQL: DELETE FROM `cs_cate` WHERE `id` = 69 [ RunTime:0.0010s ]
INFO: [ view_parse ] --START--
INFO: [ template_filter ] --START--
INFO: Run Behavior\ContentReplaceBehavior [ RunTime:0.000000s ]
INFO: [ template_filter ] --END-- [ RunTime:0.000000s ]
INFO: Run Behavior\ParseTemplateBehavior [ RunTime:0.015000s ]
INFO: [ view_parse ] --END-- [ RunTime:0.015000s ]
INFO: [ view_filter ] --START--
INFO: Run Behavior\WriteHtmlCacheBehavior [ RunTime:0.000000s ]
INFO: [ view_filter ] --END-- [ RunTime:0.000000s ]
INFO: [ app_end ] --START--
INFO: Run Behavior\ShowPageTraceBehavior [ RunTime:0.001000s ]
INFO: [ app_end ] --END-- [ RunTime:0.001000s ]

[ 2016-11-02T23:33:40+08:00 ] ::1 /cartshop/index.php/Admin/Cate/lst.html
INFO: [ app_init ] --START--
INFO: Run Behavior\BuildLiteBehavior [ RunTime:0.000000s ]
INFO: [ app_init ] --END-- [ RunTime:0.000000s ]
INFO: [ app_begin ] --START--
INFO: Run Behavior\ReadHtmlCacheBehavior [ RunTime:0.001000s ]
INFO: [ app_begin ] --END-- [ RunTime:0.001000s ]
NOTIC: [8] Use of undefined constant unique - assumed 'unique' E:\WWW\cartshop\ThinkPHP\Common\functions.php 第 588 行.
SQL: SHOW COLUMNS FROM `cs_cate` [ RunTime:0.0020s ]
SQL: SELECT * FROM `cs_cate` ORDER BY sort asc  [ RunTime:0.0010s ]
INFO: [ view_parse ] --START--
INFO: [ template_filter ] --START--
INFO: Run Behavior\ContentReplaceBehavior [ RunTime:0.000000s ]
INFO: [ template_filter ] --END-- [ RunTime:0.000000s ]
NOTIC: [2] Invalid argument supplied for foreach() E:\WWW\cartshop\Application\Runtime\Cache\Admin\1e31b38d8d9702701609b47afd2fec77.php 第 38 行.
INFO: Run Behavior\ParseTemplateBehavior [ RunTime:0.011000s ]
INFO: [ view_parse ] --END-- [ RunTime:0.011000s ]
INFO: [ view_filter ] --START--
INFO: Run Behavior\WriteHtmlCacheBehavior [ RunTime:0.000000s ]
INFO: [ view_filter ] --END-- [ RunTime:0.000000s ]
INFO: [ app_end ] --START--
INFO: Run Behavior\ShowPageTraceBehavior [ RunTime:0.000000s ]
INFO: [ app_end ] --END-- [ RunTime:0.000000s ]

[ 2016-11-02T23:33:47+08:00 ] ::1 /cartshop/index.php/Admin/Cate/del/id/67
INFO: [ app_init ] --START--
INFO: Run Behavior\BuildLiteBehavior [ RunTime:0.000000s ]
INFO: [ app_init ] --END-- [ RunTime:0.001000s ]
INFO: [ app_begin ] --START--
INFO: Run Behavior\ReadHtmlCacheBehavior [ RunTime:0.001000s ]
INFO: [ app_begin ] --END-- [ RunTime:0.001000s ]
NOTIC: [8] Use of undefined constant unique - assumed 'unique' E:\WWW\cartshop\ThinkPHP\Common\functions.php 第 588 行.
SQL: SHOW COLUMNS FROM `cs_cate` [ RunTime:0.0020s ]
SQL: SELECT * FROM `cs_cate`  [ RunTime:0.0000s ]
SQL: DELETE FROM `cs_cate` WHERE `id` = 67 [ RunTime:0.0010s ]
INFO: [ view_parse ] --START--
INFO: [ template_filter ] --START--
INFO: Run Behavior\ContentReplaceBehavior [ RunTime:0.000000s ]
INFO: [ template_filter ] --END-- [ RunTime:0.000000s ]
INFO: Run Behavior\ParseTemplateBehavior [ RunTime:0.006000s ]
INFO: [ view_parse ] --END-- [ RunTime:0.007000s ]
INFO: [ view_filter ] --START--
INFO: Run Behavior\WriteHtmlCacheBehavior [ RunTime:0.000000s ]
INFO: [ view_filter ] --END-- [ RunTime:0.000000s ]
INFO: [ app_end ] --START--
INFO: Run Behavior\ShowPageTraceBehavior [ RunTime:0.001000s ]
INFO: [ app_end ] --END-- [ RunTime:0.001000s ]

[ 2016-11-02T23:33:49+08:00 ] ::1 /cartshop/index.php/Admin/Cate/lst.html
INFO: [ app_init ] --START--
INFO: Run Behavior\BuildLiteBehavior [ RunTime:0.000000s ]
INFO: [ app_init ] --END-- [ RunTime:0.000000s ]
INFO: [ app_begin ] --START--
INFO: Run Behavior\ReadHtmlCacheBehavior [ RunTime:0.000000s ]
INFO: [ app_begin ] --END-- [ RunTime:0.000000s ]
NOTIC: [8] Use of undefined constant unique - assumed 'unique' E:\WWW\cartshop\ThinkPHP\Common\functions.php 第 588 行.
SQL: SHOW COLUMNS FROM `cs_cate` [ RunTime:0.0020s ]
SQL: SELECT * FROM `cs_cate` ORDER BY sort asc  [ RunTime:0.0000s ]
INFO: [ view_parse ] --START--
INFO: [ template_filter ] --START--
INFO: Run Behavior\ContentReplaceBehavior [ RunTime:0.000000s ]
INFO: [ template_filter ] --END-- [ RunTime:0.000000s ]
NOTIC: [2] Invalid argument supplied for foreach() E:\WWW\cartshop\Application\Runtime\Cache\Admin\1e31b38d8d9702701609b47afd2fec77.php 第 38 行.
INFO: Run Behavior\ParseTemplateBehavior [ RunTime:0.009000s ]
INFO: [ view_parse ] --END-- [ RunTime:0.010000s ]
INFO: [ view_filter ] --START--
INFO: Run Behavior\WriteHtmlCacheBehavior [ RunTime:0.000000s ]
INFO: [ view_filter ] --END-- [ RunTime:0.000000s ]
INFO: [ app_end ] --START--
INFO: Run Behavior\ShowPageTraceBehavior [ RunTime:0.001000s ]
INFO: [ app_end ] --END-- [ RunTime:0.001000s ]

[ 2016-11-02T23:37:36+08:00 ] ::1 /cartshop/index.php/Admin/Article/lst
INFO: [ app_init ] --START--
INFO: Run Behavior\BuildLiteBehavior [ RunTime:0.000000s ]
INFO: [ app_init ] --END-- [ RunTime:0.000000s ]
INFO: [ app_begin ] --START--
INFO: Run Behavior\ReadHtmlCacheBehavior [ RunTime:0.001000s ]
INFO: [ app_begin ] --END-- [ RunTime:0.001000s ]
INFO: [ view_parse ] --START--
INFO: [ template_filter ] --START--
INFO: Run Behavior\ContentReplaceBehavior [ RunTime:0.000000s ]
INFO: [ template_filter ] --END-- [ RunTime:0.000000s ]
INFO: Run Behavior\ParseTemplateBehavior [ RunTime:0.006000s ]
INFO: [ view_parse ] --END-- [ RunTime:0.006000s ]
INFO: [ view_filter ] --START--
INFO: Run Behavior\WriteHtmlCacheBehavior [ RunTime:0.000000s ]
INFO: [ view_filter ] --END-- [ RunTime:0.000000s ]

[ 2016-11-02T23:37:39+08:00 ] ::1 /cartshop/index.php/Admin/Login/index.html
INFO: [ app_init ] --START--
INFO: Run Behavior\BuildLiteBehavior [ RunTime:0.000000s ]
INFO: [ app_init ] --END-- [ RunTime:0.000000s ]
INFO: [ app_begin ] --START--
INFO: Run Behavior\ReadHtmlCacheBehavior [ RunTime:0.001000s ]
INFO: [ app_begin ] --END-- [ RunTime:0.001000s ]
ERR: 模板不存在:./Application/Admin/View/Login/index.html

[ 2016-11-02T23:37:46+08:00 ] ::1 /cartshop/index.php/Admin/Login/index.html
INFO: [ app_init ] --START--
INFO: Run Behavior\BuildLiteBehavior [ RunTime:0.000000s ]
INFO: [ app_init ] --END-- [ RunTime:0.001000s ]
INFO: [ app_begin ] --START--
INFO: Run Behavior\ReadHtmlCacheBehavior [ RunTime:0.001000s ]
INFO: [ app_begin ] --END-- [ RunTime:0.001000s ]
ERR: 模板不存在:./Application/Admin/View/Login/index.html

[ 2016-11-02T23:37:50+08:00 ] ::1 /cartshop/index.php/Admin
INFO: [ app_init ] --START--
INFO: Run Behavior\BuildLiteBehavior [ RunTime:0.000000s ]
INFO: [ app_init ] --END-- [ RunTime:0.000000s ]
INFO: [ app_begin ] --START--
INFO: Run Behavior\ReadHtmlCacheBehavior [ RunTime:0.000000s ]
INFO: [ app_begin ] --END-- [ RunTime:0.000000s ]
INFO: [ view_parse ] --START--
INFO: [ template_filter ] --START--
INFO: Run Behavior\ContentReplaceBehavior [ RunTime:0.000000s ]
INFO: [ template_filter ] --END-- [ RunTime:0.000000s ]
INFO: Run Behavior\ParseTemplateBehavior [ RunTime:0.007000s ]
INFO: [ view_parse ] --END-- [ RunTime:0.007000s ]
INFO: [ view_filter ] --START--
INFO: Run Behavior\WriteHtmlCacheBehavior [ RunTime:0.000000s ]
INFO: [ view_filter ] --END-- [ RunTime:0.000000s ]

[ 2016-11-02T23:37:53+08:00 ] ::1 /cartshop/index.php/Admin/Login/index.html
INFO: [ app_init ] --START--
INFO: Run Behavior\BuildLiteBehavior [ RunTime:0.000000s ]
INFO: [ app_init ] --END-- [ RunTime:0.001000s ]
INFO: [ app_begin ] --START--
INFO: Run Behavior\ReadHtmlCacheBehavior [ RunTime:0.001000s ]
INFO: [ app_begin ] --END-- [ RunTime:0.001000s ]
ERR: 模板不存在:./Application/Admin/View/Login/index.html

[ 2016-11-02T23:39:56+08:00 ] ::1 /cartshop/index.php/Admin/Login/index.html
INFO: [ app_init ] --START--
INFO: Run Behavior\BuildLiteBehavior [ RunTime:0.000000s ]
INFO: [ app_init ] --END-- [ RunTime:0.000000s ]
INFO: [ app_begin ] --START--
INFO: Run Behavior\ReadHtmlCacheBehavior [ RunTime:0.000000s ]
INFO: [ app_begin ] --END-- [ RunTime:0.000000s ]
ERR: 无法加载控制器:Login

[ 2016-11-02T23:39:56+08:00 ] ::1 /cartshop/index.php/Admin/Login/index.html
INFO: [ app_init ] --START--
INFO: Run Behavior\BuildLiteBehavior [ RunTime:0.000000s ]
INFO: [ app_init ] --END-- [ RunTime:0.000000s ]
INFO: [ app_begin ] --START--
INFO: Run Behavior\ReadHtmlCacheBehavior [ RunTime:0.000000s ]
INFO: [ app_begin ] --END-- [ RunTime:0.000000s ]
ERR: 无法加载控制器:Login

[ 2016-11-02T23:39:59+08:00 ] ::1 /cartshop/index.php/Admin
INFO: [ app_init ] --START--
INFO: Run Behavior\BuildLiteBehavior [ RunTime:0.000000s ]
INFO: [ app_init ] --END-- [ RunTime:0.001000s ]
INFO: [ app_begin ] --START--
INFO: Run Behavior\ReadHtmlCacheBehavior [ RunTime:0.000000s ]
INFO: [ app_begin ] --END-- [ RunTime:0.000000s ]

[ 2016-11-02T23:40:21+08:00 ] ::1 /cartshop/index.php/Admin
INFO: [ app_init ] --START--
INFO: Run Behavior\BuildLiteBehavior [ RunTime:0.000000s ]
INFO: [ app_init ] --END-- [ RunTime:0.001000s ]
INFO: [ app_begin ] --START--
INFO: Run Behavior\ReadHtmlCacheBehavior [ RunTime:0.000000s ]
INFO: [ app_begin ] --END-- [ RunTime:0.000000s ]
INFO: [ view_parse ] --START--
INFO: [ template_filter ] --START--
INFO: Run Behavior\ContentReplaceBehavior [ RunTime:0.000000s ]
INFO: [ template_filter ] --END-- [ RunTime:0.000000s ]
NOTIC: [2] Invalid argument supplied for foreach() E:\WWW\cartshop\Application\Runtime\Cache\Admin\b595b808c2ebeeeb0478ffc30bb4e87a.php 第 37 行.
INFO: Run Behavior\ParseTemplateBehavior [ RunTime:0.010000s ]
INFO: [ view_parse ] --END-- [ RunTime:0.010000s ]
INFO: [ view_filter ] --START--
INFO: Run Behavior\WriteHtmlCacheBehavior [ RunTime:0.000000s ]
INFO: [ view_filter ] --END-- [ RunTime:0.000000s ]
INFO: [ app_end ] --START--
INFO: Run Behavior\ShowPageTraceBehavior [ RunTime:0.001000s ]
INFO: [ app_end ] --END-- [ RunTime:0.001000s ]

[ 2016-11-02T23:40:24+08:00 ] ::1 /cartshop/index.php/Admin/Article/lst
INFO: [ app_init ] --START--
INFO: Run Behavior\BuildLiteBehavior [ RunTime:0.000000s ]
INFO: [ app_init ] --END-- [ RunTime:0.001000s ]
INFO: [ app_begin ] --START--
INFO: Run Behavior\ReadHtmlCacheBehavior [ RunTime:0.001000s ]
INFO: [ app_begin ] --END-- [ RunTime:0.001000s ]

[ 2016-11-02T23:40:43+08:00 ] ::1 /cartshop/index.php/Admin/Cate/lst
INFO: [ app_init ] --START--
INFO: Run Behavior\BuildLiteBehavior [ RunTime:0.000000s ]
INFO: [ app_init ] --END-- [ RunTime:0.000000s ]
INFO: [ app_begin ] --START--
INFO: Run Behavior\ReadHtmlCacheBehavior [ RunTime:0.000000s ]
INFO: [ app_begin ] --END-- [ RunTime:0.000000s ]
NOTIC: [8] Use of undefined constant unique - assumed 'unique' E:\WWW\cartshop\ThinkPHP\Common\functions.php 第 588 行.
SQL: SHOW COLUMNS FROM `cs_cate` [ RunTime:0.0020s ]
SQL: SELECT * FROM `cs_cate` ORDER BY sort asc  [ RunTime:0.0000s ]
INFO: [ view_parse ] --START--
INFO: [ template_filter ] --START--
INFO: Run Behavior\ContentReplaceBehavior [ RunTime:0.000000s ]
INFO: [ template_filter ] --END-- [ RunTime:0.000000s ]
NOTIC: [2] Invalid argument supplied for foreach() E:\WWW\cartshop\Application\Runtime\Cache\Admin\1e31b38d8d9702701609b47afd2fec77.php 第 38 行.
INFO: Run Behavior\ParseTemplateBehavior [ RunTime:0.008000s ]
INFO: [ view_parse ] --END-- [ RunTime:0.008000s ]
INFO: [ view_filter ] --START--
INFO: Run Behavior\WriteHtmlCacheBehavior [ RunTime:0.001000s ]
INFO: [ view_filter ] --END-- [ RunTime:0.001000s ]
INFO: [ app_end ] --START--
INFO: Run Behavior\ShowPageTraceBehavior [ RunTime:0.000000s ]
INFO: [ app_end ] --END-- [ RunTime:0.000000s ]

[ 2016-11-02T23:40:45+08:00 ] ::1 /cartshop/index.php/Admin/Cate/lst
INFO: [ app_init ] --START--
INFO: Run Behavior\BuildLiteBehavior [ RunTime:0.000000s ]
INFO: [ app_init ] --END-- [ RunTime:0.001000s ]
INFO: [ app_begin ] --START--
INFO: Run Behavior\ReadHtmlCacheBehavior [ RunTime:0.001000s ]
INFO: [ app_begin ] --END-- [ RunTime:0.001000s ]
NOTIC: [8] Use of undefined constant unique - assumed 'unique' E:\WWW\cartshop\ThinkPHP\Common\functions.php 第 588 行.
SQL: SHOW COLUMNS FROM `cs_cate` [ RunTime:0.0020s ]
SQL: SELECT * FROM `cs_cate` ORDER BY sort asc  [ RunTime:0.0000s ]
INFO: [ view_parse ] --START--
INFO: [ template_filter ] --START--
INFO: Run Behavior\ContentReplaceBehavior [ RunTime:0.000000s ]
INFO: [ template_filter ] --END-- [ RunTime:0.000000s ]
NOTIC: [2] Invalid argument supplied for foreach() E:\WWW\cartshop\Application\Runtime\Cache\Admin\1e31b38d8d9702701609b47afd2fec77.php 第 38 行.
INFO: Run Behavior\ParseTemplateBehavior [ RunTime:0.010000s ]
INFO: [ view_parse ] --END-- [ RunTime:0.010000s ]
INFO: [ view_filter ] --START--
INFO: Run Behavior\WriteHtmlCacheBehavior [ RunTime:0.001000s ]
INFO: [ view_filter ] --END-- [ RunTime:0.001000s ]
INFO: [ app_end ] --START--
INFO: Run Behavior\ShowPageTraceBehavior [ RunTime:0.001000s ]
INFO: [ app_end ] --END-- [ RunTime:0.001000s ]

[ 2016-11-02T23:40:46+08:00 ] ::1 /cartshop/index.php/Admin/Article/lst
INFO: [ app_init ] --START--
INFO: Run Behavior\BuildLiteBehavior [ RunTime:0.001000s ]
INFO: [ app_init ] --END-- [ RunTime:0.001000s ]
INFO: [ app_begin ] --START--
INFO: Run Behavior\ReadHtmlCacheBehavior [ RunTime:0.000000s ]
INFO: [ app_begin ] --END-- [ RunTime:0.000000s ]

[ 2016-11-02T23:41:23+08:00 ] ::1 /cartshop/index.php/Admin/Article/lst
INFO: [ app_init ] --START--
INFO: Run Behavior\BuildLiteBehavior [ RunTime:0.000000s ]
INFO: [ app_init ] --END-- [ RunTime:0.000000s ]
INFO: [ app_begin ] --START--
INFO: Run Behavior\ReadHtmlCacheBehavior [ RunTime:0.000000s ]
INFO: [ app_begin ] --END-- [ RunTime:0.000000s ]
SQL: SHOW COLUMNS FROM `cs_article` [ RunTime:0.1820s ]
SQL: SHOW COLUMNS FROM `cs_cate` [ RunTime:0.0020s ]
NOTIC: [2] Invalid argument supplied for foreach() E:\WWW\cartshop\ThinkPHP\Library\Think\Db\Driver.class.php 第 504 行.
SQL: SELECT COUNT(*) AS tp_count FROM cs_article article LEFT JOIN cs_cate cate ON article.cateid=cate.id LIMIT 1   [ RunTime:0.0550s ]
NOTIC: [2] Invalid argument supplied for foreach() E:\WWW\cartshop\ThinkPHP\Library\Think\Db\Driver.class.php 第 504 行.
SQL: SELECT article.id AS id,article.title AS title,article.rem AS rem,article.pic AS pic,cate.name AS name FROM cs_article article LEFT JOIN cs_cate cate ON article.cateid=cate.id ORDER BY article.id desc LIMIT 0,3   [ RunTime:0.0000s ]
NOTIC: [8] Use of undefined constant unique - assumed 'unique' E:\WWW\cartshop\ThinkPHP\Common\functions.php 第 588 行.
SQL: SHOW COLUMNS FROM `cs_cate` [ RunTime:0.0020s ]
SQL: SELECT * FROM `cs_cate` ORDER BY sort asc  [ RunTime:0.0010s ]
INFO: [ view_parse ] --START--
INFO: [ template_filter ] --START--
INFO: Run Behavior\ContentReplaceBehavior [ RunTime:0.000000s ]
INFO: [ template_filter ] --END-- [ RunTime:0.000000s ]
NOTIC: [2] Invalid argument supplied for foreach() E:\WWW\cartshop\Application\Runtime\Cache\Admin\3233ce5cce332a117b52d9b8831cbcfa.php 第 38 行.
INFO: Run Behavior\ParseTemplateBehavior [ RunTime:0.010000s ]
INFO: [ view_parse ] --END-- [ RunTime:0.010000s ]
INFO: [ view_filter ] --START--
INFO: Run Behavior\WriteHtmlCacheBehavior [ RunTime:0.000000s ]
INFO: [ view_filter ] --END-- [ RunTime:0.000000s ]
INFO: [ app_end ] --START--
INFO: Run Behavior\ShowPageTraceBehavior [ RunTime:0.000000s ]
INFO: [ app_end ] --END-- [ RunTime:0.000000s ]

[ 2016-11-02T23:41:29+08:00 ] ::1 /cartshop/index.php/Admin/Article/lst/p/2.html
INFO: [ app_init ] --START--
INFO: Run Behavior\BuildLiteBehavior [ RunTime:0.000000s ]
INFO: [ app_init ] --END-- [ RunTime:0.000000s ]
INFO: [ app_begin ] --START--
INFO: Run Behavior\ReadHtmlCacheBehavior [ RunTime:0.001000s ]
INFO: [ app_begin ] --END-- [ RunTime:0.001000s ]
SQL: SHOW COLUMNS FROM `cs_article` [ RunTime:0.0030s ]
SQL: SHOW COLUMNS FROM `cs_cate` [ RunTime:0.0020s ]
NOTIC: [2] Invalid argument supplied for foreach() E:\WWW\cartshop\ThinkPHP\Library\Think\Db\Driver.class.php 第 504 行.
SQL: SELECT COUNT(*) AS tp_count FROM cs_article article LEFT JOIN cs_cate cate ON article.cateid=cate.id LIMIT 1   [ RunTime:0.0000s ]
NOTIC: [2] Invalid argument supplied for foreach() E:\WWW\cartshop\ThinkPHP\Library\Think\Db\Driver.class.php 第 504 行.
SQL: SELECT article.id AS id,article.title AS title,article.rem AS rem,article.pic AS pic,cate.name AS name FROM cs_article article LEFT JOIN cs_cate cate ON article.cateid=cate.id ORDER BY article.id desc LIMIT 3,3   [ RunTime:0.0000s ]
NOTIC: [8] Use of undefined constant unique - assumed 'unique' E:\WWW\cartshop\ThinkPHP\Common\functions.php 第 588 行.
SQL: SHOW COLUMNS FROM `cs_cate` [ RunTime:0.0020s ]
SQL: SELECT * FROM `cs_cate` ORDER BY sort asc  [ RunTime:0.0010s ]
INFO: [ view_parse ] --START--
INFO: [ template_filter ] --START--
INFO: Run Behavior\ContentReplaceBehavior [ RunTime:0.000000s ]
INFO: [ template_filter ] --END-- [ RunTime:0.000000s ]
NOTIC: [2] Invalid argument supplied for foreach() E:\WWW\cartshop\Application\Runtime\Cache\Admin\3233ce5cce332a117b52d9b8831cbcfa.php 第 38 行.
INFO: Run Behavior\ParseTemplateBehavior [ RunTime:0.012000s ]
INFO: [ view_parse ] --END-- [ RunTime:0.012000s ]
INFO: [ view_filter ] --START--
INFO: Run Behavior\WriteHtmlCacheBehavior [ RunTime:0.001000s ]
INFO: [ view_filter ] --END-- [ RunTime:0.001000s ]
INFO: [ app_end ] --START--
INFO: Run Behavior\ShowPageTraceBehavior [ RunTime:0.001000s ]
INFO: [ app_end ] --END-- [ RunTime:0.001000s ]

[ 2016-11-02T23:41:31+08:00 ] ::1 /cartshop/index.php/Admin/Article/lst/p/3.html
INFO: [ app_init ] --START--
INFO: Run Behavior\BuildLiteBehavior [ RunTime:0.000000s ]
INFO: [ app_init ] --END-- [ RunTime:0.001000s ]
INFO: [ app_begin ] --START--
INFO: Run Behavior\ReadHtmlCacheBehavior [ RunTime:0.001000s ]
INFO: [ app_begin ] --END-- [ RunTime:0.001000s ]
SQL: SHOW COLUMNS FROM `cs_article` [ RunTime:0.0020s ]
SQL: SHOW COLUMNS FROM `cs_cate` [ RunTime:0.0020s ]
NOTIC: [2] Invalid argument supplied for foreach() E:\WWW\cartshop\ThinkPHP\Library\Think\Db\Driver.class.php 第 504 行.
SQL: SELECT COUNT(*) AS tp_count FROM cs_article article LEFT JOIN cs_cate cate ON article.cateid=cate.id LIMIT 1   [ RunTime:0.0000s ]
NOTIC: [2] Invalid argument supplied for foreach() E:\WWW\cartshop\ThinkPHP\Library\Think\Db\Driver.class.php 第 504 行.
SQL: SELECT article.id AS id,article.title AS title,article.rem AS rem,article.pic AS pic,cate.name AS name FROM cs_article article LEFT JOIN cs_cate cate ON article.cateid=cate.id ORDER BY article.id desc LIMIT 6,3   [ RunTime:0.0000s ]
NOTIC: [8] Use of undefined constant unique - assumed 'unique' E:\WWW\cartshop\ThinkPHP\Common\functions.php 第 588 行.
SQL: SHOW COLUMNS FROM `cs_cate` [ RunTime:0.0020s ]
SQL: SELECT * FROM `cs_cate` ORDER BY sort asc  [ RunTime:0.0000s ]
INFO: [ view_parse ] --START--
INFO: [ template_filter ] --START--
INFO: Run Behavior\ContentReplaceBehavior [ RunTime:0.000000s ]
INFO: [ template_filter ] --END-- [ RunTime:0.000000s ]
NOTIC: [2] Invalid argument supplied for foreach() E:\WWW\cartshop\Application\Runtime\Cache\Admin\3233ce5cce332a117b52d9b8831cbcfa.php 第 38 行.
INFO: Run Behavior\ParseTemplateBehavior [ RunTime:0.010000s ]
INFO: [ view_parse ] --END-- [ RunTime:0.010000s ]
INFO: [ view_filter ] --START--
INFO: Run Behavior\WriteHtmlCacheBehavior [ RunTime:0.001000s ]
INFO: [ view_filter ] --END-- [ RunTime:0.001000s ]
INFO: [ app_end ] --START--
INFO: Run Behavior\ShowPageTraceBehavior [ RunTime:0.000000s ]
INFO: [ app_end ] --END-- [ RunTime:0.001000s ]

[ 2016-11-02T23:41:33+08:00 ] ::1 /cartshop/index.php/Admin/Article/lst/p/4.html
INFO: [ app_init ] --START--
INFO: Run Behavior\BuildLiteBehavior [ RunTime:0.000000s ]
INFO: [ app_init ] --END-- [ RunTime:0.000000s ]
INFO: [ app_begin ] --START--
INFO: Run Behavior\ReadHtmlCacheBehavior [ RunTime:0.001000s ]
INFO: [ app_begin ] --END-- [ RunTime:0.001000s ]
SQL: SHOW COLUMNS FROM `cs_article` [ RunTime:0.0020s ]
SQL: SHOW COLUMNS FROM `cs_cate` [ RunTime:0.0020s ]
NOTIC: [2] Invalid argument supplied for foreach() E:\WWW\cartshop\ThinkPHP\Library\Think\Db\Driver.class.php 第 504 行.
SQL: SELECT COUNT(*) AS tp_count FROM cs_article article LEFT JOIN cs_cate cate ON article.cateid=cate.id LIMIT 1   [ RunTime:0.0000s ]
NOTIC: [2] Invalid argument supplied for foreach() E:\WWW\cartshop\ThinkPHP\Library\Think\Db\Driver.class.php 第 504 行.
SQL: SELECT article.id AS id,article.title AS title,article.rem AS rem,article.pic AS pic,cate.name AS name FROM cs_article article LEFT JOIN cs_cate cate ON article.cateid=cate.id ORDER BY article.id desc LIMIT 9,3   [ RunTime:0.0010s ]
NOTIC: [8] Use of undefined constant unique - assumed 'unique' E:\WWW\cartshop\ThinkPHP\Common\functions.php 第 588 行.
SQL: SHOW COLUMNS FROM `cs_cate` [ RunTime:0.0020s ]
SQL: SELECT * FROM `cs_cate` ORDER BY sort asc  [ RunTime:0.0010s ]
INFO: [ view_parse ] --START--
INFO: [ template_filter ] --START--
INFO: Run Behavior\ContentReplaceBehavior [ RunTime:0.000000s ]
INFO: [ template_filter ] --END-- [ RunTime:0.000000s ]
NOTIC: [2] Invalid argument supplied for foreach() E:\WWW\cartshop\Application\Runtime\Cache\Admin\3233ce5cce332a117b52d9b8831cbcfa.php 第 38 行.
INFO: Run Behavior\ParseTemplateBehavior [ RunTime:0.009000s ]
INFO: [ view_parse ] --END-- [ RunTime:0.009000s ]
INFO: [ view_filter ] --START--
INFO: Run Behavior\WriteHtmlCacheBehavior [ RunTime:0.001000s ]
INFO: [ view_filter ] --END-- [ RunTime:0.001000s ]
INFO: [ app_end ] --START--
INFO: Run Behavior\ShowPageTraceBehavior [ RunTime:0.000000s ]
INFO: [ app_end ] --END-- [ RunTime:0.000000s ]

[ 2016-11-02T23:41:36+08:00 ] ::1 /cartshop/index.php/Admin/Article/lst/p/5.html
INFO: [ app_init ] --START--
INFO: Run Behavior\BuildLiteBehavior [ RunTime:0.000000s ]
INFO: [ app_init ] --END-- [ RunTime:0.001000s ]
INFO: [ app_begin ] --START--
INFO: Run Behavior\ReadHtmlCacheBehavior [ RunTime:0.001000s ]
INFO: [ app_begin ] --END-- [ RunTime:0.001000s ]
SQL: SHOW COLUMNS FROM `cs_article` [ RunTime:0.0020s ]
SQL: SHOW COLUMNS FROM `cs_cate` [ RunTime:0.0540s ]
NOTIC: [2] Invalid argument supplied for foreach() E:\WWW\cartshop\ThinkPHP\Library\Think\Db\Driver.class.php 第 504 行.
SQL: SELECT COUNT(*) AS tp_count FROM cs_article article LEFT JOIN cs_cate cate ON article.cateid=cate.id LIMIT 1   [ RunTime:0.0000s ]
NOTIC: [2] Invalid argument supplied for foreach() E:\WWW\cartshop\ThinkPHP\Library\Think\Db\Driver.class.php 第 504 行.
SQL: SELECT article.id AS id,article.title AS title,article.rem AS rem,article.pic AS pic,cate.name AS name FROM cs_article article LEFT JOIN cs_cate cate ON article.cateid=cate.id ORDER BY article.id desc LIMIT 12,3   [ RunTime:0.0010s ]
NOTIC: [8] Use of undefined constant unique - assumed 'unique' E:\WWW\cartshop\ThinkPHP\Common\functions.php 第 588 行.
SQL: SHOW COLUMNS FROM `cs_cate` [ RunTime:0.0020s ]
SQL: SELECT * FROM `cs_cate` ORDER BY sort asc  [ RunTime:0.0010s ]
INFO: [ view_parse ] --START--
INFO: [ template_filter ] --START--
INFO: Run Behavior\ContentReplaceBehavior [ RunTime:0.000000s ]
INFO: [ template_filter ] --END-- [ RunTime:0.000000s ]
NOTIC: [2] Invalid argument supplied for foreach() E:\WWW\cartshop\Application\Runtime\Cache\Admin\3233ce5cce332a117b52d9b8831cbcfa.php 第 38 行.
INFO: Run Behavior\ParseTemplateBehavior [ RunTime:0.009000s ]
INFO: [ view_parse ] --END-- [ RunTime:0.009000s ]
INFO: [ view_filter ] --START--
INFO: Run Behavior\WriteHtmlCacheBehavior [ RunTime:0.000000s ]
INFO: [ view_filter ] --END-- [ RunTime:0.000000s ]
INFO: [ app_end ] --START--
INFO: Run Behavior\ShowPageTraceBehavior [ RunTime:0.001000s ]
INFO: [ app_end ] --END-- [ RunTime:0.001000s ]

[ 2016-11-02T23:41:38+08:00 ] ::1 /cartshop/index.php/Admin/Article/edit/id/23
INFO: [ app_init ] --START--
INFO: Run Behavior\BuildLiteBehavior [ RunTime:0.000000s ]
INFO: [ app_init ] --END-- [ RunTime:0.000000s ]
INFO: [ app_begin ] --START--
INFO: Run Behavior\ReadHtmlCacheBehavior [ RunTime:0.000000s ]
INFO: [ app_begin ] --END-- [ RunTime:0.000000s ]
NOTIC: [8] Use of undefined constant unique - assumed 'unique' E:\WWW\cartshop\ThinkPHP\Common\functions.php 第 588 行.
SQL: SHOW COLUMNS FROM `cs_article` [ RunTime:0.0030s ]
SQL: SELECT * FROM `cs_article` WHERE `id` = 23 LIMIT 1   [ RunTime:0.0440s ]
NOTIC: [8] Use of undefined constant unique - assumed 'unique' E:\WWW\cartshop\ThinkPHP\Common\functions.php 第 588 行.
SQL: SHOW COLUMNS FROM `cs_cate` [ RunTime:0.0020s ]
SQL: SELECT * FROM `cs_cate` ORDER BY sort asc  [ RunTime:0.0010s ]
INFO: [ view_parse ] --START--
INFO: [ template_filter ] --START--
INFO: Run Behavior\ContentReplaceBehavior [ RunTime:0.000000s ]
INFO: [ template_filter ] --END-- [ RunTime:0.000000s ]
NOTIC: [2] Invalid argument supplied for foreach() E:\WWW\cartshop\Application\Runtime\Cache\Admin\761055de2f430bef08441163fbb8bda7.php 第 43 行.
INFO: Run Behavior\ParseTemplateBehavior [ RunTime:0.026000s ]
INFO: [ view_parse ] --END-- [ RunTime:0.026000s ]
INFO: [ view_filter ] --START--
INFO: Run Behavior\WriteHtmlCacheBehavior [ RunTime:0.000000s ]
INFO: [ view_filter ] --END-- [ RunTime:0.000000s ]
INFO: [ app_end ] --START--
INFO: Run Behavior\ShowPageTraceBehavior [ RunTime:0.001000s ]
INFO: [ app_end ] --END-- [ RunTime:0.001000s ]

[ 2016-11-02T23:42:36+08:00 ] ::1 /cartshop/index.php/Admin/Article/lst/p/5.html
INFO: [ app_init ] --START--
INFO: Run Behavior\BuildLiteBehavior [ RunTime:0.000000s ]
INFO: [ app_init ] --END-- [ RunTime:0.000000s ]
INFO: [ app_begin ] --START--
INFO: Run Behavior\ReadHtmlCacheBehavior [ RunTime:0.001000s ]
INFO: [ app_begin ] --END-- [ RunTime:0.001000s ]
SQL: SHOW COLUMNS FROM `cs_article` [ RunTime:0.0020s ]
SQL: SHOW COLUMNS FROM `cs_cate` [ RunTime:0.0020s ]
NOTIC: [2] Invalid argument supplied for foreach() E:\WWW\cartshop\ThinkPHP\Library\Think\Db\Driver.class.php 第 504 行.
SQL: SELECT COUNT(*) AS tp_count FROM cs_article article LEFT JOIN cs_cate cate ON article.cateid=cate.id LIMIT 1   [ RunTime:0.0000s ]
NOTIC: [2] Invalid argument supplied for foreach() E:\WWW\cartshop\ThinkPHP\Library\Think\Db\Driver.class.php 第 504 行.
SQL: SELECT article.id AS id,article.title AS title,article.rem AS rem,article.pic AS pic,cate.name AS name FROM cs_article article LEFT JOIN cs_cate cate ON article.cateid=cate.id ORDER BY article.id desc LIMIT 12,3   [ RunTime:0.0000s ]
NOTIC: [8] Use of undefined constant unique - assumed 'unique' E:\WWW\cartshop\ThinkPHP\Common\functions.php 第 588 行.
SQL: SHOW COLUMNS FROM `cs_cate` [ RunTime:0.0010s ]
SQL: SELECT * FROM `cs_cate` ORDER BY sort asc  [ RunTime:0.0000s ]
INFO: [ view_parse ] --START--
INFO: [ template_filter ] --START--
INFO: Run Behavior\ContentReplaceBehavior [ RunTime:0.000000s ]
INFO: [ template_filter ] --END-- [ RunTime:0.000000s ]
NOTIC: [2] Invalid argument supplied for foreach() E:\WWW\cartshop\Application\Runtime\Cache\Admin\3233ce5cce332a117b52d9b8831cbcfa.php 第 38 行.
INFO: Run Behavior\ParseTemplateBehavior [ RunTime:0.010000s ]
INFO: [ view_parse ] --END-- [ RunTime:0.010000s ]
INFO: [ view_filter ] --START--
INFO: Run Behavior\WriteHtmlCacheBehavior [ RunTime:0.001000s ]
INFO: [ view_filter ] --END-- [ RunTime:0.001000s ]
INFO: [ app_end ] --START--
INFO: Run Behavior\ShowPageTraceBehavior [ RunTime:0.000000s ]
INFO: [ app_end ] --END-- [ RunTime:0.001000s ]

[ 2016-11-02T23:42:45+08:00 ] ::1 /cartshop/index.php/Admin/Article/lst
INFO: [ app_init ] --START--
INFO: Run Behavior\BuildLiteBehavior [ RunTime:0.000000s ]
INFO: [ app_init ] --END-- [ RunTime:0.001000s ]
INFO: [ app_begin ] --START--
INFO: Run Behavior\ReadHtmlCacheBehavior [ RunTime:0.000000s ]
INFO: [ app_begin ] --END-- [ RunTime:0.000000s ]
SQL: SHOW COLUMNS FROM `cs_article` [ RunTime:0.0020s ]
SQL: SHOW COLUMNS FROM `cs_cate` [ RunTime:0.0020s ]
NOTIC: [2] Invalid argument supplied for foreach() E:\WWW\cartshop\ThinkPHP\Library\Think\Db\Driver.class.php 第 504 行.
SQL: SELECT COUNT(*) AS tp_count FROM cs_article article LEFT JOIN cs_cate cate ON article.cateid=cate.id LIMIT 1   [ RunTime:0.0000s ]
NOTIC: [2] Invalid argument supplied for foreach() E:\WWW\cartshop\ThinkPHP\Library\Think\Db\Driver.class.php 第 504 行.
SQL: SELECT article.id AS id,article.title AS title,article.rem AS rem,article.pic AS pic,cate.name AS name FROM cs_article article LEFT JOIN cs_cate cate ON article.cateid=cate.id ORDER BY article.id desc LIMIT 0,3   [ RunTime:0.0010s ]
NOTIC: [8] Use of undefined constant unique - assumed 'unique' E:\WWW\cartshop\ThinkPHP\Common\functions.php 第 588 行.
SQL: SHOW COLUMNS FROM `cs_cate` [ RunTime:0.0020s ]
SQL: SELECT * FROM `cs_cate` ORDER BY sort asc  [ RunTime:0.0010s ]
INFO: [ view_parse ] --START--
INFO: [ template_filter ] --START--
INFO: Run Behavior\ContentReplaceBehavior [ RunTime:0.000000s ]
INFO: [ template_filter ] --END-- [ RunTime:0.000000s ]
NOTIC: [2] Invalid argument supplied for foreach() E:\WWW\cartshop\Application\Runtime\Cache\Admin\3233ce5cce332a117b52d9b8831cbcfa.php 第 38 行.
INFO: Run Behavior\ParseTemplateBehavior [ RunTime:0.009000s ]
INFO: [ view_parse ] --END-- [ RunTime:0.009000s ]
INFO: [ view_filter ] --START--
INFO: Run Behavior\WriteHtmlCacheBehavior [ RunTime:0.001000s ]
INFO: [ view_filter ] --END-- [ RunTime:0.001000s ]
INFO: [ app_end ] --START--
INFO: Run Behavior\ShowPageTraceBehavior [ RunTime:0.000000s ]
INFO: [ app_end ] --END-- [ RunTime:0.000000s ]

[ 2016-11-02T23:42:47+08:00 ] ::1 /cartshop/index.php/Admin/Article/add
INFO: [ app_init ] --START--
INFO: Run Behavior\BuildLiteBehavior [ RunTime:0.000000s ]
INFO: [ app_init ] --END-- [ RunTime:0.000000s ]
INFO: [ app_begin ] --START--
INFO: Run Behavior\ReadHtmlCacheBehavior [ RunTime:0.000000s ]
INFO: [ app_begin ] --END-- [ RunTime:0.000000s ]
NOTIC: [8] Use of undefined constant unique - assumed 'unique' E:\WWW\cartshop\ThinkPHP\Common\functions.php 第 588 行.
SQL: SHOW COLUMNS FROM `cs_article` [ RunTime:0.0030s ]
NOTIC: [8] Use of undefined constant unique - assumed 'unique' E:\WWW\cartshop\ThinkPHP\Common\functions.php 第 588 行.
SQL: SHOW COLUMNS FROM `cs_cate` [ RunTime:0.0020s ]
SQL: SELECT * FROM `cs_cate` ORDER BY sort asc  [ RunTime:0.0000s ]
INFO: [ view_parse ] --START--
INFO: [ template_filter ] --START--
INFO: Run Behavior\ContentReplaceBehavior [ RunTime:0.000000s ]
INFO: [ template_filter ] --END-- [ RunTime:0.000000s ]
NOTIC: [2] Invalid argument supplied for foreach() E:\WWW\cartshop\Application\Runtime\Cache\Admin\e16cf278f1c326e72baf6415dbd5ab87.php 第 41 行.
INFO: Run Behavior\ParseTemplateBehavior [ RunTime:0.008000s ]
INFO: [ view_parse ] --END-- [ RunTime:0.008000s ]
INFO: [ view_filter ] --START--
INFO: Run Behavior\WriteHtmlCacheBehavior [ RunTime:0.000000s ]
INFO: [ view_filter ] --END-- [ RunTime:0.000000s ]
INFO: [ app_end ] --START--
INFO: Run Behavior\ShowPageTraceBehavior [ RunTime:0.001000s ]
INFO: [ app_end ] --END-- [ RunTime:0.001000s ]

[ 2016-11-02T23:43:08+08:00 ] ::1 /cartshop/index.php/Admin/Article/add
INFO: [ app_init ] --START--
INFO: Run Behavior\BuildLiteBehavior [ RunTime:0.000000s ]
INFO: [ app_init ] --END-- [ RunTime:0.000000s ]
INFO: [ app_begin ] --START--
INFO: Run Behavior\ReadHtmlCacheBehavior [ RunTime:0.000000s ]
INFO: [ app_begin ] --END-- [ RunTime:0.000000s ]
NOTIC: [8] Use of undefined constant unique - assumed 'unique' E:\WWW\cartshop\ThinkPHP\Common\functions.php 第 588 行.
SQL: SHOW COLUMNS FROM `cs_article` [ RunTime:0.0020s ]
NOTIC: [2] call_user_func() expects parameter 1 to be a valid callback, no array or string given E:\WWW\cartshop\ThinkPHP\Library\Think\Upload.class.php 第 170 行.
NOTIC: [8] Undefined index: validate E:\WWW\cartshop\ThinkPHP\Library\Think\Model.class.php 第 1185 行.
SQL: SELECT * FROM `cs_article` WHERE `title` = '1' LIMIT 1   [ RunTime:0.0410s ]
INFO: [ view_parse ] --START--
INFO: [ template_filter ] --START--
INFO: Run Behavior\ContentReplaceBehavior [ RunTime:0.000000s ]
INFO: [ template_filter ] --END-- [ RunTime:0.000000s ]
INFO: Run Behavior\ParseTemplateBehavior [ RunTime:0.007000s ]
INFO: [ view_parse ] --END-- [ RunTime:0.007000s ]
INFO: [ view_filter ] --START--
INFO: Run Behavior\WriteHtmlCacheBehavior [ RunTime:0.001000s ]
INFO: [ view_filter ] --END-- [ RunTime:0.001000s ]

[ 2016-11-02T23:43:12+08:00 ] ::1 /cartshop/index.php/Admin/Article/add
INFO: [ app_init ] --START--
INFO: Run Behavior\BuildLiteBehavior [ RunTime:0.000000s ]
INFO: [ app_init ] --END-- [ RunTime:0.000000s ]
INFO: [ app_begin ] --START--
INFO: Run Behavior\ReadHtmlCacheBehavior [ RunTime:0.001000s ]
INFO: [ app_begin ] --END-- [ RunTime:0.001000s ]
NOTIC: [8] Use of undefined constant unique - assumed 'unique' E:\WWW\cartshop\ThinkPHP\Common\functions.php 第 588 行.
SQL: SHOW COLUMNS FROM `cs_article` [ RunTime:0.0020s ]
NOTIC: [8] Use of undefined constant unique - assumed 'unique' E:\WWW\cartshop\ThinkPHP\Common\functions.php 第 588 行.
SQL: SHOW COLUMNS FROM `cs_cate` [ RunTime:0.0020s ]
SQL: SELECT * FROM `cs_cate` ORDER BY sort asc  [ RunTime:0.0010s ]
INFO: [ view_parse ] --START--
INFO: [ template_filter ] --START--
INFO: Run Behavior\ContentReplaceBehavior [ RunTime:0.000000s ]
INFO: [ template_filter ] --END-- [ RunTime:0.000000s ]
NOTIC: [2] Invalid argument supplied for foreach() E:\WWW\cartshop\Application\Runtime\Cache\Admin\e16cf278f1c326e72baf6415dbd5ab87.php 第 41 行.
INFO: Run Behavior\ParseTemplateBehavior [ RunTime:0.010000s ]
INFO: [ view_parse ] --END-- [ RunTime:0.010000s ]
INFO: [ view_filter ] --START--
INFO: Run Behavior\WriteHtmlCacheBehavior [ RunTime:0.001000s ]
INFO: [ view_filter ] --END-- [ RunTime:0.001000s ]
INFO: [ app_end ] --START--
INFO: Run Behavior\ShowPageTraceBehavior [ RunTime:0.001000s ]
INFO: [ app_end ] --END-- [ RunTime:0.001000s ]

[ 2016-11-02T23:43:18+08:00 ] ::1 /cartshop/index.php/Admin/Article/add
INFO: [ app_init ] --START--
INFO: Run Behavior\BuildLiteBehavior [ RunTime:0.000000s ]
INFO: [ app_init ] --END-- [ RunTime:0.001000s ]
INFO: [ app_begin ] --START--
INFO: Run Behavior\ReadHtmlCacheBehavior [ RunTime:0.001000s ]
INFO: [ app_begin ] --END-- [ RunTime:0.001000s ]
NOTIC: [8] Use of undefined constant unique - assumed 'unique' E:\WWW\cartshop\ThinkPHP\Common\functions.php 第 588 行.
SQL: SHOW COLUMNS FROM `cs_article` [ RunTime:0.0030s ]
NOTIC: [2] call_user_func() expects parameter 1 to be a valid callback, no array or string given E:\WWW\cartshop\ThinkPHP\Library\Think\Upload.class.php 第 170 行.
NOTIC: [8] Undefined index: validate E:\WWW\cartshop\ThinkPHP\Library\Think\Model.class.php 第 1185 行.
SQL: SELECT * FROM `cs_article` WHERE `title` = '1111' LIMIT 1   [ RunTime:0.0010s ]
NOTIC: [8] Undefined index: auto E:\WWW\cartshop\ThinkPHP\Library\Think\Model.class.php 第 1128 行.
SQL: INSERT INTO `cs_article` (`title`,`rizu`,`num`,`atype`,`author`,`cateid`,`content`,`keywords`,`des`,`rem`,`time`,`pic`) VALUES ('1111','1','','1','1','68','&lt;p&gt;111&lt;/p&gt;','1','1','1','1478101398','./Public/Uploads/2016-11-02/581a09967c448.jpg') [ RunTime:0.2670s ]
INFO: [ view_parse ] --START--
INFO: [ template_filter ] --START--
INFO: Run Behavior\ContentReplaceBehavior [ RunTime:0.000000s ]
INFO: [ template_filter ] --END-- [ RunTime:0.000000s ]
INFO: Run Behavior\ParseTemplateBehavior [ RunTime:0.008000s ]
INFO: [ view_parse ] --END-- [ RunTime:0.008000s ]
INFO: [ view_filter ] --START--
INFO: Run Behavior\WriteHtmlCacheBehavior [ RunTime:0.001000s ]
INFO: [ view_filter ] --END-- [ RunTime:0.001000s ]
INFO: [ app_end ] --START--
INFO: Run Behavior\ShowPageTraceBehavior [ RunTime:0.001000s ]
INFO: [ app_end ] --END-- [ RunTime:0.001000s ]

[ 2016-11-02T23:43:20+08:00 ] ::1 /cartshop/index.php/Admin/Article/lst.html
INFO: [ app_init ] --START--
INFO: Run Behavior\BuildLiteBehavior [ RunTime:0.000000s ]
INFO: [ app_init ] --END-- [ RunTime:0.000000s ]
INFO: [ app_begin ] --START--
INFO: Run Behavior\ReadHtmlCacheBehavior [ RunTime:0.001000s ]
INFO: [ app_begin ] --END-- [ RunTime:0.001000s ]
SQL: SHOW COLUMNS FROM `cs_article` [ RunTime:0.0020s ]
SQL: SHOW COLUMNS FROM `cs_cate` [ RunTime:0.0020s ]
NOTIC: [2] Invalid argument supplied for foreach() E:\WWW\cartshop\ThinkPHP\Library\Think\Db\Driver.class.php 第 504 行.
SQL: SELECT COUNT(*) AS tp_count FROM cs_article article LEFT JOIN cs_cate cate ON article.cateid=cate.id LIMIT 1   [ RunTime:0.0000s ]
NOTIC: [2] Invalid argument supplied for foreach() E:\WWW\cartshop\ThinkPHP\Library\Think\Db\Driver.class.php 第 504 行.
SQL: SELECT article.id AS id,article.title AS title,article.rem AS rem,article.pic AS pic,cate.name AS name FROM cs_article article LEFT JOIN cs_cate cate ON article.cateid=cate.id ORDER BY article.id desc LIMIT 0,3   [ RunTime:0.0010s ]
NOTIC: [8] Use of undefined constant unique - assumed 'unique' E:\WWW\cartshop\ThinkPHP\Common\functions.php 第 588 行.
SQL: SHOW COLUMNS FROM `cs_cate` [ RunTime:0.0010s ]
SQL: SELECT * FROM `cs_cate` ORDER BY sort asc  [ RunTime:0.0000s ]
INFO: [ view_parse ] --START--
INFO: [ template_filter ] --START--
INFO: Run Behavior\ContentReplaceBehavior [ RunTime:0.000000s ]
INFO: [ template_filter ] --END-- [ RunTime:0.000000s ]
NOTIC: [2] Invalid argument supplied for foreach() E:\WWW\cartshop\Application\Runtime\Cache\Admin\3233ce5cce332a117b52d9b8831cbcfa.php 第 38 行.
INFO: Run Behavior\ParseTemplateBehavior [ RunTime:0.010000s ]
INFO: [ view_parse ] --END-- [ RunTime:0.010000s ]
INFO: [ view_filter ] --START--
INFO: Run Behavior\WriteHtmlCacheBehavior [ RunTime:0.001000s ]
INFO: [ view_filter ] --END-- [ RunTime:0.001000s ]
INFO: [ app_end ] --START--
INFO: Run Behavior\ShowPageTraceBehavior [ RunTime:0.002000s ]
INFO: [ app_end ] --END-- [ RunTime:0.002000s ]

[ 2016-11-02T23:43:28+08:00 ] ::1 /cartshop/index.php/Admin/Article/edit/id/36
INFO: [ app_init ] --START--
INFO: Run Behavior\BuildLiteBehavior [ RunTime:0.000000s ]
INFO: [ app_init ] --END-- [ RunTime:0.000000s ]
INFO: [ app_begin ] --START--
INFO: Run Behavior\ReadHtmlCacheBehavior [ RunTime:0.001000s ]
INFO: [ app_begin ] --END-- [ RunTime:0.001000s ]
NOTIC: [8] Use of undefined constant unique - assumed 'unique' E:\WWW\cartshop\ThinkPHP\Common\functions.php 第 588 行.
SQL: SHOW COLUMNS FROM `cs_article` [ RunTime:0.0020s ]
SQL: SELECT * FROM `cs_article` WHERE `id` = 36 LIMIT 1   [ RunTime:0.0000s ]
NOTIC: [8] Use of undefined constant unique - assumed 'unique' E:\WWW\cartshop\ThinkPHP\Common\functions.php 第 588 行.
SQL: SHOW COLUMNS FROM `cs_cate` [ RunTime:0.0020s ]
SQL: SELECT * FROM `cs_cate` ORDER BY sort asc  [ RunTime:0.0010s ]
INFO: [ view_parse ] --START--
INFO: [ template_filter ] --START--
INFO: Run Behavior\ContentReplaceBehavior [ RunTime:0.000000s ]
INFO: [ template_filter ] --END-- [ RunTime:0.000000s ]
NOTIC: [2] Invalid argument supplied for foreach() E:\WWW\cartshop\Application\Runtime\Cache\Admin\761055de2f430bef08441163fbb8bda7.php 第 43 行.
INFO: Run Behavior\ParseTemplateBehavior [ RunTime:0.057000s ]
INFO: [ view_parse ] --END-- [ RunTime:0.057000s ]
INFO: [ view_filter ] --START--
INFO: Run Behavior\WriteHtmlCacheBehavior [ RunTime:0.001000s ]
INFO: [ view_filter ] --END-- [ RunTime:0.001000s ]
INFO: [ app_end ] --START--
INFO: Run Behavior\ShowPageTraceBehavior [ RunTime:0.001000s ]
INFO: [ app_end ] --END-- [ RunTime:0.001000s ]

[ 2016-11-02T23:43:33+08:00 ] ::1 /cartshop/index.php/Admin/Article/edit/id/36
INFO: [ app_init ] --START--
INFO: Run Behavior\BuildLiteBehavior [ RunTime:0.000000s ]
INFO: [ app_init ] --END-- [ RunTime:0.001000s ]
INFO: [ app_begin ] --START--
INFO: Run Behavior\ReadHtmlCacheBehavior [ RunTime:0.001000s ]
INFO: [ app_begin ] --END-- [ RunTime:0.001000s ]
NOTIC: [8] Use of undefined constant unique - assumed 'unique' E:\WWW\cartshop\ThinkPHP\Common\functions.php 第 588 行.
SQL: SHOW COLUMNS FROM `cs_article` [ RunTime:0.0020s ]
NOTIC: [8] Undefined index: validate E:\WWW\cartshop\ThinkPHP\Library\Think\Model.class.php 第 1185 行.
NOTIC: [8] Undefined index: auto E:\WWW\cartshop\ThinkPHP\Library\Think\Model.class.php 第 1128 行.
SQL: UPDATE `cs_article` SET `title`='1111',`rizu`='1',`num`='',`atype`='1',`author`='1',`cateid`='68',`content`='&lt;p&gt;111&lt;/p&gt;',`keywords`='1',`des`='1111111111111',`rem`='1',`time`='1478101413' WHERE `id` = 36 [ RunTime:0.0460s ]
INFO: [ view_parse ] --START--
INFO: [ template_filter ] --START--
INFO: Run Behavior\ContentReplaceBehavior [ RunTime:0.000000s ]
INFO: [ template_filter ] --END-- [ RunTime:0.000000s ]
INFO: Run Behavior\ParseTemplateBehavior [ RunTime:0.007000s ]
INFO: [ view_parse ] --END-- [ RunTime:0.007000s ]
INFO: [ view_filter ] --START--
INFO: Run Behavior\WriteHtmlCacheBehavior [ RunTime:0.001000s ]
INFO: [ view_filter ] --END-- [ RunTime:0.001000s ]
INFO: [ app_end ] --START--
INFO: Run Behavior\ShowPageTraceBehavior [ RunTime:0.001000s ]
INFO: [ app_end ] --END-- [ RunTime:0.001000s ]

[ 2016-11-02T23:43:35+08:00 ] ::1 /cartshop/index.php/Admin/Article/lst.html
INFO: [ app_init ] --START--
INFO: Run Behavior\BuildLiteBehavior [ RunTime:0.000000s ]
INFO: [ app_init ] --END-- [ RunTime:0.001000s ]
INFO: [ app_begin ] --START--
INFO: Run Behavior\ReadHtmlCacheBehavior [ RunTime:0.001000s ]
INFO: [ app_begin ] --END-- [ RunTime:0.001000s ]
SQL: SHOW COLUMNS FROM `cs_article` [ RunTime:0.0020s ]
SQL: SHOW COLUMNS FROM `cs_cate` [ RunTime:0.0010s ]
NOTIC: [2] Invalid argument supplied for foreach() E:\WWW\cartshop\ThinkPHP\Library\Think\Db\Driver.class.php 第 504 行.
SQL: SELECT COUNT(*) AS tp_count FROM cs_article article LEFT JOIN cs_cate cate ON article.cateid=cate.id LIMIT 1   [ RunTime:0.0000s ]
NOTIC: [2] Invalid argument supplied for foreach() E:\WWW\cartshop\ThinkPHP\Library\Think\Db\Driver.class.php 第 504 行.
SQL: SELECT article.id AS id,article.title AS title,article.rem AS rem,article.pic AS pic,cate.name AS name FROM cs_article article LEFT JOIN cs_cate cate ON article.cateid=cate.id ORDER BY article.id desc LIMIT 0,3   [ RunTime:0.0010s ]
NOTIC: [8] Use of undefined constant unique - assumed 'unique' E:\WWW\cartshop\ThinkPHP\Common\functions.php 第 588 行.
SQL: SHOW COLUMNS FROM `cs_cate` [ RunTime:0.0020s ]
SQL: SELECT * FROM `cs_cate` ORDER BY sort asc  [ RunTime:0.0000s ]
INFO: [ view_parse ] --START--
INFO: [ template_filter ] --START--
INFO: Run Behavior\ContentReplaceBehavior [ RunTime:0.000000s ]
INFO: [ template_filter ] --END-- [ RunTime:0.000000s ]
NOTIC: [2] Invalid argument supplied for foreach() E:\WWW\cartshop\Application\Runtime\Cache\Admin\3233ce5cce332a117b52d9b8831cbcfa.php 第 38 行.
INFO: Run Behavior\ParseTemplateBehavior [ RunTime:0.013000s ]
INFO: [ view_parse ] --END-- [ RunTime:0.014000s ]
INFO: [ view_filter ] --START--
INFO: Run Behavior\WriteHtmlCacheBehavior [ RunTime:0.001000s ]
INFO: [ view_filter ] --END-- [ RunTime:0.001000s ]
INFO: [ app_end ] --START--
INFO: Run Behavior\ShowPageTraceBehavior [ RunTime:0.001000s ]
INFO: [ app_end ] --END-- [ RunTime:0.001000s ]

[ 2016-11-02T23:43:39+08:00 ] ::1 /cartshop/index.php/Admin/Article/del/id/36
INFO: [ app_init ] --START--
INFO: Run Behavior\BuildLiteBehavior [ RunTime:0.000000s ]
INFO: [ app_init ] --END-- [ RunTime:0.001000s ]
INFO: [ app_begin ] --START--
INFO: Run Behavior\ReadHtmlCacheBehavior [ RunTime:0.001000s ]
INFO: [ app_begin ] --END-- [ RunTime:0.002000s ]
NOTIC: [8] Use of undefined constant unique - assumed 'unique' E:\WWW\cartshop\ThinkPHP\Common\functions.php 第 588 行.
SQL: SHOW COLUMNS FROM `cs_article` [ RunTime:0.0030s ]
SQL: DELETE FROM `cs_article` WHERE `id` = 36 [ RunTime:0.0010s ]
INFO: [ view_parse ] --START--
INFO: [ template_filter ] --START--
INFO: Run Behavior\ContentReplaceBehavior [ RunTime:0.000000s ]
INFO: [ template_filter ] --END-- [ RunTime:0.000000s ]
INFO: Run Behavior\ParseTemplateBehavior [ RunTime:0.007000s ]
INFO: [ view_parse ] --END-- [ RunTime:0.007000s ]
INFO: [ view_filter ] --START--
INFO: Run Behavior\WriteHtmlCacheBehavior [ RunTime:0.000000s ]
INFO: [ view_filter ] --END-- [ RunTime:0.000000s ]
INFO: [ app_end ] --START--
INFO: Run Behavior\ShowPageTraceBehavior [ RunTime:0.002000s ]
INFO: [ app_end ] --END-- [ RunTime:0.002000s ]

[ 2016-11-02T23:43:41+08:00 ] ::1 /cartshop/index.php/Admin/Article/lst.html
INFO: [ app_init ] --START--
INFO: Run Behavior\BuildLiteBehavior [ RunTime:0.000000s ]
INFO: [ app_init ] --END-- [ RunTime:0.000000s ]
INFO: [ app_begin ] --START--
INFO: Run Behavior\ReadHtmlCacheBehavior [ RunTime:0.001000s ]
INFO: [ app_begin ] --END-- [ RunTime:0.001000s ]
SQL: SHOW COLUMNS FROM `cs_article` [ RunTime:0.0020s ]
SQL: SHOW COLUMNS FROM `cs_cate` [ RunTime:0.0020s ]
NOTIC: [2] Invalid argument supplied for foreach() E:\WWW\cartshop\ThinkPHP\Library\Think\Db\Driver.class.php 第 504 行.
SQL: SELECT COUNT(*) AS tp_count FROM cs_article article LEFT JOIN cs_cate cate ON article.cateid=cate.id LIMIT 1   [ RunTime:0.0000s ]
NOTIC: [2] Invalid argument supplied for foreach() E:\WWW\cartshop\ThinkPHP\Library\Think\Db\Driver.class.php 第 504 行.
SQL: SELECT article.id AS id,article.title AS title,article.rem AS rem,article.pic AS pic,cate.name AS name FROM cs_article article LEFT JOIN cs_cate cate ON article.cateid=cate.id ORDER BY article.id desc LIMIT 0,3   [ RunTime:0.0000s ]
NOTIC: [8] Use of undefined constant unique - assumed 'unique' E:\WWW\cartshop\ThinkPHP\Common\functions.php 第 588 行.
SQL: SHOW COLUMNS FROM `cs_cate` [ RunTime:0.0020s ]
SQL: SELECT * FROM `cs_cate` ORDER BY sort asc  [ RunTime:0.0010s ]
INFO: [ view_parse ] --START--
INFO: [ template_filter ] --START--
INFO: Run Behavior\ContentReplaceBehavior [ RunTime:0.000000s ]
INFO: [ template_filter ] --END-- [ RunTime:0.000000s ]
NOTIC: [2] Invalid argument supplied for foreach() E:\WWW\cartshop\Application\Runtime\Cache\Admin\3233ce5cce332a117b52d9b8831cbcfa.php 第 38 行.
INFO: Run Behavior\ParseTemplateBehavior [ RunTime:0.012000s ]
INFO: [ view_parse ] --END-- [ RunTime:0.012000s ]
INFO: [ view_filter ] --START--
INFO: Run Behavior\WriteHtmlCacheBehavior [ RunTime:0.001000s ]
INFO: [ view_filter ] --END-- [ RunTime:0.001000s ]
INFO: [ app_end ] --START--
INFO: Run Behavior\ShowPageTraceBehavior [ RunTime:0.001000s ]
INFO: [ app_end ] --END-- [ RunTime:0.001000s ]

[ 2016-11-02T23:44:30+08:00 ] ::1 /cartshop/index.php/Admin/Article/lst.html?search-sort=91&kw=&sub=%E6%9F%A5%E8%AF%A2
INFO: [ app_init ] --START--
INFO: Run Behavior\BuildLiteBehavior [ RunTime:0.000000s ]
INFO: [ app_init ] --END-- [ RunTime:0.001000s ]
INFO: [ app_begin ] --START--
INFO: Run Behavior\ReadHtmlCacheBehavior [ RunTime:0.001000s ]
INFO: [ app_begin ] --END-- [ RunTime:0.001000s ]
SQL: SHOW COLUMNS FROM `cs_article` [ RunTime:0.0030s ]
SQL: SHOW COLUMNS FROM `cs_cate` [ RunTime:0.0010s ]
SQL: SELECT COUNT(*) AS tp_count FROM cs_article article LEFT JOIN cs_cate cate ON article.cateid=cate.id WHERE ( 1 AND cateid =91 ) LIMIT 1   [ RunTime:0.0000s ]
SQL: SELECT article.id AS id,article.title AS title,article.rem AS rem,article.pic AS pic,cate.name AS name FROM cs_article article LEFT JOIN cs_cate cate ON article.cateid=cate.id WHERE ( 1 AND cateid =91 ) ORDER BY article.id desc LIMIT 0,3   [ RunTime:0.0000s ]
NOTIC: [8] Use of undefined constant unique - assumed 'unique' E:\WWW\cartshop\ThinkPHP\Common\functions.php 第 588 行.
SQL: SHOW COLUMNS FROM `cs_cate` [ RunTime:0.0030s ]
SQL: SELECT * FROM `cs_cate` ORDER BY sort asc  [ RunTime:0.0000s ]
INFO: [ view_parse ] --START--
INFO: [ template_filter ] --START--
INFO: Run Behavior\ContentReplaceBehavior [ RunTime:0.000000s ]
INFO: [ template_filter ] --END-- [ RunTime:0.000000s ]
NOTIC: [2] Invalid argument supplied for foreach() E:\WWW\cartshop\Application\Runtime\Cache\Admin\3233ce5cce332a117b52d9b8831cbcfa.php 第 38 行.
INFO: Run Behavior\ParseTemplateBehavior [ RunTime:0.012000s ]
INFO: [ view_parse ] --END-- [ RunTime:0.012000s ]
INFO: [ view_filter ] --START--
INFO: Run Behavior\WriteHtmlCacheBehavior [ RunTime:0.001000s ]
INFO: [ view_filter ] --END-- [ RunTime:0.001000s ]
INFO: [ app_end ] --START--
INFO: Run Behavior\ShowPageTraceBehavior [ RunTime:0.001000s ]
INFO: [ app_end ] --END-- [ RunTime:0.001000s ]

[ 2016-11-02T23:44:35+08:00 ] ::1 /cartshop/index.php/Admin/Article/lst.html?search-sort=&kw=11&sub=%E6%9F%A5%E8%AF%A2
INFO: [ app_init ] --START--
INFO: Run Behavior\BuildLiteBehavior [ RunTime:0.000000s ]
INFO: [ app_init ] --END-- [ RunTime:0.001000s ]
INFO: [ app_begin ] --START--
INFO: Run Behavior\ReadHtmlCacheBehavior [ RunTime:0.001000s ]
INFO: [ app_begin ] --END-- [ RunTime:0.001000s ]
SQL: SHOW COLUMNS FROM `cs_article` [ RunTime:0.0020s ]
SQL: SHOW COLUMNS FROM `cs_cate` [ RunTime:0.0020s ]
SQL: SELECT COUNT(*) AS tp_count FROM cs_article article LEFT JOIN cs_cate cate ON article.cateid=cate.id WHERE ( 1 AND title LIKE "%11%" ) LIMIT 1   [ RunTime:0.0000s ]
SQL: SELECT article.id AS id,article.title AS title,article.rem AS rem,article.pic AS pic,cate.name AS name FROM cs_article article LEFT JOIN cs_cate cate ON article.cateid=cate.id WHERE ( 1 AND title LIKE "%11%" ) ORDER BY article.id desc LIMIT 0,3   [ RunTime:0.0010s ]
NOTIC: [8] Use of undefined constant unique - assumed 'unique' E:\WWW\cartshop\ThinkPHP\Common\functions.php 第 588 行.
SQL: SHOW COLUMNS FROM `cs_cate` [ RunTime:0.0020s ]
SQL: SELECT * FROM `cs_cate` ORDER BY sort asc  [ RunTime:0.0010s ]
INFO: [ view_parse ] --START--
INFO: [ template_filter ] --START--
INFO: Run Behavior\ContentReplaceBehavior [ RunTime:0.000000s ]
INFO: [ template_filter ] --END-- [ RunTime:0.000000s ]
NOTIC: [2] Invalid argument supplied for foreach() E:\WWW\cartshop\Application\Runtime\Cache\Admin\3233ce5cce332a117b52d9b8831cbcfa.php 第 38 行.
INFO: Run Behavior\ParseTemplateBehavior [ RunTime:0.012000s ]
INFO: [ view_parse ] --END-- [ RunTime:0.012000s ]
INFO: [ view_filter ] --START--
INFO: Run Behavior\WriteHtmlCacheBehavior [ RunTime:0.001000s ]
INFO: [ view_filter ] --END-- [ RunTime:0.001000s ]
INFO: [ app_end ] --START--
INFO: Run Behavior\ShowPageTraceBehavior [ RunTime:0.001000s ]
INFO: [ app_end ] --END-- [ RunTime:0.001000s ]

[ 2016-11-02T23:44:42+08:00 ] ::1 /cartshop/index.php/Admin/Article/lst.html?search-sort=94&kw=11&sub=%E6%9F%A5%E8%AF%A2
INFO: [ app_init ] --START--
INFO: Run Behavior\BuildLiteBehavior [ RunTime:0.000000s ]
INFO: [ app_init ] --END-- [ RunTime:0.001000s ]
INFO: [ app_begin ] --START--
INFO: Run Behavior\ReadHtmlCacheBehavior [ RunTime:0.001000s ]
INFO: [ app_begin ] --END-- [ RunTime:0.001000s ]
SQL: SHOW COLUMNS FROM `cs_article` [ RunTime:0.0020s ]
SQL: SHOW COLUMNS FROM `cs_cate` [ RunTime:0.0020s ]
SQL: SELECT COUNT(*) AS tp_count FROM cs_article article LEFT JOIN cs_cate cate ON article.cateid=cate.id WHERE ( 1 AND title LIKE "%11%" AND cateid =94 ) LIMIT 1   [ RunTime:0.0000s ]
SQL: SELECT article.id AS id,article.title AS title,article.rem AS rem,article.pic AS pic,cate.name AS name FROM cs_article article LEFT JOIN cs_cate cate ON article.cateid=cate.id WHERE ( 1 AND title LIKE "%11%" AND cateid =94 ) ORDER BY article.id desc LIMIT 0,3   [ RunTime:0.0000s ]
NOTIC: [8] Use of undefined constant unique - assumed 'unique' E:\WWW\cartshop\ThinkPHP\Common\functions.php 第 588 行.
SQL: SHOW COLUMNS FROM `cs_cate` [ RunTime:0.0030s ]
SQL: SELECT * FROM `cs_cate` ORDER BY sort asc  [ RunTime:0.0010s ]
INFO: [ view_parse ] --START--
INFO: [ template_filter ] --START--
INFO: Run Behavior\ContentReplaceBehavior [ RunTime:0.000000s ]
INFO: [ template_filter ] --END-- [ RunTime:0.000000s ]
NOTIC: [2] Invalid argument supplied for foreach() E:\WWW\cartshop\Application\Runtime\Cache\Admin\3233ce5cce332a117b52d9b8831cbcfa.php 第 38 行.
INFO: Run Behavior\ParseTemplateBehavior [ RunTime:0.015000s ]
INFO: [ view_parse ] --END-- [ RunTime:0.015000s ]
INFO: [ view_filter ] --START--
INFO: Run Behavior\WriteHtmlCacheBehavior [ RunTime:0.001000s ]
INFO: [ view_filter ] --END-- [ RunTime:0.001000s ]
INFO: [ app_end ] --START--
INFO: Run Behavior\ShowPageTraceBehavior [ RunTime:0.001000s ]
INFO: [ app_end ] --END-- [ RunTime:0.001000s ]

[ 2016-11-02T23:44:46+08:00 ] ::1 /cartshop/index.php/Admin/Article/lst.html?search-sort=&kw=&sub=%E6%9F%A5%E8%AF%A2
INFO: [ app_init ] --START--
INFO: Run Behavior\BuildLiteBehavior [ RunTime:0.000000s ]
INFO: [ app_init ] --END-- [ RunTime:0.000000s ]
INFO: [ app_begin ] --START--
INFO: Run Behavior\ReadHtmlCacheBehavior [ RunTime:0.001000s ]
INFO: [ app_begin ] --END-- [ RunTime:0.001000s ]
SQL: SHOW COLUMNS FROM `cs_article` [ RunTime:0.0020s ]
SQL: SHOW COLUMNS FROM `cs_cate` [ RunTime:0.0020s ]
NOTIC: [2] Invalid argument supplied for foreach() E:\WWW\cartshop\ThinkPHP\Library\Think\Db\Driver.class.php 第 504 行.
SQL: SELECT COUNT(*) AS tp_count FROM cs_article article LEFT JOIN cs_cate cate ON article.cateid=cate.id LIMIT 1   [ RunTime:0.0010s ]
NOTIC: [2] Invalid argument supplied for foreach() E:\WWW\cartshop\ThinkPHP\Library\Think\Db\Driver.class.php 第 504 行.
SQL: SELECT article.id AS id,article.title AS title,article.rem AS rem,article.pic AS pic,cate.name AS name FROM cs_article article LEFT JOIN cs_cate cate ON article.cateid=cate.id ORDER BY article.id desc LIMIT 0,3   [ RunTime:0.0000s ]
NOTIC: [8] Use of undefined constant unique - assumed 'unique' E:\WWW\cartshop\ThinkPHP\Common\functions.php 第 588 行.
SQL: SHOW COLUMNS FROM `cs_cate` [ RunTime:0.0020s ]
SQL: SELECT * FROM `cs_cate` ORDER BY sort asc  [ RunTime:0.0000s ]
INFO: [ view_parse ] --START--
INFO: [ template_filter ] --START--
INFO: Run Behavior\ContentReplaceBehavior [ RunTime:0.000000s ]
INFO: [ template_filter ] --END-- [ RunTime:0.000000s ]
NOTIC: [2] Invalid argument supplied for foreach() E:\WWW\cartshop\Application\Runtime\Cache\Admin\3233ce5cce332a117b52d9b8831cbcfa.php 第 38 行.
INFO: Run Behavior\ParseTemplateBehavior [ RunTime:0.012000s ]
INFO: [ view_parse ] --END-- [ RunTime:0.012000s ]
INFO: [ view_filter ] --START--
INFO: Run Behavior\WriteHtmlCacheBehavior [ RunTime:0.001000s ]
INFO: [ view_filter ] --END-- [ RunTime:0.001000s ]
INFO: [ app_end ] --START--
INFO: Run Behavior\ShowPageTraceBehavior [ RunTime:0.001000s ]
INFO: [ app_end ] --END-- [ RunTime:0.001000s ]

[ 2016-11-02T23:44:53+08:00 ] ::1 /cartshop/index.php/Admin/Cate/lst
INFO: [ app_init ] --START--
INFO: Run Behavior\BuildLiteBehavior [ RunTime:0.000000s ]
INFO: [ app_init ] --END-- [ RunTime:0.000000s ]
INFO: [ app_begin ] --START--
INFO: Run Behavior\ReadHtmlCacheBehavior [ RunTime:0.000000s ]
INFO: [ app_begin ] --END-- [ RunTime:0.000000s ]
NOTIC: [8] Use of undefined constant unique - assumed 'unique' E:\WWW\cartshop\ThinkPHP\Common\functions.php 第 588 行.
SQL: SHOW COLUMNS FROM `cs_cate` [ RunTime:0.0030s ]
SQL: SELECT * FROM `cs_cate` ORDER BY sort asc  [ RunTime:0.0000s ]
INFO: [ view_parse ] --START--
INFO: [ template_filter ] --START--
INFO: Run Behavior\ContentReplaceBehavior [ RunTime:0.000000s ]
INFO: [ template_filter ] --END-- [ RunTime:0.000000s ]
NOTIC: [2] Invalid argument supplied for foreach() E:\WWW\cartshop\Application\Runtime\Cache\Admin\1e31b38d8d9702701609b47afd2fec77.php 第 38 行.
INFO: Run Behavior\ParseTemplateBehavior [ RunTime:0.011000s ]
INFO: [ view_parse ] --END-- [ RunTime:0.011000s ]
INFO: [ view_filter ] --START--
INFO: Run Behavior\WriteHtmlCacheBehavior [ RunTime:0.000000s ]
INFO: [ view_filter ] --END-- [ RunTime:0.000000s ]
INFO: [ app_end ] --START--
INFO: Run Behavior\ShowPageTraceBehavior [ RunTime:0.001000s ]
INFO: [ app_end ] --END-- [ RunTime:0.001000s ]

[ 2016-11-02T23:45:06+08:00 ] ::1 /cartshop/index.php/Admin/Article/lst
INFO: [ app_init ] --START--
INFO: Run Behavior\BuildLiteBehavior [ RunTime:0.000000s ]
INFO: [ app_init ] --END-- [ RunTime:0.000000s ]
INFO: [ app_begin ] --START--
INFO: Run Behavior\ReadHtmlCacheBehavior [ RunTime:0.001000s ]
INFO: [ app_begin ] --END-- [ RunTime:0.001000s ]
SQL: SHOW COLUMNS FROM `cs_article` [ RunTime:0.0020s ]
SQL: SHOW COLUMNS FROM `cs_cate` [ RunTime:0.0020s ]
NOTIC: [2] Invalid argument supplied for foreach() E:\WWW\cartshop\ThinkPHP\Library\Think\Db\Driver.class.php 第 504 行.
SQL: SELECT COUNT(*) AS tp_count FROM cs_article article LEFT JOIN cs_cate cate ON article.cateid=cate.id LIMIT 1   [ RunTime:0.0000s ]
NOTIC: [2] Invalid argument supplied for foreach() E:\WWW\cartshop\ThinkPHP\Library\Think\Db\Driver.class.php 第 504 行.
SQL: SELECT article.id AS id,article.title AS title,article.rem AS rem,article.pic AS pic,cate.name AS name FROM cs_article article LEFT JOIN cs_cate cate ON article.cateid=cate.id ORDER BY article.id desc LIMIT 0,3   [ RunTime:0.0010s ]
NOTIC: [8] Use of undefined constant unique - assumed 'unique' E:\WWW\cartshop\ThinkPHP\Common\functions.php 第 588 行.
SQL: SHOW COLUMNS FROM `cs_cate` [ RunTime:0.0010s ]
SQL: SELECT * FROM `cs_cate` ORDER BY sort asc  [ RunTime:0.0010s ]
INFO: [ view_parse ] --START--
INFO: [ template_filter ] --START--
INFO: Run Behavior\ContentReplaceBehavior [ RunTime:0.000000s ]
INFO: [ template_filter ] --END-- [ RunTime:0.000000s ]
NOTIC: [2] Invalid argument supplied for foreach() E:\WWW\cartshop\Application\Runtime\Cache\Admin\3233ce5cce332a117b52d9b8831cbcfa.php 第 38 行.
INFO: Run Behavior\ParseTemplateBehavior [ RunTime:0.011000s ]
INFO: [ view_parse ] --END-- [ RunTime:0.011000s ]
INFO: [ view_filter ] --START--
INFO: Run Behavior\WriteHtmlCacheBehavior [ RunTime:0.001000s ]
INFO: [ view_filter ] --END-- [ RunTime:0.001000s ]
INFO: [ app_end ] --START--
INFO: Run Behavior\ShowPageTraceBehavior [ RunTime:0.001000s ]
INFO: [ app_end ] --END-- [ RunTime:0.001000s ]

[ 2016-11-02T23:45:10+08:00 ] ::1 /cartshop/index.php/Admin/Article/add
INFO: [ app_init ] --START--
INFO: Run Behavior\BuildLiteBehavior [ RunTime:0.000000s ]
INFO: [ app_init ] --END-- [ RunTime:0.000000s ]
INFO: [ app_begin ] --START--
INFO: Run Behavior\ReadHtmlCacheBehavior [ RunTime:0.001000s ]
INFO: [ app_begin ] --END-- [ RunTime:0.001000s ]
NOTIC: [8] Use of undefined constant unique - assumed 'unique' E:\WWW\cartshop\ThinkPHP\Common\functions.php 第 588 行.
SQL: SHOW COLUMNS FROM `cs_article` [ RunTime:0.0020s ]
NOTIC: [8] Use of undefined constant unique - assumed 'unique' E:\WWW\cartshop\ThinkPHP\Common\functions.php 第 588 行.
SQL: SHOW COLUMNS FROM `cs_cate` [ RunTime:0.0020s ]
SQL: SELECT * FROM `cs_cate` ORDER BY sort asc  [ RunTime:0.0010s ]
INFO: [ view_parse ] --START--
INFO: [ template_filter ] --START--
INFO: Run Behavior\ContentReplaceBehavior [ RunTime:0.000000s ]
INFO: [ template_filter ] --END-- [ RunTime:0.000000s ]
NOTIC: [2] Invalid argument supplied for foreach() E:\WWW\cartshop\Application\Runtime\Cache\Admin\e16cf278f1c326e72baf6415dbd5ab87.php 第 41 行.
INFO: Run Behavior\ParseTemplateBehavior [ RunTime:0.008000s ]
INFO: [ view_parse ] --END-- [ RunTime:0.008000s ]
INFO: [ view_filter ] --START--
INFO: Run Behavior\WriteHtmlCacheBehavior [ RunTime:0.001000s ]
INFO: [ view_filter ] --END-- [ RunTime:0.001000s ]
INFO: [ app_end ] --START--
INFO: Run Behavior\ShowPageTraceBehavior [ RunTime:0.001000s ]
INFO: [ app_end ] --END-- [ RunTime:0.001000s ]

[ 2016-11-02T23:45:26+08:00 ] ::1 /cartshop/index.php/Admin/Article/add
INFO: [ app_init ] --START--
INFO: Run Behavior\BuildLiteBehavior [ RunTime:0.001000s ]
INFO: [ app_init ] --END-- [ RunTime:0.001000s ]
INFO: [ app_begin ] --START--
INFO: Run Behavior\ReadHtmlCacheBehavior [ RunTime:0.000000s ]
INFO: [ app_begin ] --END-- [ RunTime:0.000000s ]
NOTIC: [8] Use of undefined constant unique - assumed 'unique' E:\WWW\cartshop\ThinkPHP\Common\functions.php 第 588 行.
SQL: SHOW COLUMNS FROM `cs_article` [ RunTime:0.0020s ]
NOTIC: [8] Undefined index: validate E:\WWW\cartshop\ThinkPHP\Library\Think\Model.class.php 第 1185 行.
SQL: SELECT * FROM `cs_article` WHERE `title` = '55' LIMIT 1   [ RunTime:0.0010s ]
NOTIC: [8] Undefined index: auto E:\WWW\cartshop\ThinkPHP\Library\Think\Model.class.php 第 1128 行.
SQL: INSERT INTO `cs_article` (`title`,`rizu`,`num`,`atype`,`author`,`cateid`,`content`,`keywords`,`des`,`rem`,`time`) VALUES ('55','0','','0','55','87','&lt;p&gt;5555&lt;/p&gt;','55','55','0','1478101526') [ RunTime:0.0000s ]
INFO: [ view_parse ] --START--
INFO: [ template_filter ] --START--
INFO: Run Behavior\ContentReplaceBehavior [ RunTime:0.000000s ]
INFO: [ template_filter ] --END-- [ RunTime:0.000000s ]
INFO: Run Behavior\ParseTemplateBehavior [ RunTime:0.005000s ]
INFO: [ view_parse ] --END-- [ RunTime:0.006000s ]
INFO: [ view_filter ] --START--
INFO: Run Behavior\WriteHtmlCacheBehavior [ RunTime:0.000000s ]
INFO: [ view_filter ] --END-- [ RunTime:0.000000s ]
INFO: [ app_end ] --START--
INFO: Run Behavior\ShowPageTraceBehavior [ RunTime:0.001000s ]
INFO: [ app_end ] --END-- [ RunTime:0.001000s ]

[ 2016-11-02T23:45:28+08:00 ] ::1 /cartshop/index.php/Admin/Article/lst.html
INFO: [ app_init ] --START--
INFO: Run Behavior\BuildLiteBehavior [ RunTime:0.000000s ]
INFO: [ app_init ] --END-- [ RunTime:0.000000s ]
INFO: [ app_begin ] --START--
INFO: Run Behavior\ReadHtmlCacheBehavior [ RunTime:0.001000s ]
INFO: [ app_begin ] --END-- [ RunTime:0.001000s ]
SQL: SHOW COLUMNS FROM `cs_article` [ RunTime:0.0020s ]
SQL: SHOW COLUMNS FROM `cs_cate` [ RunTime:0.0020s ]
NOTIC: [2] Invalid argument supplied for foreach() E:\WWW\cartshop\ThinkPHP\Library\Think\Db\Driver.class.php 第 504 行.
SQL: SELECT COUNT(*) AS tp_count FROM cs_article article LEFT JOIN cs_cate cate ON article.cateid=cate.id LIMIT 1   [ RunTime:0.0000s ]
NOTIC: [2] Invalid argument supplied for foreach() E:\WWW\cartshop\ThinkPHP\Library\Think\Db\Driver.class.php 第 504 行.
SQL: SELECT article.id AS id,article.title AS title,article.rem AS rem,article.pic AS pic,cate.name AS name FROM cs_article article LEFT JOIN cs_cate cate ON article.cateid=cate.id ORDER BY article.id desc LIMIT 0,3   [ RunTime:0.0000s ]
NOTIC: [8] Use of undefined constant unique - assumed 'unique' E:\WWW\cartshop\ThinkPHP\Common\functions.php 第 588 行.
SQL: SHOW COLUMNS FROM `cs_cate` [ RunTime:0.0020s ]
SQL: SELECT * FROM `cs_cate` ORDER BY sort asc  [ RunTime:0.0000s ]
INFO: [ view_parse ] --START--
INFO: [ template_filter ] --START--
INFO: Run Behavior\ContentReplaceBehavior [ RunTime:0.000000s ]
INFO: [ template_filter ] --END-- [ RunTime:0.000000s ]
NOTIC: [2] Invalid argument supplied for foreach() E:\WWW\cartshop\Application\Runtime\Cache\Admin\3233ce5cce332a117b52d9b8831cbcfa.php 第 38 行.
INFO: Run Behavior\ParseTemplateBehavior [ RunTime:0.011000s ]
INFO: [ view_parse ] --END-- [ RunTime:0.011000s ]
INFO: [ view_filter ] --START--
INFO: Run Behavior\WriteHtmlCacheBehavior [ RunTime:0.001000s ]
INFO: [ view_filter ] --END-- [ RunTime:0.001000s ]
INFO: [ app_end ] --START--
INFO: Run Behavior\ShowPageTraceBehavior [ RunTime:0.001000s ]
INFO: [ app_end ] --END-- [ RunTime:0.001000s ]

[ 2016-11-02T23:45:37+08:00 ] ::1 /cartshop/index.php/Admin/Article/edit/id/37
INFO: [ app_init ] --START--
INFO: Run Behavior\BuildLiteBehavior [ RunTime:0.000000s ]
INFO: [ app_init ] --END-- [ RunTime:0.000000s ]
INFO: [ app_begin ] --START--
INFO: Run Behavior\ReadHtmlCacheBehavior [ RunTime:0.001000s ]
INFO: [ app_begin ] --END-- [ RunTime:0.001000s ]
NOTIC: [8] Use of undefined constant unique - assumed 'unique' E:\WWW\cartshop\ThinkPHP\Common\functions.php 第 588 行.
SQL: SHOW COLUMNS FROM `cs_article` [ RunTime:0.0020s ]
SQL: SELECT * FROM `cs_article` WHERE `id` = 37 LIMIT 1   [ RunTime:0.0000s ]
NOTIC: [8] Use of undefined constant unique - assumed 'unique' E:\WWW\cartshop\ThinkPHP\Common\functions.php 第 588 行.
SQL: SHOW COLUMNS FROM `cs_cate` [ RunTime:0.0020s ]
SQL: SELECT * FROM `cs_cate` ORDER BY sort asc  [ RunTime:0.0010s ]
INFO: [ view_parse ] --START--
INFO: [ template_filter ] --START--
INFO: Run Behavior\ContentReplaceBehavior [ RunTime:0.000000s ]
INFO: [ template_filter ] --END-- [ RunTime:0.000000s ]
NOTIC: [2] Invalid argument supplied for foreach() E:\WWW\cartshop\Application\Runtime\Cache\Admin\761055de2f430bef08441163fbb8bda7.php 第 43 行.
INFO: Run Behavior\ParseTemplateBehavior [ RunTime:0.009000s ]
INFO: [ view_parse ] --END-- [ RunTime:0.009000s ]
INFO: [ view_filter ] --START--
INFO: Run Behavior\WriteHtmlCacheBehavior [ RunTime:0.001000s ]
INFO: [ view_filter ] --END-- [ RunTime:0.001000s ]
INFO: [ app_end ] --START--
INFO: Run Behavior\ShowPageTraceBehavior [ RunTime:0.001000s ]
INFO: [ app_end ] --END-- [ RunTime:0.001000s ]

[ 2016-11-02T23:47:58+08:00 ] ::1 /cartshop/index.php/Admin/Article/lst/p/8.html
INFO: [ app_init ] --START--
INFO: Run Behavior\BuildLiteBehavior [ RunTime:0.000000s ]
INFO: [ app_init ] --END-- [ RunTime:0.001000s ]
INFO: [ app_begin ] --START--
INFO: Run Behavior\ReadHtmlCacheBehavior [ RunTime:0.001000s ]
INFO: [ app_begin ] --END-- [ RunTime:0.001000s ]
SQL: SHOW COLUMNS FROM `cs_article` [ RunTime:0.0020s ]
SQL: SHOW COLUMNS FROM `cs_cate` [ RunTime:0.0020s ]
NOTIC: [2] Invalid argument supplied for foreach() E:\WWW\cartshop\ThinkPHP\Library\Think\Db\Driver.class.php 第 504 行.
SQL: SELECT COUNT(*) AS tp_count FROM cs_article article LEFT JOIN cs_cate cate ON article.cateid=cate.id LIMIT 1   [ RunTime:0.0000s ]
NOTIC: [2] Invalid argument supplied for foreach() E:\WWW\cartshop\ThinkPHP\Library\Think\Db\Driver.class.php 第 504 行.
SQL: SELECT article.id AS id,article.title AS title,article.rem AS rem,article.pic AS pic,cate.name AS name FROM cs_article article LEFT JOIN cs_cate cate ON article.cateid=cate.id ORDER BY article.id desc LIMIT 21,3   [ RunTime:0.0000s ]
NOTIC: [8] Use of undefined constant unique - assumed 'unique' E:\WWW\cartshop\ThinkPHP\Common\functions.php 第 588 行.
SQL: SHOW COLUMNS FROM `cs_cate` [ RunTime:0.0020s ]
SQL: SELECT * FROM `cs_cate` ORDER BY sort asc  [ RunTime:0.0000s ]
INFO: [ view_parse ] --START--
INFO: [ template_filter ] --START--
INFO: Run Behavior\ContentReplaceBehavior [ RunTime:0.000000s ]
INFO: [ template_filter ] --END-- [ RunTime:0.000000s ]
NOTIC: [2] Invalid argument supplied for foreach() E:\WWW\cartshop\Application\Runtime\Cache\Admin\3233ce5cce332a117b52d9b8831cbcfa.php 第 38 行.
INFO: Run Behavior\ParseTemplateBehavior [ RunTime:0.011000s ]
INFO: [ view_parse ] --END-- [ RunTime:0.011000s ]
INFO: [ view_filter ] --START--
INFO: Run Behavior\WriteHtmlCacheBehavior [ RunTime:0.000000s ]
INFO: [ view_filter ] --END-- [ RunTime:0.000000s ]
INFO: [ app_end ] --START--
INFO: Run Behavior\ShowPageTraceBehavior [ RunTime:0.001000s ]
INFO: [ app_end ] --END-- [ RunTime:0.001000s ]

[ 2016-11-02T23:48:01+08:00 ] ::1 /cartshop/index.php/Admin/Article/lst/p/10.html
INFO: [ app_init ] --START--
INFO: Run Behavior\BuildLiteBehavior [ RunTime:0.000000s ]
INFO: [ app_init ] --END-- [ RunTime:0.000000s ]
INFO: [ app_begin ] --START--
INFO: Run Behavior\ReadHtmlCacheBehavior [ RunTime:0.001000s ]
INFO: [ app_begin ] --END-- [ RunTime:0.001000s ]
SQL: SHOW COLUMNS FROM `cs_article` [ RunTime:0.0020s ]
SQL: SHOW COLUMNS FROM `cs_cate` [ RunTime:0.0020s ]
NOTIC: [2] Invalid argument supplied for foreach() E:\WWW\cartshop\ThinkPHP\Library\Think\Db\Driver.class.php 第 504 行.
SQL: SELECT COUNT(*) AS tp_count FROM cs_article article LEFT JOIN cs_cate cate ON article.cateid=cate.id LIMIT 1   [ RunTime:0.0010s ]
NOTIC: [2] Invalid argument supplied for foreach() E:\WWW\cartshop\ThinkPHP\Library\Think\Db\Driver.class.php 第 504 行.
SQL: SELECT article.id AS id,article.title AS title,article.rem AS rem,article.pic AS pic,cate.name AS name FROM cs_article article LEFT JOIN cs_cate cate ON article.cateid=cate.id ORDER BY article.id desc LIMIT 27,3   [ RunTime:0.0010s ]
NOTIC: [8] Use of undefined constant unique - assumed 'unique' E:\WWW\cartshop\ThinkPHP\Common\functions.php 第 588 行.
SQL: SHOW COLUMNS FROM `cs_cate` [ RunTime:0.0010s ]
SQL: SELECT * FROM `cs_cate` ORDER BY sort asc  [ RunTime:0.0000s ]
INFO: [ view_parse ] --START--
INFO: [ template_filter ] --START--
INFO: Run Behavior\ContentReplaceBehavior [ RunTime:0.000000s ]
INFO: [ template_filter ] --END-- [ RunTime:0.000000s ]
NOTIC: [2] Invalid argument supplied for foreach() E:\WWW\cartshop\Application\Runtime\Cache\Admin\3233ce5cce332a117b52d9b8831cbcfa.php 第 38 行.
INFO: Run Behavior\ParseTemplateBehavior [ RunTime:0.014000s ]
INFO: [ view_parse ] --END-- [ RunTime:0.014000s ]
INFO: [ view_filter ] --START--
INFO: Run Behavior\WriteHtmlCacheBehavior [ RunTime:0.001000s ]
INFO: [ view_filter ] --END-- [ RunTime:0.001000s ]
INFO: [ app_end ] --START--
INFO: Run Behavior\ShowPageTraceBehavior [ RunTime:0.000000s ]
INFO: [ app_end ] --END-- [ RunTime:0.000000s ]

[ 2016-11-02T23:49:05+08:00 ] ::1 /cartshop/index.php/Admin/Article/lst/p/10.html
INFO: [ app_init ] --START--
INFO: Run Behavior\BuildLiteBehavior [ RunTime:0.000000s ]
INFO: [ app_init ] --END-- [ RunTime:0.000000s ]
INFO: [ app_begin ] --START--
INFO: Run Behavior\ReadHtmlCacheBehavior [ RunTime:0.001000s ]
INFO: [ app_begin ] --END-- [ RunTime:0.001000s ]
SQL: SHOW COLUMNS FROM `cs_article` [ RunTime:0.0030s ]
SQL: SHOW COLUMNS FROM `cs_cate` [ RunTime:0.0030s ]
NOTIC: [2] Invalid argument supplied for foreach() E:\WWW\cartshop\ThinkPHP\Library\Think\Db\Driver.class.php 第 504 行.
SQL: SELECT COUNT(*) AS tp_count FROM cs_article article LEFT JOIN cs_cate cate ON article.cateid=cate.id LIMIT 1   [ RunTime:0.0000s ]
NOTIC: [2] Invalid argument supplied for foreach() E:\WWW\cartshop\ThinkPHP\Library\Think\Db\Driver.class.php 第 504 行.
SQL: SELECT article.id AS id,article.title AS title,article.rem AS rem,article.pic AS pic,cate.name AS name FROM cs_article article LEFT JOIN cs_cate cate ON article.cateid=cate.id ORDER BY article.id desc LIMIT 27,3   [ RunTime:0.0010s ]
NOTIC: [8] Use of undefined constant unique - assumed 'unique' E:\WWW\cartshop\ThinkPHP\Common\functions.php 第 588 行.
SQL: SHOW COLUMNS FROM `cs_cate` [ RunTime:0.0030s ]
SQL: SELECT * FROM `cs_cate` ORDER BY sort asc  [ RunTime:0.0000s ]
INFO: [ view_parse ] --START--
INFO: [ template_filter ] --START--
INFO: Run Behavior\ContentReplaceBehavior [ RunTime:0.000000s ]
INFO: [ template_filter ] --END-- [ RunTime:0.000000s ]
NOTIC: [2] Invalid argument supplied for foreach() E:\WWW\cartshop\Application\Runtime\Cache\Admin\3233ce5cce332a117b52d9b8831cbcfa.php 第 38 行.
INFO: Run Behavior\ParseTemplateBehavior [ RunTime:0.015000s ]
INFO: [ view_parse ] --END-- [ RunTime:0.015000s ]
INFO: [ view_filter ] --START--
INFO: Run Behavior\WriteHtmlCacheBehavior [ RunTime:0.001000s ]
INFO: [ view_filter ] --END-- [ RunTime:0.001000s ]
INFO: [ app_end ] --START--
INFO: Run Behavior\ShowPageTraceBehavior [ RunTime:0.001000s ]
INFO: [ app_end ] --END-- [ RunTime:0.001000s ]

[ 2016-11-02T23:49:24+08:00 ] ::1 /cartshop/index.php/Admin/Article/lst/p/10.html?search-sort=71&kw=&sub=%E6%9F%A5%E8%AF%A2
INFO: [ app_init ] --START--
INFO: Run Behavior\BuildLiteBehavior [ RunTime:0.000000s ]
INFO: [ app_init ] --END-- [ RunTime:0.000000s ]
INFO: [ app_begin ] --START--
INFO: Run Behavior\ReadHtmlCacheBehavior [ RunTime:0.000000s ]
INFO: [ app_begin ] --END-- [ RunTime:0.000000s ]
SQL: SHOW COLUMNS FROM `cs_article` [ RunTime:0.0010s ]
SQL: SHOW COLUMNS FROM `cs_cate` [ RunTime:0.0010s ]
SQL: SELECT COUNT(*) AS tp_count FROM cs_article article LEFT JOIN cs_cate cate ON article.cateid=cate.id WHERE ( 1 AND cateid =71 ) LIMIT 1   [ RunTime:0.0010s ]
SQL: SELECT article.id AS id,article.title AS title,article.rem AS rem,article.pic AS pic,cate.name AS name FROM cs_article article LEFT JOIN cs_cate cate ON article.cateid=cate.id WHERE ( 1 AND cateid =71 ) ORDER BY article.id desc LIMIT 27,3   [ RunTime:0.0010s ]
NOTIC: [8] Use of undefined constant unique - assumed 'unique' E:\WWW\cartshop\ThinkPHP\Common\functions.php 第 588 行.
SQL: SHOW COLUMNS FROM `cs_cate` [ RunTime:0.0020s ]
SQL: SELECT * FROM `cs_cate` ORDER BY sort asc  [ RunTime:0.0010s ]
INFO: [ view_parse ] --START--
INFO: [ template_filter ] --START--
INFO: Run Behavior\ContentReplaceBehavior [ RunTime:0.000000s ]
INFO: [ template_filter ] --END-- [ RunTime:0.000000s ]
NOTIC: [2] Invalid argument supplied for foreach() E:\WWW\cartshop\Application\Runtime\Cache\Admin\3233ce5cce332a117b52d9b8831cbcfa.php 第 38 行.
INFO: Run Behavior\ParseTemplateBehavior [ RunTime:0.010000s ]
INFO: [ view_parse ] --END-- [ RunTime:0.010000s ]
INFO: [ view_filter ] --START--
INFO: Run Behavior\WriteHtmlCacheBehavior [ RunTime:0.000000s ]
INFO: [ view_filter ] --END-- [ RunTime:0.000000s ]
INFO: [ app_end ] --START--
INFO: Run Behavior\ShowPageTraceBehavior [ RunTime:0.001000s ]
INFO: [ app_end ] --END-- [ RunTime:0.001000s ]

[ 2016-11-02T23:49:28+08:00 ] ::1 /cartshop/index.php/Admin/Article/lst/p/10.html?search-sort=88&kw=&sub=%E6%9F%A5%E8%AF%A2
INFO: [ app_init ] --START--
INFO: Run Behavior\BuildLiteBehavior [ RunTime:0.000000s ]
INFO: [ app_init ] --END-- [ RunTime:0.000000s ]
INFO: [ app_begin ] --START--
INFO: Run Behavior\ReadHtmlCacheBehavior [ RunTime:0.000000s ]
INFO: [ app_begin ] --END-- [ RunTime:0.000000s ]
SQL: SHOW COLUMNS FROM `cs_article` [ RunTime:0.0030s ]
SQL: SHOW COLUMNS FROM `cs_cate` [ RunTime:0.0020s ]
SQL: SELECT COUNT(*) AS tp_count FROM cs_article article LEFT JOIN cs_cate cate ON article.cateid=cate.id WHERE ( 1 AND cateid =88 ) LIMIT 1   [ RunTime:0.0010s ]
SQL: SELECT article.id AS id,article.title AS title,article.rem AS rem,article.pic AS pic,cate.name AS name FROM cs_article article LEFT JOIN cs_cate cate ON article.cateid=cate.id WHERE ( 1 AND cateid =88 ) ORDER BY article.id desc LIMIT 27,3   [ RunTime:0.0000s ]
NOTIC: [8] Use of undefined constant unique - assumed 'unique' E:\WWW\cartshop\ThinkPHP\Common\functions.php 第 588 行.
SQL: SHOW COLUMNS FROM `cs_cate` [ RunTime:0.0020s ]
SQL: SELECT * FROM `cs_cate` ORDER BY sort asc  [ RunTime:0.0000s ]
INFO: [ view_parse ] --START--
INFO: [ template_filter ] --START--
INFO: Run Behavior\ContentReplaceBehavior [ RunTime:0.000000s ]
INFO: [ template_filter ] --END-- [ RunTime:0.000000s ]
NOTIC: [2] Invalid argument supplied for foreach() E:\WWW\cartshop\Application\Runtime\Cache\Admin\3233ce5cce332a117b52d9b8831cbcfa.php 第 38 行.
INFO: Run Behavior\ParseTemplateBehavior [ RunTime:0.009000s ]
INFO: [ view_parse ] --END-- [ RunTime:0.009000s ]
INFO: [ view_filter ] --START--
INFO: Run Behavior\WriteHtmlCacheBehavior [ RunTime:0.000000s ]
INFO: [ view_filter ] --END-- [ RunTime:0.000000s ]
INFO: [ app_end ] --START--
INFO: Run Behavior\ShowPageTraceBehavior [ RunTime:0.000000s ]
INFO: [ app_end ] --END-- [ RunTime:0.000000s ]

[ 2016-11-02T23:49:33+08:00 ] ::1 /cartshop/index.php/Admin/Article/lst/p/10.html?search-sort=86&kw=&sub=%E6%9F%A5%E8%AF%A2
INFO: [ app_init ] --START--
INFO: Run Behavior\BuildLiteBehavior [ RunTime:0.000000s ]
INFO: [ app_init ] --END-- [ RunTime:0.001000s ]
INFO: [ app_begin ] --START--
INFO: Run Behavior\ReadHtmlCacheBehavior [ RunTime:0.001000s ]
INFO: [ app_begin ] --END-- [ RunTime:0.001000s ]
SQL: SHOW COLUMNS FROM `cs_article` [ RunTime:0.0020s ]
SQL: SHOW COLUMNS FROM `cs_cate` [ RunTime:0.0020s ]
SQL: SELECT COUNT(*) AS tp_count FROM cs_article article LEFT JOIN cs_cate cate ON article.cateid=cate.id WHERE ( 1 AND cateid =86 ) LIMIT 1   [ RunTime:0.0000s ]
SQL: SELECT article.id AS id,article.title AS title,article.rem AS rem,article.pic AS pic,cate.name AS name FROM cs_article article LEFT JOIN cs_cate cate ON article.cateid=cate.id WHERE ( 1 AND cateid =86 ) ORDER BY article.id desc LIMIT 27,3   [ RunTime:0.0000s ]
NOTIC: [8] Use of undefined constant unique - assumed 'unique' E:\WWW\cartshop\ThinkPHP\Common\functions.php 第 588 行.
SQL: SHOW COLUMNS FROM `cs_cate` [ RunTime:0.0020s ]
SQL: SELECT * FROM `cs_cate` ORDER BY sort asc  [ RunTime:0.0000s ]
INFO: [ view_parse ] --START--
INFO: [ template_filter ] --START--
INFO: Run Behavior\ContentReplaceBehavior [ RunTime:0.000000s ]
INFO: [ template_filter ] --END-- [ RunTime:0.000000s ]
NOTIC: [2] Invalid argument supplied for foreach() E:\WWW\cartshop\Application\Runtime\Cache\Admin\3233ce5cce332a117b52d9b8831cbcfa.php 第 38 行.
INFO: Run Behavior\ParseTemplateBehavior [ RunTime:0.011000s ]
INFO: [ view_parse ] --END-- [ RunTime:0.011000s ]
INFO: [ view_filter ] --START--
INFO: Run Behavior\WriteHtmlCacheBehavior [ RunTime:0.000000s ]
INFO: [ view_filter ] --END-- [ RunTime:0.000000s ]
INFO: [ app_end ] --START--
INFO: Run Behavior\ShowPageTraceBehavior [ RunTime:0.000000s ]
INFO: [ app_end ] --END-- [ RunTime:0.000000s ]

[ 2016-11-02T23:49:37+08:00 ] ::1 /cartshop/index.php/Admin/Article/lst/p/10.html?search-sort=72&kw=&sub=%E6%9F%A5%E8%AF%A2
INFO: [ app_init ] --START--
INFO: Run Behavior\BuildLiteBehavior [ RunTime:0.000000s ]
INFO: [ app_init ] --END-- [ RunTime:0.001000s ]
INFO: [ app_begin ] --START--
INFO: Run Behavior\ReadHtmlCacheBehavior [ RunTime:0.001000s ]
INFO: [ app_begin ] --END-- [ RunTime:0.001000s ]
SQL: SHOW COLUMNS FROM `cs_article` [ RunTime:0.0030s ]
SQL: SHOW COLUMNS FROM `cs_cate` [ RunTime:0.0020s ]
SQL: SELECT COUNT(*) AS tp_count FROM cs_article article LEFT JOIN cs_cate cate ON article.cateid=cate.id WHERE ( 1 AND cateid =72 ) LIMIT 1   [ RunTime:0.0000s ]
SQL: SELECT article.id AS id,article.title AS title,article.rem AS rem,article.pic AS pic,cate.name AS name FROM cs_article article LEFT JOIN cs_cate cate ON article.cateid=cate.id WHERE ( 1 AND cateid =72 ) ORDER BY article.id desc LIMIT 27,3   [ RunTime:0.0010s ]
NOTIC: [8] Use of undefined constant unique - assumed 'unique' E:\WWW\cartshop\ThinkPHP\Common\functions.php 第 588 行.
SQL: SHOW COLUMNS FROM `cs_cate` [ RunTime:0.0030s ]
SQL: SELECT * FROM `cs_cate` ORDER BY sort asc  [ RunTime:0.0010s ]
INFO: [ view_parse ] --START--
INFO: [ template_filter ] --START--
INFO: Run Behavior\ContentReplaceBehavior [ RunTime:0.000000s ]
INFO: [ template_filter ] --END-- [ RunTime:0.000000s ]
NOTIC: [2] Invalid argument supplied for foreach() E:\WWW\cartshop\Application\Runtime\Cache\Admin\3233ce5cce332a117b52d9b8831cbcfa.php 第 38 行.
INFO: Run Behavior\ParseTemplateBehavior [ RunTime:0.009000s ]
INFO: [ view_parse ] --END-- [ RunTime:0.010000s ]
INFO: [ view_filter ] --START--
INFO: Run Behavior\WriteHtmlCacheBehavior [ RunTime:0.001000s ]
INFO: [ view_filter ] --END-- [ RunTime:0.001000s ]
INFO: [ app_end ] --START--
INFO: Run Behavior\ShowPageTraceBehavior [ RunTime:0.000000s ]
INFO: [ app_end ] --END-- [ RunTime:0.000000s ]

[ 2016-11-02T23:49:45+08:00 ] ::1 /cartshop/index.php/Admin/Article/lst
INFO: [ app_init ] --START--
INFO: Run Behavior\BuildLiteBehavior [ RunTime:0.000000s ]
INFO: [ app_init ] --END-- [ RunTime:0.000000s ]
INFO: [ app_begin ] --START--
INFO: Run Behavior\ReadHtmlCacheBehavior [ RunTime:0.001000s ]
INFO: [ app_begin ] --END-- [ RunTime:0.001000s ]
SQL: SHOW COLUMNS FROM `cs_article` [ RunTime:0.0020s ]
SQL: SHOW COLUMNS FROM `cs_cate` [ RunTime:0.0020s ]
NOTIC: [2] Invalid argument supplied for foreach() E:\WWW\cartshop\ThinkPHP\Library\Think\Db\Driver.class.php 第 504 行.
SQL: SELECT COUNT(*) AS tp_count FROM cs_article article LEFT JOIN cs_cate cate ON article.cateid=cate.id LIMIT 1   [ RunTime:0.0000s ]
NOTIC: [2] Invalid argument supplied for foreach() E:\WWW\cartshop\ThinkPHP\Library\Think\Db\Driver.class.php 第 504 行.
SQL: SELECT article.id AS id,article.title AS title,article.rem AS rem,article.pic AS pic,cate.name AS name FROM cs_article article LEFT JOIN cs_cate cate ON article.cateid=cate.id ORDER BY article.id desc LIMIT 0,3   [ RunTime:0.0000s ]
NOTIC: [8] Use of undefined constant unique - assumed 'unique' E:\WWW\cartshop\ThinkPHP\Common\functions.php 第 588 行.
SQL: SHOW COLUMNS FROM `cs_cate` [ RunTime:0.0010s ]
SQL: SELECT * FROM `cs_cate` ORDER BY sort asc  [ RunTime:0.0000s ]
INFO: [ view_parse ] --START--
INFO: [ template_filter ] --START--
INFO: Run Behavior\ContentReplaceBehavior [ RunTime:0.000000s ]
INFO: [ template_filter ] --END-- [ RunTime:0.000000s ]
NOTIC: [2] Invalid argument supplied for foreach() E:\WWW\cartshop\Application\Runtime\Cache\Admin\3233ce5cce332a117b52d9b8831cbcfa.php 第 38 行.
INFO: Run Behavior\ParseTemplateBehavior [ RunTime:0.009000s ]
INFO: [ view_parse ] --END-- [ RunTime:0.009000s ]
INFO: [ view_filter ] --START--
INFO: Run Behavior\WriteHtmlCacheBehavior [ RunTime:0.000000s ]
INFO: [ view_filter ] --END-- [ RunTime:0.001000s ]
INFO: [ app_end ] --START--
INFO: Run Behavior\ShowPageTraceBehavior [ RunTime:0.000000s ]
INFO: [ app_end ] --END-- [ RunTime:0.000000s ]

[ 2016-11-02T23:49:55+08:00 ] ::1 /cartshop/index.php/Admin/Article/lst?search-sort=87&kw=&sub=%E6%9F%A5%E8%AF%A2
INFO: [ app_init ] --START--
INFO: Run Behavior\BuildLiteBehavior [ RunTime:0.000000s ]
INFO: [ app_init ] --END-- [ RunTime:0.000000s ]
INFO: [ app_begin ] --START--
INFO: Run Behavior\ReadHtmlCacheBehavior [ RunTime:0.001000s ]
INFO: [ app_begin ] --END-- [ RunTime:0.001000s ]
SQL: SHOW COLUMNS FROM `cs_article` [ RunTime:0.0030s ]
SQL: SHOW COLUMNS FROM `cs_cate` [ RunTime:0.0020s ]
SQL: SELECT COUNT(*) AS tp_count FROM cs_article article LEFT JOIN cs_cate cate ON article.cateid=cate.id WHERE ( 1 AND cateid =87 ) LIMIT 1   [ RunTime:0.0000s ]
SQL: SELECT article.id AS id,article.title AS title,article.rem AS rem,article.pic AS pic,cate.name AS name FROM cs_article article LEFT JOIN cs_cate cate ON article.cateid=cate.id WHERE ( 1 AND cateid =87 ) ORDER BY article.id desc LIMIT 0,3   [ RunTime:0.0010s ]
NOTIC: [8] Use of undefined constant unique - assumed 'unique' E:\WWW\cartshop\ThinkPHP\Common\functions.php 第 588 行.
SQL: SHOW COLUMNS FROM `cs_cate` [ RunTime:0.0030s ]
SQL: SELECT * FROM `cs_cate` ORDER BY sort asc  [ RunTime:0.0000s ]
INFO: [ view_parse ] --START--
INFO: [ template_filter ] --START--
INFO: Run Behavior\ContentReplaceBehavior [ RunTime:0.000000s ]
INFO: [ template_filter ] --END-- [ RunTime:0.000000s ]
NOTIC: [2] Invalid argument supplied for foreach() E:\WWW\cartshop\Application\Runtime\Cache\Admin\3233ce5cce332a117b52d9b8831cbcfa.php 第 38 行.
INFO: Run Behavior\ParseTemplateBehavior [ RunTime:0.011000s ]
INFO: [ view_parse ] --END-- [ RunTime:0.011000s ]
INFO: [ view_filter ] --START--
INFO: Run Behavior\WriteHtmlCacheBehavior [ RunTime:0.001000s ]
INFO: [ view_filter ] --END-- [ RunTime:0.001000s ]
INFO: [ app_end ] --START--
INFO: Run Behavior\ShowPageTraceBehavior [ RunTime:0.001000s ]
INFO: [ app_end ] --END-- [ RunTime:0.001000s ]

