[ 2017-01-11T15:07:22+08:00 ] ::1 /chuangyi/index.php/admin
INFO: [ app_init ] --START--
INFO: Run Behavior\BuildLiteBehavior [ RunTime:0.000000s ]
INFO: [ app_init ] --END-- [ RunTime:0.000000s ]
INFO: [ app_begin ] --START--
INFO: Run Behavior\ReadHtmlCacheBehavior [ RunTime:0.001000s ]
INFO: [ app_begin ] --END-- [ RunTime:0.001000s ]
INFO: [ view_parse ] --START--
INFO: [ template_filter ] --START--
INFO: Run Behavior\ContentReplaceBehavior [ RunTime:0.000000s ]
INFO: [ template_filter ] --END-- [ RunTime:0.000000s ]
INFO: Run Behavior\ParseTemplateBehavior [ RunTime:0.055004s ]
INFO: [ view_parse ] --END-- [ RunTime:0.055004s ]
INFO: [ view_filter ] --START--
INFO: Run Behavior\WriteHtmlCacheBehavior [ RunTime:0.001000s ]
INFO: [ view_filter ] --END-- [ RunTime:0.001000s ]

[ 2017-01-11T15:07:25+08:00 ] ::1 /chuangyi/index.php/Admin/Login/login.html
INFO: [ app_init ] --START--
INFO: Run Behavior\BuildLiteBehavior [ RunTime:0.000000s ]
INFO: [ app_init ] --END-- [ RunTime:0.001000s ]
INFO: [ app_begin ] --START--
INFO: Run Behavior\ReadHtmlCacheBehavior [ RunTime:0.001000s ]
INFO: [ app_begin ] --END-- [ RunTime:0.001000s ]
ERR: 非法操作:login

[ 2017-01-11T15:09:06+08:00 ] ::1 /chuangyi/index.php/Admin/Login/index.html
INFO: [ app_init ] --START--
INFO: Run Behavior\BuildLiteBehavior [ RunTime:0.000000s ]
INFO: [ app_init ] --END-- [ RunTime:0.000000s ]
INFO: [ app_begin ] --START--
INFO: Run Behavior\ReadHtmlCacheBehavior [ RunTime:0.001000s ]
INFO: [ app_begin ] --END-- [ RunTime:0.001000s ]
INFO: [ view_parse ] --START--
INFO: [ template_filter ] --START--
INFO: Run Behavior\ContentReplaceBehavior [ RunTime:0.000000s ]
INFO: [ template_filter ] --END-- [ RunTime:0.000000s ]
INFO: Run Behavior\ParseTemplateBehavior [ RunTime:0.078004s ]
INFO: [ view_parse ] --END-- [ RunTime:0.078004s ]
INFO: [ view_filter ] --START--
INFO: Run Behavior\WriteHtmlCacheBehavior [ RunTime:0.000000s ]
INFO: [ view_filter ] --END-- [ RunTime:0.001000s ]
INFO: [ app_end ] --START--
INFO: Run Behavior\ShowPageTraceBehavior [ RunTime:0.001000s ]
INFO: [ app_end ] --END-- [ RunTime:0.001000s ]

[ 2017-01-11T15:09:06+08:00 ] ::1 /chuangyi/index.php/Admin/Login/code
INFO: [ app_init ] --START--
INFO: Run Behavior\BuildLiteBehavior [ RunTime:0.000000s ]
INFO: [ app_init ] --END-- [ RunTime:0.001000s ]
INFO: [ app_begin ] --START--
INFO: Run Behavior\ReadHtmlCacheBehavior [ RunTime:0.001000s ]
INFO: [ app_begin ] --END-- [ RunTime:0.001000s ]
INFO: [ app_end ] --START--
INFO: Run Behavior\ShowPageTraceBehavior [ RunTime:0.001000s ]
INFO: [ app_end ] --END-- [ RunTime:0.001000s ]

[ 2017-01-11T15:09:14+08:00 ] ::1 /chuangyi/index.php/Admin/Login/login.html
INFO: [ app_init ] --START--
INFO: Run Behavior\BuildLiteBehavior [ RunTime:0.000000s ]
INFO: [ app_init ] --END-- [ RunTime:0.002000s ]
INFO: [ app_begin ] --START--
INFO: Run Behavior\ReadHtmlCacheBehavior [ RunTime:0.002000s ]
INFO: [ app_begin ] --END-- [ RunTime:0.002000s ]
ERR: 非法操作:login

[ 2017-01-11T15:10:00+08:00 ] ::1 /chuangyi/index.php/Admin/Login/login.html
INFO: [ app_init ] --START--
INFO: Run Behavior\BuildLiteBehavior [ RunTime:0.001000s ]
INFO: [ app_init ] --END-- [ RunTime:0.001000s ]
INFO: [ app_begin ] --START--
INFO: Run Behavior\ReadHtmlCacheBehavior [ RunTime:0.001001s ]
INFO: [ app_begin ] --END-- [ RunTime:0.001001s ]
INFO: [ view_parse ] --START--
INFO: [ template_filter ] --START--
INFO: Run Behavior\ContentReplaceBehavior [ RunTime:0.000000s ]
INFO: [ template_filter ] --END-- [ RunTime:0.000000s ]
INFO: Run Behavior\ParseTemplateBehavior [ RunTime:0.008000s ]
INFO: [ view_parse ] --END-- [ RunTime:0.008000s ]
INFO: [ view_filter ] --START--
INFO: Run Behavior\WriteHtmlCacheBehavior [ RunTime:0.000000s ]
INFO: [ view_filter ] --END-- [ RunTime:0.000000s ]
INFO: [ app_end ] --START--
INFO: Run Behavior\ShowPageTraceBehavior [ RunTime:0.001000s ]
INFO: [ app_end ] --END-- [ RunTime:0.001000s ]

[ 2017-01-11T15:10:00+08:00 ] ::1 /chuangyi/index.php/Admin/Login/code
INFO: [ app_init ] --START--
INFO: Run Behavior\BuildLiteBehavior [ RunTime:0.000000s ]
INFO: [ app_init ] --END-- [ RunTime:0.001000s ]
INFO: [ app_begin ] --START--
INFO: Run Behavior\ReadHtmlCacheBehavior [ RunTime:0.001000s ]
INFO: [ app_begin ] --END-- [ RunTime:0.001000s ]
INFO: [ app_end ] --START--
INFO: Run Behavior\ShowPageTraceBehavior [ RunTime:0.001000s ]
INFO: [ app_end ] --END-- [ RunTime:0.001000s ]

[ 2017-01-11T15:10:02+08:00 ] ::1 /chuangyi/index.php/Admin/Login/code/0.44343749386201514
INFO: [ app_init ] --START--
INFO: Run Behavior\BuildLiteBehavior [ RunTime:0.000000s ]
INFO: [ app_init ] --END-- [ RunTime:0.001000s ]
INFO: [ app_begin ] --START--
INFO: Run Behavior\ReadHtmlCacheBehavior [ RunTime:0.001000s ]
INFO: [ app_begin ] --END-- [ RunTime:0.002000s ]
INFO: [ app_end ] --START--
INFO: Run Behavior\ShowPageTraceBehavior [ RunTime:0.001000s ]
INFO: [ app_end ] --END-- [ RunTime:0.001000s ]

[ 2017-01-11T15:10:07+08:00 ] ::1 /chuangyi/index.php/Admin/Login/login.html
INFO: [ app_init ] --START--
INFO: Run Behavior\BuildLiteBehavior [ RunTime:0.000000s ]
INFO: [ app_init ] --END-- [ RunTime:0.001000s ]
INFO: [ app_begin ] --START--
INFO: Run Behavior\ReadHtmlCacheBehavior [ RunTime:0.001000s ]
INFO: [ app_begin ] --END-- [ RunTime:0.001000s ]
NOTIC: [8] Use of undefined constant regex - assumed 'regex' D:\phpStudy\WWW\chuangyi\ThinkPHP\Common\functions.php 第 588 行.
NOTIC: [8] Use of undefined constant regex - assumed 'regex' D:\phpStudy\WWW\chuangyi\ThinkPHP\Common\functions.php 第 588 行.
SQL: SHOW COLUMNS FROM `ar_admin` [ RunTime:0.0570s ]
NOTIC: [8] Undefined index: validate D:\phpStudy\WWW\chuangyi\ThinkPHP\Library\Think\Model.class.php 第 1185 行.
INFO: [ view_parse ] --START--
INFO: [ template_filter ] --START--
INFO: Run Behavior\ContentReplaceBehavior [ RunTime:0.000000s ]
INFO: [ template_filter ] --END-- [ RunTime:0.000000s ]
INFO: Run Behavior\ParseTemplateBehavior [ RunTime:0.007001s ]
INFO: [ view_parse ] --END-- [ RunTime:0.007001s ]
INFO: [ view_filter ] --START--
INFO: Run Behavior\WriteHtmlCacheBehavior [ RunTime:0.001000s ]
INFO: [ view_filter ] --END-- [ RunTime:0.001000s ]

[ 2017-01-11T15:10:10+08:00 ] ::1 /chuangyi/index.php/Admin/Login/login.html
INFO: [ app_init ] --START--
INFO: Run Behavior\BuildLiteBehavior [ RunTime:0.000000s ]
INFO: [ app_init ] --END-- [ RunTime:0.000000s ]
INFO: [ app_begin ] --START--
INFO: Run Behavior\ReadHtmlCacheBehavior [ RunTime:0.001000s ]
INFO: [ app_begin ] --END-- [ RunTime:0.001000s ]
INFO: [ view_parse ] --START--
INFO: [ template_filter ] --START--
INFO: Run Behavior\ContentReplaceBehavior [ RunTime:0.000000s ]
INFO: [ template_filter ] --END-- [ RunTime:0.000000s ]
INFO: Run Behavior\ParseTemplateBehavior [ RunTime:0.008001s ]
INFO: [ view_parse ] --END-- [ RunTime:0.008001s ]
INFO: [ view_filter ] --START--
INFO: Run Behavior\WriteHtmlCacheBehavior [ RunTime:0.000000s ]
INFO: [ view_filter ] --END-- [ RunTime:0.000000s ]
INFO: [ app_end ] --START--
INFO: Run Behavior\ShowPageTraceBehavior [ RunTime:0.000000s ]
INFO: [ app_end ] --END-- [ RunTime:0.000000s ]

[ 2017-01-11T15:10:15+08:00 ] ::1 /chuangyi/index.php/Admin/Login/code/0.12769371481567493
INFO: [ app_init ] --START--
INFO: Run Behavior\BuildLiteBehavior [ RunTime:0.000000s ]
INFO: [ app_init ] --END-- [ RunTime:0.001000s ]
INFO: [ app_begin ] --START--
INFO: Run Behavior\ReadHtmlCacheBehavior [ RunTime:0.001000s ]
INFO: [ app_begin ] --END-- [ RunTime:0.001000s ]
INFO: [ app_end ] --START--
INFO: Run Behavior\ShowPageTraceBehavior [ RunTime:0.001000s ]
INFO: [ app_end ] --END-- [ RunTime:0.001000s ]

[ 2017-01-11T15:10:17+08:00 ] ::1 /chuangyi/index.php/Admin/Login/code/0.7788903097811866
INFO: [ app_init ] --START--
INFO: Run Behavior\BuildLiteBehavior [ RunTime:0.000000s ]
INFO: [ app_init ] --END-- [ RunTime:0.001000s ]
INFO: [ app_begin ] --START--
INFO: Run Behavior\ReadHtmlCacheBehavior [ RunTime:0.000000s ]
INFO: [ app_begin ] --END-- [ RunTime:0.000000s ]
INFO: [ app_end ] --START--
INFO: Run Behavior\ShowPageTraceBehavior [ RunTime:0.001000s ]
INFO: [ app_end ] --END-- [ RunTime:0.001000s ]

[ 2017-01-11T15:10:21+08:00 ] ::1 /chuangyi/index.php/Admin/Login/login.html
INFO: [ app_init ] --START--
INFO: Run Behavior\BuildLiteBehavior [ RunTime:0.000000s ]
INFO: [ app_init ] --END-- [ RunTime:0.001000s ]
INFO: [ app_begin ] --START--
INFO: Run Behavior\ReadHtmlCacheBehavior [ RunTime:0.001000s ]
INFO: [ app_begin ] --END-- [ RunTime:0.001000s ]
NOTIC: [8] Use of undefined constant regex - assumed 'regex' D:\phpStudy\WWW\chuangyi\ThinkPHP\Common\functions.php 第 588 行.
NOTIC: [8] Use of undefined constant regex - assumed 'regex' D:\phpStudy\WWW\chuangyi\ThinkPHP\Common\functions.php 第 588 行.
SQL: SHOW COLUMNS FROM `ar_admin` [ RunTime:0.0040s ]
NOTIC: [8] Undefined index: validate D:\phpStudy\WWW\chuangyi\ThinkPHP\Library\Think\Model.class.php 第 1185 行.
INFO: [ view_parse ] --START--
INFO: [ template_filter ] --START--
INFO: Run Behavior\ContentReplaceBehavior [ RunTime:0.000000s ]
INFO: [ template_filter ] --END-- [ RunTime:0.000000s ]
INFO: Run Behavior\ParseTemplateBehavior [ RunTime:0.006001s ]
INFO: [ view_parse ] --END-- [ RunTime:0.006001s ]
INFO: [ view_filter ] --START--
INFO: Run Behavior\WriteHtmlCacheBehavior [ RunTime:0.001000s ]
INFO: [ view_filter ] --END-- [ RunTime:0.001000s ]

[ 2017-01-11T15:10:24+08:00 ] ::1 /chuangyi/index.php/Admin/Login/login.html
INFO: [ app_init ] --START--
INFO: Run Behavior\BuildLiteBehavior [ RunTime:0.000000s ]
INFO: [ app_init ] --END-- [ RunTime:0.000000s ]
INFO: [ app_begin ] --START--
INFO: Run Behavior\ReadHtmlCacheBehavior [ RunTime:0.000000s ]
INFO: [ app_begin ] --END-- [ RunTime:0.000000s ]
INFO: [ view_parse ] --START--
INFO: [ template_filter ] --START--
INFO: Run Behavior\ContentReplaceBehavior [ RunTime:0.000000s ]
INFO: [ template_filter ] --END-- [ RunTime:0.000000s ]
INFO: Run Behavior\ParseTemplateBehavior [ RunTime:0.007000s ]
INFO: [ view_parse ] --END-- [ RunTime:0.007000s ]
INFO: [ view_filter ] --START--
INFO: Run Behavior\WriteHtmlCacheBehavior [ RunTime:0.000000s ]
INFO: [ view_filter ] --END-- [ RunTime:0.000000s ]
INFO: [ app_end ] --START--
INFO: Run Behavior\ShowPageTraceBehavior [ RunTime:0.001000s ]
INFO: [ app_end ] --END-- [ RunTime:0.001000s ]

[ 2017-01-11T15:10:27+08:00 ] ::1 /chuangyi/index.php/Admin/Login/code/0.5381400140015287
INFO: [ app_init ] --START--
INFO: Run Behavior\BuildLiteBehavior [ RunTime:0.000000s ]
INFO: [ app_init ] --END-- [ RunTime:0.000000s ]
INFO: [ app_begin ] --START--
INFO: Run Behavior\ReadHtmlCacheBehavior [ RunTime:0.000000s ]
INFO: [ app_begin ] --END-- [ RunTime:0.000000s ]
INFO: [ app_end ] --START--
INFO: Run Behavior\ShowPageTraceBehavior [ RunTime:0.001000s ]
INFO: [ app_end ] --END-- [ RunTime:0.001000s ]

[ 2017-01-11T15:10:28+08:00 ] ::1 /chuangyi/index.php/Admin/Login/code/0.738635077680198
INFO: [ app_init ] --START--
INFO: Run Behavior\BuildLiteBehavior [ RunTime:0.000000s ]
INFO: [ app_init ] --END-- [ RunTime:0.001000s ]
INFO: [ app_begin ] --START--
INFO: Run Behavior\ReadHtmlCacheBehavior [ RunTime:0.001000s ]
INFO: [ app_begin ] --END-- [ RunTime:0.001000s ]
INFO: [ app_end ] --START--
INFO: Run Behavior\ShowPageTraceBehavior [ RunTime:0.001000s ]
INFO: [ app_end ] --END-- [ RunTime:0.001000s ]

[ 2017-01-11T15:10:29+08:00 ] ::1 /chuangyi/index.php/Admin/Login/code/0.3575458953556685
INFO: [ app_init ] --START--
INFO: Run Behavior\BuildLiteBehavior [ RunTime:0.000000s ]
INFO: [ app_init ] --END-- [ RunTime:0.001000s ]
INFO: [ app_begin ] --START--
INFO: Run Behavior\ReadHtmlCacheBehavior [ RunTime:0.000000s ]
INFO: [ app_begin ] --END-- [ RunTime:0.000000s ]
INFO: [ app_end ] --START--
INFO: Run Behavior\ShowPageTraceBehavior [ RunTime:0.001000s ]
INFO: [ app_end ] --END-- [ RunTime:0.001000s ]

[ 2017-01-11T15:10:31+08:00 ] ::1 /chuangyi/index.php/Admin/Login/code/0.8460067844356176
INFO: [ app_init ] --START--
INFO: Run Behavior\BuildLiteBehavior [ RunTime:0.000000s ]
INFO: [ app_init ] --END-- [ RunTime:0.000000s ]
INFO: [ app_begin ] --START--
INFO: Run Behavior\ReadHtmlCacheBehavior [ RunTime:0.002000s ]
INFO: [ app_begin ] --END-- [ RunTime:0.002000s ]
INFO: [ app_end ] --START--
INFO: Run Behavior\ShowPageTraceBehavior [ RunTime:0.001000s ]
INFO: [ app_end ] --END-- [ RunTime:0.001000s ]

[ 2017-01-11T15:10:38+08:00 ] ::1 /chuangyi/index.php/Admin/Login/login.html
INFO: [ app_init ] --START--
INFO: Run Behavior\BuildLiteBehavior [ RunTime:0.000000s ]
INFO: [ app_init ] --END-- [ RunTime:0.001000s ]
INFO: [ app_begin ] --START--
INFO: Run Behavior\ReadHtmlCacheBehavior [ RunTime:0.001000s ]
INFO: [ app_begin ] --END-- [ RunTime:0.001000s ]
NOTIC: [8] Use of undefined constant regex - assumed 'regex' D:\phpStudy\WWW\chuangyi\ThinkPHP\Common\functions.php 第 588 行.
NOTIC: [8] Use of undefined constant regex - assumed 'regex' D:\phpStudy\WWW\chuangyi\ThinkPHP\Common\functions.php 第 588 行.
SQL: SHOW COLUMNS FROM `ar_admin` [ RunTime:0.0040s ]
NOTIC: [8] Undefined index: validate D:\phpStudy\WWW\chuangyi\ThinkPHP\Library\Think\Model.class.php 第 1185 行.
NOTIC: [8] Undefined index: auto D:\phpStudy\WWW\chuangyi\ThinkPHP\Library\Think\Model.class.php 第 1128 行.
SQL: SELECT * FROM `ar_admin` WHERE ( ad_name='root' ) LIMIT 1   [ RunTime:0.0010s ]
INFO: [ view_parse ] --START--
INFO: [ template_filter ] --START--
INFO: Run Behavior\ContentReplaceBehavior [ RunTime:0.000000s ]
INFO: [ template_filter ] --END-- [ RunTime:0.000000s ]
INFO: Run Behavior\ParseTemplateBehavior [ RunTime:0.006001s ]
INFO: [ view_parse ] --END-- [ RunTime:0.006001s ]
INFO: [ view_filter ] --START--
INFO: Run Behavior\WriteHtmlCacheBehavior [ RunTime:0.001000s ]
INFO: [ view_filter ] --END-- [ RunTime:0.001000s ]
INFO: [ app_end ] --START--
INFO: Run Behavior\ShowPageTraceBehavior [ RunTime:0.000000s ]
INFO: [ app_end ] --END-- [ RunTime:0.000000s ]

[ 2017-01-11T15:10:39+08:00 ] ::1 /chuangyi/index.php/Admin/Index/index.html
INFO: [ app_init ] --START--
INFO: Run Behavior\BuildLiteBehavior [ RunTime:0.000000s ]
INFO: [ app_init ] --END-- [ RunTime:0.000000s ]
INFO: [ app_begin ] --START--
INFO: Run Behavior\ReadHtmlCacheBehavior [ RunTime:0.001000s ]
INFO: [ app_begin ] --END-- [ RunTime:0.001000s ]
INFO: [ view_parse ] --START--
INFO: [ template_filter ] --START--
INFO: Run Behavior\ContentReplaceBehavior [ RunTime:0.000000s ]
INFO: [ template_filter ] --END-- [ RunTime:0.000000s ]
INFO: Run Behavior\ParseTemplateBehavior [ RunTime:0.023001s ]
INFO: [ view_parse ] --END-- [ RunTime:0.023001s ]
INFO: [ view_filter ] --START--
INFO: Run Behavior\WriteHtmlCacheBehavior [ RunTime:0.000000s ]
INFO: [ view_filter ] --END-- [ RunTime:0.000000s ]
INFO: [ app_end ] --START--
INFO: Run Behavior\ShowPageTraceBehavior [ RunTime:0.001000s ]
INFO: [ app_end ] --END-- [ RunTime:0.001000s ]

[ 2017-01-11T15:10:39+08:00 ] ::1 /chuangyi/index.php/Admin/Index/top.html
INFO: [ app_init ] --START--
INFO: Run Behavior\BuildLiteBehavior [ RunTime:0.000000s ]
INFO: [ app_init ] --END-- [ RunTime:0.001000s ]
INFO: [ app_begin ] --START--
INFO: Run Behavior\ReadHtmlCacheBehavior [ RunTime:0.001000s ]
INFO: [ app_begin ] --END-- [ RunTime:0.001000s ]
INFO: [ view_parse ] --START--
INFO: [ template_filter ] --START--
INFO: Run Behavior\ContentReplaceBehavior [ RunTime:0.000000s ]
INFO: [ template_filter ] --END-- [ RunTime:0.000000s ]
INFO: Run Behavior\ParseTemplateBehavior [ RunTime:0.009001s ]
INFO: [ view_parse ] --END-- [ RunTime:0.009001s ]
INFO: [ view_filter ] --START--
INFO: Run Behavior\WriteHtmlCacheBehavior [ RunTime:0.001000s ]
INFO: [ view_filter ] --END-- [ RunTime:0.001000s ]
INFO: [ app_end ] --START--
INFO: Run Behavior\ShowPageTraceBehavior [ RunTime:0.001000s ]
INFO: [ app_end ] --END-- [ RunTime:0.001000s ]

[ 2017-01-11T15:10:40+08:00 ] ::1 /chuangyi/index.php/Admin/Index/center.html
INFO: [ app_init ] --START--
INFO: Run Behavior\BuildLiteBehavior [ RunTime:0.000000s ]
INFO: [ app_init ] --END-- [ RunTime:0.003000s ]
INFO: [ app_begin ] --START--
INFO: Run Behavior\ReadHtmlCacheBehavior [ RunTime:0.002000s ]
INFO: [ app_begin ] --END-- [ RunTime:0.002000s ]
INFO: [ view_parse ] --START--
INFO: [ template_filter ] --START--
INFO: Run Behavior\ContentReplaceBehavior [ RunTime:0.000000s ]
INFO: [ template_filter ] --END-- [ RunTime:0.000000s ]
INFO: Run Behavior\ParseTemplateBehavior [ RunTime:0.033002s ]
INFO: [ view_parse ] --END-- [ RunTime:0.033002s ]
INFO: [ view_filter ] --START--
INFO: Run Behavior\WriteHtmlCacheBehavior [ RunTime:0.002000s ]
INFO: [ view_filter ] --END-- [ RunTime:0.002000s ]
INFO: [ app_end ] --START--
INFO: Run Behavior\ShowPageTraceBehavior [ RunTime:0.001000s ]
INFO: [ app_end ] --END-- [ RunTime:0.001000s ]

[ 2017-01-11T15:10:40+08:00 ] ::1 /chuangyi/index.php/Admin/Index/down.html
INFO: [ app_init ] --START--
INFO: Run Behavior\BuildLiteBehavior [ RunTime:0.000000s ]
INFO: [ app_init ] --END-- [ RunTime:0.002000s ]
INFO: [ app_begin ] --START--
INFO: Run Behavior\ReadHtmlCacheBehavior [ RunTime:0.001000s ]
INFO: [ app_begin ] --END-- [ RunTime:0.001000s ]
INFO: [ view_parse ] --START--
INFO: [ template_filter ] --START--
INFO: Run Behavior\ContentReplaceBehavior [ RunTime:0.000000s ]
INFO: [ template_filter ] --END-- [ RunTime:0.000000s ]
INFO: Run Behavior\ParseTemplateBehavior [ RunTime:0.026001s ]
INFO: [ view_parse ] --END-- [ RunTime:0.026001s ]
INFO: [ view_filter ] --START--
INFO: Run Behavior\WriteHtmlCacheBehavior [ RunTime:0.000000s ]
INFO: [ view_filter ] --END-- [ RunTime:0.000000s ]
INFO: [ app_end ] --START--
INFO: Run Behavior\ShowPageTraceBehavior [ RunTime:0.001000s ]
INFO: [ app_end ] --END-- [ RunTime:0.001000s ]

[ 2017-01-11T15:10:40+08:00 ] ::1 /chuangyi/index.php/Admin/Index/left.html
INFO: [ app_init ] --START--
INFO: Run Behavior\BuildLiteBehavior [ RunTime:0.000000s ]
INFO: [ app_init ] --END-- [ RunTime:0.001000s ]
INFO: [ app_begin ] --START--
INFO: Run Behavior\ReadHtmlCacheBehavior [ RunTime:0.001000s ]
INFO: [ app_begin ] --END-- [ RunTime:0.001000s ]
INFO: [ view_parse ] --START--
INFO: [ template_filter ] --START--
INFO: Run Behavior\ContentReplaceBehavior [ RunTime:0.000000s ]
INFO: [ template_filter ] --END-- [ RunTime:0.000000s ]
INFO: Run Behavior\ParseTemplateBehavior [ RunTime:0.031002s ]
INFO: [ view_parse ] --END-- [ RunTime:0.031002s ]
INFO: [ view_filter ] --START--
INFO: Run Behavior\WriteHtmlCacheBehavior [ RunTime:0.001000s ]
INFO: [ view_filter ] --END-- [ RunTime:0.001000s ]
INFO: [ app_end ] --START--
INFO: Run Behavior\ShowPageTraceBehavior [ RunTime:0.002000s ]
INFO: [ app_end ] --END-- [ RunTime:0.002000s ]

[ 2017-01-11T15:10:40+08:00 ] ::1 /chuangyi/index.php/Admin/Index/right.html
INFO: [ app_init ] --START--
INFO: Run Behavior\BuildLiteBehavior [ RunTime:0.000000s ]
INFO: [ app_init ] --END-- [ RunTime:0.000000s ]
INFO: [ app_begin ] --START--
INFO: Run Behavior\ReadHtmlCacheBehavior [ RunTime:0.001000s ]
INFO: [ app_begin ] --END-- [ RunTime:0.001000s ]
INFO: [ view_parse ] --START--
INFO: [ template_filter ] --START--
INFO: Run Behavior\ContentReplaceBehavior [ RunTime:0.000000s ]
INFO: [ template_filter ] --END-- [ RunTime:0.001000s ]
INFO: Run Behavior\ParseTemplateBehavior [ RunTime:0.038002s ]
INFO: [ view_parse ] --END-- [ RunTime:0.039002s ]
INFO: [ view_filter ] --START--
INFO: Run Behavior\WriteHtmlCacheBehavior [ RunTime:0.000000s ]
INFO: [ view_filter ] --END-- [ RunTime:0.000000s ]
INFO: [ app_end ] --START--
INFO: Run Behavior\ShowPageTraceBehavior [ RunTime:0.000000s ]
INFO: [ app_end ] --END-- [ RunTime:0.000000s ]

[ 2017-01-11T15:10:45+08:00 ] ::1 /chuangyi/index.php/Admin/Index/left.html
INFO: [ app_init ] --START--
INFO: Run Behavior\BuildLiteBehavior [ RunTime:0.000000s ]
INFO: [ app_init ] --END-- [ RunTime:0.001000s ]
INFO: [ app_begin ] --START--
INFO: Run Behavior\ReadHtmlCacheBehavior [ RunTime:0.001000s ]
INFO: [ app_begin ] --END-- [ RunTime:0.001000s ]
INFO: [ view_parse ] --START--
INFO: [ template_filter ] --START--
INFO: Run Behavior\ContentReplaceBehavior [ RunTime:0.000000s ]
INFO: [ template_filter ] --END-- [ RunTime:0.000000s ]
INFO: Run Behavior\ParseTemplateBehavior [ RunTime:0.009000s ]
INFO: [ view_parse ] --END-- [ RunTime:0.010001s ]
INFO: [ view_filter ] --START--
INFO: Run Behavior\WriteHtmlCacheBehavior [ RunTime:0.000000s ]
INFO: [ view_filter ] --END-- [ RunTime:0.000000s ]
INFO: [ app_end ] --START--
INFO: Run Behavior\ShowPageTraceBehavior [ RunTime:0.001000s ]
INFO: [ app_end ] --END-- [ RunTime:0.001000s ]

[ 2017-01-11T15:10:45+08:00 ] ::1 /chuangyi/index.php/Admin/Index/left.html
INFO: [ app_init ] --START--
INFO: Run Behavior\BuildLiteBehavior [ RunTime:0.000000s ]
INFO: [ app_init ] --END-- [ RunTime:0.001000s ]
INFO: [ app_begin ] --START--
INFO: Run Behavior\ReadHtmlCacheBehavior [ RunTime:0.001000s ]
INFO: [ app_begin ] --END-- [ RunTime:0.001000s ]
INFO: [ view_parse ] --START--
INFO: [ template_filter ] --START--
INFO: Run Behavior\ContentReplaceBehavior [ RunTime:0.000000s ]
INFO: [ template_filter ] --END-- [ RunTime:0.000000s ]
INFO: Run Behavior\ParseTemplateBehavior [ RunTime:0.008000s ]
INFO: [ view_parse ] --END-- [ RunTime:0.008000s ]
INFO: [ view_filter ] --START--
INFO: Run Behavior\WriteHtmlCacheBehavior [ RunTime:0.001001s ]
INFO: [ view_filter ] --END-- [ RunTime:0.001001s ]
INFO: [ app_end ] --START--
INFO: Run Behavior\ShowPageTraceBehavior [ RunTime:0.001000s ]
INFO: [ app_end ] --END-- [ RunTime:0.001000s ]

[ 2017-01-11T15:10:46+08:00 ] ::1 /chuangyi/index.php/Admin/Index/left.html
INFO: [ app_init ] --START--
INFO: Run Behavior\BuildLiteBehavior [ RunTime:0.000000s ]
INFO: [ app_init ] --END-- [ RunTime:0.001000s ]
INFO: [ app_begin ] --START--
INFO: Run Behavior\ReadHtmlCacheBehavior [ RunTime:0.001000s ]
INFO: [ app_begin ] --END-- [ RunTime:0.001000s ]
INFO: [ view_parse ] --START--
INFO: [ template_filter ] --START--
INFO: Run Behavior\ContentReplaceBehavior [ RunTime:0.000000s ]
INFO: [ template_filter ] --END-- [ RunTime:0.000000s ]
INFO: Run Behavior\ParseTemplateBehavior [ RunTime:0.010001s ]
INFO: [ view_parse ] --END-- [ RunTime:0.010001s ]
INFO: [ view_filter ] --START--
INFO: Run Behavior\WriteHtmlCacheBehavior [ RunTime:0.000000s ]
INFO: [ view_filter ] --END-- [ RunTime:0.000000s ]
INFO: [ app_end ] --START--
INFO: Run Behavior\ShowPageTraceBehavior [ RunTime:0.001000s ]
INFO: [ app_end ] --END-- [ RunTime:0.001000s ]

[ 2017-01-11T15:10:46+08:00 ] ::1 /chuangyi/index.php/Admin/Index/left.html
INFO: [ app_init ] --START--
INFO: Run Behavior\BuildLiteBehavior [ RunTime:0.000000s ]
INFO: [ app_init ] --END-- [ RunTime:0.001000s ]
INFO: [ app_begin ] --START--
INFO: Run Behavior\ReadHtmlCacheBehavior [ RunTime:0.001000s ]
INFO: [ app_begin ] --END-- [ RunTime:0.001000s ]
INFO: [ view_parse ] --START--
INFO: [ template_filter ] --START--
INFO: Run Behavior\ContentReplaceBehavior [ RunTime:0.000000s ]
INFO: [ template_filter ] --END-- [ RunTime:0.000000s ]
INFO: Run Behavior\ParseTemplateBehavior [ RunTime:0.008000s ]
INFO: [ view_parse ] --END-- [ RunTime:0.008000s ]
INFO: [ view_filter ] --START--
INFO: Run Behavior\WriteHtmlCacheBehavior [ RunTime:0.001000s ]
INFO: [ view_filter ] --END-- [ RunTime:0.001000s ]
INFO: [ app_end ] --START--
INFO: Run Behavior\ShowPageTraceBehavior [ RunTime:0.000000s ]
INFO: [ app_end ] --END-- [ RunTime:0.000000s ]

[ 2017-01-11T15:10:47+08:00 ] ::1 /chuangyi/index.php/Admin/Admin/lst
INFO: [ app_init ] --START--
INFO: Run Behavior\BuildLiteBehavior [ RunTime:0.000000s ]
INFO: [ app_init ] --END-- [ RunTime:0.000000s ]
INFO: [ app_begin ] --START--
INFO: Run Behavior\ReadHtmlCacheBehavior [ RunTime:0.001000s ]
INFO: [ app_begin ] --END-- [ RunTime:0.001000s ]
NOTIC: [8] Use of undefined constant regex - assumed 'regex' D:\phpStudy\WWW\chuangyi\ThinkPHP\Common\functions.php 第 588 行.
NOTIC: [8] Use of undefined constant regex - assumed 'regex' D:\phpStudy\WWW\chuangyi\ThinkPHP\Common\functions.php 第 588 行.
SQL: SHOW COLUMNS FROM `ar_admin` [ RunTime:0.0050s ]
SQL: SELECT * FROM `ar_admin`  [ RunTime:0.0010s ]
INFO: [ view_parse ] --START--
INFO: [ template_filter ] --START--
INFO: Run Behavior\ContentReplaceBehavior [ RunTime:0.000000s ]
INFO: [ template_filter ] --END-- [ RunTime:0.000000s ]
NOTIC: [8] Undefined variable: page D:\phpStudy\WWW\chuangyi\Application\Runtime\Cache\Admin\2e0a6b0b98cf96bc15633704312e45ee.php 第 132 行.
INFO: Run Behavior\ParseTemplateBehavior [ RunTime:0.026002s ]
INFO: [ view_parse ] --END-- [ RunTime:0.026002s ]
INFO: [ view_filter ] --START--
INFO: Run Behavior\WriteHtmlCacheBehavior [ RunTime:0.001000s ]
INFO: [ view_filter ] --END-- [ RunTime:0.001000s ]
INFO: [ app_end ] --START--
INFO: Run Behavior\ShowPageTraceBehavior [ RunTime:0.000000s ]
INFO: [ app_end ] --END-- [ RunTime:0.000000s ]

[ 2017-01-11T15:10:48+08:00 ] ::1 /chuangyi/index.php/Admin/Index/left.html
INFO: [ app_init ] --START--
INFO: Run Behavior\BuildLiteBehavior [ RunTime:0.000000s ]
INFO: [ app_init ] --END-- [ RunTime:0.001000s ]
INFO: [ app_begin ] --START--
INFO: Run Behavior\ReadHtmlCacheBehavior [ RunTime:0.000000s ]
INFO: [ app_begin ] --END-- [ RunTime:0.001000s ]
INFO: [ view_parse ] --START--
INFO: [ template_filter ] --START--
INFO: Run Behavior\ContentReplaceBehavior [ RunTime:0.000000s ]
INFO: [ template_filter ] --END-- [ RunTime:0.000000s ]
INFO: Run Behavior\ParseTemplateBehavior [ RunTime:0.008001s ]
INFO: [ view_parse ] --END-- [ RunTime:0.008001s ]
INFO: [ view_filter ] --START--
INFO: Run Behavior\WriteHtmlCacheBehavior [ RunTime:0.000000s ]
INFO: [ view_filter ] --END-- [ RunTime:0.000000s ]
INFO: [ app_end ] --START--
INFO: Run Behavior\ShowPageTraceBehavior [ RunTime:0.001000s ]
INFO: [ app_end ] --END-- [ RunTime:0.001000s ]

[ 2017-01-11T15:10:49+08:00 ] ::1 /chuangyi/index.php/Admin/Category/lst
INFO: [ app_init ] --START--
INFO: Run Behavior\BuildLiteBehavior [ RunTime:0.000000s ]
INFO: [ app_init ] --END-- [ RunTime:0.001000s ]
INFO: [ app_begin ] --START--
INFO: Run Behavior\ReadHtmlCacheBehavior [ RunTime:0.001000s ]
INFO: [ app_begin ] --END-- [ RunTime:0.001000s ]
NOTIC: [8] Use of undefined constant regex - assumed 'regex' D:\phpStudy\WWW\chuangyi\ThinkPHP\Common\functions.php 第 588 行.
SQL: SHOW COLUMNS FROM `ar_category` [ RunTime:0.0040s ]
SQL: SELECT * FROM `ar_category`  [ RunTime:0.0000s ]
INFO: [ view_parse ] --START--
INFO: [ template_filter ] --START--
INFO: Run Behavior\ContentReplaceBehavior [ RunTime:0.000000s ]
INFO: [ template_filter ] --END-- [ RunTime:0.000000s ]
NOTIC: [8] Use of undefined constant level - assumed 'level' D:\phpStudy\WWW\chuangyi\Application\Runtime\Cache\Admin\395c0ba78bddab9d6617dcec0f2fd9a9.php 第 130 行.
NOTIC: [8] Use of undefined constant level - assumed 'level' D:\phpStudy\WWW\chuangyi\Application\Runtime\Cache\Admin\395c0ba78bddab9d6617dcec0f2fd9a9.php 第 130 行.
NOTIC: [8] Use of undefined constant level - assumed 'level' D:\phpStudy\WWW\chuangyi\Application\Runtime\Cache\Admin\395c0ba78bddab9d6617dcec0f2fd9a9.php 第 130 行.
NOTIC: [8] Use of undefined constant level - assumed 'level' D:\phpStudy\WWW\chuangyi\Application\Runtime\Cache\Admin\395c0ba78bddab9d6617dcec0f2fd9a9.php 第 130 行.
NOTIC: [8] Use of undefined constant level - assumed 'level' D:\phpStudy\WWW\chuangyi\Application\Runtime\Cache\Admin\395c0ba78bddab9d6617dcec0f2fd9a9.php 第 130 行.
NOTIC: [8] Use of undefined constant level - assumed 'level' D:\phpStudy\WWW\chuangyi\Application\Runtime\Cache\Admin\395c0ba78bddab9d6617dcec0f2fd9a9.php 第 130 行.
NOTIC: [8] Use of undefined constant level - assumed 'level' D:\phpStudy\WWW\chuangyi\Application\Runtime\Cache\Admin\395c0ba78bddab9d6617dcec0f2fd9a9.php 第 130 行.
NOTIC: [8] Use of undefined constant level - assumed 'level' D:\phpStudy\WWW\chuangyi\Application\Runtime\Cache\Admin\395c0ba78bddab9d6617dcec0f2fd9a9.php 第 130 行.
NOTIC: [8] Use of undefined constant level - assumed 'level' D:\phpStudy\WWW\chuangyi\Application\Runtime\Cache\Admin\395c0ba78bddab9d6617dcec0f2fd9a9.php 第 130 行.
NOTIC: [8] Use of undefined constant level - assumed 'level' D:\phpStudy\WWW\chuangyi\Application\Runtime\Cache\Admin\395c0ba78bddab9d6617dcec0f2fd9a9.php 第 130 行.
NOTIC: [8] Use of undefined constant level - assumed 'level' D:\phpStudy\WWW\chuangyi\Application\Runtime\Cache\Admin\395c0ba78bddab9d6617dcec0f2fd9a9.php 第 130 行.
NOTIC: [8] Use of undefined constant level - assumed 'level' D:\phpStudy\WWW\chuangyi\Application\Runtime\Cache\Admin\395c0ba78bddab9d6617dcec0f2fd9a9.php 第 130 行.
NOTIC: [8] Use of undefined constant level - assumed 'level' D:\phpStudy\WWW\chuangyi\Application\Runtime\Cache\Admin\395c0ba78bddab9d6617dcec0f2fd9a9.php 第 130 行.
INFO: Run Behavior\ParseTemplateBehavior [ RunTime:0.033002s ]
INFO: [ view_parse ] --END-- [ RunTime:0.033002s ]
INFO: [ view_filter ] --START--
INFO: Run Behavior\WriteHtmlCacheBehavior [ RunTime:0.000000s ]
INFO: [ view_filter ] --END-- [ RunTime:0.001000s ]
INFO: [ app_end ] --START--
INFO: Run Behavior\ShowPageTraceBehavior [ RunTime:0.000000s ]
INFO: [ app_end ] --END-- [ RunTime:0.000000s ]

[ 2017-01-11T15:10:50+08:00 ] ::1 /chuangyi/index.php/Admin/Index/left.html
INFO: [ app_init ] --START--
INFO: Run Behavior\BuildLiteBehavior [ RunTime:0.000000s ]
INFO: [ app_init ] --END-- [ RunTime:0.001000s ]
INFO: [ app_begin ] --START--
INFO: Run Behavior\ReadHtmlCacheBehavior [ RunTime:0.001000s ]
INFO: [ app_begin ] --END-- [ RunTime:0.001000s ]
INFO: [ view_parse ] --START--
INFO: [ template_filter ] --START--
INFO: Run Behavior\ContentReplaceBehavior [ RunTime:0.000000s ]
INFO: [ template_filter ] --END-- [ RunTime:0.000000s ]
INFO: Run Behavior\ParseTemplateBehavior [ RunTime:0.010000s ]
INFO: [ view_parse ] --END-- [ RunTime:0.010000s ]
INFO: [ view_filter ] --START--
INFO: Run Behavior\WriteHtmlCacheBehavior [ RunTime:0.000000s ]
INFO: [ view_filter ] --END-- [ RunTime:0.000000s ]
INFO: [ app_end ] --START--
INFO: Run Behavior\ShowPageTraceBehavior [ RunTime:0.001000s ]
INFO: [ app_end ] --END-- [ RunTime:0.001000s ]

[ 2017-01-11T15:10:51+08:00 ] ::1 /chuangyi/index.php/Admin/Article/lst
INFO: [ app_init ] --START--
INFO: Run Behavior\BuildLiteBehavior [ RunTime:0.000000s ]
INFO: [ app_init ] --END-- [ RunTime:0.001000s ]
INFO: [ app_begin ] --START--
INFO: Run Behavior\ReadHtmlCacheBehavior [ RunTime:0.001000s ]
INFO: [ app_begin ] --END-- [ RunTime:0.001000s ]
SQL: SHOW COLUMNS FROM `ar_article` [ RunTime:0.0060s ]
SQL: SELECT COUNT(*) AS tp_count FROM `ar_article` LIMIT 1   [ RunTime:0.0000s ]
SQL: SELECT * FROM `ar_article` ORDER BY ar_id LIMIT 0,3   [ RunTime:0.0010s ]
NOTIC: [8] Use of undefined constant regex - assumed 'regex' D:\phpStudy\WWW\chuangyi\ThinkPHP\Common\functions.php 第 588 行.
SQL: SHOW COLUMNS FROM `ar_category` [ RunTime:0.0040s ]
SQL: SELECT * FROM `ar_category`  [ RunTime:0.0010s ]
INFO: [ view_parse ] --START--
INFO: [ template_filter ] --START--
INFO: Run Behavior\ContentReplaceBehavior [ RunTime:0.000000s ]
INFO: [ template_filter ] --END-- [ RunTime:0.000000s ]
NOTIC: [8] Use of undefined constant level - assumed 'level' D:\phpStudy\WWW\chuangyi\Application\Runtime\Cache\Admin\3233ce5cce332a117b52d9b8831cbcfa.php 第 129 行.
NOTIC: [8] Undefined index: level D:\phpStudy\WWW\chuangyi\Application\Runtime\Cache\Admin\3233ce5cce332a117b52d9b8831cbcfa.php 第 129 行.
NOTIC: [8] Use of undefined constant ar_pic - assumed 'ar_pic' D:\phpStudy\WWW\chuangyi\Application\Runtime\Cache\Admin\3233ce5cce332a117b52d9b8831cbcfa.php 第 132 行.
NOTIC: [8] Use of undefined constant ar_rem - assumed 'ar_rem' D:\phpStudy\WWW\chuangyi\Application\Runtime\Cache\Admin\3233ce5cce332a117b52d9b8831cbcfa.php 第 137 行.
NOTIC: [8] Use of undefined constant ar_cateid - assumed 'ar_cateid' D:\phpStudy\WWW\chuangyi\Application\Runtime\Cache\Admin\3233ce5cce332a117b52d9b8831cbcfa.php 第 140 行.
NOTIC: [8] Use of undefined constant cate_id - assumed 'cate_id' D:\phpStudy\WWW\chuangyi\Application\Runtime\Cache\Admin\3233ce5cce332a117b52d9b8831cbcfa.php 第 140 行.
NOTIC: [8] Use of undefined constant ar_cateid - assumed 'ar_cateid' D:\phpStudy\WWW\chuangyi\Application\Runtime\Cache\Admin\3233ce5cce332a117b52d9b8831cbcfa.php 第 140 行.
NOTIC: [8] Use of undefined constant cate_id - assumed 'cate_id' D:\phpStudy\WWW\chuangyi\Application\Runtime\Cache\Admin\3233ce5cce332a117b52d9b8831cbcfa.php 第 140 行.
NOTIC: [8] Use of undefined constant ar_cateid - assumed 'ar_cateid' D:\phpStudy\WWW\chuangyi\Application\Runtime\Cache\Admin\3233ce5cce332a117b52d9b8831cbcfa.php 第 140 行.
NOTIC: [8] Use of undefined constant cate_id - assumed 'cate_id' D:\phpStudy\WWW\chuangyi\Application\Runtime\Cache\Admin\3233ce5cce332a117b52d9b8831cbcfa.php 第 140 行.
NOTIC: [8] Use of undefined constant ar_cateid - assumed 'ar_cateid' D:\phpStudy\WWW\chuangyi\Application\Runtime\Cache\Admin\3233ce5cce332a117b52d9b8831cbcfa.php 第 140 行.
NOTIC: [8] Use of undefined constant cate_id - assumed 'cate_id' D:\phpStudy\WWW\chuangyi\Application\Runtime\Cache\Admin\3233ce5cce332a117b52d9b8831cbcfa.php 第 140 行.
NOTIC: [8] Use of undefined constant ar_cateid - assumed 'ar_cateid' D:\phpStudy\WWW\chuangyi\Application\Runtime\Cache\Admin\3233ce5cce332a117b52d9b8831cbcfa.php 第 140 行.
NOTIC: [8] Use of undefined constant cate_id - assumed 'cate_id' D:\phpStudy\WWW\chuangyi\Application\Runtime\Cache\Admin\3233ce5cce332a117b52d9b8831cbcfa.php 第 140 行.
NOTIC: [8] Use of undefined constant ar_cateid - assumed 'ar_cateid' D:\phpStudy\WWW\chuangyi\Application\Runtime\Cache\Admin\3233ce5cce332a117b52d9b8831cbcfa.php 第 140 行.
NOTIC: [8] Use of undefined constant cate_id - assumed 'cate_id' D:\phpStudy\WWW\chuangyi\Application\Runtime\Cache\Admin\3233ce5cce332a117b52d9b8831cbcfa.php 第 140 行.
NOTIC: [8] Use of undefined constant ar_cateid - assumed 'ar_cateid' D:\phpStudy\WWW\chuangyi\Application\Runtime\Cache\Admin\3233ce5cce332a117b52d9b8831cbcfa.php 第 140 行.
NOTIC: [8] Use of undefined constant cate_id - assumed 'cate_id' D:\phpStudy\WWW\chuangyi\Application\Runtime\Cache\Admin\3233ce5cce332a117b52d9b8831cbcfa.php 第 140 行.
NOTIC: [8] Use of undefined constant ar_cateid - assumed 'ar_cateid' D:\phpStudy\WWW\chuangyi\Application\Runtime\Cache\Admin\3233ce5cce332a117b52d9b8831cbcfa.php 第 140 行.
NOTIC: [8] Use of undefined constant cate_id - assumed 'cate_id' D:\phpStudy\WWW\chuangyi\Application\Runtime\Cache\Admin\3233ce5cce332a117b52d9b8831cbcfa.php 第 140 行.
NOTIC: [8] Use of undefined constant ar_cateid - assumed 'ar_cateid' D:\phpStudy\WWW\chuangyi\Application\Runtime\Cache\Admin\3233ce5cce332a117b52d9b8831cbcfa.php 第 140 行.
NOTIC: [8] Use of undefined constant cate_id - assumed 'cate_id' D:\phpStudy\WWW\chuangyi\Application\Runtime\Cache\Admin\3233ce5cce332a117b52d9b8831cbcfa.php 第 140 行.
NOTIC: [8] Use of undefined constant ar_cateid - assumed 'ar_cateid' D:\phpStudy\WWW\chuangyi\Application\Runtime\Cache\Admin\3233ce5cce332a117b52d9b8831cbcfa.php 第 140 行.
NOTIC: [8] Use of undefined constant cate_id - assumed 'cate_id' D:\phpStudy\WWW\chuangyi\Application\Runtime\Cache\Admin\3233ce5cce332a117b52d9b8831cbcfa.php 第 140 行.
NOTIC: [8] Use of undefined constant ar_cateid - assumed 'ar_cateid' D:\phpStudy\WWW\chuangyi\Application\Runtime\Cache\Admin\3233ce5cce332a117b52d9b8831cbcfa.php 第 140 行.
NOTIC: [8] Use of undefined constant cate_id - assumed 'cate_id' D:\phpStudy\WWW\chuangyi\Application\Runtime\Cache\Admin\3233ce5cce332a117b52d9b8831cbcfa.php 第 140 行.
NOTIC: [8] Use of undefined constant ar_cateid - assumed 'ar_cateid' D:\phpStudy\WWW\chuangyi\Application\Runtime\Cache\Admin\3233ce5cce332a117b52d9b8831cbcfa.php 第 140 行.
NOTIC: [8] Use of undefined constant cate_id - assumed 'cate_id' D:\phpStudy\WWW\chuangyi\Application\Runtime\Cache\Admin\3233ce5cce332a117b52d9b8831cbcfa.php 第 140 行.
NOTIC: [8] Use of undefined constant ar_cateid - assumed 'ar_cateid' D:\phpStudy\WWW\chuangyi\Application\Runtime\Cache\Admin\3233ce5cce332a117b52d9b8831cbcfa.php 第 140 行.
NOTIC: [8] Use of undefined constant cate_id - assumed 'cate_id' D:\phpStudy\WWW\chuangyi\Application\Runtime\Cache\Admin\3233ce5cce332a117b52d9b8831cbcfa.php 第 140 行.
NOTIC: [8] Use of undefined constant ar_cateid - assumed 'ar_cateid' D:\phpStudy\WWW\chuangyi\Application\Runtime\Cache\Admin\3233ce5cce332a117b52d9b8831cbcfa.php 第 140 行.
NOTIC: [8] Use of undefined constant cate_id - assumed 'cate_id' D:\phpStudy\WWW\chuangyi\Application\Runtime\Cache\Admin\3233ce5cce332a117b52d9b8831cbcfa.php 第 140 行.
NOTIC: [8] Use of undefined constant ar_cateid - assumed 'ar_cateid' D:\phpStudy\WWW\chuangyi\Application\Runtime\Cache\Admin\3233ce5cce332a117b52d9b8831cbcfa.php 第 140 行.
NOTIC: [8] Use of undefined constant cate_id - assumed 'cate_id' D:\phpStudy\WWW\chuangyi\Application\Runtime\Cache\Admin\3233ce5cce332a117b52d9b8831cbcfa.php 第 140 行.
NOTIC: [8] Use of undefined constant ar_cateid - assumed 'ar_cateid' D:\phpStudy\WWW\chuangyi\Application\Runtime\Cache\Admin\3233ce5cce332a117b52d9b8831cbcfa.php 第 140 行.
NOTIC: [8] Use of undefined constant cate_id - assumed 'cate_id' D:\phpStudy\WWW\chuangyi\Application\Runtime\Cache\Admin\3233ce5cce332a117b52d9b8831cbcfa.php 第 140 行.
NOTIC: [8] Use of undefined constant ar_cateid - assumed 'ar_cateid' D:\phpStudy\WWW\chuangyi\Application\Runtime\Cache\Admin\3233ce5cce332a117b52d9b8831cbcfa.php 第 140 行.
NOTIC: [8] Use of undefined constant cate_id - assumed 'cate_id' D:\phpStudy\WWW\chuangyi\Application\Runtime\Cache\Admin\3233ce5cce332a117b52d9b8831cbcfa.php 第 140 行.
NOTIC: [8] Use of undefined constant ar_cateid - assumed 'ar_cateid' D:\phpStudy\WWW\chuangyi\Application\Runtime\Cache\Admin\3233ce5cce332a117b52d9b8831cbcfa.php 第 140 行.
NOTIC: [8] Use of undefined constant cate_id - assumed 'cate_id' D:\phpStudy\WWW\chuangyi\Application\Runtime\Cache\Admin\3233ce5cce332a117b52d9b8831cbcfa.php 第 140 行.
NOTIC: [8] Use of undefined constant ar_cateid - assumed 'ar_cateid' D:\phpStudy\WWW\chuangyi\Application\Runtime\Cache\Admin\3233ce5cce332a117b52d9b8831cbcfa.php 第 140 行.
NOTIC: [8] Use of undefined constant cate_id - assumed 'cate_id' D:\phpStudy\WWW\chuangyi\Application\Runtime\Cache\Admin\3233ce5cce332a117b52d9b8831cbcfa.php 第 140 行.
NOTIC: [8] Use of undefined constant ar_cateid - assumed 'ar_cateid' D:\phpStudy\WWW\chuangyi\Application\Runtime\Cache\Admin\3233ce5cce332a117b52d9b8831cbcfa.php 第 140 行.
NOTIC: [8] Use of undefined constant cate_id - assumed 'cate_id' D:\phpStudy\WWW\chuangyi\Application\Runtime\Cache\Admin\3233ce5cce332a117b52d9b8831cbcfa.php 第 140 行.
NOTIC: [8] Use of undefined constant ar_cateid - assumed 'ar_cateid' D:\phpStudy\WWW\chuangyi\Application\Runtime\Cache\Admin\3233ce5cce332a117b52d9b8831cbcfa.php 第 140 行.
NOTIC: [8] Use of undefined constant cate_id - assumed 'cate_id' D:\phpStudy\WWW\chuangyi\Application\Runtime\Cache\Admin\3233ce5cce332a117b52d9b8831cbcfa.php 第 140 行.
NOTIC: [8] Use of undefined constant level - assumed 'level' D:\phpStudy\WWW\chuangyi\Application\Runtime\Cache\Admin\3233ce5cce332a117b52d9b8831cbcfa.php 第 129 行.
NOTIC: [8] Undefined index: level D:\phpStudy\WWW\chuangyi\Application\Runtime\Cache\Admin\3233ce5cce332a117b52d9b8831cbcfa.php 第 129 行.
NOTIC: [8] Use of undefined constant ar_pic - assumed 'ar_pic' D:\phpStudy\WWW\chuangyi\Application\Runtime\Cache\Admin\3233ce5cce332a117b52d9b8831cbcfa.php 第 132 行.
NOTIC: [8] Use of undefined constant ar_rem - assumed 'ar_rem' D:\phpStudy\WWW\chuangyi\Application\Runtime\Cache\Admin\3233ce5cce332a117b52d9b8831cbcfa.php 第 137 行.
NOTIC: [8] Use of undefined constant ar_cateid - assumed 'ar_cateid' D:\phpStudy\WWW\chuangyi\Application\Runtime\Cache\Admin\3233ce5cce332a117b52d9b8831cbcfa.php 第 140 行.
NOTIC: [8] Use of undefined constant cate_id - assumed 'cate_id' D:\phpStudy\WWW\chuangyi\Application\Runtime\Cache\Admin\3233ce5cce332a117b52d9b8831cbcfa.php 第 140 行.
NOTIC: [8] Use of undefined constant ar_cateid - assumed 'ar_cateid' D:\phpStudy\WWW\chuangyi\Application\Runtime\Cache\Admin\3233ce5cce332a117b52d9b8831cbcfa.php 第 140 行.
NOTIC: [8] Use of undefined constant cate_id - assumed 'cate_id' D:\phpStudy\WWW\chuangyi\Application\Runtime\Cache\Admin\3233ce5cce332a117b52d9b8831cbcfa.php 第 140 行.
NOTIC: [8] Use of undefined constant ar_cateid - assumed 'ar_cateid' D:\phpStudy\WWW\chuangyi\Application\Runtime\Cache\Admin\3233ce5cce332a117b52d9b8831cbcfa.php 第 140 行.
NOTIC: [8] Use of undefined constant cate_id - assumed 'cate_id' D:\phpStudy\WWW\chuangyi\Application\Runtime\Cache\Admin\3233ce5cce332a117b52d9b8831cbcfa.php 第 140 行.
NOTIC: [8] Use of undefined constant ar_cateid - assumed 'ar_cateid' D:\phpStudy\WWW\chuangyi\Application\Runtime\Cache\Admin\3233ce5cce332a117b52d9b8831cbcfa.php 第 140 行.
NOTIC: [8] Use of undefined constant cate_id - assumed 'cate_id' D:\phpStudy\WWW\chuangyi\Application\Runtime\Cache\Admin\3233ce5cce332a117b52d9b8831cbcfa.php 第 140 行.
NOTIC: [8] Use of undefined constant ar_cateid - assumed 'ar_cateid' D:\phpStudy\WWW\chuangyi\Application\Runtime\Cache\Admin\3233ce5cce332a117b52d9b8831cbcfa.php 第 140 行.
NOTIC: [8] Use of undefined constant cate_id - assumed 'cate_id' D:\phpStudy\WWW\chuangyi\Application\Runtime\Cache\Admin\3233ce5cce332a117b52d9b8831cbcfa.php 第 140 行.
NOTIC: [8] Use of undefined constant ar_cateid - assumed 'ar_cateid' D:\phpStudy\WWW\chuangyi\Application\Runtime\Cache\Admin\3233ce5cce332a117b52d9b8831cbcfa.php 第 140 行.
NOTIC: [8] Use of undefined constant cate_id - assumed 'cate_id' D:\phpStudy\WWW\chuangyi\Application\Runtime\Cache\Admin\3233ce5cce332a117b52d9b8831cbcfa.php 第 140 行.
NOTIC: [8] Use of undefined constant ar_cateid - assumed 'ar_cateid' D:\phpStudy\WWW\chuangyi\Application\Runtime\Cache\Admin\3233ce5cce332a117b52d9b8831cbcfa.php 第 140 行.
NOTIC: [8] Use of undefined constant cate_id - assumed 'cate_id' D:\phpStudy\WWW\chuangyi\Application\Runtime\Cache\Admin\3233ce5cce332a117b52d9b8831cbcfa.php 第 140 行.
NOTIC: [8] Use of undefined constant ar_cateid - assumed 'ar_cateid' D:\phpStudy\WWW\chuangyi\Application\Runtime\Cache\Admin\3233ce5cce332a117b52d9b8831cbcfa.php 第 140 行.
NOTIC: [8] Use of undefined constant cate_id - assumed 'cate_id' D:\phpStudy\WWW\chuangyi\Application\Runtime\Cache\Admin\3233ce5cce332a117b52d9b8831cbcfa.php 第 140 行.
NOTIC: [8] Use of undefined constant ar_cateid - assumed 'ar_cateid' D:\phpStudy\WWW\chuangyi\Application\Runtime\Cache\Admin\3233ce5cce332a117b52d9b8831cbcfa.php 第 140 行.
NOTIC: [8] Use of undefined constant cate_id - assumed 'cate_id' D:\phpStudy\WWW\chuangyi\Application\Runtime\Cache\Admin\3233ce5cce332a117b52d9b8831cbcfa.php 第 140 行.
NOTIC: [8] Use of undefined constant ar_cateid - assumed 'ar_cateid' D:\phpStudy\WWW\chuangyi\Application\Runtime\Cache\Admin\3233ce5cce332a117b52d9b8831cbcfa.php 第 140 行.
NOTIC: [8] Use of undefined constant cate_id - assumed 'cate_id' D:\phpStudy\WWW\chuangyi\Application\Runtime\Cache\Admin\3233ce5cce332a117b52d9b8831cbcfa.php 第 140 行.
NOTIC: [8] Use of undefined constant ar_cateid - assumed 'ar_cateid' D:\phpStudy\WWW\chuangyi\Application\Runtime\Cache\Admin\3233ce5cce332a117b52d9b8831cbcfa.php 第 140 行.
NOTIC: [8] Use of undefined constant cate_id - assumed 'cate_id' D:\phpStudy\WWW\chuangyi\Application\Runtime\Cache\Admin\3233ce5cce332a117b52d9b8831cbcfa.php 第 140 行.
NOTIC: [8] Use of undefined constant ar_cateid - assumed 'ar_cateid' D:\phpStudy\WWW\chuangyi\Application\Runtime\Cache\Admin\3233ce5cce332a117b52d9b8831cbcfa.php 第 140 行.
NOTIC: [8] Use of undefined constant cate_id - assumed 'cate_id' D:\phpStudy\WWW\chuangyi\Application\Runtime\Cache\Admin\3233ce5cce332a117b52d9b8831cbcfa.php 第 140 行.
NOTIC: [8] Use of undefined constant ar_cateid - assumed 'ar_cateid' D:\phpStudy\WWW\chuangyi\Application\Runtime\Cache\Admin\3233ce5cce332a117b52d9b8831cbcfa.php 第 140 行.
NOTIC: [8] Use of undefined constant cate_id - assumed 'cate_id' D:\phpStudy\WWW\chuangyi\Application\Runtime\Cache\Admin\3233ce5cce332a117b52d9b8831cbcfa.php 第 140 行.
NOTIC: [8] Use of undefined constant ar_cateid - assumed 'ar_cateid' D:\phpStudy\WWW\chuangyi\Application\Runtime\Cache\Admin\3233ce5cce332a117b52d9b8831cbcfa.php 第 140 行.
NOTIC: [8] Use of undefined constant cate_id - assumed 'cate_id' D:\phpStudy\WWW\chuangyi\Application\Runtime\Cache\Admin\3233ce5cce332a117b52d9b8831cbcfa.php 第 140 行.
NOTIC: [8] Use of undefined constant ar_cateid - assumed 'ar_cateid' D:\phpStudy\WWW\chuangyi\Application\Runtime\Cache\Admin\3233ce5cce332a117b52d9b8831cbcfa.php 第 140 行.
NOTIC: [8] Use of undefined constant cate_id - assumed 'cate_id' D:\phpStudy\WWW\chuangyi\Application\Runtime\Cache\Admin\3233ce5cce332a117b52d9b8831cbcfa.php 第 140 行.
NOTIC: [8] Use of undefined constant ar_cateid - assumed 'ar_cateid' D:\phpStudy\WWW\chuangyi\Application\Runtime\Cache\Admin\3233ce5cce332a117b52d9b8831cbcfa.php 第 140 行.
NOTIC: [8] Use of undefined constant cate_id - assumed 'cate_id' D:\phpStudy\WWW\chuangyi\Application\Runtime\Cache\Admin\3233ce5cce332a117b52d9b8831cbcfa.php 第 140 行.
NOTIC: [8] Use of undefined constant ar_cateid - assumed 'ar_cateid' D:\phpStudy\WWW\chuangyi\Application\Runtime\Cache\Admin\3233ce5cce332a117b52d9b8831cbcfa.php 第 140 行.
NOTIC: [8] Use of undefined constant cate_id - assumed 'cate_id' D:\phpStudy\WWW\chuangyi\Application\Runtime\Cache\Admin\3233ce5cce332a117b52d9b8831cbcfa.php 第 140 行.
NOTIC: [8] Use of undefined constant ar_cateid - assumed 'ar_cateid' D:\phpStudy\WWW\chuangyi\Application\Runtime\Cache\Admin\3233ce5cce332a117b52d9b8831cbcfa.php 第 140 行.
NOTIC: [8] Use of undefined constant cate_id - assumed 'cate_id' D:\phpStudy\WWW\chuangyi\Application\Runtime\Cache\Admin\3233ce5cce332a117b52d9b8831cbcfa.php 第 140 行.
NOTIC: [8] Use of undefined constant ar_cateid - assumed 'ar_cateid' D:\phpStudy\WWW\chuangyi\Application\Runtime\Cache\Admin\3233ce5cce332a117b52d9b8831cbcfa.php 第 140 行.
NOTIC: [8] Use of undefined constant cate_id - assumed 'cate_id' D:\phpStudy\WWW\chuangyi\Application\Runtime\Cache\Admin\3233ce5cce332a117b52d9b8831cbcfa.php 第 140 行.
NOTIC: [8] Use of undefined constant ar_cateid - assumed 'ar_cateid' D:\phpStudy\WWW\chuangyi\Application\Runtime\Cache\Admin\3233ce5cce332a117b52d9b8831cbcfa.php 第 140 行.
NOTIC: [8] Use of undefined constant cate_id - assumed 'cate_id' D:\phpStudy\WWW\chuangyi\Application\Runtime\Cache\Admin\3233ce5cce332a117b52d9b8831cbcfa.php 第 140 行.
NOTIC: [8] Use of undefined constant ar_cateid - assumed 'ar_cateid' D:\phpStudy\WWW\chuangyi\Application\Runtime\Cache\Admin\3233ce5cce332a117b52d9b8831cbcfa.php 第 140 行.
NOTIC: [8] Use of undefined constant cate_id - assumed 'cate_id' D:\phpStudy\WWW\chuangyi\Application\Runtime\Cache\Admin\3233ce5cce332a117b52d9b8831cbcfa.php 第 140 行.
NOTIC: [8] Use of undefined constant level - assumed 'level' D:\phpStudy\WWW\chuangyi\Application\Runtime\Cache\Admin\3233ce5cce332a117b52d9b8831cbcfa.php 第 129 行.
NOTIC: [8] Undefined index: level D:\phpStudy\WWW\chuangyi\Application\Runtime\Cache\Admin\3233ce5cce332a117b52d9b8831cbcfa.php 第 129 行.
NOTIC: [8] Use of undefined constant ar_pic - assumed 'ar_pic' D:\phpStudy\WWW\chuangyi\Application\Runtime\Cache\Admin\3233ce5cce332a117b52d9b8831cbcfa.php 第 132 行.
NOTIC: [8] Use of undefined constant ar_rem - assumed 'ar_rem' D:\phpStudy\WWW\chuangyi\Application\Runtime\Cache\Admin\3233ce5cce332a117b52d9b8831cbcfa.php 第 137 行.
NOTIC: [8] Use of undefined constant ar_cateid - assumed 'ar_cateid' D:\phpStudy\WWW\chuangyi\Application\Runtime\Cache\Admin\3233ce5cce332a117b52d9b8831cbcfa.php 第 140 行.
NOTIC: [8] Use of undefined constant cate_id - assumed 'cate_id' D:\phpStudy\WWW\chuangyi\Application\Runtime\Cache\Admin\3233ce5cce332a117b52d9b8831cbcfa.php 第 140 行.
NOTIC: [8] Use of undefined constant ar_cateid - assumed 'ar_cateid' D:\phpStudy\WWW\chuangyi\Application\Runtime\Cache\Admin\3233ce5cce332a117b52d9b8831cbcfa.php 第 140 行.
NOTIC: [8] Use of undefined constant cate_id - assumed 'cate_id' D:\phpStudy\WWW\chuangyi\Application\Runtime\Cache\Admin\3233ce5cce332a117b52d9b8831cbcfa.php 第 140 行.
NOTIC: [8] Use of undefined constant ar_cateid - assumed 'ar_cateid' D:\phpStudy\WWW\chuangyi\Application\Runtime\Cache\Admin\3233ce5cce332a117b52d9b8831cbcfa.php 第 140 行.
NOTIC: [8] Use of undefined constant cate_id - assumed 'cate_id' D:\phpStudy\WWW\chuangyi\Application\Runtime\Cache\Admin\3233ce5cce332a117b52d9b8831cbcfa.php 第 140 行.
NOTIC: [8] Use of undefined constant ar_cateid - assumed 'ar_cateid' D:\phpStudy\WWW\chuangyi\Application\Runtime\Cache\Admin\3233ce5cce332a117b52d9b8831cbcfa.php 第 140 行.
NOTIC: [8] Use of undefined constant cate_id - assumed 'cate_id' D:\phpStudy\WWW\chuangyi\Application\Runtime\Cache\Admin\3233ce5cce332a117b52d9b8831cbcfa.php 第 140 行.
NOTIC: [8] Use of undefined constant ar_cateid - assumed 'ar_cateid' D:\phpStudy\WWW\chuangyi\Application\Runtime\Cache\Admin\3233ce5cce332a117b52d9b8831cbcfa.php 第 140 行.
NOTIC: [8] Use of undefined constant cate_id - assumed 'cate_id' D:\phpStudy\WWW\chuangyi\Application\Runtime\Cache\Admin\3233ce5cce332a117b52d9b8831cbcfa.php 第 140 行.
NOTIC: [8] Use of undefined constant ar_cateid - assumed 'ar_cateid' D:\phpStudy\WWW\chuangyi\Application\Runtime\Cache\Admin\3233ce5cce332a117b52d9b8831cbcfa.php 第 140 行.
NOTIC: [8] Use of undefined constant cate_id - assumed 'cate_id' D:\phpStudy\WWW\chuangyi\Application\Runtime\Cache\Admin\3233ce5cce332a117b52d9b8831cbcfa.php 第 140 行.
NOTIC: [8] Use of undefined constant ar_cateid - assumed 'ar_cateid' D:\phpStudy\WWW\chuangyi\Application\Runtime\Cache\Admin\3233ce5cce332a117b52d9b8831cbcfa.php 第 140 行.
NOTIC: [8] Use of undefined constant cate_id - assumed 'cate_id' D:\phpStudy\WWW\chuangyi\Application\Runtime\Cache\Admin\3233ce5cce332a117b52d9b8831cbcfa.php 第 140 行.
NOTIC: [8] Use of undefined constant ar_cateid - assumed 'ar_cateid' D:\phpStudy\WWW\chuangyi\Application\Runtime\Cache\Admin\3233ce5cce332a117b52d9b8831cbcfa.php 第 140 行.
NOTIC: [8] Use of undefined constant cate_id - assumed 'cate_id' D:\phpStudy\WWW\chuangyi\Application\Runtime\Cache\Admin\3233ce5cce332a117b52d9b8831cbcfa.php 第 140 行.
NOTIC: [8] Use of undefined constant ar_cateid - assumed 'ar_cateid' D:\phpStudy\WWW\chuangyi\Application\Runtime\Cache\Admin\3233ce5cce332a117b52d9b8831cbcfa.php 第 140 行.
NOTIC: [8] Use of undefined constant cate_id - assumed 'cate_id' D:\phpStudy\WWW\chuangyi\Application\Runtime\Cache\Admin\3233ce5cce332a117b52d9b8831cbcfa.php 第 140 行.
NOTIC: [8] Use of undefined constant ar_cateid - assumed 'ar_cateid' D:\phpStudy\WWW\chuangyi\Application\Runtime\Cache\Admin\3233ce5cce332a117b52d9b8831cbcfa.php 第 140 行.
NOTIC: [8] Use of undefined constant cate_id - assumed 'cate_id' D:\phpStudy\WWW\chuangyi\Application\Runtime\Cache\Admin\3233ce5cce332a117b52d9b8831cbcfa.php 第 140 行.
NOTIC: [8] Use of undefined constant ar_cateid - assumed 'ar_cateid' D:\phpStudy\WWW\chuangyi\Application\Runtime\Cache\Admin\3233ce5cce332a117b52d9b8831cbcfa.php 第 140 行.
NOTIC: [8] Use of undefined constant cate_id - assumed 'cate_id' D:\phpStudy\WWW\chuangyi\Application\Runtime\Cache\Admin\3233ce5cce332a117b52d9b8831cbcfa.php 第 140 行.
NOTIC: [8] Use of undefined constant ar_cateid - assumed 'ar_cateid' D:\phpStudy\WWW\chuangyi\Application\Runtime\Cache\Admin\3233ce5cce332a117b52d9b8831cbcfa.php 第 140 行.
NOTIC: [8] Use of undefined constant cate_id - assumed 'cate_id' D:\phpStudy\WWW\chuangyi\Application\Runtime\Cache\Admin\3233ce5cce332a117b52d9b8831cbcfa.php 第 140 行.
NOTIC: [8] Use of undefined constant ar_cateid - assumed 'ar_cateid' D:\phpStudy\WWW\chuangyi\Application\Runtime\Cache\Admin\3233ce5cce332a117b52d9b8831cbcfa.php 第 140 行.
NOTIC: [8] Use of undefined constant cate_id - assumed 'cate_id' D:\phpStudy\WWW\chuangyi\Application\Runtime\Cache\Admin\3233ce5cce332a117b52d9b8831cbcfa.php 第 140 行.
NOTIC: [8] Use of undefined constant ar_cateid - assumed 'ar_cateid' D:\phpStudy\WWW\chuangyi\Application\Runtime\Cache\Admin\3233ce5cce332a117b52d9b8831cbcfa.php 第 140 行.
NOTIC: [8] Use of undefined constant cate_id - assumed 'cate_id' D:\phpStudy\WWW\chuangyi\Application\Runtime\Cache\Admin\3233ce5cce332a117b52d9b8831cbcfa.php 第 140 行.
NOTIC: [8] Use of undefined constant ar_cateid - assumed 'ar_cateid' D:\phpStudy\WWW\chuangyi\Application\Runtime\Cache\Admin\3233ce5cce332a117b52d9b8831cbcfa.php 第 140 行.
NOTIC: [8] Use of undefined constant cate_id - assumed 'cate_id' D:\phpStudy\WWW\chuangyi\Application\Runtime\Cache\Admin\3233ce5cce332a117b52d9b8831cbcfa.php 第 140 行.
NOTIC: [8] Use of undefined constant ar_cateid - assumed 'ar_cateid' D:\phpStudy\WWW\chuangyi\Application\Runtime\Cache\Admin\3233ce5cce332a117b52d9b8831cbcfa.php 第 140 行.
NOTIC: [8] Use of undefined constant cate_id - assumed 'cate_id' D:\phpStudy\WWW\chuangyi\Application\Runtime\Cache\Admin\3233ce5cce332a117b52d9b8831cbcfa.php 第 140 行.
NOTIC: [8] Use of undefined constant ar_cateid - assumed 'ar_cateid' D:\phpStudy\WWW\chuangyi\Application\Runtime\Cache\Admin\3233ce5cce332a117b52d9b8831cbcfa.php 第 140 行.
NOTIC: [8] Use of undefined constant cate_id - assumed 'cate_id' D:\phpStudy\WWW\chuangyi\Application\Runtime\Cache\Admin\3233ce5cce332a117b52d9b8831cbcfa.php 第 140 行.
NOTIC: [8] Use of undefined constant ar_cateid - assumed 'ar_cateid' D:\phpStudy\WWW\chuangyi\Application\Runtime\Cache\Admin\3233ce5cce332a117b52d9b8831cbcfa.php 第 140 行.
NOTIC: [8] Use of undefined constant cate_id - assumed 'cate_id' D:\phpStudy\WWW\chuangyi\Application\Runtime\Cache\Admin\3233ce5cce332a117b52d9b8831cbcfa.php 第 140 行.
NOTIC: [8] Use of undefined constant ar_cateid - assumed 'ar_cateid' D:\phpStudy\WWW\chuangyi\Application\Runtime\Cache\Admin\3233ce5cce332a117b52d9b8831cbcfa.php 第 140 行.
NOTIC: [8] Use of undefined constant cate_id - assumed 'cate_id' D:\phpStudy\WWW\chuangyi\Application\Runtime\Cache\Admin\3233ce5cce332a117b52d9b8831cbcfa.php 第 140 行.
NOTIC: [8] Use of undefined constant ar_cateid - assumed 'ar_cateid' D:\phpStudy\WWW\chuangyi\Application\Runtime\Cache\Admin\3233ce5cce332a117b52d9b8831cbcfa.php 第 140 行.
NOTIC: [8] Use of undefined constant cate_id - assumed 'cate_id' D:\phpStudy\WWW\chuangyi\Application\Runtime\Cache\Admin\3233ce5cce332a117b52d9b8831cbcfa.php 第 140 行.
NOTIC: [8] Use of undefined constant ar_cateid - assumed 'ar_cateid' D:\phpStudy\WWW\chuangyi\Application\Runtime\Cache\Admin\3233ce5cce332a117b52d9b8831cbcfa.php 第 140 行.
NOTIC: [8] Use of undefined constant cate_id - assumed 'cate_id' D:\phpStudy\WWW\chuangyi\Application\Runtime\Cache\Admin\3233ce5cce332a117b52d9b8831cbcfa.php 第 140 行.
INFO: Run Behavior\ParseTemplateBehavior [ RunTime:0.019001s ]
INFO: [ view_parse ] --END-- [ RunTime:0.020001s ]
INFO: [ view_filter ] --START--
INFO: Run Behavior\WriteHtmlCacheBehavior [ RunTime:0.000000s ]
INFO: [ view_filter ] --END-- [ RunTime:0.000000s ]
INFO: [ app_end ] --START--
INFO: Run Behavior\ShowPageTraceBehavior [ RunTime:0.001000s ]
INFO: [ app_end ] --END-- [ RunTime:0.001000s ]

[ 2017-01-11T15:10:53+08:00 ] ::1 /chuangyi/index.php/Admin/Index/left.html
INFO: [ app_init ] --START--
INFO: Run Behavior\BuildLiteBehavior [ RunTime:0.000000s ]
INFO: [ app_init ] --END-- [ RunTime:0.001000s ]
INFO: [ app_begin ] --START--
INFO: Run Behavior\ReadHtmlCacheBehavior [ RunTime:0.002001s ]
INFO: [ app_begin ] --END-- [ RunTime:0.002001s ]
INFO: [ view_parse ] --START--
INFO: [ template_filter ] --START--
INFO: Run Behavior\ContentReplaceBehavior [ RunTime:0.000000s ]
INFO: [ template_filter ] --END-- [ RunTime:0.000000s ]
INFO: Run Behavior\ParseTemplateBehavior [ RunTime:0.009000s ]
INFO: [ view_parse ] --END-- [ RunTime:0.009000s ]
INFO: [ view_filter ] --START--
INFO: Run Behavior\WriteHtmlCacheBehavior [ RunTime:0.000000s ]
INFO: [ view_filter ] --END-- [ RunTime:0.000000s ]
INFO: [ app_end ] --START--
INFO: Run Behavior\ShowPageTraceBehavior [ RunTime:0.002000s ]
INFO: [ app_end ] --END-- [ RunTime:0.002000s ]

[ 2017-01-11T15:10:53+08:00 ] ::1 /chuangyi/index.php/Admin/Index/left.html
INFO: [ app_init ] --START--
INFO: Run Behavior\BuildLiteBehavior [ RunTime:0.000000s ]
INFO: [ app_init ] --END-- [ RunTime:0.001001s ]
INFO: [ app_begin ] --START--
INFO: Run Behavior\ReadHtmlCacheBehavior [ RunTime:0.001000s ]
INFO: [ app_begin ] --END-- [ RunTime:0.001000s ]
INFO: [ view_parse ] --START--
INFO: [ template_filter ] --START--
INFO: Run Behavior\ContentReplaceBehavior [ RunTime:0.000000s ]
INFO: [ template_filter ] --END-- [ RunTime:0.000000s ]
INFO: Run Behavior\ParseTemplateBehavior [ RunTime:0.008000s ]
INFO: [ view_parse ] --END-- [ RunTime:0.009000s ]
INFO: [ view_filter ] --START--
INFO: Run Behavior\WriteHtmlCacheBehavior [ RunTime:0.000000s ]
INFO: [ view_filter ] --END-- [ RunTime:0.000000s ]
INFO: [ app_end ] --START--
INFO: Run Behavior\ShowPageTraceBehavior [ RunTime:0.001000s ]
INFO: [ app_end ] --END-- [ RunTime:0.001000s ]

