[ 2016-11-23T15:25:50+08:00 ] ::1 /cartshop/index.php/mobile
INFO: [ app_init ] --START--
INFO: Run Behavior\BuildLiteBehavior [ RunTime:0.000000s ]
INFO: [ app_init ] --END-- [ RunTime:0.052003s ]
INFO: [ app_begin ] --START--
INFO: Run Behavior\ReadHtmlCacheBehavior [ RunTime:0.001000s ]
INFO: [ app_begin ] --END-- [ RunTime:0.001000s ]
SQL: SHOW COLUMNS FROM `cs_cate` [ RunTime:0.0110s ]
SQL: SELECT * FROM `cs_cate` WHERE ( pc=0 ) ORDER BY id asc  [ RunTime:0.0100s ]
SQL: SHOW COLUMNS FROM `cs_article` [ RunTime:0.0060s ]
SQL: SELECT `id`,`title`,`rizu`,`pic` FROM `cs_article` WHERE ( cateid=93 ) ORDER BY id desc LIMIT 4   [ RunTime:0.0330s ]
SQL: SELECT `id`,`title`,`des`,`pic`,`time` FROM `cs_article` WHERE ( cateid=92 ) ORDER BY id desc LIMIT 3   [ RunTime:0.0010s ]
SQL: SELECT `id`,`title`,`time` FROM `cs_article` WHERE ( cateid=94 ) ORDER BY id desc LIMIT 4   [ RunTime:0.0000s ]
SQL: SHOW COLUMNS FROM `cs_message` [ RunTime:0.0150s ]
SQL: SELECT * FROM `cs_message` WHERE ( type=0 ) ORDER BY id desc LIMIT 5   [ RunTime:0.0000s ]
INFO: [ view_parse ] --START--
INFO: [ template_filter ] --START--
INFO: Run Behavior\ContentReplaceBehavior [ RunTime:0.001000s ]
INFO: [ template_filter ] --END-- [ RunTime:0.001000s ]
INFO: Run Behavior\ParseTemplateBehavior [ RunTime:0.118007s ]
INFO: [ view_parse ] --END-- [ RunTime:0.118007s ]
INFO: [ view_filter ] --START--
INFO: Run Behavior\WriteHtmlCacheBehavior [ RunTime:0.001000s ]
INFO: [ view_filter ] --END-- [ RunTime:0.001000s ]
INFO: [ app_end ] --START--
INFO: Run Behavior\ShowPageTraceBehavior [ RunTime:0.001000s ]
INFO: [ app_end ] --END-- [ RunTime:0.001000s ]

[ 2016-11-23T15:26:38+08:00 ] ::1 /cartshop/index.php/mobile
INFO: [ app_init ] --START--
INFO: Run Behavior\BuildLiteBehavior [ RunTime:0.000000s ]
INFO: [ app_init ] --END-- [ RunTime:0.000000s ]
INFO: [ app_begin ] --START--
INFO: Run Behavior\ReadHtmlCacheBehavior [ RunTime:0.000000s ]
INFO: [ app_begin ] --END-- [ RunTime:0.000000s ]
SQL: SHOW COLUMNS FROM `cs_cate` [ RunTime:0.0030s ]
SQL: SELECT * FROM `cs_cate` WHERE ( pc=0 ) ORDER BY id asc  [ RunTime:0.0000s ]
SQL: SHOW COLUMNS FROM `cs_article` [ RunTime:0.0020s ]
SQL: SELECT `id`,`title`,`rizu`,`pic` FROM `cs_article` WHERE ( cateid=93 ) ORDER BY id desc LIMIT 4   [ RunTime:0.0000s ]
SQL: SELECT `id`,`title`,`des`,`pic`,`time` FROM `cs_article` WHERE ( cateid=92 ) ORDER BY id desc LIMIT 3   [ RunTime:0.0000s ]
SQL: SELECT `id`,`title`,`time` FROM `cs_article` WHERE ( cateid=94 ) ORDER BY id desc LIMIT 4   [ RunTime:0.0000s ]
SQL: SHOW COLUMNS FROM `cs_message` [ RunTime:0.0030s ]
SQL: SELECT * FROM `cs_message` WHERE ( type=0 ) ORDER BY id desc LIMIT 5   [ RunTime:0.0000s ]
INFO: [ view_parse ] --START--
INFO: [ template_filter ] --START--
INFO: Run Behavior\ContentReplaceBehavior [ RunTime:0.000000s ]
INFO: [ template_filter ] --END-- [ RunTime:0.000000s ]
INFO: Run Behavior\ParseTemplateBehavior [ RunTime:0.016001s ]
INFO: [ view_parse ] --END-- [ RunTime:0.016001s ]
INFO: [ view_filter ] --START--
INFO: Run Behavior\WriteHtmlCacheBehavior [ RunTime:0.000000s ]
INFO: [ view_filter ] --END-- [ RunTime:0.000000s ]
INFO: [ app_end ] --START--
INFO: Run Behavior\ShowPageTraceBehavior [ RunTime:0.001000s ]
INFO: [ app_end ] --END-- [ RunTime:0.001000s ]

[ 2016-11-23T15:26:40+08:00 ] ::1 /cartshop/index.php/mobile
INFO: [ app_init ] --START--
INFO: Run Behavior\BuildLiteBehavior [ RunTime:0.000000s ]
INFO: [ app_init ] --END-- [ RunTime:0.001000s ]
INFO: [ app_begin ] --START--
INFO: Run Behavior\ReadHtmlCacheBehavior [ RunTime:0.000000s ]
INFO: [ app_begin ] --END-- [ RunTime:0.000000s ]
SQL: SHOW COLUMNS FROM `cs_cate` [ RunTime:0.0040s ]
SQL: SELECT * FROM `cs_cate` WHERE ( pc=0 ) ORDER BY id asc  [ RunTime:0.0010s ]
SQL: SHOW COLUMNS FROM `cs_article` [ RunTime:0.0030s ]
SQL: SELECT `id`,`title`,`rizu`,`pic` FROM `cs_article` WHERE ( cateid=93 ) ORDER BY id desc LIMIT 4   [ RunTime:0.0000s ]
SQL: SELECT `id`,`title`,`des`,`pic`,`time` FROM `cs_article` WHERE ( cateid=92 ) ORDER BY id desc LIMIT 3   [ RunTime:0.0010s ]
SQL: SELECT `id`,`title`,`time` FROM `cs_article` WHERE ( cateid=94 ) ORDER BY id desc LIMIT 4   [ RunTime:0.0000s ]
SQL: SHOW COLUMNS FROM `cs_message` [ RunTime:0.0030s ]
SQL: SELECT * FROM `cs_message` WHERE ( type=0 ) ORDER BY id desc LIMIT 5   [ RunTime:0.0010s ]
INFO: [ view_parse ] --START--
INFO: [ template_filter ] --START--
INFO: Run Behavior\ContentReplaceBehavior [ RunTime:0.001000s ]
INFO: [ template_filter ] --END-- [ RunTime:0.001000s ]
INFO: Run Behavior\ParseTemplateBehavior [ RunTime:0.019001s ]
INFO: [ view_parse ] --END-- [ RunTime:0.019001s ]
INFO: [ view_filter ] --START--
INFO: Run Behavior\WriteHtmlCacheBehavior [ RunTime:0.000000s ]
INFO: [ view_filter ] --END-- [ RunTime:0.001000s ]
INFO: [ app_end ] --START--
INFO: Run Behavior\ShowPageTraceBehavior [ RunTime:0.006000s ]
INFO: [ app_end ] --END-- [ RunTime:0.006000s ]

[ 2016-11-23T15:26:41+08:00 ] ::1 /cartshop/index.php/mobile
INFO: [ app_init ] --START--
INFO: Run Behavior\BuildLiteBehavior [ RunTime:0.000000s ]
INFO: [ app_init ] --END-- [ RunTime:0.000000s ]
INFO: [ app_begin ] --START--
INFO: Run Behavior\ReadHtmlCacheBehavior [ RunTime:0.001001s ]
INFO: [ app_begin ] --END-- [ RunTime:0.001001s ]
SQL: SHOW COLUMNS FROM `cs_cate` [ RunTime:0.0030s ]
SQL: SELECT * FROM `cs_cate` WHERE ( pc=0 ) ORDER BY id asc  [ RunTime:0.0000s ]
SQL: SHOW COLUMNS FROM `cs_article` [ RunTime:0.0030s ]
SQL: SELECT `id`,`title`,`rizu`,`pic` FROM `cs_article` WHERE ( cateid=93 ) ORDER BY id desc LIMIT 4   [ RunTime:0.0000s ]
SQL: SELECT `id`,`title`,`des`,`pic`,`time` FROM `cs_article` WHERE ( cateid=92 ) ORDER BY id desc LIMIT 3   [ RunTime:0.0000s ]
SQL: SELECT `id`,`title`,`time` FROM `cs_article` WHERE ( cateid=94 ) ORDER BY id desc LIMIT 4   [ RunTime:0.0000s ]
SQL: SHOW COLUMNS FROM `cs_message` [ RunTime:0.0020s ]
SQL: SELECT * FROM `cs_message` WHERE ( type=0 ) ORDER BY id desc LIMIT 5   [ RunTime:0.0010s ]
INFO: [ view_parse ] --START--
INFO: [ template_filter ] --START--
INFO: Run Behavior\ContentReplaceBehavior [ RunTime:0.000000s ]
INFO: [ template_filter ] --END-- [ RunTime:0.000000s ]
INFO: Run Behavior\ParseTemplateBehavior [ RunTime:0.015001s ]
INFO: [ view_parse ] --END-- [ RunTime:0.015001s ]
INFO: [ view_filter ] --START--
INFO: Run Behavior\WriteHtmlCacheBehavior [ RunTime:0.000000s ]
INFO: [ view_filter ] --END-- [ RunTime:0.000000s ]
INFO: [ app_end ] --START--
INFO: Run Behavior\ShowPageTraceBehavior [ RunTime:0.001000s ]
INFO: [ app_end ] --END-- [ RunTime:0.001000s ]

[ 2016-11-23T15:33:54+08:00 ] ::1 /cartshop/index.php/mobile
INFO: [ app_init ] --START--
INFO: Run Behavior\BuildLiteBehavior [ RunTime:0.000000s ]
INFO: [ app_init ] --END-- [ RunTime:0.000000s ]
INFO: [ app_begin ] --START--
INFO: Run Behavior\ReadHtmlCacheBehavior [ RunTime:0.001000s ]
INFO: [ app_begin ] --END-- [ RunTime:0.001000s ]
SQL: SHOW COLUMNS FROM `cs_cate` [ RunTime:0.0060s ]
SQL: SELECT * FROM `cs_cate` WHERE ( pc=0 ) ORDER BY id asc  [ RunTime:0.0010s ]
SQL: SHOW COLUMNS FROM `cs_article` [ RunTime:0.0030s ]
SQL: SELECT `id`,`title`,`rizu`,`pic` FROM `cs_article` WHERE ( cateid=93 ) ORDER BY id desc LIMIT 4   [ RunTime:0.0000s ]
SQL: SELECT `id`,`title`,`des`,`pic`,`time` FROM `cs_article` WHERE ( cateid=92 ) ORDER BY id desc LIMIT 3   [ RunTime:0.0010s ]
SQL: SELECT `id`,`title`,`time` FROM `cs_article` WHERE ( cateid=94 ) ORDER BY id desc LIMIT 4   [ RunTime:0.0000s ]
SQL: SHOW COLUMNS FROM `cs_message` [ RunTime:0.0020s ]
SQL: SELECT * FROM `cs_message` WHERE ( type=0 ) ORDER BY id desc LIMIT 5   [ RunTime:0.0010s ]
INFO: [ view_parse ] --START--
INFO: [ template_filter ] --START--
INFO: Run Behavior\ContentReplaceBehavior [ RunTime:0.000000s ]
INFO: [ template_filter ] --END-- [ RunTime:0.000000s ]
INFO: Run Behavior\ParseTemplateBehavior [ RunTime:0.018001s ]
INFO: [ view_parse ] --END-- [ RunTime:0.018001s ]
INFO: [ view_filter ] --START--
INFO: Run Behavior\WriteHtmlCacheBehavior [ RunTime:0.000000s ]
INFO: [ view_filter ] --END-- [ RunTime:0.000000s ]
INFO: [ app_end ] --START--
INFO: Run Behavior\ShowPageTraceBehavior [ RunTime:0.000000s ]
INFO: [ app_end ] --END-- [ RunTime:0.001000s ]

[ 2016-11-23T15:42:08+08:00 ] ::1 /cartshop/index.php/Mobile/page/index/cateid/88
INFO: [ app_init ] --START--
INFO: Run Behavior\BuildLiteBehavior [ RunTime:0.001000s ]
INFO: [ app_init ] --END-- [ RunTime:0.001000s ]
INFO: [ app_begin ] --START--
INFO: Run Behavior\ReadHtmlCacheBehavior [ RunTime:0.001000s ]
INFO: [ app_begin ] --END-- [ RunTime:0.001000s ]
SQL: SHOW COLUMNS FROM `cs_cate` [ RunTime:0.0030s ]
SQL: SELECT `name` FROM `cs_cate` WHERE `id` = 88 LIMIT 1   [ RunTime:0.0000s ]
SQL: SELECT * FROM `cs_cate` WHERE ( pc=0 ) ORDER BY id asc  [ RunTime:0.0000s ]
SQL: SELECT `content` FROM `cs_cate` WHERE `id` = 88 LIMIT 1   [ RunTime:0.0000s ]
INFO: [ view_parse ] --START--
INFO: [ template_filter ] --START--
INFO: Run Behavior\ContentReplaceBehavior [ RunTime:0.000000s ]
INFO: [ template_filter ] --END-- [ RunTime:0.000000s ]
INFO: Run Behavior\ParseTemplateBehavior [ RunTime:0.022001s ]
INFO: [ view_parse ] --END-- [ RunTime:0.022001s ]
INFO: [ view_filter ] --START--
INFO: Run Behavior\WriteHtmlCacheBehavior [ RunTime:0.001000s ]
INFO: [ view_filter ] --END-- [ RunTime:0.001000s ]
INFO: [ app_end ] --START--
INFO: Run Behavior\ShowPageTraceBehavior [ RunTime:0.001000s ]
INFO: [ app_end ] --END-- [ RunTime:0.001000s ]

[ 2016-11-23T15:42:25+08:00 ] ::1 /cartshop/index.php/Mobile/Page/index/cateid/88
INFO: [ app_init ] --START--
INFO: Run Behavior\BuildLiteBehavior [ RunTime:0.000000s ]
INFO: [ app_init ] --END-- [ RunTime:0.002000s ]
INFO: [ app_begin ] --START--
INFO: Run Behavior\ReadHtmlCacheBehavior [ RunTime:0.001000s ]
INFO: [ app_begin ] --END-- [ RunTime:0.001000s ]
SQL: SHOW COLUMNS FROM `cs_cate` [ RunTime:0.0030s ]
SQL: SELECT `name` FROM `cs_cate` WHERE `id` = 88 LIMIT 1   [ RunTime:0.0000s ]
SQL: SELECT * FROM `cs_cate` WHERE ( pc=0 ) ORDER BY id asc  [ RunTime:0.0010s ]
SQL: SELECT `content` FROM `cs_cate` WHERE `id` = 88 LIMIT 1   [ RunTime:0.0000s ]
INFO: [ view_parse ] --START--
INFO: [ template_filter ] --START--
INFO: Run Behavior\ContentReplaceBehavior [ RunTime:0.000000s ]
INFO: [ template_filter ] --END-- [ RunTime:0.000000s ]
INFO: Run Behavior\ParseTemplateBehavior [ RunTime:0.009000s ]
INFO: [ view_parse ] --END-- [ RunTime:0.009000s ]
INFO: [ view_filter ] --START--
INFO: Run Behavior\WriteHtmlCacheBehavior [ RunTime:0.001000s ]
INFO: [ view_filter ] --END-- [ RunTime:0.001000s ]
INFO: [ app_end ] --START--
INFO: Run Behavior\ShowPageTraceBehavior [ RunTime:0.001000s ]
INFO: [ app_end ] --END-- [ RunTime:0.001000s ]

[ 2016-11-23T15:42:27+08:00 ] ::1 /cartshop/index.php/Mobile/Page/index/cateid/89
INFO: [ app_init ] --START--
INFO: Run Behavior\BuildLiteBehavior [ RunTime:0.000000s ]
INFO: [ app_init ] --END-- [ RunTime:0.000000s ]
INFO: [ app_begin ] --START--
INFO: Run Behavior\ReadHtmlCacheBehavior [ RunTime:0.001000s ]
INFO: [ app_begin ] --END-- [ RunTime:0.001000s ]
SQL: SHOW COLUMNS FROM `cs_cate` [ RunTime:0.0040s ]
SQL: SELECT `name` FROM `cs_cate` WHERE `id` = 89 LIMIT 1   [ RunTime:0.0000s ]
SQL: SELECT * FROM `cs_cate` WHERE ( pc=0 ) ORDER BY id asc  [ RunTime:0.0000s ]
SQL: SELECT `content` FROM `cs_cate` WHERE `id` = 89 LIMIT 1   [ RunTime:0.0010s ]
INFO: [ view_parse ] --START--
INFO: [ template_filter ] --START--
INFO: Run Behavior\ContentReplaceBehavior [ RunTime:0.000000s ]
INFO: [ template_filter ] --END-- [ RunTime:0.000000s ]
INFO: Run Behavior\ParseTemplateBehavior [ RunTime:0.008001s ]
INFO: [ view_parse ] --END-- [ RunTime:0.009001s ]
INFO: [ view_filter ] --START--
INFO: Run Behavior\WriteHtmlCacheBehavior [ RunTime:0.000000s ]
INFO: [ view_filter ] --END-- [ RunTime:0.000000s ]
INFO: [ app_end ] --START--
INFO: Run Behavior\ShowPageTraceBehavior [ RunTime:0.001000s ]
INFO: [ app_end ] --END-- [ RunTime:0.001000s ]

[ 2016-11-23T15:45:20+08:00 ] ::1 /cartshop/index.php/Mobile/Carlist/index/cateid/93
INFO: [ app_init ] --START--
INFO: Run Behavior\BuildLiteBehavior [ RunTime:0.000000s ]
INFO: [ app_init ] --END-- [ RunTime:0.000000s ]
INFO: [ app_begin ] --START--
INFO: Run Behavior\ReadHtmlCacheBehavior [ RunTime:0.000000s ]
INFO: [ app_begin ] --END-- [ RunTime:0.000000s ]
SQL: SHOW COLUMNS FROM `cs_cate` [ RunTime:0.0040s ]
SQL: SELECT `name` FROM `cs_cate` WHERE `id` = 93 LIMIT 1   [ RunTime:0.0010s ]
SQL: SELECT * FROM `cs_cate` WHERE ( pc=0 ) ORDER BY id asc  [ RunTime:0.0000s ]
SQL: SHOW COLUMNS FROM `cs_article` [ RunTime:0.0030s ]
NOTIC: [8] Undefined variable: where D:\phpStudy\WWW\cartshop\Application\Mobile\Controller\CarlistController.class.php 第 8 行.
SQL: SELECT COUNT(*) AS tp_count FROM `cs_article` LIMIT 1   [ RunTime:0.0000s ]
INFO: [ view_parse ] --START--
INFO: [ template_filter ] --START--
INFO: Run Behavior\ContentReplaceBehavior [ RunTime:0.000000s ]
INFO: [ template_filter ] --END-- [ RunTime:0.000000s ]
INFO: Run Behavior\ParseTemplateBehavior [ RunTime:0.013001s ]
INFO: [ view_parse ] --END-- [ RunTime:0.013001s ]
INFO: [ view_filter ] --START--
INFO: Run Behavior\WriteHtmlCacheBehavior [ RunTime:0.000000s ]
INFO: [ view_filter ] --END-- [ RunTime:0.000000s ]
INFO: [ app_end ] --START--
INFO: Run Behavior\ShowPageTraceBehavior [ RunTime:0.001000s ]
INFO: [ app_end ] --END-- [ RunTime:0.001000s ]

[ 2016-11-23T15:45:20+08:00 ] ::1 /cartshop/index.php/Mobile/Carlist/getlist/p/1/cateid/93
INFO: [ app_init ] --START--
INFO: Run Behavior\BuildLiteBehavior [ RunTime:0.000000s ]
INFO: [ app_init ] --END-- [ RunTime:0.000000s ]
INFO: [ app_begin ] --START--
INFO: Run Behavior\ReadHtmlCacheBehavior [ RunTime:0.001000s ]
INFO: [ app_begin ] --END-- [ RunTime:0.001000s ]
SQL: SHOW COLUMNS FROM `cs_cate` [ RunTime:0.0040s ]
SQL: SELECT `name` FROM `cs_cate` WHERE `id` = 93 LIMIT 1   [ RunTime:0.0020s ]
SQL: SELECT * FROM `cs_cate` WHERE ( pc=0 ) ORDER BY id asc  [ RunTime:0.0010s ]
SQL: SHOW COLUMNS FROM `cs_article` [ RunTime:0.0030s ]
SQL: SELECT * FROM cs_article WHERE cateid=93 LIMIT 0,2 [ RunTime:0.0010s ]
INFO: [ app_end ] --START--
INFO: Run Behavior\ShowPageTraceBehavior [ RunTime:0.000000s ]
INFO: [ app_end ] --END-- [ RunTime:0.000000s ]

[ 2016-11-23T15:45:22+08:00 ] ::1 /cartshop/index.php/Mobile/Carlist/getlist/p/2/cateid/93
INFO: [ app_init ] --START--
INFO: Run Behavior\BuildLiteBehavior [ RunTime:0.000000s ]
INFO: [ app_init ] --END-- [ RunTime:0.000000s ]
INFO: [ app_begin ] --START--
INFO: Run Behavior\ReadHtmlCacheBehavior [ RunTime:0.001000s ]
INFO: [ app_begin ] --END-- [ RunTime:0.001000s ]
SQL: SHOW COLUMNS FROM `cs_cate` [ RunTime:0.0040s ]
SQL: SELECT `name` FROM `cs_cate` WHERE `id` = 93 LIMIT 1   [ RunTime:0.0000s ]
SQL: SELECT * FROM `cs_cate` WHERE ( pc=0 ) ORDER BY id asc  [ RunTime:0.0010s ]
SQL: SHOW COLUMNS FROM `cs_article` [ RunTime:0.0040s ]
SQL: SELECT * FROM cs_article WHERE cateid=93 LIMIT 2,2 [ RunTime:0.0000s ]
INFO: [ app_end ] --START--
INFO: Run Behavior\ShowPageTraceBehavior [ RunTime:0.001001s ]
INFO: [ app_end ] --END-- [ RunTime:0.001001s ]

[ 2016-11-23T15:45:23+08:00 ] ::1 /cartshop/index.php/Mobile/Carlist/getlist/p/3/cateid/93
INFO: [ app_init ] --START--
INFO: Run Behavior\BuildLiteBehavior [ RunTime:0.000000s ]
INFO: [ app_init ] --END-- [ RunTime:0.000000s ]
INFO: [ app_begin ] --START--
INFO: Run Behavior\ReadHtmlCacheBehavior [ RunTime:0.001000s ]
INFO: [ app_begin ] --END-- [ RunTime:0.001000s ]
SQL: SHOW COLUMNS FROM `cs_cate` [ RunTime:0.0050s ]
SQL: SELECT `name` FROM `cs_cate` WHERE `id` = 93 LIMIT 1   [ RunTime:0.0000s ]
SQL: SELECT * FROM `cs_cate` WHERE ( pc=0 ) ORDER BY id asc  [ RunTime:0.0000s ]
SQL: SHOW COLUMNS FROM `cs_article` [ RunTime:0.0030s ]
SQL: SELECT * FROM cs_article WHERE cateid=93 LIMIT 4,2 [ RunTime:0.0010s ]
INFO: [ app_end ] --START--
INFO: Run Behavior\ShowPageTraceBehavior [ RunTime:0.000000s ]
INFO: [ app_end ] --END-- [ RunTime:0.000000s ]

[ 2016-11-23T15:45:25+08:00 ] ::1 /cartshop/index.php/Mobile/Carlist/getlist/p/4/cateid/93
INFO: [ app_init ] --START--
INFO: Run Behavior\BuildLiteBehavior [ RunTime:0.000000s ]
INFO: [ app_init ] --END-- [ RunTime:0.000000s ]
INFO: [ app_begin ] --START--
INFO: Run Behavior\ReadHtmlCacheBehavior [ RunTime:0.001001s ]
INFO: [ app_begin ] --END-- [ RunTime:0.001001s ]
SQL: SHOW COLUMNS FROM `cs_cate` [ RunTime:0.0040s ]
SQL: SELECT `name` FROM `cs_cate` WHERE `id` = 93 LIMIT 1   [ RunTime:0.0000s ]
SQL: SELECT * FROM `cs_cate` WHERE ( pc=0 ) ORDER BY id asc  [ RunTime:0.0000s ]
SQL: SHOW COLUMNS FROM `cs_article` [ RunTime:0.0040s ]
SQL: SELECT * FROM cs_article WHERE cateid=93 LIMIT 6,2 [ RunTime:0.0000s ]
INFO: [ app_end ] --START--
INFO: Run Behavior\ShowPageTraceBehavior [ RunTime:0.000000s ]
INFO: [ app_end ] --END-- [ RunTime:0.000000s ]

[ 2016-11-23T15:50:20+08:00 ] ::1 /cartshop/index.php/Mobile/Carlist/index/cateid/93
INFO: [ app_init ] --START--
INFO: Run Behavior\BuildLiteBehavior [ RunTime:0.000000s ]
INFO: [ app_init ] --END-- [ RunTime:0.000000s ]
INFO: [ app_begin ] --START--
INFO: Run Behavior\ReadHtmlCacheBehavior [ RunTime:0.001000s ]
INFO: [ app_begin ] --END-- [ RunTime:0.001000s ]
SQL: SHOW COLUMNS FROM `cs_cate` [ RunTime:0.0030s ]
SQL: SELECT `name` FROM `cs_cate` WHERE `id` = 93 LIMIT 1   [ RunTime:0.0010s ]
SQL: SELECT * FROM `cs_cate` WHERE ( pc=0 ) ORDER BY id asc  [ RunTime:0.0000s ]
SQL: SHOW COLUMNS FROM `cs_article` [ RunTime:0.0030s ]
NOTIC: [8] Undefined variable: where D:\phpStudy\WWW\cartshop\Application\Mobile\Controller\CarlistController.class.php 第 8 行.
SQL: SELECT COUNT(*) AS tp_count FROM `cs_article` LIMIT 1   [ RunTime:0.0010s ]
INFO: [ view_parse ] --START--
INFO: [ template_filter ] --START--
INFO: Run Behavior\ContentReplaceBehavior [ RunTime:0.000000s ]
INFO: [ template_filter ] --END-- [ RunTime:0.000000s ]
INFO: Run Behavior\ParseTemplateBehavior [ RunTime:0.010000s ]
INFO: [ view_parse ] --END-- [ RunTime:0.010000s ]
INFO: [ view_filter ] --START--
INFO: Run Behavior\WriteHtmlCacheBehavior [ RunTime:0.000000s ]
INFO: [ view_filter ] --END-- [ RunTime:0.000000s ]
INFO: [ app_end ] --START--
INFO: Run Behavior\ShowPageTraceBehavior [ RunTime:0.001000s ]
INFO: [ app_end ] --END-- [ RunTime:0.001000s ]

[ 2016-11-23T15:50:21+08:00 ] ::1 /cartshop/index.php/Mobile/Carlist/getlist/p/1/cateid/93
INFO: [ app_init ] --START--
INFO: Run Behavior\BuildLiteBehavior [ RunTime:0.000000s ]
INFO: [ app_init ] --END-- [ RunTime:0.001000s ]
INFO: [ app_begin ] --START--
INFO: Run Behavior\ReadHtmlCacheBehavior [ RunTime:0.001000s ]
INFO: [ app_begin ] --END-- [ RunTime:0.001000s ]
SQL: SHOW COLUMNS FROM `cs_cate` [ RunTime:0.0030s ]
SQL: SELECT `name` FROM `cs_cate` WHERE `id` = 93 LIMIT 1   [ RunTime:0.0010s ]
SQL: SELECT * FROM `cs_cate` WHERE ( pc=0 ) ORDER BY id asc  [ RunTime:0.0000s ]
SQL: SHOW COLUMNS FROM `cs_article` [ RunTime:0.0030s ]
SQL: SELECT * FROM cs_article WHERE cateid=93 LIMIT 0,2 [ RunTime:0.0000s ]
INFO: [ app_end ] --START--
INFO: Run Behavior\ShowPageTraceBehavior [ RunTime:0.001000s ]
INFO: [ app_end ] --END-- [ RunTime:0.001000s ]

[ 2016-11-23T15:50:45+08:00 ] ::1 /cartshop/index.php/Mobile/Carlist/getlist/p/2/cateid/93
INFO: [ app_init ] --START--
INFO: Run Behavior\BuildLiteBehavior [ RunTime:0.000000s ]
INFO: [ app_init ] --END-- [ RunTime:0.000000s ]
INFO: [ app_begin ] --START--
INFO: Run Behavior\ReadHtmlCacheBehavior [ RunTime:0.001000s ]
INFO: [ app_begin ] --END-- [ RunTime:0.001000s ]
SQL: SHOW COLUMNS FROM `cs_cate` [ RunTime:0.0040s ]
SQL: SELECT `name` FROM `cs_cate` WHERE `id` = 93 LIMIT 1   [ RunTime:0.0010s ]
SQL: SELECT * FROM `cs_cate` WHERE ( pc=0 ) ORDER BY id asc  [ RunTime:0.0000s ]
SQL: SHOW COLUMNS FROM `cs_article` [ RunTime:0.0030s ]
SQL: SELECT * FROM cs_article WHERE cateid=93 LIMIT 2,2 [ RunTime:0.0010s ]
INFO: [ app_end ] --START--
INFO: Run Behavior\ShowPageTraceBehavior [ RunTime:0.000000s ]
INFO: [ app_end ] --END-- [ RunTime:0.001000s ]

[ 2016-11-23T15:50:46+08:00 ] ::1 /cartshop/index.php/Mobile/Carlist/getlist/p/3/cateid/93
INFO: [ app_init ] --START--
INFO: Run Behavior\BuildLiteBehavior [ RunTime:0.000000s ]
INFO: [ app_init ] --END-- [ RunTime:0.000000s ]
INFO: [ app_begin ] --START--
INFO: Run Behavior\ReadHtmlCacheBehavior [ RunTime:0.001000s ]
INFO: [ app_begin ] --END-- [ RunTime:0.001000s ]
SQL: SHOW COLUMNS FROM `cs_cate` [ RunTime:0.0030s ]
SQL: SELECT `name` FROM `cs_cate` WHERE `id` = 93 LIMIT 1   [ RunTime:0.0010s ]
SQL: SELECT * FROM `cs_cate` WHERE ( pc=0 ) ORDER BY id asc  [ RunTime:0.0010s ]
SQL: SHOW COLUMNS FROM `cs_article` [ RunTime:0.0030s ]
SQL: SELECT * FROM cs_article WHERE cateid=93 LIMIT 4,2 [ RunTime:0.0000s ]
INFO: [ app_end ] --START--
INFO: Run Behavior\ShowPageTraceBehavior [ RunTime:0.001001s ]
INFO: [ app_end ] --END-- [ RunTime:0.002001s ]

[ 2016-11-23T15:50:49+08:00 ] ::1 /cartshop/index.php/Mobile/Carlist/getlist/p/4/cateid/93
INFO: [ app_init ] --START--
INFO: Run Behavior\BuildLiteBehavior [ RunTime:0.000000s ]
INFO: [ app_init ] --END-- [ RunTime:0.000000s ]
INFO: [ app_begin ] --START--
INFO: Run Behavior\ReadHtmlCacheBehavior [ RunTime:0.001000s ]
INFO: [ app_begin ] --END-- [ RunTime:0.001000s ]
SQL: SHOW COLUMNS FROM `cs_cate` [ RunTime:0.0030s ]
SQL: SELECT `name` FROM `cs_cate` WHERE `id` = 93 LIMIT 1   [ RunTime:0.0000s ]
SQL: SELECT * FROM `cs_cate` WHERE ( pc=0 ) ORDER BY id asc  [ RunTime:0.0010s ]
SQL: SHOW COLUMNS FROM `cs_article` [ RunTime:0.0040s ]
SQL: SELECT * FROM cs_article WHERE cateid=93 LIMIT 6,2 [ RunTime:0.0000s ]
INFO: [ app_end ] --START--
INFO: Run Behavior\ShowPageTraceBehavior [ RunTime:0.001000s ]
INFO: [ app_end ] --END-- [ RunTime:0.001000s ]

[ 2016-11-23T15:50:55+08:00 ] ::1 /cartshop/index.php/Mobile/Page/index/cateid/95
INFO: [ app_init ] --START--
INFO: Run Behavior\BuildLiteBehavior [ RunTime:0.000000s ]
INFO: [ app_init ] --END-- [ RunTime:0.001000s ]
INFO: [ app_begin ] --START--
INFO: Run Behavior\ReadHtmlCacheBehavior [ RunTime:0.001000s ]
INFO: [ app_begin ] --END-- [ RunTime:0.001000s ]
SQL: SHOW COLUMNS FROM `cs_cate` [ RunTime:0.0040s ]
SQL: SELECT `name` FROM `cs_cate` WHERE `id` = 95 LIMIT 1   [ RunTime:0.0010s ]
SQL: SELECT * FROM `cs_cate` WHERE ( pc=0 ) ORDER BY id asc  [ RunTime:0.0010s ]
SQL: SELECT `content` FROM `cs_cate` WHERE `id` = 95 LIMIT 1   [ RunTime:0.0000s ]
INFO: [ view_parse ] --START--
INFO: [ template_filter ] --START--
INFO: Run Behavior\ContentReplaceBehavior [ RunTime:0.000000s ]
INFO: [ template_filter ] --END-- [ RunTime:0.000000s ]
INFO: Run Behavior\ParseTemplateBehavior [ RunTime:0.010001s ]
INFO: [ view_parse ] --END-- [ RunTime:0.010001s ]
INFO: [ view_filter ] --START--
INFO: Run Behavior\WriteHtmlCacheBehavior [ RunTime:0.000000s ]
INFO: [ view_filter ] --END-- [ RunTime:0.000000s ]
INFO: [ app_end ] --START--
INFO: Run Behavior\ShowPageTraceBehavior [ RunTime:0.001000s ]
INFO: [ app_end ] --END-- [ RunTime:0.001000s ]

[ 2016-11-23T15:50:58+08:00 ] ::1 /cartshop/index.php/Mobile/Page/index/cateid/96
INFO: [ app_init ] --START--
INFO: Run Behavior\BuildLiteBehavior [ RunTime:0.000000s ]
INFO: [ app_init ] --END-- [ RunTime:0.000000s ]
INFO: [ app_begin ] --START--
INFO: Run Behavior\ReadHtmlCacheBehavior [ RunTime:0.001001s ]
INFO: [ app_begin ] --END-- [ RunTime:0.001001s ]
SQL: SHOW COLUMNS FROM `cs_cate` [ RunTime:0.0050s ]
SQL: SELECT `name` FROM `cs_cate` WHERE `id` = 96 LIMIT 1   [ RunTime:0.0010s ]
SQL: SELECT * FROM `cs_cate` WHERE ( pc=0 ) ORDER BY id asc  [ RunTime:0.0010s ]
SQL: SELECT `content` FROM `cs_cate` WHERE `id` = 96 LIMIT 1   [ RunTime:0.0020s ]
INFO: [ view_parse ] --START--
INFO: [ template_filter ] --START--
INFO: Run Behavior\ContentReplaceBehavior [ RunTime:0.000000s ]
INFO: [ template_filter ] --END-- [ RunTime:0.000000s ]
INFO: Run Behavior\ParseTemplateBehavior [ RunTime:0.009000s ]
INFO: [ view_parse ] --END-- [ RunTime:0.009000s ]
INFO: [ view_filter ] --START--
INFO: Run Behavior\WriteHtmlCacheBehavior [ RunTime:0.001000s ]
INFO: [ view_filter ] --END-- [ RunTime:0.001000s ]
INFO: [ app_end ] --START--
INFO: Run Behavior\ShowPageTraceBehavior [ RunTime:0.001000s ]
INFO: [ app_end ] --END-- [ RunTime:0.001000s ]

[ 2016-11-23T15:51:01+08:00 ] ::1 /cartshop/index.php/Mobile/Message/index/cateid/97
INFO: [ app_init ] --START--
INFO: Run Behavior\BuildLiteBehavior [ RunTime:0.000000s ]
INFO: [ app_init ] --END-- [ RunTime:0.000000s ]
INFO: [ app_begin ] --START--
INFO: Run Behavior\ReadHtmlCacheBehavior [ RunTime:0.000000s ]
INFO: [ app_begin ] --END-- [ RunTime:0.000000s ]
SQL: SHOW COLUMNS FROM `cs_cate` [ RunTime:0.0050s ]
SQL: SELECT `name` FROM `cs_cate` WHERE `id` = 97 LIMIT 1   [ RunTime:0.0000s ]
SQL: SELECT * FROM `cs_cate` WHERE ( pc=0 ) ORDER BY id asc  [ RunTime:0.0010s ]
INFO: [ view_parse ] --START--
INFO: [ template_filter ] --START--
INFO: Run Behavior\ContentReplaceBehavior [ RunTime:0.000000s ]
INFO: [ template_filter ] --END-- [ RunTime:0.000000s ]
INFO: Run Behavior\ParseTemplateBehavior [ RunTime:0.011001s ]
INFO: [ view_parse ] --END-- [ RunTime:0.011001s ]
INFO: [ view_filter ] --START--
INFO: Run Behavior\WriteHtmlCacheBehavior [ RunTime:0.000000s ]
INFO: [ view_filter ] --END-- [ RunTime:0.000000s ]
INFO: [ app_end ] --START--
INFO: Run Behavior\ShowPageTraceBehavior [ RunTime:0.002000s ]
INFO: [ app_end ] --END-- [ RunTime:0.002000s ]

[ 2016-11-23T15:51:02+08:00 ] ::1 /cartshop/index.php/Mobile/Message/getlist/p/1/cateid/97
INFO: [ app_init ] --START--
INFO: Run Behavior\BuildLiteBehavior [ RunTime:0.000000s ]
INFO: [ app_init ] --END-- [ RunTime:0.001000s ]
INFO: [ app_begin ] --START--
INFO: Run Behavior\ReadHtmlCacheBehavior [ RunTime:0.000000s ]
INFO: [ app_begin ] --END-- [ RunTime:0.000000s ]
SQL: SHOW COLUMNS FROM `cs_cate` [ RunTime:0.0030s ]
SQL: SELECT `name` FROM `cs_cate` WHERE `id` = 97 LIMIT 1   [ RunTime:0.0000s ]
SQL: SELECT * FROM `cs_cate` WHERE ( pc=0 ) ORDER BY id asc  [ RunTime:0.0000s ]
SQL: SHOW COLUMNS FROM `cs_message` [ RunTime:0.0040s ]
SQL: SELECT * FROM cs_message WHERE  checked=1 AND type=0 LIMIT 0,1 [ RunTime:0.0000s ]
SQL: SELECT * FROM cs_reply [ RunTime:0.0280s ]
NOTIC: [8] Undefined variable: msges D:\phpStudy\WWW\cartshop\Application\Mobile\Controller\MessageController.class.php 第 23 行.
INFO: [ app_end ] --START--
INFO: Run Behavior\ShowPageTraceBehavior [ RunTime:0.001000s ]
INFO: [ app_end ] --END-- [ RunTime:0.001000s ]

[ 2016-11-23T15:51:04+08:00 ] ::1 /cartshop/index.php/Mobile/Message/getlist/p/2/cateid/97
INFO: [ app_init ] --START--
INFO: Run Behavior\BuildLiteBehavior [ RunTime:0.000000s ]
INFO: [ app_init ] --END-- [ RunTime:0.000000s ]
INFO: [ app_begin ] --START--
INFO: Run Behavior\ReadHtmlCacheBehavior [ RunTime:0.000000s ]
INFO: [ app_begin ] --END-- [ RunTime:0.000000s ]
SQL: SHOW COLUMNS FROM `cs_cate` [ RunTime:0.0030s ]
SQL: SELECT `name` FROM `cs_cate` WHERE `id` = 97 LIMIT 1   [ RunTime:0.0010s ]
SQL: SELECT * FROM `cs_cate` WHERE ( pc=0 ) ORDER BY id asc  [ RunTime:0.0000s ]
SQL: SHOW COLUMNS FROM `cs_message` [ RunTime:0.0020s ]
SQL: SELECT * FROM cs_message WHERE  checked=1 AND type=0 LIMIT 1,1 [ RunTime:0.0010s ]
SQL: SELECT * FROM cs_reply [ RunTime:0.0000s ]
NOTIC: [8] Undefined variable: msges D:\phpStudy\WWW\cartshop\Application\Mobile\Controller\MessageController.class.php 第 23 行.
INFO: [ app_end ] --START--
INFO: Run Behavior\ShowPageTraceBehavior [ RunTime:0.001000s ]
INFO: [ app_end ] --END-- [ RunTime:0.001000s ]

[ 2016-11-23T15:51:19+08:00 ] ::1 /cartshop/index.php/Mobile/Message/getlist/p/3/cateid/97
INFO: [ app_init ] --START--
INFO: Run Behavior\BuildLiteBehavior [ RunTime:0.000000s ]
INFO: [ app_init ] --END-- [ RunTime:0.000000s ]
INFO: [ app_begin ] --START--
INFO: Run Behavior\ReadHtmlCacheBehavior [ RunTime:0.000000s ]
INFO: [ app_begin ] --END-- [ RunTime:0.000000s ]
SQL: SHOW COLUMNS FROM `cs_cate` [ RunTime:0.0040s ]
SQL: SELECT `name` FROM `cs_cate` WHERE `id` = 97 LIMIT 1   [ RunTime:0.0000s ]
SQL: SELECT * FROM `cs_cate` WHERE ( pc=0 ) ORDER BY id asc  [ RunTime:0.0010s ]
SQL: SHOW COLUMNS FROM `cs_message` [ RunTime:0.0030s ]
SQL: SELECT * FROM cs_message WHERE  checked=1 AND type=0 LIMIT 2,1 [ RunTime:0.0010s ]
SQL: SELECT * FROM cs_reply [ RunTime:0.0000s ]
NOTIC: [8] Undefined variable: msges D:\phpStudy\WWW\cartshop\Application\Mobile\Controller\MessageController.class.php 第 23 行.
INFO: [ app_end ] --START--
INFO: Run Behavior\ShowPageTraceBehavior [ RunTime:0.001000s ]
INFO: [ app_end ] --END-- [ RunTime:0.001000s ]

[ 2016-11-23T15:51:20+08:00 ] ::1 /cartshop/index.php/Mobile/Message/getlist/p/4/cateid/97
INFO: [ app_init ] --START--
INFO: Run Behavior\BuildLiteBehavior [ RunTime:0.000000s ]
INFO: [ app_init ] --END-- [ RunTime:0.001000s ]
INFO: [ app_begin ] --START--
INFO: Run Behavior\ReadHtmlCacheBehavior [ RunTime:0.000000s ]
INFO: [ app_begin ] --END-- [ RunTime:0.000000s ]
SQL: SHOW COLUMNS FROM `cs_cate` [ RunTime:0.0030s ]
SQL: SELECT `name` FROM `cs_cate` WHERE `id` = 97 LIMIT 1   [ RunTime:0.0000s ]
SQL: SELECT * FROM `cs_cate` WHERE ( pc=0 ) ORDER BY id asc  [ RunTime:0.0000s ]
SQL: SHOW COLUMNS FROM `cs_message` [ RunTime:0.0030s ]
SQL: SELECT * FROM cs_message WHERE  checked=1 AND type=0 LIMIT 3,1 [ RunTime:0.0000s ]
SQL: SELECT * FROM cs_reply [ RunTime:0.0000s ]
NOTIC: [8] Undefined variable: msges D:\phpStudy\WWW\cartshop\Application\Mobile\Controller\MessageController.class.php 第 23 行.
INFO: [ app_end ] --START--
INFO: Run Behavior\ShowPageTraceBehavior [ RunTime:0.001000s ]
INFO: [ app_end ] --END-- [ RunTime:0.001000s ]

[ 2016-11-23T15:51:21+08:00 ] ::1 /cartshop/index.php/Mobile/Message/getlist/p/5/cateid/97
INFO: [ app_init ] --START--
INFO: Run Behavior\BuildLiteBehavior [ RunTime:0.000000s ]
INFO: [ app_init ] --END-- [ RunTime:0.000000s ]
INFO: [ app_begin ] --START--
INFO: Run Behavior\ReadHtmlCacheBehavior [ RunTime:0.001000s ]
INFO: [ app_begin ] --END-- [ RunTime:0.001000s ]
SQL: SHOW COLUMNS FROM `cs_cate` [ RunTime:0.0030s ]
SQL: SELECT `name` FROM `cs_cate` WHERE `id` = 97 LIMIT 1   [ RunTime:0.0010s ]
SQL: SELECT * FROM `cs_cate` WHERE ( pc=0 ) ORDER BY id asc  [ RunTime:0.0000s ]
SQL: SHOW COLUMNS FROM `cs_message` [ RunTime:0.0030s ]
SQL: SELECT * FROM cs_message WHERE  checked=1 AND type=0 LIMIT 4,1 [ RunTime:0.0000s ]
SQL: SELECT * FROM cs_reply [ RunTime:0.0010s ]
NOTIC: [8] Undefined variable: msges D:\phpStudy\WWW\cartshop\Application\Mobile\Controller\MessageController.class.php 第 36 行.
INFO: [ app_end ] --START--
INFO: Run Behavior\ShowPageTraceBehavior [ RunTime:0.000000s ]
INFO: [ app_end ] --END-- [ RunTime:0.000000s ]

